1636840475.180 : re.session.login1.litan.018944.0006 : 779848 : 140736024300656 : INFO     : radical.pilot version: 1.9.2
1636840475.180 : re.session.login1.litan.018944.0006 : 779848 : 140736024300656 : INFO     : radical.saga  version: 1.8.0
1636840475.180 : re.session.login1.litan.018944.0006 : 779848 : 140736024300656 : INFO     : radical.utils version: 1.8.4
1636840475.326 : re.session.login1.litan.018944.0006 : 779848 : 140736024300656 : INFO     : dburl mongodb://rct:****@apps.marble.ccs.ornl.gov:32020/rct_test
1636840478.167 : re.session.login1.litan.018944.0006 : 779993 : 140736130337904 : INFO     : radical.pilot version: 1.9.2
1636840478.167 : re.session.login1.litan.018944.0006 : 779993 : 140736130337904 : INFO     : radical.saga  version: 1.8.0
1636840478.167 : re.session.login1.litan.018944.0006 : 779993 : 140736130337904 : INFO     : radical.utils version: 1.8.4
1636840478.565 : re.session.login1.litan.018944.0006 : 780046 : 140736157731952 : INFO     : radical.pilot version: 1.9.2
1636840478.565 : re.session.login1.litan.018944.0006 : 780046 : 140736157731952 : INFO     : radical.saga  version: 1.8.0
1636840478.566 : re.session.login1.litan.018944.0006 : 780046 : 140736157731952 : INFO     : radical.utils version: 1.8.4
1636840481.909 : re.session.login1.litan.018944.0006 : 780141 : 140735437753456 : INFO     : radical.pilot version: 1.9.2
1636840481.910 : re.session.login1.litan.018944.0006 : 780141 : 140735437753456 : INFO     : radical.saga  version: 1.8.0
1636840481.910 : re.session.login1.litan.018944.0006 : 780141 : 140735437753456 : INFO     : radical.utils version: 1.8.4
1636840483.263 : re.session.login1.litan.018944.0006 : 779848 : 140733973328240 : DEBUG    : insert cmd: None heartbeat {'pmgr': 'pmgr.0000'}
1636840483.269 : re.session.login1.litan.018944.0006 : 779848 : 140736024300656 : DEBUG    : rsup.PTYShell('fork://localhost/')
1636840484.265 : re.session.login1.litan.018944.0006 : 779848 : 140733973328240 : DEBUG    : insert cmd: None heartbeat {'pmgr': 'pmgr.0000'}
1636840484.388 : re.session.login1.litan.018944.0006 : 779848 : 140736024300656 : DEBUG    : sandbox base /gpfs/alpine/scratch/litan/csc299
1636840484.390 : re.session.login1.litan.018944.0006 : 779848 : 140736024300656 : DEBUG    : insert cmd: ['pilot.0000'] heartbeat {'pmgr': 'pmgr.0000'}
1636840484.398 : re.session.login1.litan.018944.0006 : 780141 : 140735155335536 : DEBUG    : rsup.PTYShell('fork://localhost/')
1636840485.268 : re.session.login1.litan.018944.0006 : 779848 : 140733973328240 : DEBUG    : insert cmd: None heartbeat {'pmgr': 'pmgr.0000'}
1636840485.457 : re.session.login1.litan.018944.0006 : 780141 : 140735155335536 : DEBUG    : sandbox base /gpfs/alpine/scratch/litan/csc299
1636840486.270 : re.session.login1.litan.018944.0006 : 779848 : 140733973328240 : DEBUG    : insert cmd: None heartbeat {'pmgr': 'pmgr.0000'}
1636840487.273 : re.session.login1.litan.018944.0006 : 779848 : 140733973328240 : DEBUG    : insert cmd: None heartbeat {'pmgr': 'pmgr.0000'}
1636840488.276 : re.session.login1.litan.018944.0006 : 779848 : 140733973328240 : DEBUG    : insert cmd: None heartbeat {'pmgr': 'pmgr.0000'}
1636840489.278 : re.session.login1.litan.018944.0006 : 779848 : 140733973328240 : DEBUG    : insert cmd: None heartbeat {'pmgr': 'pmgr.0000'}
1636840490.281 : re.session.login1.litan.018944.0006 : 779848 : 140733973328240 : DEBUG    : insert cmd: None heartbeat {'pmgr': 'pmgr.0000'}
1636840491.284 : re.session.login1.litan.018944.0006 : 779848 : 140733973328240 : DEBUG    : insert cmd: None heartbeat {'pmgr': 'pmgr.0000'}
1636840492.286 : re.session.login1.litan.018944.0006 : 779848 : 140733973328240 : DEBUG    : insert cmd: None heartbeat {'pmgr': 'pmgr.0000'}
1636840493.289 : re.session.login1.litan.018944.0006 : 779848 : 140733973328240 : DEBUG    : insert cmd: None heartbeat {'pmgr': 'pmgr.0000'}
1636840494.292 : re.session.login1.litan.018944.0006 : 779848 : 140733973328240 : DEBUG    : insert cmd: None heartbeat {'pmgr': 'pmgr.0000'}
1636840495.295 : re.session.login1.litan.018944.0006 : 779848 : 140733973328240 : DEBUG    : insert cmd: None heartbeat {'pmgr': 'pmgr.0000'}
1636840496.297 : re.session.login1.litan.018944.0006 : 779848 : 140733973328240 : DEBUG    : insert cmd: None heartbeat {'pmgr': 'pmgr.0000'}
1636840497.299 : re.session.login1.litan.018944.0006 : 779848 : 140733973328240 : DEBUG    : insert cmd: None heartbeat {'pmgr': 'pmgr.0000'}
1636840498.302 : re.session.login1.litan.018944.0006 : 779848 : 140733973328240 : DEBUG    : insert cmd: None heartbeat {'pmgr': 'pmgr.0000'}
1636840499.305 : re.session.login1.litan.018944.0006 : 779848 : 140733973328240 : DEBUG    : insert cmd: None heartbeat {'pmgr': 'pmgr.0000'}
1636840500.307 : re.session.login1.litan.018944.0006 : 779848 : 140733973328240 : DEBUG    : insert cmd: None heartbeat {'pmgr': 'pmgr.0000'}
1636840501.310 : re.session.login1.litan.018944.0006 : 779848 : 140733973328240 : DEBUG    : insert cmd: None heartbeat {'pmgr': 'pmgr.0000'}
1636840502.312 : re.session.login1.litan.018944.0006 : 779848 : 140733973328240 : DEBUG    : insert cmd: None heartbeat {'pmgr': 'pmgr.0000'}
1636840503.315 : re.session.login1.litan.018944.0006 : 779848 : 140733973328240 : DEBUG    : insert cmd: None heartbeat {'pmgr': 'pmgr.0000'}
1636840504.318 : re.session.login1.litan.018944.0006 : 779848 : 140733973328240 : DEBUG    : insert cmd: None heartbeat {'pmgr': 'pmgr.0000'}
1636840505.320 : re.session.login1.litan.018944.0006 : 779848 : 140733973328240 : DEBUG    : insert cmd: None heartbeat {'pmgr': 'pmgr.0000'}
1636840506.323 : re.session.login1.litan.018944.0006 : 779848 : 140733973328240 : DEBUG    : insert cmd: None heartbeat {'pmgr': 'pmgr.0000'}
1636840507.326 : re.session.login1.litan.018944.0006 : 779848 : 140733973328240 : DEBUG    : insert cmd: None heartbeat {'pmgr': 'pmgr.0000'}
1636840508.328 : re.session.login1.litan.018944.0006 : 779848 : 140733973328240 : DEBUG    : insert cmd: None heartbeat {'pmgr': 'pmgr.0000'}
1636840509.331 : re.session.login1.litan.018944.0006 : 779848 : 140733973328240 : DEBUG    : insert cmd: None heartbeat {'pmgr': 'pmgr.0000'}
1636840510.334 : re.session.login1.litan.018944.0006 : 779848 : 140733973328240 : DEBUG    : insert cmd: None heartbeat {'pmgr': 'pmgr.0000'}
1636840511.337 : re.session.login1.litan.018944.0006 : 779848 : 140733973328240 : DEBUG    : insert cmd: None heartbeat {'pmgr': 'pmgr.0000'}
1636840512.340 : re.session.login1.litan.018944.0006 : 779848 : 140733973328240 : DEBUG    : insert cmd: None heartbeat {'pmgr': 'pmgr.0000'}
1636840513.342 : re.session.login1.litan.018944.0006 : 779848 : 140733973328240 : DEBUG    : insert cmd: None heartbeat {'pmgr': 'pmgr.0000'}
1636840514.345 : re.session.login1.litan.018944.0006 : 779848 : 140733973328240 : DEBUG    : insert cmd: None heartbeat {'pmgr': 'pmgr.0000'}
1636840515.348 : re.session.login1.litan.018944.0006 : 779848 : 140733973328240 : DEBUG    : insert cmd: None heartbeat {'pmgr': 'pmgr.0000'}
1636840516.351 : re.session.login1.litan.018944.0006 : 779848 : 140733973328240 : DEBUG    : insert cmd: None heartbeat {'pmgr': 'pmgr.0000'}
1636840517.353 : re.session.login1.litan.018944.0006 : 779848 : 140733973328240 : DEBUG    : insert cmd: None heartbeat {'pmgr': 'pmgr.0000'}
1636840518.356 : re.session.login1.litan.018944.0006 : 779848 : 140733973328240 : DEBUG    : insert cmd: None heartbeat {'pmgr': 'pmgr.0000'}
1636840519.359 : re.session.login1.litan.018944.0006 : 779848 : 140733973328240 : DEBUG    : insert cmd: None heartbeat {'pmgr': 'pmgr.0000'}
1636840520.361 : re.session.login1.litan.018944.0006 : 779848 : 140733973328240 : DEBUG    : insert cmd: None heartbeat {'pmgr': 'pmgr.0000'}
1636840521.364 : re.session.login1.litan.018944.0006 : 779848 : 140733973328240 : DEBUG    : insert cmd: None heartbeat {'pmgr': 'pmgr.0000'}
1636840522.367 : re.session.login1.litan.018944.0006 : 779848 : 140733973328240 : DEBUG    : insert cmd: None heartbeat {'pmgr': 'pmgr.0000'}
1636840523.370 : re.session.login1.litan.018944.0006 : 779848 : 140733973328240 : DEBUG    : insert cmd: None heartbeat {'pmgr': 'pmgr.0000'}
1636840524.372 : re.session.login1.litan.018944.0006 : 779848 : 140733973328240 : DEBUG    : insert cmd: None heartbeat {'pmgr': 'pmgr.0000'}
1636840525.375 : re.session.login1.litan.018944.0006 : 779848 : 140733973328240 : DEBUG    : insert cmd: None heartbeat {'pmgr': 'pmgr.0000'}
1636840526.378 : re.session.login1.litan.018944.0006 : 779848 : 140733973328240 : DEBUG    : insert cmd: None heartbeat {'pmgr': 'pmgr.0000'}
1636840527.381 : re.session.login1.litan.018944.0006 : 779848 : 140733973328240 : DEBUG    : insert cmd: None heartbeat {'pmgr': 'pmgr.0000'}
1636840528.384 : re.session.login1.litan.018944.0006 : 779848 : 140733973328240 : DEBUG    : insert cmd: None heartbeat {'pmgr': 'pmgr.0000'}
1636840529.386 : re.session.login1.litan.018944.0006 : 779848 : 140733973328240 : DEBUG    : insert cmd: None heartbeat {'pmgr': 'pmgr.0000'}
1636840530.389 : re.session.login1.litan.018944.0006 : 779848 : 140733973328240 : DEBUG    : insert cmd: None heartbeat {'pmgr': 'pmgr.0000'}
1636840531.392 : re.session.login1.litan.018944.0006 : 779848 : 140733973328240 : DEBUG    : insert cmd: None heartbeat {'pmgr': 'pmgr.0000'}
1636840532.395 : re.session.login1.litan.018944.0006 : 779848 : 140733973328240 : DEBUG    : insert cmd: None heartbeat {'pmgr': 'pmgr.0000'}
1636840533.397 : re.session.login1.litan.018944.0006 : 779848 : 140733973328240 : DEBUG    : insert cmd: None heartbeat {'pmgr': 'pmgr.0000'}
1636840534.400 : re.session.login1.litan.018944.0006 : 779848 : 140733973328240 : DEBUG    : insert cmd: None heartbeat {'pmgr': 'pmgr.0000'}
1636840535.403 : re.session.login1.litan.018944.0006 : 779848 : 140733973328240 : DEBUG    : insert cmd: None heartbeat {'pmgr': 'pmgr.0000'}
1636840536.405 : re.session.login1.litan.018944.0006 : 779848 : 140733973328240 : DEBUG    : insert cmd: None heartbeat {'pmgr': 'pmgr.0000'}
1636840537.408 : re.session.login1.litan.018944.0006 : 779848 : 140733973328240 : DEBUG    : insert cmd: None heartbeat {'pmgr': 'pmgr.0000'}
1636840538.411 : re.session.login1.litan.018944.0006 : 779848 : 140733973328240 : DEBUG    : insert cmd: None heartbeat {'pmgr': 'pmgr.0000'}
1636840539.413 : re.session.login1.litan.018944.0006 : 779848 : 140733973328240 : DEBUG    : insert cmd: None heartbeat {'pmgr': 'pmgr.0000'}
1636840540.416 : re.session.login1.litan.018944.0006 : 779848 : 140733973328240 : DEBUG    : insert cmd: None heartbeat {'pmgr': 'pmgr.0000'}
1636840541.419 : re.session.login1.litan.018944.0006 : 779848 : 140733973328240 : DEBUG    : insert cmd: None heartbeat {'pmgr': 'pmgr.0000'}
1636840542.421 : re.session.login1.litan.018944.0006 : 779848 : 140733973328240 : DEBUG    : insert cmd: None heartbeat {'pmgr': 'pmgr.0000'}
1636840543.424 : re.session.login1.litan.018944.0006 : 779848 : 140733973328240 : DEBUG    : insert cmd: None heartbeat {'pmgr': 'pmgr.0000'}
1636840544.427 : re.session.login1.litan.018944.0006 : 779848 : 140733973328240 : DEBUG    : insert cmd: None heartbeat {'pmgr': 'pmgr.0000'}
1636840545.429 : re.session.login1.litan.018944.0006 : 779848 : 140733973328240 : DEBUG    : insert cmd: None heartbeat {'pmgr': 'pmgr.0000'}
1636840546.432 : re.session.login1.litan.018944.0006 : 779848 : 140733973328240 : DEBUG    : insert cmd: None heartbeat {'pmgr': 'pmgr.0000'}
1636840547.435 : re.session.login1.litan.018944.0006 : 779848 : 140733973328240 : DEBUG    : insert cmd: None heartbeat {'pmgr': 'pmgr.0000'}
1636840548.438 : re.session.login1.litan.018944.0006 : 779848 : 140733973328240 : DEBUG    : insert cmd: None heartbeat {'pmgr': 'pmgr.0000'}
1636840549.441 : re.session.login1.litan.018944.0006 : 779848 : 140733973328240 : DEBUG    : insert cmd: None heartbeat {'pmgr': 'pmgr.0000'}
1636840550.444 : re.session.login1.litan.018944.0006 : 779848 : 140733973328240 : DEBUG    : insert cmd: None heartbeat {'pmgr': 'pmgr.0000'}
1636840551.447 : re.session.login1.litan.018944.0006 : 779848 : 140733973328240 : DEBUG    : insert cmd: None heartbeat {'pmgr': 'pmgr.0000'}
1636840552.450 : re.session.login1.litan.018944.0006 : 779848 : 140733973328240 : DEBUG    : insert cmd: None heartbeat {'pmgr': 'pmgr.0000'}
1636840553.453 : re.session.login1.litan.018944.0006 : 779848 : 140733973328240 : DEBUG    : insert cmd: None heartbeat {'pmgr': 'pmgr.0000'}
1636840554.456 : re.session.login1.litan.018944.0006 : 779848 : 140733973328240 : DEBUG    : insert cmd: None heartbeat {'pmgr': 'pmgr.0000'}
1636840555.458 : re.session.login1.litan.018944.0006 : 779848 : 140733973328240 : DEBUG    : insert cmd: None heartbeat {'pmgr': 'pmgr.0000'}
1636840556.461 : re.session.login1.litan.018944.0006 : 779848 : 140733973328240 : DEBUG    : insert cmd: None heartbeat {'pmgr': 'pmgr.0000'}
1636840557.464 : re.session.login1.litan.018944.0006 : 779848 : 140733973328240 : DEBUG    : insert cmd: None heartbeat {'pmgr': 'pmgr.0000'}
1636840558.467 : re.session.login1.litan.018944.0006 : 779848 : 140733973328240 : DEBUG    : insert cmd: None heartbeat {'pmgr': 'pmgr.0000'}
1636840559.469 : re.session.login1.litan.018944.0006 : 779848 : 140733973328240 : DEBUG    : insert cmd: None heartbeat {'pmgr': 'pmgr.0000'}
1636840560.472 : re.session.login1.litan.018944.0006 : 779848 : 140733973328240 : DEBUG    : insert cmd: None heartbeat {'pmgr': 'pmgr.0000'}
1636840561.475 : re.session.login1.litan.018944.0006 : 779848 : 140733973328240 : DEBUG    : insert cmd: None heartbeat {'pmgr': 'pmgr.0000'}
1636840562.478 : re.session.login1.litan.018944.0006 : 779848 : 140733973328240 : DEBUG    : insert cmd: None heartbeat {'pmgr': 'pmgr.0000'}
1636840563.481 : re.session.login1.litan.018944.0006 : 779848 : 140733973328240 : DEBUG    : insert cmd: None heartbeat {'pmgr': 'pmgr.0000'}
1636840564.483 : re.session.login1.litan.018944.0006 : 779848 : 140733973328240 : DEBUG    : insert cmd: None heartbeat {'pmgr': 'pmgr.0000'}
1636840565.486 : re.session.login1.litan.018944.0006 : 779848 : 140733973328240 : DEBUG    : insert cmd: None heartbeat {'pmgr': 'pmgr.0000'}
1636840566.489 : re.session.login1.litan.018944.0006 : 779848 : 140733973328240 : DEBUG    : insert cmd: None heartbeat {'pmgr': 'pmgr.0000'}
1636840567.492 : re.session.login1.litan.018944.0006 : 779848 : 140733973328240 : DEBUG    : insert cmd: None heartbeat {'pmgr': 'pmgr.0000'}
1636840568.494 : re.session.login1.litan.018944.0006 : 779848 : 140733973328240 : DEBUG    : insert cmd: None heartbeat {'pmgr': 'pmgr.0000'}
1636840569.497 : re.session.login1.litan.018944.0006 : 779848 : 140733973328240 : DEBUG    : insert cmd: None heartbeat {'pmgr': 'pmgr.0000'}
1636840570.500 : re.session.login1.litan.018944.0006 : 779848 : 140733973328240 : DEBUG    : insert cmd: None heartbeat {'pmgr': 'pmgr.0000'}
1636840571.503 : re.session.login1.litan.018944.0006 : 779848 : 140733973328240 : DEBUG    : insert cmd: None heartbeat {'pmgr': 'pmgr.0000'}
1636840572.505 : re.session.login1.litan.018944.0006 : 779848 : 140733973328240 : DEBUG    : insert cmd: None heartbeat {'pmgr': 'pmgr.0000'}
1636840573.508 : re.session.login1.litan.018944.0006 : 779848 : 140733973328240 : DEBUG    : insert cmd: None heartbeat {'pmgr': 'pmgr.0000'}
1636840574.511 : re.session.login1.litan.018944.0006 : 779848 : 140733973328240 : DEBUG    : insert cmd: None heartbeat {'pmgr': 'pmgr.0000'}
1636840575.514 : re.session.login1.litan.018944.0006 : 779848 : 140733973328240 : DEBUG    : insert cmd: None heartbeat {'pmgr': 'pmgr.0000'}
1636840576.517 : re.session.login1.litan.018944.0006 : 779848 : 140733973328240 : DEBUG    : insert cmd: None heartbeat {'pmgr': 'pmgr.0000'}
1636840577.519 : re.session.login1.litan.018944.0006 : 779848 : 140733973328240 : DEBUG    : insert cmd: None heartbeat {'pmgr': 'pmgr.0000'}
1636840578.522 : re.session.login1.litan.018944.0006 : 779848 : 140733973328240 : DEBUG    : insert cmd: None heartbeat {'pmgr': 'pmgr.0000'}
1636840579.525 : re.session.login1.litan.018944.0006 : 779848 : 140733973328240 : DEBUG    : insert cmd: None heartbeat {'pmgr': 'pmgr.0000'}
1636840580.528 : re.session.login1.litan.018944.0006 : 779848 : 140733973328240 : DEBUG    : insert cmd: None heartbeat {'pmgr': 'pmgr.0000'}
1636840581.531 : re.session.login1.litan.018944.0006 : 779848 : 140733973328240 : DEBUG    : insert cmd: None heartbeat {'pmgr': 'pmgr.0000'}
1636840582.534 : re.session.login1.litan.018944.0006 : 779848 : 140733973328240 : DEBUG    : insert cmd: None heartbeat {'pmgr': 'pmgr.0000'}
1636840583.537 : re.session.login1.litan.018944.0006 : 779848 : 140733973328240 : DEBUG    : insert cmd: None heartbeat {'pmgr': 'pmgr.0000'}
1636840584.540 : re.session.login1.litan.018944.0006 : 779848 : 140733973328240 : DEBUG    : insert cmd: None heartbeat {'pmgr': 'pmgr.0000'}
1636840585.543 : re.session.login1.litan.018944.0006 : 779848 : 140733973328240 : DEBUG    : insert cmd: None heartbeat {'pmgr': 'pmgr.0000'}
1636840586.546 : re.session.login1.litan.018944.0006 : 779848 : 140733973328240 : DEBUG    : insert cmd: None heartbeat {'pmgr': 'pmgr.0000'}
1636840587.623 : re.session.login1.litan.018944.0006 : 779848 : 140733973328240 : DEBUG    : insert cmd: None heartbeat {'pmgr': 'pmgr.0000'}
1636840588.647 : re.session.login1.litan.018944.0006 : 779848 : 140733973328240 : DEBUG    : insert cmd: None heartbeat {'pmgr': 'pmgr.0000'}
1636840589.660 : re.session.login1.litan.018944.0006 : 779848 : 140733973328240 : DEBUG    : insert cmd: None heartbeat {'pmgr': 'pmgr.0000'}
1636840590.670 : re.session.login1.litan.018944.0006 : 780641 : 140736037801072 : INFO     : radical.pilot version: 1.9.2
1636840590.670 : re.session.login1.litan.018944.0006 : 780641 : 140736037801072 : INFO     : radical.saga  version: 1.8.0
1636840590.670 : re.session.login1.litan.018944.0006 : 780641 : 140736037801072 : INFO     : radical.utils version: 1.8.4
1636840590.727 : re.session.login1.litan.018944.0006 : 779848 : 140733973328240 : DEBUG    : insert cmd: None heartbeat {'pmgr': 'pmgr.0000'}
1636840591.153 : re.session.login1.litan.018944.0006 : 780695 : 140735360552048 : INFO     : radical.pilot version: 1.9.2
1636840591.153 : re.session.login1.litan.018944.0006 : 780695 : 140735360552048 : INFO     : radical.saga  version: 1.8.0
1636840591.153 : re.session.login1.litan.018944.0006 : 780695 : 140735360552048 : INFO     : radical.utils version: 1.8.4
1636840591.638 : re.session.login1.litan.018944.0006 : 780754 : 140735729060976 : INFO     : radical.pilot version: 1.9.2
1636840591.638 : re.session.login1.litan.018944.0006 : 780754 : 140735729060976 : INFO     : radical.saga  version: 1.8.0
1636840591.638 : re.session.login1.litan.018944.0006 : 780754 : 140735729060976 : INFO     : radical.utils version: 1.8.4
1636840591.737 : re.session.login1.litan.018944.0006 : 779848 : 140733973328240 : DEBUG    : insert cmd: None heartbeat {'pmgr': 'pmgr.0000'}
1636840592.841 : re.session.login1.litan.018944.0006 : 779848 : 140733973328240 : DEBUG    : insert cmd: None heartbeat {'pmgr': 'pmgr.0000'}
1636840593.946 : re.session.login1.litan.018944.0006 : 779848 : 140733973328240 : DEBUG    : insert cmd: None heartbeat {'pmgr': 'pmgr.0000'}
1636840593.951 : re.session.login1.litan.018944.0006 : 780522 : 140733512020336 : DEBUG    : bulk task insert result: {'writeErrors': [], 'writeConcernErrors': [], 'nInserted': 105, 'nUpserted': 0, 'nMatched': 0, 'nModified': 0, 'nRemoved': 0, 'upserted': []}
1636840594.072 : re.session.login1.litan.018944.0006 : 780695 : 140735078134128 : DEBUG    : rsup.PTYShell('fork://localhost/')
1636840595.029 : re.session.login1.litan.018944.0006 : 779848 : 140733973328240 : DEBUG    : insert cmd: None heartbeat {'pmgr': 'pmgr.0000'}
1636840595.182 : re.session.login1.litan.018944.0006 : 780695 : 140735078134128 : DEBUG    : sandbox base /gpfs/alpine/scratch/litan/csc299
1636840595.252 : re.session.login1.litan.018944.0006 : 780641 : 140735755383152 : DEBUG    : rsup.PTYShell('fork://localhost/')
1636840596.137 : re.session.login1.litan.018944.0006 : 779848 : 140733973328240 : DEBUG    : insert cmd: None heartbeat {'pmgr': 'pmgr.0000'}
1636840596.311 : re.session.login1.litan.018944.0006 : 780641 : 140735755383152 : DEBUG    : sandbox base /gpfs/alpine/scratch/litan/csc299
1636840597.223 : re.session.login1.litan.018944.0006 : 779848 : 140733973328240 : DEBUG    : insert cmd: None heartbeat {'pmgr': 'pmgr.0000'}
1636840598.248 : re.session.login1.litan.018944.0006 : 779848 : 140733973328240 : DEBUG    : insert cmd: None heartbeat {'pmgr': 'pmgr.0000'}
1636840599.342 : re.session.login1.litan.018944.0006 : 779848 : 140733973328240 : DEBUG    : insert cmd: None heartbeat {'pmgr': 'pmgr.0000'}
1636840600.452 : re.session.login1.litan.018944.0006 : 779848 : 140733973328240 : DEBUG    : insert cmd: None heartbeat {'pmgr': 'pmgr.0000'}
1636840601.575 : re.session.login1.litan.018944.0006 : 779848 : 140733973328240 : DEBUG    : insert cmd: None heartbeat {'pmgr': 'pmgr.0000'}
1636840602.664 : re.session.login1.litan.018944.0006 : 779848 : 140733973328240 : DEBUG    : insert cmd: None heartbeat {'pmgr': 'pmgr.0000'}
1636840603.736 : re.session.login1.litan.018944.0006 : 779848 : 140733973328240 : DEBUG    : insert cmd: None heartbeat {'pmgr': 'pmgr.0000'}
1636840604.818 : re.session.login1.litan.018944.0006 : 779848 : 140733973328240 : DEBUG    : insert cmd: None heartbeat {'pmgr': 'pmgr.0000'}
1636840605.935 : re.session.login1.litan.018944.0006 : 779848 : 140733973328240 : DEBUG    : insert cmd: None heartbeat {'pmgr': 'pmgr.0000'}
1636840607.045 : re.session.login1.litan.018944.0006 : 779848 : 140733973328240 : DEBUG    : insert cmd: None heartbeat {'pmgr': 'pmgr.0000'}
1636840608.161 : re.session.login1.litan.018944.0006 : 779848 : 140733973328240 : DEBUG    : insert cmd: None heartbeat {'pmgr': 'pmgr.0000'}
1636840609.265 : re.session.login1.litan.018944.0006 : 779848 : 140733973328240 : DEBUG    : insert cmd: None heartbeat {'pmgr': 'pmgr.0000'}
1636840610.357 : re.session.login1.litan.018944.0006 : 779848 : 140733973328240 : DEBUG    : insert cmd: None heartbeat {'pmgr': 'pmgr.0000'}
1636840611.456 : re.session.login1.litan.018944.0006 : 779848 : 140733973328240 : DEBUG    : insert cmd: None heartbeat {'pmgr': 'pmgr.0000'}
1636840612.540 : re.session.login1.litan.018944.0006 : 779848 : 140733973328240 : DEBUG    : insert cmd: None heartbeat {'pmgr': 'pmgr.0000'}
1636840613.646 : re.session.login1.litan.018944.0006 : 779848 : 140733973328240 : DEBUG    : insert cmd: None heartbeat {'pmgr': 'pmgr.0000'}
1636840614.765 : re.session.login1.litan.018944.0006 : 779848 : 140733973328240 : DEBUG    : insert cmd: None heartbeat {'pmgr': 'pmgr.0000'}
1636840615.844 : re.session.login1.litan.018944.0006 : 779848 : 140733973328240 : DEBUG    : insert cmd: None heartbeat {'pmgr': 'pmgr.0000'}
1636840616.920 : re.session.login1.litan.018944.0006 : 779848 : 140733973328240 : DEBUG    : insert cmd: None heartbeat {'pmgr': 'pmgr.0000'}
1636840618.000 : re.session.login1.litan.018944.0006 : 779848 : 140733973328240 : DEBUG    : insert cmd: None heartbeat {'pmgr': 'pmgr.0000'}
1636840619.095 : re.session.login1.litan.018944.0006 : 779848 : 140733973328240 : DEBUG    : insert cmd: None heartbeat {'pmgr': 'pmgr.0000'}
1636840620.182 : re.session.login1.litan.018944.0006 : 779848 : 140733973328240 : DEBUG    : insert cmd: None heartbeat {'pmgr': 'pmgr.0000'}
1636840621.263 : re.session.login1.litan.018944.0006 : 779848 : 140733973328240 : DEBUG    : insert cmd: None heartbeat {'pmgr': 'pmgr.0000'}
1636840622.357 : re.session.login1.litan.018944.0006 : 779848 : 140733973328240 : DEBUG    : insert cmd: None heartbeat {'pmgr': 'pmgr.0000'}
1636840623.463 : re.session.login1.litan.018944.0006 : 779848 : 140733973328240 : DEBUG    : insert cmd: None heartbeat {'pmgr': 'pmgr.0000'}
1636840624.468 : re.session.login1.litan.018944.0006 : 779848 : 140733973328240 : DEBUG    : insert cmd: None heartbeat {'pmgr': 'pmgr.0000'}
1636840625.546 : re.session.login1.litan.018944.0006 : 779848 : 140733973328240 : DEBUG    : insert cmd: None heartbeat {'pmgr': 'pmgr.0000'}
1636840626.661 : re.session.login1.litan.018944.0006 : 779848 : 140733973328240 : DEBUG    : insert cmd: None heartbeat {'pmgr': 'pmgr.0000'}
1636840627.980 : re.session.login1.litan.018944.0006 : 779848 : 140733973328240 : DEBUG    : insert cmd: None heartbeat {'pmgr': 'pmgr.0000'}
1636840629.036 : re.session.login1.litan.018944.0006 : 779848 : 140733973328240 : DEBUG    : insert cmd: None heartbeat {'pmgr': 'pmgr.0000'}
1636840630.128 : re.session.login1.litan.018944.0006 : 779848 : 140733973328240 : DEBUG    : insert cmd: None heartbeat {'pmgr': 'pmgr.0000'}
1636840631.220 : re.session.login1.litan.018944.0006 : 779848 : 140733973328240 : DEBUG    : insert cmd: None heartbeat {'pmgr': 'pmgr.0000'}
1636840632.358 : re.session.login1.litan.018944.0006 : 779848 : 140733973328240 : DEBUG    : insert cmd: None heartbeat {'pmgr': 'pmgr.0000'}
1636840633.411 : re.session.login1.litan.018944.0006 : 779848 : 140733973328240 : DEBUG    : insert cmd: None heartbeat {'pmgr': 'pmgr.0000'}
1636840634.458 : re.session.login1.litan.018944.0006 : 779848 : 140733973328240 : DEBUG    : insert cmd: None heartbeat {'pmgr': 'pmgr.0000'}
1636840635.479 : re.session.login1.litan.018944.0006 : 779848 : 140733973328240 : DEBUG    : insert cmd: None heartbeat {'pmgr': 'pmgr.0000'}
1636840636.646 : re.session.login1.litan.018944.0006 : 779848 : 140733973328240 : DEBUG    : insert cmd: None heartbeat {'pmgr': 'pmgr.0000'}
1636840637.706 : re.session.login1.litan.018944.0006 : 779848 : 140733973328240 : DEBUG    : insert cmd: None heartbeat {'pmgr': 'pmgr.0000'}
1636840638.810 : re.session.login1.litan.018944.0006 : 779848 : 140733973328240 : DEBUG    : insert cmd: None heartbeat {'pmgr': 'pmgr.0000'}
1636840639.923 : re.session.login1.litan.018944.0006 : 779848 : 140733973328240 : DEBUG    : insert cmd: None heartbeat {'pmgr': 'pmgr.0000'}
1636840640.990 : re.session.login1.litan.018944.0006 : 779848 : 140733973328240 : DEBUG    : insert cmd: None heartbeat {'pmgr': 'pmgr.0000'}
1636840642.087 : re.session.login1.litan.018944.0006 : 779848 : 140733973328240 : DEBUG    : insert cmd: None heartbeat {'pmgr': 'pmgr.0000'}
1636840643.146 : re.session.login1.litan.018944.0006 : 779848 : 140733973328240 : DEBUG    : insert cmd: None heartbeat {'pmgr': 'pmgr.0000'}
1636840644.273 : re.session.login1.litan.018944.0006 : 779848 : 140733973328240 : DEBUG    : insert cmd: None heartbeat {'pmgr': 'pmgr.0000'}
1636840645.360 : re.session.login1.litan.018944.0006 : 779848 : 140733973328240 : DEBUG    : insert cmd: None heartbeat {'pmgr': 'pmgr.0000'}
1636840646.430 : re.session.login1.litan.018944.0006 : 779848 : 140733973328240 : DEBUG    : insert cmd: None heartbeat {'pmgr': 'pmgr.0000'}
1636840647.463 : re.session.login1.litan.018944.0006 : 779848 : 140733973328240 : DEBUG    : insert cmd: None heartbeat {'pmgr': 'pmgr.0000'}
1636840648.562 : re.session.login1.litan.018944.0006 : 779848 : 140733973328240 : DEBUG    : insert cmd: None heartbeat {'pmgr': 'pmgr.0000'}
1636840649.629 : re.session.login1.litan.018944.0006 : 779848 : 140733973328240 : DEBUG    : insert cmd: None heartbeat {'pmgr': 'pmgr.0000'}
1636840650.733 : re.session.login1.litan.018944.0006 : 779848 : 140733973328240 : DEBUG    : insert cmd: None heartbeat {'pmgr': 'pmgr.0000'}
1636840651.823 : re.session.login1.litan.018944.0006 : 779848 : 140733973328240 : DEBUG    : insert cmd: None heartbeat {'pmgr': 'pmgr.0000'}
1636840652.913 : re.session.login1.litan.018944.0006 : 779848 : 140733973328240 : DEBUG    : insert cmd: None heartbeat {'pmgr': 'pmgr.0000'}
1636840653.993 : re.session.login1.litan.018944.0006 : 779848 : 140733973328240 : DEBUG    : insert cmd: None heartbeat {'pmgr': 'pmgr.0000'}
1636840655.001 : re.session.login1.litan.018944.0006 : 779848 : 140733973328240 : DEBUG    : insert cmd: None heartbeat {'pmgr': 'pmgr.0000'}
1636840656.094 : re.session.login1.litan.018944.0006 : 779848 : 140733973328240 : DEBUG    : insert cmd: None heartbeat {'pmgr': 'pmgr.0000'}
1636840657.240 : re.session.login1.litan.018944.0006 : 779848 : 140733973328240 : DEBUG    : insert cmd: None heartbeat {'pmgr': 'pmgr.0000'}
1636840658.329 : re.session.login1.litan.018944.0006 : 779848 : 140733973328240 : DEBUG    : insert cmd: None heartbeat {'pmgr': 'pmgr.0000'}
1636840659.435 : re.session.login1.litan.018944.0006 : 779848 : 140733973328240 : DEBUG    : insert cmd: None heartbeat {'pmgr': 'pmgr.0000'}
1636840660.504 : re.session.login1.litan.018944.0006 : 779848 : 140733973328240 : DEBUG    : insert cmd: None heartbeat {'pmgr': 'pmgr.0000'}
1636840661.616 : re.session.login1.litan.018944.0006 : 779848 : 140733973328240 : DEBUG    : insert cmd: None heartbeat {'pmgr': 'pmgr.0000'}
1636840662.676 : re.session.login1.litan.018944.0006 : 779848 : 140733973328240 : DEBUG    : insert cmd: None heartbeat {'pmgr': 'pmgr.0000'}
1636840663.739 : re.session.login1.litan.018944.0006 : 779848 : 140733973328240 : DEBUG    : insert cmd: None heartbeat {'pmgr': 'pmgr.0000'}
1636840664.874 : re.session.login1.litan.018944.0006 : 779848 : 140733973328240 : DEBUG    : insert cmd: None heartbeat {'pmgr': 'pmgr.0000'}
1636840666.020 : re.session.login1.litan.018944.0006 : 779848 : 140733973328240 : DEBUG    : insert cmd: None heartbeat {'pmgr': 'pmgr.0000'}
1636840667.090 : re.session.login1.litan.018944.0006 : 779848 : 140733973328240 : DEBUG    : insert cmd: None heartbeat {'pmgr': 'pmgr.0000'}
1636840668.224 : re.session.login1.litan.018944.0006 : 779848 : 140733973328240 : DEBUG    : insert cmd: None heartbeat {'pmgr': 'pmgr.0000'}
1636840669.292 : re.session.login1.litan.018944.0006 : 779848 : 140733973328240 : DEBUG    : insert cmd: None heartbeat {'pmgr': 'pmgr.0000'}
1636840670.410 : re.session.login1.litan.018944.0006 : 779848 : 140733973328240 : DEBUG    : insert cmd: None heartbeat {'pmgr': 'pmgr.0000'}
1636840671.543 : re.session.login1.litan.018944.0006 : 779848 : 140733973328240 : DEBUG    : insert cmd: None heartbeat {'pmgr': 'pmgr.0000'}
1636840672.620 : re.session.login1.litan.018944.0006 : 779848 : 140733973328240 : DEBUG    : insert cmd: None heartbeat {'pmgr': 'pmgr.0000'}
1636840673.746 : re.session.login1.litan.018944.0006 : 779848 : 140733973328240 : DEBUG    : insert cmd: None heartbeat {'pmgr': 'pmgr.0000'}
1636840674.841 : re.session.login1.litan.018944.0006 : 779848 : 140733973328240 : DEBUG    : insert cmd: None heartbeat {'pmgr': 'pmgr.0000'}
1636840675.942 : re.session.login1.litan.018944.0006 : 779848 : 140733973328240 : DEBUG    : insert cmd: None heartbeat {'pmgr': 'pmgr.0000'}
1636840677.077 : re.session.login1.litan.018944.0006 : 779848 : 140733973328240 : DEBUG    : insert cmd: None heartbeat {'pmgr': 'pmgr.0000'}
1636840678.110 : re.session.login1.litan.018944.0006 : 779848 : 140733973328240 : DEBUG    : insert cmd: None heartbeat {'pmgr': 'pmgr.0000'}
1636840679.167 : re.session.login1.litan.018944.0006 : 779848 : 140733973328240 : DEBUG    : insert cmd: None heartbeat {'pmgr': 'pmgr.0000'}
1636840680.258 : re.session.login1.litan.018944.0006 : 779848 : 140733973328240 : DEBUG    : insert cmd: None heartbeat {'pmgr': 'pmgr.0000'}
1636840681.354 : re.session.login1.litan.018944.0006 : 779848 : 140733973328240 : DEBUG    : insert cmd: None heartbeat {'pmgr': 'pmgr.0000'}
1636840682.398 : re.session.login1.litan.018944.0006 : 779848 : 140733973328240 : DEBUG    : insert cmd: None heartbeat {'pmgr': 'pmgr.0000'}
1636840683.479 : re.session.login1.litan.018944.0006 : 779848 : 140733973328240 : DEBUG    : insert cmd: None heartbeat {'pmgr': 'pmgr.0000'}
1636840684.583 : re.session.login1.litan.018944.0006 : 779848 : 140733973328240 : DEBUG    : insert cmd: None heartbeat {'pmgr': 'pmgr.0000'}
1636840685.677 : re.session.login1.litan.018944.0006 : 779848 : 140733973328240 : DEBUG    : insert cmd: None heartbeat {'pmgr': 'pmgr.0000'}
1636840686.756 : re.session.login1.litan.018944.0006 : 779848 : 140733973328240 : DEBUG    : insert cmd: None heartbeat {'pmgr': 'pmgr.0000'}
1636840687.833 : re.session.login1.litan.018944.0006 : 779848 : 140733973328240 : DEBUG    : insert cmd: None heartbeat {'pmgr': 'pmgr.0000'}
1636840688.903 : re.session.login1.litan.018944.0006 : 779848 : 140733973328240 : DEBUG    : insert cmd: None heartbeat {'pmgr': 'pmgr.0000'}
1636840689.998 : re.session.login1.litan.018944.0006 : 779848 : 140733973328240 : DEBUG    : insert cmd: None heartbeat {'pmgr': 'pmgr.0000'}
1636840691.118 : re.session.login1.litan.018944.0006 : 779848 : 140733973328240 : DEBUG    : insert cmd: None heartbeat {'pmgr': 'pmgr.0000'}
1636840692.122 : re.session.login1.litan.018944.0006 : 779848 : 140733973328240 : DEBUG    : insert cmd: None heartbeat {'pmgr': 'pmgr.0000'}
1636840693.125 : re.session.login1.litan.018944.0006 : 779848 : 140733973328240 : DEBUG    : insert cmd: None heartbeat {'pmgr': 'pmgr.0000'}
1636840694.128 : re.session.login1.litan.018944.0006 : 779848 : 140733973328240 : DEBUG    : insert cmd: None heartbeat {'pmgr': 'pmgr.0000'}
1636840695.131 : re.session.login1.litan.018944.0006 : 779848 : 140733973328240 : DEBUG    : insert cmd: None heartbeat {'pmgr': 'pmgr.0000'}
1636840696.133 : re.session.login1.litan.018944.0006 : 779848 : 140733973328240 : DEBUG    : insert cmd: None heartbeat {'pmgr': 'pmgr.0000'}
1636840697.137 : re.session.login1.litan.018944.0006 : 779848 : 140733973328240 : DEBUG    : insert cmd: None heartbeat {'pmgr': 'pmgr.0000'}
1636840698.140 : re.session.login1.litan.018944.0006 : 779848 : 140733973328240 : DEBUG    : insert cmd: None heartbeat {'pmgr': 'pmgr.0000'}
1636840699.143 : re.session.login1.litan.018944.0006 : 779848 : 140733973328240 : DEBUG    : insert cmd: None heartbeat {'pmgr': 'pmgr.0000'}
1636840700.146 : re.session.login1.litan.018944.0006 : 779848 : 140733973328240 : DEBUG    : insert cmd: None heartbeat {'pmgr': 'pmgr.0000'}
1636840701.149 : re.session.login1.litan.018944.0006 : 779848 : 140733973328240 : DEBUG    : insert cmd: None heartbeat {'pmgr': 'pmgr.0000'}
1636840702.152 : re.session.login1.litan.018944.0006 : 779848 : 140733973328240 : DEBUG    : insert cmd: None heartbeat {'pmgr': 'pmgr.0000'}
1636840703.155 : re.session.login1.litan.018944.0006 : 779848 : 140733973328240 : DEBUG    : insert cmd: None heartbeat {'pmgr': 'pmgr.0000'}
1636840704.158 : re.session.login1.litan.018944.0006 : 779848 : 140733973328240 : DEBUG    : insert cmd: None heartbeat {'pmgr': 'pmgr.0000'}
1636840705.161 : re.session.login1.litan.018944.0006 : 779848 : 140733973328240 : DEBUG    : insert cmd: None heartbeat {'pmgr': 'pmgr.0000'}
1636840706.164 : re.session.login1.litan.018944.0006 : 779848 : 140733973328240 : DEBUG    : insert cmd: None heartbeat {'pmgr': 'pmgr.0000'}
1636840707.098 : re.session.login1.litan.018944.0006 : 779848 : 140736024300656 : DEBUG    : insert cmd: ['pilot.0000'] cancel_pilot []
1636840707.167 : re.session.login1.litan.018944.0006 : 779848 : 140733973328240 : DEBUG    : insert cmd: None heartbeat {'pmgr': 'pmgr.0000'}
1636840708.170 : re.session.login1.litan.018944.0006 : 779848 : 140733973328240 : DEBUG    : insert cmd: None heartbeat {'pmgr': 'pmgr.0000'}
1636840709.172 : re.session.login1.litan.018944.0006 : 779848 : 140733973328240 : DEBUG    : insert cmd: None heartbeat {'pmgr': 'pmgr.0000'}
1636840709.603 : re.session.login1.litan.018944.0006 : 779848 : 140736024300656 : DEBUG    : session re.session.login1.litan.018944.0006 closing
1636840709.603 : re.session.login1.litan.018944.0006 : 779848 : 140736024300656 : DEBUG    : session re.session.login1.litan.018944.0006 closes pmgr   pmgr.0000
1636840709.603 : re.session.login1.litan.018944.0006 : 779848 : 140736024300656 : DEBUG    : insert cmd: ['pilot.0000'] cancel_pilot []
1636840709.705 : re.session.login1.litan.018944.0006 : 779848 : 140736024300656 : DEBUG    : session re.session.login1.litan.018944.0006 closed pmgr   pmgr.0000
1636840709.705 : re.session.login1.litan.018944.0006 : 779848 : 140736024300656 : DEBUG    : session re.session.login1.litan.018944.0006 closes db (False)
1636840709.706 : re.session.login1.litan.018944.0006 : 779848 : 140736024300656 : DEBUG    : session re.session.login1.litan.018944.0006 closed (delete=False)
1636840709.708 : re.session.login1.litan.018944.0006 : 779848 : 140736024300656 : DEBUG    : start download
1636840709.857 : re.session.login1.litan.018944.0006 : 779848 : 140736024300656 : INFO     : session written to /gpfs/alpine/csc299/scratch/litan/DeepDriveMD/async/new/CANDLE/re.session.login1.litan.018944.0006/re.session.login1.litan.018944.0006.json
1636840709.935 : re.session.login1.litan.018944.0006 : 779848 : 140736024300656 : DEBUG    : Session: re.session.login1.litan.018944.0006
1636840709.935 : re.session.login1.litan.018944.0006 : 779848 : 140736024300656 : DEBUG    : Number of pilots in session: 1
1636840709.935 : re.session.login1.litan.018944.0006 : 779848 : 140736024300656 : DEBUG    : processing pilot 'pilot.0000'
1636840711.131 : re.session.login1.litan.018944.0006 : 779848 : 140736024300656 : WARNING  : profiles tarball doesnt exists!
1636840720.492 : re.session.login1.litan.018944.0006 : 779848 : 140736024300656 : INFO     : Session: re.session.login1.litan.018944.0006
1636840720.492 : re.session.login1.litan.018944.0006 : 779848 : 140736024300656 : INFO     : Number of pilots in session: 1
1636840720.812 : re.session.login1.litan.018944.0006 : 779848 : 140736024300656 : INFO     : logfiles tarball exists
1636840720.813 : re.session.login1.litan.018944.0006 : 779848 : 140736024300656 : INFO     : Fetching 'file://localhost/gpfs/alpine/scratch/litan/csc299/radical.pilot.sandbox/re.session.login1.litan.018944.0006/pilot.0000/pilot.0000.log.tgz' to 'file://localhost/gpfs/alpine/csc299/scratch/litan/DeepDriveMD/async/new/CANDLE/re.session.login1.litan.018944.0006/'.
1636840721.130 : re.session.login1.litan.018944.0006 : 779848 : 140736024300656 : DEBUG    : Extract tarball /gpfs/alpine/csc299/scratch/litan/DeepDriveMD/async/new/CANDLE/re.session.login1.litan.018944.0006/pilot.0000.log.tgz to /gpfs/alpine/csc299/scratch/litan/DeepDriveMD/async/new/CANDLE/re.session.login1.litan.018944.0006/
1636840721.166 : re.session.login1.litan.018944.0006 : 779848 : 140736024300656 : INFO     : tarball /gpfs/alpine/csc299/scratch/litan/DeepDriveMD/async/new/CANDLE/re.session.login1.litan.018944.0006/pilot.0000.log.tgz extracted to '/gpfs/alpine/csc299/scratch/litan/DeepDriveMD/async/new/CANDLE/re.session.login1.litan.018944.0006//pilot.0000/'.
