1636840586.937 : tmgr.0000            : 780522 : 140733520474480 : INFO     : connect pub to state_pubsub: tcp://10.134.0.31:37141
1636840586.942 : tmgr.0000            : 780522 : 140733520474480 : DEBUG    : registered publisher for state_pubsub
1636840586.978 : tmgr.0000            : 780522 : 140733520474480 : INFO     : connect pub to control_pubsub: tcp://10.134.0.31:43289
1636840586.983 : tmgr.0000            : 780522 : 140733520474480 : DEBUG    : registered publisher for control_pubsub
1636840587.009 : tmgr.0000            : 780522 : 140733520474480 : INFO     : connect sub to control_pubsub: tcp://10.134.0.31:44165
1636840587.082 : tmgr.0000            : 780522 : 140733520474480 : DEBUG    : ~~ control_pubsub: control_pubsub
1636840587.176 : tmgr.0000            : 780522 : 140733512020336 : INFO     : started tmgr tmgr.0000
1636840593.079 : tmgr.0000            : 780522 : 140733512020336 : DEBUG    : tmgr.0000 register output TMGR_SCHEDULING_PENDING:tmgr_scheduling_queue
1636840593.217 : tmgr.0000            : 780522 : 140733512020336 : DEBUG    : tmgr.0000 register output TMGR_STAGING_OUTPUT_PENDING:tmgr_staging_output_queue
1636840593.347 : tmgr.0000            : 780522 : 140733512020336 : DEBUG    : START: tmgr.0000 register idler tmgr.0000.idler._state_pull_cb
1636840593.357 : tmgr.0000            : 780522 : 140734661325168 : DEBUG    : start idle thread: <bound method TaskManager._state_pull_cb of <radical.pilot.task_manager.TaskManager object at 0x7fff96f8d350>>
1636840593.362 : tmgr.0000            : 780522 : 140733512020336 : DEBUG    : tmgr.0000 registered idler tmgr.0000.idler._state_pull_cb
1636840593.367 : tmgr.0000            : 780522 : 140733512020336 : DEBUG    : START: tmgr.0000 register idler tmgr.0000.idler._task_pull_cb
1636840593.499 : tmgr.0000            : 780522 : 140734904398192 : DEBUG    : start idle thread: <bound method TaskManager._task_pull_cb of <radical.pilot.task_manager.TaskManager object at 0x7fff96f8d350>>
1636840593.504 : tmgr.0000            : 780522 : 140733512020336 : DEBUG    : tmgr.0000 registered idler tmgr.0000.idler._task_pull_cb
1636840593.551 : tmgr.0000            : 780522 : 140733512020336 : INFO     : connect sub to state_pubsub: tcp://10.134.0.31:39075
1636840593.593 : tmgr.0000            : 780522 : 140733512020336 : DEBUG    : ~~ state_pubsub: state_pubsub
1636840593.626 : tmgr.0000            : 780522 : 140733990236528 : DEBUG    : command incoming: {'cmd': 'add_pilots', 'arg': {'pilots': [{'session': 're.session.login1.litan.018944.0006', 'pmgr': 'pmgr.0000', 'uid': 'pilot.0000', 'type': 'pilot', 'state': 'PMGR_ACTIVE', 'log': None, 'stdout': None, 'stderr': None, 'resource': 'ornl.summit', 'resource_sandbox': 'file://localhost/gpfs/alpine/scratch/litan/csc299/radical.pilot.sandbox', 'session_sandbox': 'file://localhost/gpfs/alpine/scratch/litan/csc299/radical.pilot.sandbox/re.session.login1.litan.018944.0006', 'pilot_sandbox': 'file://localhost/gpfs/alpine/scratch/litan/csc299/radical.pilot.sandbox/re.session.login1.litan.018944.0006/pilot.0000/', 'client_sandbox': '/gpfs/alpine/csc299/scratch/litan/DeepDriveMD/async/new/CANDLE', 'js_url': 'lsf://localhost/', 'js_hop': 'fork://localhost/', 'description': {'uid': None, 'resource': 'ornl.summit', 'access_schema': None, 'runtime': 120, 'app_comm': [], 'sandbox': None, 'cores': 1344, 'gpus': 48, 'memory': 0, 'queue': 'batch', 'job_name': None, 'project': 'CSC299', 'cleanup': False, 'candidate_hosts': [], 'exit_on_error': True, 'input_staging': [], 'output_staging': [], 'prepare_env': {}, 'layout': 'default', 'services': []}}], 'tmgr': 'tmgr.0000'}}
1636840593.626 : tmgr.0000            : 780522 : 140733990236528 : DEBUG    : command ignored: add_pilots
1636840593.864 : tmgr.0000            : 780522 : 140733512020336 : DEBUG    : advance bulk: 1 [False, False]
1636840593.865 : tmgr.0000            : 780522 : 140733512020336 : DEBUG    : advance bulk: 1 [False, False]
1636840593.865 : tmgr.0000            : 780522 : 140733512020336 : DEBUG    : advance bulk: 1 [False, False]
1636840593.867 : tmgr.0000            : 780522 : 140733512020336 : DEBUG    : advance bulk: 1 [False, False]
1636840593.867 : tmgr.0000            : 780522 : 140733512020336 : DEBUG    : advance bulk: 1 [False, False]
1636840593.868 : tmgr.0000            : 780522 : 140733512020336 : DEBUG    : advance bulk: 1 [False, False]
1636840593.869 : tmgr.0000            : 780522 : 140733512020336 : DEBUG    : advance bulk: 1 [False, False]
1636840593.869 : tmgr.0000            : 780522 : 140733512020336 : DEBUG    : advance bulk: 1 [False, False]
1636840593.870 : tmgr.0000            : 780522 : 140733512020336 : DEBUG    : advance bulk: 1 [False, False]
1636840593.870 : tmgr.0000            : 780522 : 140733512020336 : DEBUG    : advance bulk: 1 [False, False]
1636840593.871 : tmgr.0000            : 780522 : 140733512020336 : DEBUG    : advance bulk: 1 [False, False]
1636840593.871 : tmgr.0000            : 780522 : 140733512020336 : DEBUG    : advance bulk: 1 [False, False]
1636840593.872 : tmgr.0000            : 780522 : 140733512020336 : DEBUG    : advance bulk: 1 [False, False]
1636840593.872 : tmgr.0000            : 780522 : 140733512020336 : DEBUG    : advance bulk: 1 [False, False]
1636840593.873 : tmgr.0000            : 780522 : 140733512020336 : DEBUG    : advance bulk: 1 [False, False]
1636840593.873 : tmgr.0000            : 780522 : 140733512020336 : DEBUG    : advance bulk: 1 [False, False]
1636840593.874 : tmgr.0000            : 780522 : 140733512020336 : DEBUG    : advance bulk: 1 [False, False]
1636840593.874 : tmgr.0000            : 780522 : 140733512020336 : DEBUG    : advance bulk: 1 [False, False]
1636840593.875 : tmgr.0000            : 780522 : 140733512020336 : DEBUG    : advance bulk: 1 [False, False]
1636840593.875 : tmgr.0000            : 780522 : 140733512020336 : DEBUG    : advance bulk: 1 [False, False]
1636840593.876 : tmgr.0000            : 780522 : 140733512020336 : DEBUG    : advance bulk: 1 [False, False]
1636840593.876 : tmgr.0000            : 780522 : 140733512020336 : DEBUG    : advance bulk: 1 [False, False]
1636840593.877 : tmgr.0000            : 780522 : 140733512020336 : DEBUG    : advance bulk: 1 [False, False]
1636840593.878 : tmgr.0000            : 780522 : 140733512020336 : DEBUG    : advance bulk: 1 [False, False]
1636840593.878 : tmgr.0000            : 780522 : 140733512020336 : DEBUG    : advance bulk: 1 [False, False]
1636840593.879 : tmgr.0000            : 780522 : 140733512020336 : DEBUG    : advance bulk: 1 [False, False]
1636840593.879 : tmgr.0000            : 780522 : 140733512020336 : DEBUG    : advance bulk: 1 [False, False]
1636840593.880 : tmgr.0000            : 780522 : 140733512020336 : DEBUG    : advance bulk: 1 [False, False]
1636840593.880 : tmgr.0000            : 780522 : 140733512020336 : DEBUG    : advance bulk: 1 [False, False]
1636840593.881 : tmgr.0000            : 780522 : 140733512020336 : DEBUG    : advance bulk: 1 [False, False]
1636840593.881 : tmgr.0000            : 780522 : 140733512020336 : DEBUG    : advance bulk: 1 [False, False]
1636840593.882 : tmgr.0000            : 780522 : 140733512020336 : DEBUG    : advance bulk: 1 [False, False]
1636840593.882 : tmgr.0000            : 780522 : 140733512020336 : DEBUG    : advance bulk: 1 [False, False]
1636840593.883 : tmgr.0000            : 780522 : 140733512020336 : DEBUG    : advance bulk: 1 [False, False]
1636840593.884 : tmgr.0000            : 780522 : 140733512020336 : DEBUG    : advance bulk: 1 [False, False]
1636840593.884 : tmgr.0000            : 780522 : 140733512020336 : DEBUG    : advance bulk: 1 [False, False]
1636840593.885 : tmgr.0000            : 780522 : 140733512020336 : DEBUG    : advance bulk: 1 [False, False]
1636840593.885 : tmgr.0000            : 780522 : 140733512020336 : DEBUG    : advance bulk: 1 [False, False]
1636840593.886 : tmgr.0000            : 780522 : 140733512020336 : DEBUG    : advance bulk: 1 [False, False]
1636840593.886 : tmgr.0000            : 780522 : 140733512020336 : DEBUG    : advance bulk: 1 [False, False]
1636840593.887 : tmgr.0000            : 780522 : 140733512020336 : DEBUG    : advance bulk: 1 [False, False]
1636840593.887 : tmgr.0000            : 780522 : 140733512020336 : DEBUG    : advance bulk: 1 [False, False]
1636840593.888 : tmgr.0000            : 780522 : 140733512020336 : DEBUG    : advance bulk: 1 [False, False]
1636840593.888 : tmgr.0000            : 780522 : 140733512020336 : DEBUG    : advance bulk: 1 [False, False]
1636840593.889 : tmgr.0000            : 780522 : 140733512020336 : DEBUG    : advance bulk: 1 [False, False]
1636840593.890 : tmgr.0000            : 780522 : 140733512020336 : DEBUG    : advance bulk: 1 [False, False]
1636840593.890 : tmgr.0000            : 780522 : 140733512020336 : DEBUG    : advance bulk: 1 [False, False]
1636840593.891 : tmgr.0000            : 780522 : 140733512020336 : DEBUG    : advance bulk: 1 [False, False]
1636840593.891 : tmgr.0000            : 780522 : 140733512020336 : DEBUG    : advance bulk: 1 [False, False]
1636840593.892 : tmgr.0000            : 780522 : 140733512020336 : DEBUG    : advance bulk: 1 [False, False]
1636840593.892 : tmgr.0000            : 780522 : 140733512020336 : DEBUG    : advance bulk: 1 [False, False]
1636840593.893 : tmgr.0000            : 780522 : 140733512020336 : DEBUG    : advance bulk: 1 [False, False]
1636840593.893 : tmgr.0000            : 780522 : 140733512020336 : DEBUG    : advance bulk: 1 [False, False]
1636840593.894 : tmgr.0000            : 780522 : 140733512020336 : DEBUG    : advance bulk: 1 [False, False]
1636840593.895 : tmgr.0000            : 780522 : 140733512020336 : DEBUG    : advance bulk: 1 [False, False]
1636840593.895 : tmgr.0000            : 780522 : 140733512020336 : DEBUG    : advance bulk: 1 [False, False]
1636840593.896 : tmgr.0000            : 780522 : 140733512020336 : DEBUG    : advance bulk: 1 [False, False]
1636840593.897 : tmgr.0000            : 780522 : 140733512020336 : DEBUG    : advance bulk: 1 [False, False]
1636840593.898 : tmgr.0000            : 780522 : 140733512020336 : DEBUG    : advance bulk: 1 [False, False]
1636840593.898 : tmgr.0000            : 780522 : 140733512020336 : DEBUG    : advance bulk: 1 [False, False]
1636840593.899 : tmgr.0000            : 780522 : 140733512020336 : DEBUG    : advance bulk: 1 [False, False]
1636840593.899 : tmgr.0000            : 780522 : 140733512020336 : DEBUG    : advance bulk: 1 [False, False]
1636840593.900 : tmgr.0000            : 780522 : 140733512020336 : DEBUG    : advance bulk: 1 [False, False]
1636840593.901 : tmgr.0000            : 780522 : 140733512020336 : DEBUG    : advance bulk: 1 [False, False]
1636840593.901 : tmgr.0000            : 780522 : 140733512020336 : DEBUG    : advance bulk: 1 [False, False]
1636840593.902 : tmgr.0000            : 780522 : 140733512020336 : DEBUG    : advance bulk: 1 [False, False]
1636840593.902 : tmgr.0000            : 780522 : 140733512020336 : DEBUG    : advance bulk: 1 [False, False]
1636840593.903 : tmgr.0000            : 780522 : 140733512020336 : DEBUG    : advance bulk: 1 [False, False]
1636840593.903 : tmgr.0000            : 780522 : 140733512020336 : DEBUG    : advance bulk: 1 [False, False]
1636840593.904 : tmgr.0000            : 780522 : 140733512020336 : DEBUG    : advance bulk: 1 [False, False]
1636840593.905 : tmgr.0000            : 780522 : 140733512020336 : DEBUG    : advance bulk: 1 [False, False]
1636840593.905 : tmgr.0000            : 780522 : 140733512020336 : DEBUG    : advance bulk: 1 [False, False]
1636840593.906 : tmgr.0000            : 780522 : 140733512020336 : DEBUG    : advance bulk: 1 [False, False]
1636840593.906 : tmgr.0000            : 780522 : 140733512020336 : DEBUG    : advance bulk: 1 [False, False]
1636840593.907 : tmgr.0000            : 780522 : 140733512020336 : DEBUG    : advance bulk: 1 [False, False]
1636840593.907 : tmgr.0000            : 780522 : 140733512020336 : DEBUG    : advance bulk: 1 [False, False]
1636840593.908 : tmgr.0000            : 780522 : 140733512020336 : DEBUG    : advance bulk: 1 [False, False]
1636840593.908 : tmgr.0000            : 780522 : 140733512020336 : DEBUG    : advance bulk: 1 [False, False]
1636840593.909 : tmgr.0000            : 780522 : 140733512020336 : DEBUG    : advance bulk: 1 [False, False]
1636840593.909 : tmgr.0000            : 780522 : 140733512020336 : DEBUG    : advance bulk: 1 [False, False]
1636840593.910 : tmgr.0000            : 780522 : 140733512020336 : DEBUG    : advance bulk: 1 [False, False]
1636840593.910 : tmgr.0000            : 780522 : 140733512020336 : DEBUG    : advance bulk: 1 [False, False]
1636840593.911 : tmgr.0000            : 780522 : 140733512020336 : DEBUG    : advance bulk: 1 [False, False]
1636840593.912 : tmgr.0000            : 780522 : 140733512020336 : DEBUG    : advance bulk: 1 [False, False]
1636840593.912 : tmgr.0000            : 780522 : 140733512020336 : DEBUG    : advance bulk: 1 [False, False]
1636840593.913 : tmgr.0000            : 780522 : 140733512020336 : DEBUG    : advance bulk: 1 [False, False]
1636840593.913 : tmgr.0000            : 780522 : 140733512020336 : DEBUG    : advance bulk: 1 [False, False]
1636840593.914 : tmgr.0000            : 780522 : 140733512020336 : DEBUG    : advance bulk: 1 [False, False]
1636840593.914 : tmgr.0000            : 780522 : 140733512020336 : DEBUG    : advance bulk: 1 [False, False]
1636840593.915 : tmgr.0000            : 780522 : 140733512020336 : DEBUG    : advance bulk: 1 [False, False]
1636840593.916 : tmgr.0000            : 780522 : 140733512020336 : DEBUG    : advance bulk: 1 [False, False]
1636840593.916 : tmgr.0000            : 780522 : 140733512020336 : DEBUG    : advance bulk: 1 [False, False]
1636840593.917 : tmgr.0000            : 780522 : 140733512020336 : DEBUG    : advance bulk: 1 [False, False]
1636840593.917 : tmgr.0000            : 780522 : 140733512020336 : DEBUG    : advance bulk: 1 [False, False]
1636840593.918 : tmgr.0000            : 780522 : 140733512020336 : DEBUG    : advance bulk: 1 [False, False]
1636840593.918 : tmgr.0000            : 780522 : 140733512020336 : DEBUG    : advance bulk: 1 [False, False]
1636840593.919 : tmgr.0000            : 780522 : 140733512020336 : DEBUG    : advance bulk: 1 [False, False]
1636840593.919 : tmgr.0000            : 780522 : 140733512020336 : DEBUG    : advance bulk: 1 [False, False]
1636840593.920 : tmgr.0000            : 780522 : 140733512020336 : DEBUG    : advance bulk: 1 [False, False]
1636840593.920 : tmgr.0000            : 780522 : 140733512020336 : DEBUG    : advance bulk: 1 [False, False]
1636840593.921 : tmgr.0000            : 780522 : 140733512020336 : DEBUG    : advance bulk: 1 [False, False]
1636840593.922 : tmgr.0000            : 780522 : 140733512020336 : DEBUG    : advance bulk: 1 [False, False]
1636840593.922 : tmgr.0000            : 780522 : 140733512020336 : DEBUG    : advance bulk: 1 [False, False]
1636840593.923 : tmgr.0000            : 780522 : 140733512020336 : DEBUG    : advance bulk: 1 [False, False]
1636840593.923 : tmgr.0000            : 780522 : 140733512020336 : DEBUG    : advance bulk: 1 [False, False]
1636840593.951 : tmgr.0000            : 780522 : 140733512020336 : DEBUG    : advance bulk: 105 [True, True]
1636840593.956 : tmgr.0000            : 780522 : 140733512020336 : DEBUG    : put bulk TMGR_SCHEDULING_PENDING: 105
1636840613.934 : tmgr.0000            : 780522 : 140734904398192 : INFO     : tasks pulled:    1
1636840613.935 : tmgr.0000            : 780522 : 140734904398192 : INFO     : tasks pulled:    1
1636840613.935 : tmgr.0000            : 780522 : 140734904398192 : DEBUG    : advance bulk: 1 [False, True]
1636840613.936 : tmgr.0000            : 780522 : 140734904398192 : DEBUG    : advance bulk: 1 [False, True]
1636840622.970 : tmgr.0000            : 780522 : 140734904398192 : INFO     : tasks pulled:    48
1636840622.973 : tmgr.0000            : 780522 : 140734904398192 : INFO     : tasks pulled:   48
1636840622.976 : tmgr.0000            : 780522 : 140734904398192 : DEBUG    : advance bulk: 48 [False, True]
1636840622.978 : tmgr.0000            : 780522 : 140734904398192 : DEBUG    : advance bulk: 48 [False, True]
1636840623.986 : tmgr.0000            : 780522 : 140734904398192 : INFO     : tasks pulled:    1
1636840623.987 : tmgr.0000            : 780522 : 140734904398192 : INFO     : tasks pulled:    1
1636840623.987 : tmgr.0000            : 780522 : 140734904398192 : DEBUG    : advance bulk: 1 [False, True]
1636840623.987 : tmgr.0000            : 780522 : 140734904398192 : DEBUG    : advance bulk: 1 [False, True]
1636840635.022 : tmgr.0000            : 780522 : 140734904398192 : INFO     : tasks pulled:    1
1636840635.023 : tmgr.0000            : 780522 : 140734904398192 : INFO     : tasks pulled:    1
1636840635.023 : tmgr.0000            : 780522 : 140734904398192 : DEBUG    : advance bulk: 1 [False, True]
1636840635.024 : tmgr.0000            : 780522 : 140734904398192 : DEBUG    : advance bulk: 1 [False, True]
1636840646.060 : tmgr.0000            : 780522 : 140734904398192 : INFO     : tasks pulled:    2
1636840646.061 : tmgr.0000            : 780522 : 140734904398192 : INFO     : tasks pulled:    2
1636840646.061 : tmgr.0000            : 780522 : 140734904398192 : DEBUG    : advance bulk: 2 [False, True]
1636840646.062 : tmgr.0000            : 780522 : 140734904398192 : DEBUG    : advance bulk: 2 [False, True]
1636840657.098 : tmgr.0000            : 780522 : 140734904398192 : INFO     : tasks pulled:    1
1636840657.100 : tmgr.0000            : 780522 : 140734904398192 : INFO     : tasks pulled:    1
1636840657.100 : tmgr.0000            : 780522 : 140734904398192 : DEBUG    : advance bulk: 1 [False, True]
1636840657.100 : tmgr.0000            : 780522 : 140734904398192 : DEBUG    : advance bulk: 1 [False, True]
1636840668.136 : tmgr.0000            : 780522 : 140734904398192 : INFO     : tasks pulled:    1
1636840668.137 : tmgr.0000            : 780522 : 140734904398192 : INFO     : tasks pulled:    1
1636840668.138 : tmgr.0000            : 780522 : 140734904398192 : DEBUG    : advance bulk: 1 [False, True]
1636840668.138 : tmgr.0000            : 780522 : 140734904398192 : DEBUG    : advance bulk: 1 [False, True]
1636840674.158 : tmgr.0000            : 780522 : 140734904398192 : INFO     : tasks pulled:    1
1636840674.159 : tmgr.0000            : 780522 : 140734904398192 : INFO     : tasks pulled:    1
1636840674.159 : tmgr.0000            : 780522 : 140734904398192 : DEBUG    : advance bulk: 1 [False, True]
1636840674.159 : tmgr.0000            : 780522 : 140734904398192 : DEBUG    : advance bulk: 1 [False, True]
1636840679.175 : tmgr.0000            : 780522 : 140734904398192 : INFO     : tasks pulled:    1
1636840679.176 : tmgr.0000            : 780522 : 140734904398192 : INFO     : tasks pulled:    1
1636840679.176 : tmgr.0000            : 780522 : 140734904398192 : DEBUG    : advance bulk: 1 [False, True]
1636840679.177 : tmgr.0000            : 780522 : 140734904398192 : DEBUG    : advance bulk: 1 [False, True]
1636840684.223 : tmgr.0000            : 780522 : 140734904398192 : INFO     : tasks pulled:    47
1636840684.225 : tmgr.0000            : 780522 : 140734904398192 : INFO     : tasks pulled:   47
1636840684.228 : tmgr.0000            : 780522 : 140734904398192 : DEBUG    : advance bulk: 47 [False, True]
1636840684.231 : tmgr.0000            : 780522 : 140734904398192 : DEBUG    : advance bulk: 47 [False, True]
1636840690.472 : tmgr.0000            : 780522 : 140734904398192 : INFO     : tasks pulled:    1
1636840690.474 : tmgr.0000            : 780522 : 140734904398192 : INFO     : tasks pulled:    1
1636840690.474 : tmgr.0000            : 780522 : 140734904398192 : DEBUG    : advance bulk: 1 [False, True]
1636840690.474 : tmgr.0000            : 780522 : 140734904398192 : DEBUG    : advance bulk: 1 [False, True]
1636840693.978 : tmgr.0000            : 780522 : 140733512020336 : INFO     : Closed TaskManager tmgr.0000.
