1641259490.471 : tmgr.0000            : 4129095 : 140732908040560 : INFO     : connect pub to state_pubsub: tcp://10.134.0.34:38295
1641259490.477 : tmgr.0000            : 4129095 : 140732908040560 : DEBUG    : registered publisher for state_pubsub
1641259490.502 : tmgr.0000            : 4129095 : 140732908040560 : INFO     : connect pub to control_pubsub: tcp://10.134.0.34:35379
1641259490.508 : tmgr.0000            : 4129095 : 140732908040560 : DEBUG    : registered publisher for control_pubsub
1641259490.533 : tmgr.0000            : 4129095 : 140732908040560 : INFO     : connect sub to control_pubsub: tcp://10.134.0.34:35521
1641259490.613 : tmgr.0000            : 4129095 : 140732908040560 : DEBUG    : ~~ control_pubsub: control_pubsub
1641259490.719 : tmgr.0000            : 4129095 : 140732899586416 : INFO     : started tmgr tmgr.0000
1641259496.765 : tmgr.0000            : 4129095 : 140732899586416 : DEBUG    : tmgr.0000 register output TMGR_SCHEDULING_PENDING:tmgr_scheduling_queue
1641259496.946 : tmgr.0000            : 4129095 : 140732899586416 : DEBUG    : tmgr.0000 register output TMGR_STAGING_OUTPUT_PENDING:tmgr_staging_output_queue
1641259497.070 : tmgr.0000            : 4129095 : 140732899586416 : DEBUG    : START: tmgr.0000 register idler tmgr.0000.idler._state_pull_cb
1641259497.080 : tmgr.0000            : 4129095 : 140734116000112 : DEBUG    : start idle thread: <bound method TaskManager._state_pull_cb of <radical.pilot.task_manager.TaskManager object at 0x7fff729c63d0>>
1641259497.085 : tmgr.0000            : 4129095 : 140732899586416 : DEBUG    : tmgr.0000 registered idler tmgr.0000.idler._state_pull_cb
1641259497.090 : tmgr.0000            : 4129095 : 140732899586416 : DEBUG    : START: tmgr.0000 register idler tmgr.0000.idler._task_pull_cb
1641259497.176 : tmgr.0000            : 4129095 : 140734359073136 : DEBUG    : start idle thread: <bound method TaskManager._task_pull_cb of <radical.pilot.task_manager.TaskManager object at 0x7fff729c63d0>>
1641259497.186 : tmgr.0000            : 4129095 : 140732899586416 : DEBUG    : tmgr.0000 registered idler tmgr.0000.idler._task_pull_cb
1641259497.222 : tmgr.0000            : 4129095 : 140732899586416 : INFO     : connect sub to state_pubsub: tcp://10.134.0.34:46263
1641259497.238 : tmgr.0000            : 4129095 : 140732899586416 : DEBUG    : ~~ state_pubsub: state_pubsub
1641259497.251 : tmgr.0000            : 4129095 : 140733310693744 : DEBUG    : command incoming: {'cmd': 'add_pilots', 'arg': {'pilots': [{'session': 're.session.login4.litan.018996.0001', 'pmgr': 'pmgr.0000', 'uid': 'pilot.0000', 'type': 'pilot', 'state': 'PMGR_ACTIVE', 'log': None, 'stdout': None, 'stderr': None, 'resource': 'ornl.summit', 'resource_sandbox': 'file://localhost/gpfs/alpine/scratch/litan/csc299/radical.pilot.sandbox', 'session_sandbox': 'file://localhost/gpfs/alpine/scratch/litan/csc299/radical.pilot.sandbox/re.session.login4.litan.018996.0001', 'pilot_sandbox': 'file://localhost/gpfs/alpine/scratch/litan/csc299/radical.pilot.sandbox/re.session.login4.litan.018996.0001/pilot.0000/', 'client_sandbox': '/gpfs/alpine/csc299/scratch/litan/DeepDriveMD/async/new/new/CANDLE/v3', 'js_url': 'lsf://localhost/', 'js_hop': 'fork://localhost/', 'description': {'uid': None, 'resource': 'ornl.summit', 'access_schema': None, 'runtime': 120, 'app_comm': [], 'sandbox': None, 'cores': 1344, 'gpus': 48, 'memory': 0, 'queue': 'batch', 'job_name': None, 'project': 'CSC299', 'cleanup': False, 'candidate_hosts': [], 'exit_on_error': True, 'input_staging': [], 'output_staging': [], 'prepare_env': {}, 'layout': 'default', 'services': []}}], 'tmgr': 'tmgr.0000'}}
1641259497.251 : tmgr.0000            : 4129095 : 140733310693744 : DEBUG    : command ignored: add_pilots
1641259497.443 : tmgr.0000            : 4129095 : 140732899586416 : DEBUG    : advance bulk: 1 [False, False]
1641259497.444 : tmgr.0000            : 4129095 : 140732899586416 : DEBUG    : advance bulk: 1 [False, False]
1641259497.446 : tmgr.0000            : 4129095 : 140732899586416 : DEBUG    : advance bulk: 1 [False, False]
1641259497.446 : tmgr.0000            : 4129095 : 140732899586416 : DEBUG    : advance bulk: 1 [False, False]
1641259497.447 : tmgr.0000            : 4129095 : 140732899586416 : DEBUG    : advance bulk: 1 [False, False]
1641259497.447 : tmgr.0000            : 4129095 : 140732899586416 : DEBUG    : advance bulk: 1 [False, False]
1641259497.448 : tmgr.0000            : 4129095 : 140732899586416 : DEBUG    : advance bulk: 1 [False, False]
1641259497.448 : tmgr.0000            : 4129095 : 140732899586416 : DEBUG    : advance bulk: 1 [False, False]
1641259497.449 : tmgr.0000            : 4129095 : 140732899586416 : DEBUG    : advance bulk: 1 [False, False]
1641259497.449 : tmgr.0000            : 4129095 : 140732899586416 : DEBUG    : advance bulk: 1 [False, False]
1641259497.450 : tmgr.0000            : 4129095 : 140732899586416 : DEBUG    : advance bulk: 1 [False, False]
1641259497.450 : tmgr.0000            : 4129095 : 140732899586416 : DEBUG    : advance bulk: 1 [False, False]
1641259497.451 : tmgr.0000            : 4129095 : 140732899586416 : DEBUG    : advance bulk: 1 [False, False]
1641259497.451 : tmgr.0000            : 4129095 : 140732899586416 : DEBUG    : advance bulk: 1 [False, False]
1641259497.452 : tmgr.0000            : 4129095 : 140732899586416 : DEBUG    : advance bulk: 1 [False, False]
1641259497.452 : tmgr.0000            : 4129095 : 140732899586416 : DEBUG    : advance bulk: 1 [False, False]
1641259497.453 : tmgr.0000            : 4129095 : 140732899586416 : DEBUG    : advance bulk: 1 [False, False]
1641259497.454 : tmgr.0000            : 4129095 : 140732899586416 : DEBUG    : advance bulk: 1 [False, False]
1641259497.454 : tmgr.0000            : 4129095 : 140732899586416 : DEBUG    : advance bulk: 1 [False, False]
1641259497.455 : tmgr.0000            : 4129095 : 140732899586416 : DEBUG    : advance bulk: 1 [False, False]
1641259497.455 : tmgr.0000            : 4129095 : 140732899586416 : DEBUG    : advance bulk: 1 [False, False]
1641259497.456 : tmgr.0000            : 4129095 : 140732899586416 : DEBUG    : advance bulk: 1 [False, False]
1641259497.456 : tmgr.0000            : 4129095 : 140732899586416 : DEBUG    : advance bulk: 1 [False, False]
1641259497.457 : tmgr.0000            : 4129095 : 140732899586416 : DEBUG    : advance bulk: 1 [False, False]
1641259497.457 : tmgr.0000            : 4129095 : 140732899586416 : DEBUG    : advance bulk: 1 [False, False]
1641259497.458 : tmgr.0000            : 4129095 : 140732899586416 : DEBUG    : advance bulk: 1 [False, False]
1641259497.458 : tmgr.0000            : 4129095 : 140732899586416 : DEBUG    : advance bulk: 1 [False, False]
1641259497.459 : tmgr.0000            : 4129095 : 140732899586416 : DEBUG    : advance bulk: 1 [False, False]
1641259497.459 : tmgr.0000            : 4129095 : 140732899586416 : DEBUG    : advance bulk: 1 [False, False]
1641259497.460 : tmgr.0000            : 4129095 : 140732899586416 : DEBUG    : advance bulk: 1 [False, False]
1641259497.460 : tmgr.0000            : 4129095 : 140732899586416 : DEBUG    : advance bulk: 1 [False, False]
1641259497.461 : tmgr.0000            : 4129095 : 140732899586416 : DEBUG    : advance bulk: 1 [False, False]
1641259497.461 : tmgr.0000            : 4129095 : 140732899586416 : DEBUG    : advance bulk: 1 [False, False]
1641259497.462 : tmgr.0000            : 4129095 : 140732899586416 : DEBUG    : advance bulk: 1 [False, False]
1641259497.462 : tmgr.0000            : 4129095 : 140732899586416 : DEBUG    : advance bulk: 1 [False, False]
1641259497.463 : tmgr.0000            : 4129095 : 140732899586416 : DEBUG    : advance bulk: 1 [False, False]
1641259497.464 : tmgr.0000            : 4129095 : 140732899586416 : DEBUG    : advance bulk: 1 [False, False]
1641259497.464 : tmgr.0000            : 4129095 : 140732899586416 : DEBUG    : advance bulk: 1 [False, False]
1641259497.465 : tmgr.0000            : 4129095 : 140732899586416 : DEBUG    : advance bulk: 1 [False, False]
1641259497.465 : tmgr.0000            : 4129095 : 140732899586416 : DEBUG    : advance bulk: 1 [False, False]
1641259497.466 : tmgr.0000            : 4129095 : 140732899586416 : DEBUG    : advance bulk: 1 [False, False]
1641259497.466 : tmgr.0000            : 4129095 : 140732899586416 : DEBUG    : advance bulk: 1 [False, False]
1641259497.467 : tmgr.0000            : 4129095 : 140732899586416 : DEBUG    : advance bulk: 1 [False, False]
1641259497.467 : tmgr.0000            : 4129095 : 140732899586416 : DEBUG    : advance bulk: 1 [False, False]
1641259497.468 : tmgr.0000            : 4129095 : 140732899586416 : DEBUG    : advance bulk: 1 [False, False]
1641259497.468 : tmgr.0000            : 4129095 : 140732899586416 : DEBUG    : advance bulk: 1 [False, False]
1641259497.469 : tmgr.0000            : 4129095 : 140732899586416 : DEBUG    : advance bulk: 1 [False, False]
1641259497.470 : tmgr.0000            : 4129095 : 140732899586416 : DEBUG    : advance bulk: 1 [False, False]
1641259497.470 : tmgr.0000            : 4129095 : 140732899586416 : DEBUG    : advance bulk: 1 [False, False]
1641259497.471 : tmgr.0000            : 4129095 : 140732899586416 : DEBUG    : advance bulk: 1 [False, False]
1641259497.471 : tmgr.0000            : 4129095 : 140732899586416 : DEBUG    : advance bulk: 1 [False, False]
1641259497.472 : tmgr.0000            : 4129095 : 140732899586416 : DEBUG    : advance bulk: 1 [False, False]
1641259497.473 : tmgr.0000            : 4129095 : 140732899586416 : DEBUG    : advance bulk: 1 [False, False]
1641259497.473 : tmgr.0000            : 4129095 : 140732899586416 : DEBUG    : advance bulk: 1 [False, False]
1641259497.474 : tmgr.0000            : 4129095 : 140732899586416 : DEBUG    : advance bulk: 1 [False, False]
1641259497.474 : tmgr.0000            : 4129095 : 140732899586416 : DEBUG    : advance bulk: 1 [False, False]
1641259497.475 : tmgr.0000            : 4129095 : 140732899586416 : DEBUG    : advance bulk: 1 [False, False]
1641259497.476 : tmgr.0000            : 4129095 : 140732899586416 : DEBUG    : advance bulk: 1 [False, False]
1641259497.477 : tmgr.0000            : 4129095 : 140732899586416 : DEBUG    : advance bulk: 1 [False, False]
1641259497.477 : tmgr.0000            : 4129095 : 140732899586416 : DEBUG    : advance bulk: 1 [False, False]
1641259497.478 : tmgr.0000            : 4129095 : 140732899586416 : DEBUG    : advance bulk: 1 [False, False]
1641259497.478 : tmgr.0000            : 4129095 : 140732899586416 : DEBUG    : advance bulk: 1 [False, False]
1641259497.479 : tmgr.0000            : 4129095 : 140732899586416 : DEBUG    : advance bulk: 1 [False, False]
1641259497.479 : tmgr.0000            : 4129095 : 140732899586416 : DEBUG    : advance bulk: 1 [False, False]
1641259497.480 : tmgr.0000            : 4129095 : 140732899586416 : DEBUG    : advance bulk: 1 [False, False]
1641259497.481 : tmgr.0000            : 4129095 : 140732899586416 : DEBUG    : advance bulk: 1 [False, False]
1641259497.481 : tmgr.0000            : 4129095 : 140732899586416 : DEBUG    : advance bulk: 1 [False, False]
1641259497.482 : tmgr.0000            : 4129095 : 140732899586416 : DEBUG    : advance bulk: 1 [False, False]
1641259497.482 : tmgr.0000            : 4129095 : 140732899586416 : DEBUG    : advance bulk: 1 [False, False]
1641259497.483 : tmgr.0000            : 4129095 : 140732899586416 : DEBUG    : advance bulk: 1 [False, False]
1641259497.483 : tmgr.0000            : 4129095 : 140732899586416 : DEBUG    : advance bulk: 1 [False, False]
1641259497.484 : tmgr.0000            : 4129095 : 140732899586416 : DEBUG    : advance bulk: 1 [False, False]
1641259497.484 : tmgr.0000            : 4129095 : 140732899586416 : DEBUG    : advance bulk: 1 [False, False]
1641259497.485 : tmgr.0000            : 4129095 : 140732899586416 : DEBUG    : advance bulk: 1 [False, False]
1641259497.485 : tmgr.0000            : 4129095 : 140732899586416 : DEBUG    : advance bulk: 1 [False, False]
1641259497.486 : tmgr.0000            : 4129095 : 140732899586416 : DEBUG    : advance bulk: 1 [False, False]
1641259497.486 : tmgr.0000            : 4129095 : 140732899586416 : DEBUG    : advance bulk: 1 [False, False]
1641259497.487 : tmgr.0000            : 4129095 : 140732899586416 : DEBUG    : advance bulk: 1 [False, False]
1641259497.487 : tmgr.0000            : 4129095 : 140732899586416 : DEBUG    : advance bulk: 1 [False, False]
1641259497.488 : tmgr.0000            : 4129095 : 140732899586416 : DEBUG    : advance bulk: 1 [False, False]
1641259497.488 : tmgr.0000            : 4129095 : 140732899586416 : DEBUG    : advance bulk: 1 [False, False]
1641259497.489 : tmgr.0000            : 4129095 : 140732899586416 : DEBUG    : advance bulk: 1 [False, False]
1641259497.489 : tmgr.0000            : 4129095 : 140732899586416 : DEBUG    : advance bulk: 1 [False, False]
1641259497.490 : tmgr.0000            : 4129095 : 140732899586416 : DEBUG    : advance bulk: 1 [False, False]
1641259497.490 : tmgr.0000            : 4129095 : 140732899586416 : DEBUG    : advance bulk: 1 [False, False]
1641259497.491 : tmgr.0000            : 4129095 : 140732899586416 : DEBUG    : advance bulk: 1 [False, False]
1641259497.491 : tmgr.0000            : 4129095 : 140732899586416 : DEBUG    : advance bulk: 1 [False, False]
1641259497.492 : tmgr.0000            : 4129095 : 140732899586416 : DEBUG    : advance bulk: 1 [False, False]
1641259497.493 : tmgr.0000            : 4129095 : 140732899586416 : DEBUG    : advance bulk: 1 [False, False]
1641259497.493 : tmgr.0000            : 4129095 : 140732899586416 : DEBUG    : advance bulk: 1 [False, False]
1641259497.494 : tmgr.0000            : 4129095 : 140732899586416 : DEBUG    : advance bulk: 1 [False, False]
1641259497.494 : tmgr.0000            : 4129095 : 140732899586416 : DEBUG    : advance bulk: 1 [False, False]
1641259497.495 : tmgr.0000            : 4129095 : 140732899586416 : DEBUG    : advance bulk: 1 [False, False]
1641259497.495 : tmgr.0000            : 4129095 : 140732899586416 : DEBUG    : advance bulk: 1 [False, False]
1641259497.496 : tmgr.0000            : 4129095 : 140732899586416 : DEBUG    : advance bulk: 1 [False, False]
1641259497.496 : tmgr.0000            : 4129095 : 140732899586416 : DEBUG    : advance bulk: 1 [False, False]
1641259497.521 : tmgr.0000            : 4129095 : 140732899586416 : DEBUG    : advance bulk: 96 [True, True]
1641259497.526 : tmgr.0000            : 4129095 : 140732899586416 : DEBUG    : put bulk TMGR_SCHEDULING_PENDING: 96
1641259528.469 : tmgr.0000            : 4129095 : 140734359073136 : INFO     : tasks pulled:    24
1641259528.472 : tmgr.0000            : 4129095 : 140734359073136 : INFO     : tasks pulled:   24
1641259528.473 : tmgr.0000            : 4129095 : 140734359073136 : DEBUG    : advance bulk: 24 [False, True]
1641259528.475 : tmgr.0000            : 4129095 : 140734359073136 : DEBUG    : advance bulk: 24 [False, True]
1641259530.040 : tmgr.0000            : 4129095 : 140732899586416 : DEBUG    : advance bulk: 1 [False, False]
1641259530.041 : tmgr.0000            : 4129095 : 140732899586416 : DEBUG    : advance bulk: 1 [False, False]
1641259530.042 : tmgr.0000            : 4129095 : 140732899586416 : DEBUG    : advance bulk: 1 [False, False]
1641259530.043 : tmgr.0000            : 4129095 : 140732899586416 : DEBUG    : advance bulk: 1 [False, False]
1641259530.046 : tmgr.0000            : 4129095 : 140732899586416 : DEBUG    : advance bulk: 4 [True, True]
1641259530.046 : tmgr.0000            : 4129095 : 140732899586416 : DEBUG    : put bulk TMGR_SCHEDULING_PENDING: 4
1641259538.536 : tmgr.0000            : 4129095 : 140734359073136 : INFO     : tasks pulled:    1
1641259538.537 : tmgr.0000            : 4129095 : 140734359073136 : INFO     : tasks pulled:    1
1641259538.537 : tmgr.0000            : 4129095 : 140734359073136 : DEBUG    : advance bulk: 1 [False, True]
1641259538.537 : tmgr.0000            : 4129095 : 140734359073136 : DEBUG    : advance bulk: 1 [False, True]
1641259539.456 : tmgr.0000            : 4129095 : 140732899586416 : DEBUG    : advance bulk: 1 [False, False]
1641259539.457 : tmgr.0000            : 4129095 : 140732899586416 : DEBUG    : advance bulk: 1 [False, False]
1641259539.458 : tmgr.0000            : 4129095 : 140732899586416 : DEBUG    : advance bulk: 1 [False, False]
1641259539.459 : tmgr.0000            : 4129095 : 140732899586416 : DEBUG    : advance bulk: 1 [False, False]
1641259539.459 : tmgr.0000            : 4129095 : 140732899586416 : DEBUG    : advance bulk: 1 [False, False]
1641259539.460 : tmgr.0000            : 4129095 : 140732899586416 : DEBUG    : advance bulk: 1 [False, False]
1641259539.464 : tmgr.0000            : 4129095 : 140732899586416 : DEBUG    : advance bulk: 6 [True, True]
1641259539.464 : tmgr.0000            : 4129095 : 140732899586416 : DEBUG    : put bulk TMGR_SCHEDULING_PENDING: 6
1641259543.571 : tmgr.0000            : 4129095 : 140734359073136 : INFO     : tasks pulled:    1
1641259543.573 : tmgr.0000            : 4129095 : 140734359073136 : INFO     : tasks pulled:    1
1641259543.573 : tmgr.0000            : 4129095 : 140734359073136 : DEBUG    : advance bulk: 1 [False, True]
1641259543.573 : tmgr.0000            : 4129095 : 140734359073136 : DEBUG    : advance bulk: 1 [False, True]
1641259545.776 : tmgr.0000            : 4129095 : 140732899586416 : DEBUG    : advance bulk: 1 [False, False]
1641259545.777 : tmgr.0000            : 4129095 : 140732899586416 : DEBUG    : advance bulk: 1 [False, False]
1641259545.777 : tmgr.0000            : 4129095 : 140732899586416 : DEBUG    : advance bulk: 1 [False, False]
1641259545.778 : tmgr.0000            : 4129095 : 140732899586416 : DEBUG    : advance bulk: 1 [False, False]
1641259545.779 : tmgr.0000            : 4129095 : 140732899586416 : DEBUG    : advance bulk: 1 [False, False]
1641259545.780 : tmgr.0000            : 4129095 : 140732899586416 : DEBUG    : advance bulk: 1 [False, False]
1641259545.783 : tmgr.0000            : 4129095 : 140732899586416 : DEBUG    : advance bulk: 6 [True, True]
1641259545.783 : tmgr.0000            : 4129095 : 140732899586416 : DEBUG    : put bulk TMGR_SCHEDULING_PENDING: 6
1641259549.612 : tmgr.0000            : 4129095 : 140734359073136 : INFO     : tasks pulled:    1
1641259549.614 : tmgr.0000            : 4129095 : 140734359073136 : INFO     : tasks pulled:    1
1641259549.614 : tmgr.0000            : 4129095 : 140734359073136 : DEBUG    : advance bulk: 1 [False, True]
1641259549.614 : tmgr.0000            : 4129095 : 140734359073136 : DEBUG    : advance bulk: 1 [False, True]
1641259552.176 : tmgr.0000            : 4129095 : 140732899586416 : DEBUG    : advance bulk: 1 [False, False]
1641259552.177 : tmgr.0000            : 4129095 : 140732899586416 : DEBUG    : advance bulk: 1 [False, False]
1641259552.178 : tmgr.0000            : 4129095 : 140732899586416 : DEBUG    : advance bulk: 1 [False, False]
1641259552.179 : tmgr.0000            : 4129095 : 140732899586416 : DEBUG    : advance bulk: 1 [False, False]
1641259552.179 : tmgr.0000            : 4129095 : 140732899586416 : DEBUG    : advance bulk: 1 [False, False]
1641259552.180 : tmgr.0000            : 4129095 : 140732899586416 : DEBUG    : advance bulk: 1 [False, False]
1641259552.184 : tmgr.0000            : 4129095 : 140732899586416 : DEBUG    : advance bulk: 6 [True, True]
1641259552.184 : tmgr.0000            : 4129095 : 140732899586416 : DEBUG    : put bulk TMGR_SCHEDULING_PENDING: 6
1641259553.659 : tmgr.0000            : 4129095 : 140734359073136 : INFO     : tasks pulled:    19
1641259553.661 : tmgr.0000            : 4129095 : 140734359073136 : INFO     : tasks pulled:   19
1641259553.662 : tmgr.0000            : 4129095 : 140734359073136 : DEBUG    : advance bulk: 19 [False, True]
1641259553.663 : tmgr.0000            : 4129095 : 140734359073136 : DEBUG    : advance bulk: 19 [False, True]
1641259554.674 : tmgr.0000            : 4129095 : 140734359073136 : INFO     : tasks pulled:    12
1641259554.675 : tmgr.0000            : 4129095 : 140734359073136 : INFO     : tasks pulled:   12
1641259554.676 : tmgr.0000            : 4129095 : 140734359073136 : DEBUG    : advance bulk: 12 [False, True]
1641259554.677 : tmgr.0000            : 4129095 : 140734359073136 : DEBUG    : advance bulk: 12 [False, True]
1641259555.482 : tmgr.0000            : 4129095 : 140732899586416 : DEBUG    : advance bulk: 1 [False, False]
1641259555.483 : tmgr.0000            : 4129095 : 140732899586416 : DEBUG    : advance bulk: 1 [False, False]
1641259555.484 : tmgr.0000            : 4129095 : 140732899586416 : DEBUG    : advance bulk: 1 [False, False]
1641259555.485 : tmgr.0000            : 4129095 : 140732899586416 : DEBUG    : advance bulk: 1 [False, False]
1641259555.489 : tmgr.0000            : 4129095 : 140732899586416 : DEBUG    : advance bulk: 4 [True, True]
1641259555.489 : tmgr.0000            : 4129095 : 140732899586416 : DEBUG    : put bulk TMGR_SCHEDULING_PENDING: 4
1641259555.682 : tmgr.0000            : 4129095 : 140734359073136 : INFO     : tasks pulled:    4
1641259555.684 : tmgr.0000            : 4129095 : 140734359073136 : INFO     : tasks pulled:    4
1641259555.684 : tmgr.0000            : 4129095 : 140734359073136 : DEBUG    : advance bulk: 4 [False, True]
1641259555.684 : tmgr.0000            : 4129095 : 140734359073136 : DEBUG    : advance bulk: 4 [False, True]
1641259556.698 : tmgr.0000            : 4129095 : 140734359073136 : INFO     : tasks pulled:    9
1641259556.699 : tmgr.0000            : 4129095 : 140734359073136 : INFO     : tasks pulled:    9
1641259556.700 : tmgr.0000            : 4129095 : 140734359073136 : DEBUG    : advance bulk: 9 [False, True]
1641259556.701 : tmgr.0000            : 4129095 : 140734359073136 : DEBUG    : advance bulk: 9 [False, True]
1641259558.696 : tmgr.0000            : 4129095 : 140732899586416 : DEBUG    : advance bulk: 1 [False, False]
1641259558.697 : tmgr.0000            : 4129095 : 140732899586416 : DEBUG    : advance bulk: 1 [False, False]
1641259558.698 : tmgr.0000            : 4129095 : 140732899586416 : DEBUG    : advance bulk: 1 [False, False]
1641259558.699 : tmgr.0000            : 4129095 : 140732899586416 : DEBUG    : advance bulk: 1 [False, False]
1641259558.699 : tmgr.0000            : 4129095 : 140732899586416 : DEBUG    : advance bulk: 1 [False, False]
1641259558.700 : tmgr.0000            : 4129095 : 140732899586416 : DEBUG    : advance bulk: 1 [False, False]
1641259558.704 : tmgr.0000            : 4129095 : 140732899586416 : DEBUG    : advance bulk: 6 [True, True]
1641259558.704 : tmgr.0000            : 4129095 : 140732899586416 : DEBUG    : put bulk TMGR_SCHEDULING_PENDING: 6
1641259559.727 : tmgr.0000            : 4129095 : 140734359073136 : INFO     : tasks pulled:    2
1641259559.729 : tmgr.0000            : 4129095 : 140734359073136 : INFO     : tasks pulled:    2
1641259559.729 : tmgr.0000            : 4129095 : 140734359073136 : DEBUG    : advance bulk: 2 [False, True]
1641259559.729 : tmgr.0000            : 4129095 : 140734359073136 : DEBUG    : advance bulk: 2 [False, True]
1641259560.736 : tmgr.0000            : 4129095 : 140734359073136 : INFO     : tasks pulled:    4
1641259560.737 : tmgr.0000            : 4129095 : 140734359073136 : INFO     : tasks pulled:    4
1641259560.738 : tmgr.0000            : 4129095 : 140734359073136 : DEBUG    : advance bulk: 4 [False, True]
1641259560.738 : tmgr.0000            : 4129095 : 140734359073136 : DEBUG    : advance bulk: 4 [False, True]
1641259564.770 : tmgr.0000            : 4129095 : 140734359073136 : INFO     : tasks pulled:    1
1641259564.772 : tmgr.0000            : 4129095 : 140734359073136 : INFO     : tasks pulled:    1
1641259564.772 : tmgr.0000            : 4129095 : 140734359073136 : DEBUG    : advance bulk: 1 [False, True]
1641259564.772 : tmgr.0000            : 4129095 : 140734359073136 : DEBUG    : advance bulk: 1 [False, True]
1641259568.045 : tmgr.0000            : 4129095 : 140732899586416 : DEBUG    : advance bulk: 1 [False, False]
1641259568.046 : tmgr.0000            : 4129095 : 140732899586416 : DEBUG    : advance bulk: 1 [False, False]
1641259568.047 : tmgr.0000            : 4129095 : 140732899586416 : DEBUG    : advance bulk: 1 [False, False]
1641259568.048 : tmgr.0000            : 4129095 : 140732899586416 : DEBUG    : advance bulk: 1 [False, False]
1641259568.049 : tmgr.0000            : 4129095 : 140732899586416 : DEBUG    : advance bulk: 1 [False, False]
1641259568.050 : tmgr.0000            : 4129095 : 140732899586416 : DEBUG    : advance bulk: 1 [False, False]
1641259568.054 : tmgr.0000            : 4129095 : 140732899586416 : DEBUG    : advance bulk: 6 [True, True]
1641259568.054 : tmgr.0000            : 4129095 : 140732899586416 : DEBUG    : put bulk TMGR_SCHEDULING_PENDING: 6
1641259569.804 : tmgr.0000            : 4129095 : 140734359073136 : INFO     : tasks pulled:    1
1641259569.805 : tmgr.0000            : 4129095 : 140734359073136 : INFO     : tasks pulled:    1
1641259569.806 : tmgr.0000            : 4129095 : 140734359073136 : DEBUG    : advance bulk: 1 [False, True]
1641259569.806 : tmgr.0000            : 4129095 : 140734359073136 : DEBUG    : advance bulk: 1 [False, True]
1641259571.294 : tmgr.0000            : 4129095 : 140732899586416 : DEBUG    : advance bulk: 1 [False, False]
1641259571.295 : tmgr.0000            : 4129095 : 140732899586416 : DEBUG    : advance bulk: 1 [False, False]
1641259571.296 : tmgr.0000            : 4129095 : 140732899586416 : DEBUG    : advance bulk: 1 [False, False]
1641259571.297 : tmgr.0000            : 4129095 : 140732899586416 : DEBUG    : advance bulk: 1 [False, False]
1641259571.298 : tmgr.0000            : 4129095 : 140732899586416 : DEBUG    : advance bulk: 1 [False, False]
1641259571.298 : tmgr.0000            : 4129095 : 140732899586416 : DEBUG    : advance bulk: 1 [False, False]
1641259571.302 : tmgr.0000            : 4129095 : 140732899586416 : DEBUG    : advance bulk: 6 [True, True]
1641259571.302 : tmgr.0000            : 4129095 : 140732899586416 : DEBUG    : put bulk TMGR_SCHEDULING_PENDING: 6
1641259574.848 : tmgr.0000            : 4129095 : 140734359073136 : INFO     : tasks pulled:    1
1641259574.850 : tmgr.0000            : 4129095 : 140734359073136 : INFO     : tasks pulled:    1
1641259574.850 : tmgr.0000            : 4129095 : 140734359073136 : DEBUG    : advance bulk: 1 [False, True]
1641259574.850 : tmgr.0000            : 4129095 : 140734359073136 : DEBUG    : advance bulk: 1 [False, True]
1641259577.470 : tmgr.0000            : 4129095 : 140732899586416 : DEBUG    : advance bulk: 1 [False, False]
1641259577.471 : tmgr.0000            : 4129095 : 140732899586416 : DEBUG    : advance bulk: 1 [False, False]
1641259577.472 : tmgr.0000            : 4129095 : 140732899586416 : DEBUG    : advance bulk: 1 [False, False]
1641259577.473 : tmgr.0000            : 4129095 : 140732899586416 : DEBUG    : advance bulk: 1 [False, False]
1641259577.474 : tmgr.0000            : 4129095 : 140732899586416 : DEBUG    : advance bulk: 1 [False, False]
1641259577.474 : tmgr.0000            : 4129095 : 140732899586416 : DEBUG    : advance bulk: 1 [False, False]
1641259577.478 : tmgr.0000            : 4129095 : 140732899586416 : DEBUG    : advance bulk: 6 [True, True]
1641259577.478 : tmgr.0000            : 4129095 : 140732899586416 : DEBUG    : put bulk TMGR_SCHEDULING_PENDING: 6
1641259578.904 : tmgr.0000            : 4129095 : 140734359073136 : INFO     : tasks pulled:    34
1641259578.907 : tmgr.0000            : 4129095 : 140734359073136 : INFO     : tasks pulled:   34
1641259578.909 : tmgr.0000            : 4129095 : 140734359073136 : DEBUG    : advance bulk: 34 [False, True]
1641259578.910 : tmgr.0000            : 4129095 : 140734359073136 : DEBUG    : advance bulk: 34 [False, True]
1641259579.917 : tmgr.0000            : 4129095 : 140734359073136 : INFO     : tasks pulled:    3
1641259579.919 : tmgr.0000            : 4129095 : 140734359073136 : INFO     : tasks pulled:    3
1641259579.919 : tmgr.0000            : 4129095 : 140734359073136 : DEBUG    : advance bulk: 3 [False, True]
1641259579.920 : tmgr.0000            : 4129095 : 140734359073136 : DEBUG    : advance bulk: 3 [False, True]
1641259580.928 : tmgr.0000            : 4129095 : 140734359073136 : INFO     : tasks pulled:    7
1641259580.929 : tmgr.0000            : 4129095 : 140734359073136 : INFO     : tasks pulled:    7
1641259580.930 : tmgr.0000            : 4129095 : 140734359073136 : DEBUG    : advance bulk: 7 [False, True]
1641259580.931 : tmgr.0000            : 4129095 : 140734359073136 : DEBUG    : advance bulk: 7 [False, True]
1641259581.936 : tmgr.0000            : 4129095 : 140734359073136 : INFO     : tasks pulled:    9
1641259581.937 : tmgr.0000            : 4129095 : 140734359073136 : INFO     : tasks pulled:    9
1641259581.938 : tmgr.0000            : 4129095 : 140734359073136 : DEBUG    : advance bulk: 9 [False, True]
1641259581.939 : tmgr.0000            : 4129095 : 140734359073136 : DEBUG    : advance bulk: 9 [False, True]
1641259583.865 : tmgr.0000            : 4129095 : 140732899586416 : DEBUG    : advance bulk: 1 [False, False]
1641259583.866 : tmgr.0000            : 4129095 : 140732899586416 : DEBUG    : advance bulk: 1 [False, False]
1641259583.866 : tmgr.0000            : 4129095 : 140732899586416 : DEBUG    : advance bulk: 1 [False, False]
1641259583.867 : tmgr.0000            : 4129095 : 140732899586416 : DEBUG    : advance bulk: 1 [False, False]
1641259583.868 : tmgr.0000            : 4129095 : 140732899586416 : DEBUG    : advance bulk: 1 [False, False]
1641259583.868 : tmgr.0000            : 4129095 : 140732899586416 : DEBUG    : advance bulk: 1 [False, False]
1641259583.869 : tmgr.0000            : 4129095 : 140732899586416 : DEBUG    : advance bulk: 1 [False, False]
1641259583.870 : tmgr.0000            : 4129095 : 140732899586416 : DEBUG    : advance bulk: 1 [False, False]
1641259583.870 : tmgr.0000            : 4129095 : 140732899586416 : DEBUG    : advance bulk: 1 [False, False]
1641259583.871 : tmgr.0000            : 4129095 : 140732899586416 : DEBUG    : advance bulk: 1 [False, False]
1641259583.871 : tmgr.0000            : 4129095 : 140732899586416 : DEBUG    : advance bulk: 1 [False, False]
1641259583.872 : tmgr.0000            : 4129095 : 140732899586416 : DEBUG    : advance bulk: 1 [False, False]
1641259583.877 : tmgr.0000            : 4129095 : 140732899586416 : DEBUG    : advance bulk: 12 [True, True]
1641259583.877 : tmgr.0000            : 4129095 : 140732899586416 : DEBUG    : put bulk TMGR_SCHEDULING_PENDING: 12
1641259584.952 : tmgr.0000            : 4129095 : 140734359073136 : INFO     : tasks pulled:    6
1641259584.953 : tmgr.0000            : 4129095 : 140734359073136 : INFO     : tasks pulled:    6
1641259584.954 : tmgr.0000            : 4129095 : 140734359073136 : DEBUG    : advance bulk: 6 [False, True]
1641259584.954 : tmgr.0000            : 4129095 : 140734359073136 : DEBUG    : advance bulk: 6 [False, True]
1641259587.389 : tmgr.0000            : 4129095 : 140732899586416 : DEBUG    : advance bulk: 1 [False, False]
1641259587.393 : tmgr.0000            : 4129095 : 140732899586416 : DEBUG    : advance bulk: 1 [True, True]
1641259587.393 : tmgr.0000            : 4129095 : 140732899586416 : DEBUG    : put bulk TMGR_SCHEDULING_PENDING: 1
1641259589.987 : tmgr.0000            : 4129095 : 140734359073136 : INFO     : tasks pulled:    6
1641259589.989 : tmgr.0000            : 4129095 : 140734359073136 : INFO     : tasks pulled:    6
1641259589.989 : tmgr.0000            : 4129095 : 140734359073136 : DEBUG    : advance bulk: 6 [False, True]
1641259589.990 : tmgr.0000            : 4129095 : 140734359073136 : DEBUG    : advance bulk: 6 [False, True]
1641259590.532 : tmgr.0000            : 4129095 : 140732899586416 : DEBUG    : advance bulk: 1 [False, False]
1641259590.535 : tmgr.0000            : 4129095 : 140732899586416 : DEBUG    : advance bulk: 1 [True, True]
1641259590.536 : tmgr.0000            : 4129095 : 140732899586416 : DEBUG    : put bulk TMGR_SCHEDULING_PENDING: 1
1641259593.002 : tmgr.0000            : 4129095 : 140734359073136 : INFO     : tasks pulled:    3
1641259593.004 : tmgr.0000            : 4129095 : 140734359073136 : INFO     : tasks pulled:    3
1641259593.004 : tmgr.0000            : 4129095 : 140734359073136 : DEBUG    : advance bulk: 3 [False, True]
1641259593.005 : tmgr.0000            : 4129095 : 140734359073136 : DEBUG    : advance bulk: 3 [False, True]
1641259593.824 : tmgr.0000            : 4129095 : 140732899586416 : DEBUG    : advance bulk: 1 [False, False]
1641259593.825 : tmgr.0000            : 4129095 : 140732899586416 : DEBUG    : advance bulk: 1 [False, False]
1641259593.826 : tmgr.0000            : 4129095 : 140732899586416 : DEBUG    : advance bulk: 1 [False, False]
1641259593.827 : tmgr.0000            : 4129095 : 140732899586416 : DEBUG    : advance bulk: 1 [False, False]
1641259593.828 : tmgr.0000            : 4129095 : 140732899586416 : DEBUG    : advance bulk: 1 [False, False]
1641259593.829 : tmgr.0000            : 4129095 : 140732899586416 : DEBUG    : advance bulk: 1 [False, False]
1641259593.832 : tmgr.0000            : 4129095 : 140732899586416 : DEBUG    : advance bulk: 6 [True, True]
1641259593.833 : tmgr.0000            : 4129095 : 140732899586416 : DEBUG    : put bulk TMGR_SCHEDULING_PENDING: 6
1641259598.030 : tmgr.0000            : 4129095 : 140734359073136 : INFO     : tasks pulled:    1
1641259598.031 : tmgr.0000            : 4129095 : 140734359073136 : INFO     : tasks pulled:    1
1641259598.032 : tmgr.0000            : 4129095 : 140734359073136 : DEBUG    : advance bulk: 1 [False, True]
1641259598.032 : tmgr.0000            : 4129095 : 140734359073136 : DEBUG    : advance bulk: 1 [False, True]
1641259600.157 : tmgr.0000            : 4129095 : 140732899586416 : DEBUG    : advance bulk: 1 [False, False]
1641259600.158 : tmgr.0000            : 4129095 : 140732899586416 : DEBUG    : advance bulk: 1 [False, False]
1641259600.159 : tmgr.0000            : 4129095 : 140732899586416 : DEBUG    : advance bulk: 1 [False, False]
1641259600.159 : tmgr.0000            : 4129095 : 140732899586416 : DEBUG    : advance bulk: 1 [False, False]
1641259600.160 : tmgr.0000            : 4129095 : 140732899586416 : DEBUG    : advance bulk: 1 [False, False]
1641259600.161 : tmgr.0000            : 4129095 : 140732899586416 : DEBUG    : advance bulk: 1 [False, False]
1641259600.164 : tmgr.0000            : 4129095 : 140732899586416 : DEBUG    : advance bulk: 6 [True, True]
1641259600.165 : tmgr.0000            : 4129095 : 140732899586416 : DEBUG    : put bulk TMGR_SCHEDULING_PENDING: 6
1641259603.061 : tmgr.0000            : 4129095 : 140734359073136 : INFO     : tasks pulled:    3
1641259603.062 : tmgr.0000            : 4129095 : 140734359073136 : INFO     : tasks pulled:    3
1641259603.063 : tmgr.0000            : 4129095 : 140734359073136 : DEBUG    : advance bulk: 3 [False, True]
1641259603.063 : tmgr.0000            : 4129095 : 140734359073136 : DEBUG    : advance bulk: 3 [False, True]
1641259603.376 : tmgr.0000            : 4129095 : 140732899586416 : DEBUG    : advance bulk: 1 [False, False]
1641259603.377 : tmgr.0000            : 4129095 : 140732899586416 : DEBUG    : advance bulk: 1 [False, False]
1641259603.380 : tmgr.0000            : 4129095 : 140732899586416 : DEBUG    : advance bulk: 2 [True, True]
1641259603.381 : tmgr.0000            : 4129095 : 140732899586416 : DEBUG    : put bulk TMGR_SCHEDULING_PENDING: 2
1641259605.072 : tmgr.0000            : 4129095 : 140734359073136 : INFO     : tasks pulled:    4
1641259605.073 : tmgr.0000            : 4129095 : 140734359073136 : INFO     : tasks pulled:    4
1641259605.074 : tmgr.0000            : 4129095 : 140734359073136 : DEBUG    : advance bulk: 4 [False, True]
1641259605.074 : tmgr.0000            : 4129095 : 140734359073136 : DEBUG    : advance bulk: 4 [False, True]
1641259606.082 : tmgr.0000            : 4129095 : 140734359073136 : INFO     : tasks pulled:    1
1641259606.083 : tmgr.0000            : 4129095 : 140734359073136 : INFO     : tasks pulled:    1
1641259606.083 : tmgr.0000            : 4129095 : 140734359073136 : DEBUG    : advance bulk: 1 [False, True]
1641259606.084 : tmgr.0000            : 4129095 : 140734359073136 : DEBUG    : advance bulk: 1 [False, True]
1641259606.843 : tmgr.0000            : 4129095 : 140732899586416 : DEBUG    : advance bulk: 1 [False, False]
1641259606.844 : tmgr.0000            : 4129095 : 140732899586416 : DEBUG    : advance bulk: 1 [False, False]
1641259606.844 : tmgr.0000            : 4129095 : 140732899586416 : DEBUG    : advance bulk: 1 [False, False]
1641259606.845 : tmgr.0000            : 4129095 : 140732899586416 : DEBUG    : advance bulk: 1 [False, False]
1641259606.845 : tmgr.0000            : 4129095 : 140732899586416 : DEBUG    : advance bulk: 1 [False, False]
1641259606.846 : tmgr.0000            : 4129095 : 140732899586416 : DEBUG    : advance bulk: 1 [False, False]
1641259606.846 : tmgr.0000            : 4129095 : 140732899586416 : DEBUG    : advance bulk: 1 [False, False]
1641259606.847 : tmgr.0000            : 4129095 : 140732899586416 : DEBUG    : advance bulk: 1 [False, False]
1641259606.851 : tmgr.0000            : 4129095 : 140732899586416 : DEBUG    : advance bulk: 8 [True, True]
1641259606.851 : tmgr.0000            : 4129095 : 140732899586416 : DEBUG    : put bulk TMGR_SCHEDULING_PENDING: 8
1641259611.114 : tmgr.0000            : 4129095 : 140734359073136 : INFO     : tasks pulled:    3
1641259611.115 : tmgr.0000            : 4129095 : 140734359073136 : INFO     : tasks pulled:    3
1641259611.116 : tmgr.0000            : 4129095 : 140734359073136 : DEBUG    : advance bulk: 3 [False, True]
1641259611.116 : tmgr.0000            : 4129095 : 140734359073136 : DEBUG    : advance bulk: 3 [False, True]
1641259613.185 : tmgr.0000            : 4129095 : 140732899586416 : DEBUG    : advance bulk: 1 [False, False]
1641259613.186 : tmgr.0000            : 4129095 : 140732899586416 : DEBUG    : advance bulk: 1 [False, False]
1641259613.187 : tmgr.0000            : 4129095 : 140732899586416 : DEBUG    : advance bulk: 1 [False, False]
1641259613.188 : tmgr.0000            : 4129095 : 140732899586416 : DEBUG    : advance bulk: 1 [False, False]
1641259613.189 : tmgr.0000            : 4129095 : 140732899586416 : DEBUG    : advance bulk: 1 [False, False]
1641259613.190 : tmgr.0000            : 4129095 : 140732899586416 : DEBUG    : advance bulk: 1 [False, False]
1641259613.193 : tmgr.0000            : 4129095 : 140732899586416 : DEBUG    : advance bulk: 6 [True, True]
1641259613.194 : tmgr.0000            : 4129095 : 140732899586416 : DEBUG    : put bulk TMGR_SCHEDULING_PENDING: 6
1641259615.135 : tmgr.0000            : 4129095 : 140734359073136 : INFO     : tasks pulled:    1
1641259615.136 : tmgr.0000            : 4129095 : 140734359073136 : INFO     : tasks pulled:    1
1641259615.137 : tmgr.0000            : 4129095 : 140734359073136 : DEBUG    : advance bulk: 1 [False, True]
1641259615.137 : tmgr.0000            : 4129095 : 140734359073136 : DEBUG    : advance bulk: 1 [False, True]
1641259618.157 : tmgr.0000            : 4129095 : 140734359073136 : INFO     : tasks pulled:    2
1641259618.159 : tmgr.0000            : 4129095 : 140734359073136 : INFO     : tasks pulled:    2
1641259618.159 : tmgr.0000            : 4129095 : 140734359073136 : DEBUG    : advance bulk: 2 [False, True]
1641259618.160 : tmgr.0000            : 4129095 : 140734359073136 : DEBUG    : advance bulk: 2 [False, True]
1641259621.177 : tmgr.0000            : 4129095 : 140734359073136 : INFO     : tasks pulled:    9
1641259621.179 : tmgr.0000            : 4129095 : 140734359073136 : INFO     : tasks pulled:    9
1641259621.180 : tmgr.0000            : 4129095 : 140734359073136 : DEBUG    : advance bulk: 9 [False, True]
1641259621.180 : tmgr.0000            : 4129095 : 140734359073136 : DEBUG    : advance bulk: 9 [False, True]
1641259622.185 : tmgr.0000            : 4129095 : 140734359073136 : INFO     : tasks pulled:    1
1641259622.187 : tmgr.0000            : 4129095 : 140734359073136 : INFO     : tasks pulled:    1
1641259622.187 : tmgr.0000            : 4129095 : 140734359073136 : DEBUG    : advance bulk: 1 [False, True]
1641259622.187 : tmgr.0000            : 4129095 : 140734359073136 : DEBUG    : advance bulk: 1 [False, True]
1641259622.404 : tmgr.0000            : 4129095 : 140732899586416 : DEBUG    : advance bulk: 1 [False, False]
1641259622.405 : tmgr.0000            : 4129095 : 140732899586416 : DEBUG    : advance bulk: 1 [False, False]
1641259622.405 : tmgr.0000            : 4129095 : 140732899586416 : DEBUG    : advance bulk: 1 [False, False]
1641259622.406 : tmgr.0000            : 4129095 : 140732899586416 : DEBUG    : advance bulk: 1 [False, False]
1641259622.407 : tmgr.0000            : 4129095 : 140732899586416 : DEBUG    : advance bulk: 1 [False, False]
1641259622.408 : tmgr.0000            : 4129095 : 140732899586416 : DEBUG    : advance bulk: 1 [False, False]
1641259622.411 : tmgr.0000            : 4129095 : 140732899586416 : DEBUG    : advance bulk: 6 [True, True]
1641259622.412 : tmgr.0000            : 4129095 : 140732899586416 : DEBUG    : put bulk TMGR_SCHEDULING_PENDING: 6
1641259629.220 : tmgr.0000            : 4129095 : 140734359073136 : INFO     : tasks pulled:    1
1641259629.221 : tmgr.0000            : 4129095 : 140734359073136 : INFO     : tasks pulled:    1
1641259629.221 : tmgr.0000            : 4129095 : 140734359073136 : DEBUG    : advance bulk: 1 [False, True]
1641259629.222 : tmgr.0000            : 4129095 : 140734359073136 : DEBUG    : advance bulk: 1 [False, True]
1641259631.835 : tmgr.0000            : 4129095 : 140732899586416 : DEBUG    : advance bulk: 1 [False, False]
1641259631.836 : tmgr.0000            : 4129095 : 140732899586416 : DEBUG    : advance bulk: 1 [False, False]
1641259631.837 : tmgr.0000            : 4129095 : 140732899586416 : DEBUG    : advance bulk: 1 [False, False]
1641259631.838 : tmgr.0000            : 4129095 : 140732899586416 : DEBUG    : advance bulk: 1 [False, False]
1641259631.839 : tmgr.0000            : 4129095 : 140732899586416 : DEBUG    : advance bulk: 1 [False, False]
1641259631.839 : tmgr.0000            : 4129095 : 140732899586416 : DEBUG    : advance bulk: 1 [False, False]
1641259631.843 : tmgr.0000            : 4129095 : 140732899586416 : DEBUG    : advance bulk: 6 [True, True]
1641259631.843 : tmgr.0000            : 4129095 : 140732899586416 : DEBUG    : put bulk TMGR_SCHEDULING_PENDING: 6
1641259635.256 : tmgr.0000            : 4129095 : 140734359073136 : INFO     : tasks pulled:    1
1641259635.258 : tmgr.0000            : 4129095 : 140734359073136 : INFO     : tasks pulled:    1
1641259635.258 : tmgr.0000            : 4129095 : 140734359073136 : DEBUG    : advance bulk: 1 [False, True]
1641259635.258 : tmgr.0000            : 4129095 : 140734359073136 : DEBUG    : advance bulk: 1 [False, True]
1641259638.023 : tmgr.0000            : 4129095 : 140732899586416 : DEBUG    : advance bulk: 1 [False, False]
1641259638.023 : tmgr.0000            : 4129095 : 140732899586416 : DEBUG    : advance bulk: 1 [False, False]
1641259638.024 : tmgr.0000            : 4129095 : 140732899586416 : DEBUG    : advance bulk: 1 [False, False]
1641259638.025 : tmgr.0000            : 4129095 : 140732899586416 : DEBUG    : advance bulk: 1 [False, False]
1641259638.026 : tmgr.0000            : 4129095 : 140732899586416 : DEBUG    : advance bulk: 1 [False, False]
1641259638.026 : tmgr.0000            : 4129095 : 140732899586416 : DEBUG    : advance bulk: 1 [False, False]
1641259638.030 : tmgr.0000            : 4129095 : 140732899586416 : DEBUG    : advance bulk: 6 [True, True]
1641259638.030 : tmgr.0000            : 4129095 : 140732899586416 : DEBUG    : put bulk TMGR_SCHEDULING_PENDING: 6
1641259639.277 : tmgr.0000            : 4129095 : 140734359073136 : INFO     : tasks pulled:    1
1641259639.278 : tmgr.0000            : 4129095 : 140734359073136 : INFO     : tasks pulled:    1
1641259639.278 : tmgr.0000            : 4129095 : 140734359073136 : DEBUG    : advance bulk: 1 [False, True]
1641259639.279 : tmgr.0000            : 4129095 : 140734359073136 : DEBUG    : advance bulk: 1 [False, True]
1641259642.298 : tmgr.0000            : 4129095 : 140734359073136 : INFO     : tasks pulled:    1
1641259642.300 : tmgr.0000            : 4129095 : 140734359073136 : INFO     : tasks pulled:    1
1641259642.300 : tmgr.0000            : 4129095 : 140734359073136 : DEBUG    : advance bulk: 1 [False, True]
1641259642.300 : tmgr.0000            : 4129095 : 140734359073136 : DEBUG    : advance bulk: 1 [False, True]
1641259645.315 : tmgr.0000            : 4129095 : 140734359073136 : INFO     : tasks pulled:    4
1641259645.317 : tmgr.0000            : 4129095 : 140734359073136 : INFO     : tasks pulled:    4
1641259645.317 : tmgr.0000            : 4129095 : 140734359073136 : DEBUG    : advance bulk: 4 [False, True]
1641259645.318 : tmgr.0000            : 4129095 : 140734359073136 : DEBUG    : advance bulk: 4 [False, True]
1641259646.322 : tmgr.0000            : 4129095 : 140734359073136 : INFO     : tasks pulled:    1
1641259646.323 : tmgr.0000            : 4129095 : 140734359073136 : INFO     : tasks pulled:    1
1641259646.324 : tmgr.0000            : 4129095 : 140734359073136 : DEBUG    : advance bulk: 1 [False, True]
1641259646.324 : tmgr.0000            : 4129095 : 140734359073136 : DEBUG    : advance bulk: 1 [False, True]
1641259647.272 : tmgr.0000            : 4129095 : 140732899586416 : DEBUG    : advance bulk: 1 [False, False]
1641259647.273 : tmgr.0000            : 4129095 : 140732899586416 : DEBUG    : advance bulk: 1 [False, False]
1641259647.274 : tmgr.0000            : 4129095 : 140732899586416 : DEBUG    : advance bulk: 1 [False, False]
1641259647.275 : tmgr.0000            : 4129095 : 140732899586416 : DEBUG    : advance bulk: 1 [False, False]
1641259647.276 : tmgr.0000            : 4129095 : 140732899586416 : DEBUG    : advance bulk: 1 [False, False]
1641259647.276 : tmgr.0000            : 4129095 : 140732899586416 : DEBUG    : advance bulk: 1 [False, False]
1641259647.280 : tmgr.0000            : 4129095 : 140732899586416 : DEBUG    : advance bulk: 6 [True, True]
1641259647.281 : tmgr.0000            : 4129095 : 140732899586416 : DEBUG    : put bulk TMGR_SCHEDULING_PENDING: 6
1641259650.342 : tmgr.0000            : 4129095 : 140734359073136 : INFO     : tasks pulled:    1
1641259650.343 : tmgr.0000            : 4129095 : 140734359073136 : INFO     : tasks pulled:    1
1641259650.344 : tmgr.0000            : 4129095 : 140734359073136 : DEBUG    : advance bulk: 1 [False, True]
1641259650.344 : tmgr.0000            : 4129095 : 140734359073136 : DEBUG    : advance bulk: 1 [False, True]
1641259653.362 : tmgr.0000            : 4129095 : 140734359073136 : INFO     : tasks pulled:    1
1641259653.364 : tmgr.0000            : 4129095 : 140734359073136 : INFO     : tasks pulled:    1
1641259653.364 : tmgr.0000            : 4129095 : 140734359073136 : DEBUG    : advance bulk: 1 [False, True]
1641259653.365 : tmgr.0000            : 4129095 : 140734359073136 : DEBUG    : advance bulk: 1 [False, True]
1641259657.399 : tmgr.0000            : 4129095 : 140734359073136 : INFO     : tasks pulled:    28
1641259657.401 : tmgr.0000            : 4129095 : 140734359073136 : INFO     : tasks pulled:   28
1641259657.404 : tmgr.0000            : 4129095 : 140734359073136 : DEBUG    : advance bulk: 28 [False, True]
1641259657.406 : tmgr.0000            : 4129095 : 140734359073136 : DEBUG    : advance bulk: 28 [False, True]
1641259659.467 : tmgr.0000            : 4129095 : 140732899586416 : DEBUG    : advance bulk: 1 [False, False]
1641259659.468 : tmgr.0000            : 4129095 : 140732899586416 : DEBUG    : advance bulk: 1 [False, False]
1641259659.469 : tmgr.0000            : 4129095 : 140732899586416 : DEBUG    : advance bulk: 1 [False, False]
1641259659.470 : tmgr.0000            : 4129095 : 140732899586416 : DEBUG    : advance bulk: 1 [False, False]
1641259659.473 : tmgr.0000            : 4129095 : 140732899586416 : DEBUG    : advance bulk: 4 [True, True]
1641259659.474 : tmgr.0000            : 4129095 : 140732899586416 : DEBUG    : put bulk TMGR_SCHEDULING_PENDING: 4
1641259669.445 : tmgr.0000            : 4129095 : 140734359073136 : INFO     : tasks pulled:    4
1641259669.446 : tmgr.0000            : 4129095 : 140734359073136 : INFO     : tasks pulled:    4
1641259669.447 : tmgr.0000            : 4129095 : 140734359073136 : DEBUG    : advance bulk: 4 [False, True]
1641259669.447 : tmgr.0000            : 4129095 : 140734359073136 : DEBUG    : advance bulk: 4 [False, True]
1641259679.477 : tmgr.0000            : 4129095 : 140732899586416 : INFO     : Closed TaskManager tmgr.0000.
