1644244779.654 : re.session.login5.litan.019030.0003 : 20553 : 35184372370176 : INFO     : radical.pilot version: 1.10.0
1644244779.654 : re.session.login5.litan.019030.0003 : 20553 : 35184372370176 : INFO     : radical.saga  version: 1.8.0
1644244779.654 : re.session.login5.litan.019030.0003 : 20553 : 35184372370176 : INFO     : radical.utils version: 1.9.0
1644244779.872 : re.session.login5.litan.019030.0003 : 20553 : 35184372370176 : INFO     : Configuring ResourceManager LSF_SUMMIT.
1644244779.872 : re.session.login5.litan.019030.0003 : 20553 : 35184372370176 : INFO     : LSB_DJOB_HOSTFILE: /ccs/home/litan/.lsbatch/1644244389.1833168.hostfile
1644244779.874 : re.session.login5.litan.019030.0003 : 20553 : 35184372370176 : DEBUG    : found 16 nodes: {'h10n16': 42, 'h26n16': 42, 'h26n17': 42, 'h26n18': 42, 'h27n01': 42, 'h27n02': 42, 'h27n03': 42, 'h27n04': 42, 'h27n05': 42, 'h27n06': 42, 'h27n07': 42, 'h27n08': 42, 'h27n09': 42, 'h27n10': 42, 'h27n11': 42, 'h27n12': 42}
1644244779.874 : re.session.login5.litan.019030.0003 : 20553 : 35184372370176 : DEBUG    : found 16 nodes with 42 cores
1644244779.874 : re.session.login5.litan.019030.0003 : 20553 : 35184372370176 : DEBUG    : node list: [['h10n16', '1'],
 ['h26n16', '2'],
 ['h26n17', '3'],
 ['h26n18', '4'],
 ['h27n01', '5'],
 ['h27n02', '6'],
 ['h27n03', '7'],
 ['h27n04', '8'],
 ['h27n05', '9'],
 ['h27n06', '10'],
 ['h27n07', '11'],
 ['h27n08', '12'],
 ['h27n09', '13'],
 ['h27n10', '14'],
 ['h27n11', '15'],
 ['h27n12', '16']]
1644244779.874 : re.session.login5.litan.019030.0003 : 20553 : 35184372370176 : INFO     : Discovered execution environment: [['h10n16', '1'], ['h26n16', '2'], ['h26n17', '3'], ['h26n18', '4'], ['h27n01', '5'], ['h27n02', '6'], ['h27n03', '7'], ['h27n04', '8'], ['h27n05', '9'], ['h27n06', '10'], ['h27n07', '11'], ['h27n08', '12'], ['h27n09', '13'], ['h27n10', '14'], ['h27n11', '15'], ['h27n12', '16']]
1644244779.881 : re.session.login5.litan.019030.0003 : 20553 : 35184372370176 : INFO     : ResourceManager config hook for LaunchMethod JSRUN: <class 'radical.pilot.agent.launch_method.jsrun.JSRUN'>
1644244779.881 : re.session.login5.litan.019030.0003 : 20553 : 35184372370176 : INFO     : ResourceManager config hook succeeded (JSRUN)
1644244783.612 : re.session.login5.litan.019030.0003 : 21093 : 35184372370176 : INFO     : radical.pilot version: 1.10.0
1644244783.612 : re.session.login5.litan.019030.0003 : 21093 : 35184372370176 : INFO     : radical.saga  version: 1.8.0
1644244783.612 : re.session.login5.litan.019030.0003 : 21093 : 35184372370176 : INFO     : radical.utils version: 1.9.0
1644244783.902 : re.session.login5.litan.019030.0003 : 21093 : 35184653758832 : DEBUG    : create LaunchMethod: <class 'radical.pilot.agent.launch_method.jsrun.JSRUN'>
1644244783.904 : re.session.login5.litan.019030.0003 : 21093 : 35184653758832 : DEBUG    : create LaunchMethod: <class 'radical.pilot.agent.launch_method.jsrun.JSRUN'>
1644244784.009 : re.session.login5.litan.019030.0003 : 21172 : 35184372370176 : INFO     : radical.pilot version: 1.10.0
1644244784.009 : re.session.login5.litan.019030.0003 : 21172 : 35184372370176 : INFO     : radical.saga  version: 1.8.0
1644244784.009 : re.session.login5.litan.019030.0003 : 21172 : 35184372370176 : INFO     : radical.utils version: 1.9.0
1644244784.416 : re.session.login5.litan.019030.0003 : 21247 : 35184372370176 : INFO     : radical.pilot version: 1.10.0
1644244784.416 : re.session.login5.litan.019030.0003 : 21247 : 35184372370176 : INFO     : radical.saga  version: 1.8.0
1644244784.416 : re.session.login5.litan.019030.0003 : 21247 : 35184372370176 : INFO     : radical.utils version: 1.9.0
1644244784.818 : re.session.login5.litan.019030.0003 : 21328 : 35184372370176 : INFO     : radical.pilot version: 1.10.0
1644244784.818 : re.session.login5.litan.019030.0003 : 21328 : 35184372370176 : INFO     : radical.saga  version: 1.8.0
1644244784.818 : re.session.login5.litan.019030.0003 : 21328 : 35184372370176 : INFO     : radical.utils version: 1.9.0
1644244785.219 : re.session.login5.litan.019030.0003 : 21399 : 35184372370176 : INFO     : radical.pilot version: 1.10.0
1644244785.219 : re.session.login5.litan.019030.0003 : 21399 : 35184372370176 : INFO     : radical.saga  version: 1.8.0
1644244785.219 : re.session.login5.litan.019030.0003 : 21399 : 35184372370176 : INFO     : radical.utils version: 1.9.0
1644244800.926 : re.session.login5.litan.019030.0003 : 21093 : 35184653758832 : DEBUG    : prep task.0200
1644244801.050 : re.session.login5.litan.019030.0003 : 21093 : 35184653758832 : DEBUG    : prep task.0197
1644244801.059 : re.session.login5.litan.019030.0003 : 21093 : 35184653758832 : DEBUG    : prep task.0199
1644244801.067 : re.session.login5.litan.019030.0003 : 21093 : 35184653758832 : DEBUG    : prep task.0195
1644244801.075 : re.session.login5.litan.019030.0003 : 21093 : 35184653758832 : DEBUG    : prep task.0198
1644244801.084 : re.session.login5.litan.019030.0003 : 21093 : 35184653758832 : DEBUG    : prep task.0196
1644244801.093 : re.session.login5.litan.019030.0003 : 21093 : 35184653758832 : DEBUG    : prep task.0159
1644244801.103 : re.session.login5.litan.019030.0003 : 21093 : 35184653758832 : DEBUG    : prep task.0161
1644244801.116 : re.session.login5.litan.019030.0003 : 21093 : 35184653758832 : DEBUG    : prep task.0157
1644244801.128 : re.session.login5.litan.019030.0003 : 21093 : 35184653758832 : DEBUG    : prep task.0160
1644244801.137 : re.session.login5.litan.019030.0003 : 21093 : 35184653758832 : DEBUG    : prep task.0156
1644244801.147 : re.session.login5.litan.019030.0003 : 21093 : 35184653758832 : DEBUG    : prep task.0158
1644244801.156 : re.session.login5.litan.019030.0003 : 21093 : 35184653758832 : DEBUG    : prep task.0297
1644244801.166 : re.session.login5.litan.019030.0003 : 21093 : 35184653758832 : DEBUG    : prep task.0294
1644244801.174 : re.session.login5.litan.019030.0003 : 21093 : 35184653758832 : DEBUG    : prep task.0292
1644244801.182 : re.session.login5.litan.019030.0003 : 21093 : 35184653758832 : DEBUG    : prep task.0296
1644244801.191 : re.session.login5.litan.019030.0003 : 21093 : 35184653758832 : DEBUG    : prep task.0295
1644244801.200 : re.session.login5.litan.019030.0003 : 21093 : 35184653758832 : DEBUG    : prep task.0293
1644244801.209 : re.session.login5.litan.019030.0003 : 21093 : 35184653758832 : DEBUG    : prep task.0105
1644244801.217 : re.session.login5.litan.019030.0003 : 21093 : 35184653758832 : DEBUG    : prep task.0108
1644244801.226 : re.session.login5.litan.019030.0003 : 21093 : 35184653758832 : DEBUG    : prep task.0107
1644244801.235 : re.session.login5.litan.019030.0003 : 21093 : 35184653758832 : DEBUG    : prep task.0106
1644244801.247 : re.session.login5.litan.019030.0003 : 21093 : 35184653758832 : DEBUG    : prep task.0104
1644244801.256 : re.session.login5.litan.019030.0003 : 21093 : 35184653758832 : DEBUG    : prep task.0109
1644244801.264 : re.session.login5.litan.019030.0003 : 21093 : 35184653758832 : DEBUG    : prep task.0092
1644244801.272 : re.session.login5.litan.019030.0003 : 21093 : 35184653758832 : DEBUG    : prep task.0095
1644244801.281 : re.session.login5.litan.019030.0003 : 21093 : 35184653758832 : DEBUG    : prep task.0094
1644244801.289 : re.session.login5.litan.019030.0003 : 21093 : 35184653758832 : DEBUG    : prep task.0093
1644244801.300 : re.session.login5.litan.019030.0003 : 21093 : 35184653758832 : DEBUG    : prep task.0096
1644244801.310 : re.session.login5.litan.019030.0003 : 21093 : 35184653758832 : DEBUG    : prep task.0091
1644244801.319 : re.session.login5.litan.019030.0003 : 21093 : 35184653758832 : DEBUG    : prep task.0182
1644244801.329 : re.session.login5.litan.019030.0003 : 21093 : 35184653758832 : DEBUG    : prep task.0183
1644244801.340 : re.session.login5.litan.019030.0003 : 21093 : 35184653758832 : DEBUG    : prep task.0186
1644244801.352 : re.session.login5.litan.019030.0003 : 21093 : 35184653758832 : DEBUG    : prep task.0185
1644244801.362 : re.session.login5.litan.019030.0003 : 21093 : 35184653758832 : DEBUG    : prep task.0187
1644244801.371 : re.session.login5.litan.019030.0003 : 21093 : 35184653758832 : DEBUG    : prep task.0184
1644244801.380 : re.session.login5.litan.019030.0003 : 21093 : 35184653758832 : DEBUG    : prep task.0350
1644244801.390 : re.session.login5.litan.019030.0003 : 21093 : 35184653758832 : DEBUG    : prep task.0348
1644244801.399 : re.session.login5.litan.019030.0003 : 21093 : 35184653758832 : DEBUG    : prep task.0352
1644244801.407 : re.session.login5.litan.019030.0003 : 21093 : 35184653758832 : DEBUG    : prep task.0349
1644244801.417 : re.session.login5.litan.019030.0003 : 21093 : 35184653758832 : DEBUG    : prep task.0353
1644244801.425 : re.session.login5.litan.019030.0003 : 21093 : 35184653758832 : DEBUG    : prep task.0351
1644244801.435 : re.session.login5.litan.019030.0003 : 21093 : 35184653758832 : DEBUG    : prep task.0393
1644244801.443 : re.session.login5.litan.019030.0003 : 21093 : 35184653758832 : DEBUG    : prep task.0391
1644244801.452 : re.session.login5.litan.019030.0003 : 21093 : 35184653758832 : DEBUG    : prep task.0395
1644244801.460 : re.session.login5.litan.019030.0003 : 21093 : 35184653758832 : DEBUG    : prep task.0390
1644244801.468 : re.session.login5.litan.019030.0003 : 21093 : 35184653758832 : DEBUG    : prep task.0394
1644244801.476 : re.session.login5.litan.019030.0003 : 21093 : 35184653758832 : DEBUG    : prep task.0392
1644244801.484 : re.session.login5.litan.019030.0003 : 21093 : 35184653758832 : DEBUG    : prep task.0405
1644244801.492 : re.session.login5.litan.019030.0003 : 21093 : 35184653758832 : DEBUG    : prep task.0407
1644244801.500 : re.session.login5.litan.019030.0003 : 21093 : 35184653758832 : DEBUG    : prep task.0408
1644244801.509 : re.session.login5.litan.019030.0003 : 21093 : 35184653758832 : DEBUG    : prep task.0409
1644244801.517 : re.session.login5.litan.019030.0003 : 21093 : 35184653758832 : DEBUG    : prep task.0404
1644244801.526 : re.session.login5.litan.019030.0003 : 21093 : 35184653758832 : DEBUG    : prep task.0406
1644244801.534 : re.session.login5.litan.019030.0003 : 21093 : 35184653758832 : DEBUG    : prep task.0118
1644244801.543 : re.session.login5.litan.019030.0003 : 21093 : 35184653758832 : DEBUG    : prep task.0121
1644244801.552 : re.session.login5.litan.019030.0003 : 21093 : 35184653758832 : DEBUG    : prep task.0122
1644244801.560 : re.session.login5.litan.019030.0003 : 21093 : 35184653758832 : DEBUG    : prep task.0120
1644244801.569 : re.session.login5.litan.019030.0003 : 21093 : 35184653758832 : DEBUG    : prep task.0117
1644244801.578 : re.session.login5.litan.019030.0003 : 21093 : 35184653758832 : DEBUG    : prep task.0119
1644244801.587 : re.session.login5.litan.019030.0003 : 21093 : 35184653758832 : DEBUG    : prep task.0254
1644244801.597 : re.session.login5.litan.019030.0003 : 21093 : 35184653758832 : DEBUG    : prep task.0251
1644244801.607 : re.session.login5.litan.019030.0003 : 21093 : 35184653758832 : DEBUG    : prep task.0253
1644244801.616 : re.session.login5.litan.019030.0003 : 21093 : 35184653758832 : DEBUG    : prep task.0255
1644244801.626 : re.session.login5.litan.019030.0003 : 21093 : 35184653758832 : DEBUG    : prep task.0252
1644244801.634 : re.session.login5.litan.019030.0003 : 21093 : 35184653758832 : DEBUG    : prep task.0250
1644244801.643 : re.session.login5.litan.019030.0003 : 21093 : 35184653758832 : DEBUG    : prep task.0146
1644244801.651 : re.session.login5.litan.019030.0003 : 21093 : 35184653758832 : DEBUG    : prep task.0144
1644244801.660 : re.session.login5.litan.019030.0003 : 21093 : 35184653758832 : DEBUG    : prep task.0147
1644244801.670 : re.session.login5.litan.019030.0003 : 21093 : 35184653758832 : DEBUG    : prep task.0145
1644244801.680 : re.session.login5.litan.019030.0003 : 21093 : 35184653758832 : DEBUG    : prep task.0148
1644244801.689 : re.session.login5.litan.019030.0003 : 21093 : 35184653758832 : DEBUG    : prep task.0143
1644244801.699 : re.session.login5.litan.019030.0003 : 21093 : 35184653758832 : DEBUG    : prep task.0308
1644244801.708 : re.session.login5.litan.019030.0003 : 21093 : 35184653758832 : DEBUG    : prep task.0307
1644244801.717 : re.session.login5.litan.019030.0003 : 21093 : 35184653758832 : DEBUG    : prep task.0309
1644244801.729 : re.session.login5.litan.019030.0003 : 21093 : 35184653758832 : DEBUG    : prep task.0310
1644244801.739 : re.session.login5.litan.019030.0003 : 21093 : 35184653758832 : DEBUG    : prep task.0311
1644244801.748 : re.session.login5.litan.019030.0003 : 21093 : 35184653758832 : DEBUG    : prep task.0306
1644244801.756 : re.session.login5.litan.019030.0003 : 21093 : 35184653758832 : DEBUG    : prep task.0016
1644244801.765 : re.session.login5.litan.019030.0003 : 21093 : 35184653758832 : DEBUG    : prep task.0015
1644244801.774 : re.session.login5.litan.019030.0003 : 21093 : 35184653758832 : DEBUG    : prep task.0017
1644244801.783 : re.session.login5.litan.019030.0003 : 21093 : 35184653758832 : DEBUG    : prep task.0014
1644244801.794 : re.session.login5.litan.019030.0003 : 21093 : 35184653758832 : DEBUG    : prep task.0013
1644244801.804 : re.session.login5.litan.019030.0003 : 21093 : 35184653758832 : DEBUG    : prep task.0018
1644244801.813 : re.session.login5.litan.019030.0003 : 21093 : 35184653758832 : DEBUG    : prep task.0171
1644244801.825 : re.session.login5.litan.019030.0003 : 21093 : 35184653758832 : DEBUG    : prep task.0173
1644244801.839 : re.session.login5.litan.019030.0003 : 21093 : 35184653758832 : DEBUG    : prep task.0174
1644244801.851 : re.session.login5.litan.019030.0003 : 21093 : 35184653758832 : DEBUG    : prep task.0169
1644244801.862 : re.session.login5.litan.019030.0003 : 21093 : 35184653758832 : DEBUG    : prep task.0170
1644244801.873 : re.session.login5.litan.019030.0003 : 21093 : 35184653758832 : DEBUG    : prep task.0172
1644244801.883 : re.session.login5.litan.019030.0003 : 21093 : 35184653758832 : DEBUG    : prep task.0057
1644244801.893 : re.session.login5.litan.019030.0003 : 21093 : 35184653758832 : DEBUG    : prep task.0056
1644244801.903 : re.session.login5.litan.019030.0003 : 21093 : 35184653758832 : DEBUG    : prep task.0053
1644244801.913 : re.session.login5.litan.019030.0003 : 21093 : 35184653758832 : DEBUG    : prep task.0055
1644244801.922 : re.session.login5.litan.019030.0003 : 21093 : 35184653758832 : DEBUG    : prep task.0052
1644244801.931 : re.session.login5.litan.019030.0003 : 21093 : 35184653758832 : DEBUG    : prep task.0054
1644244814.052 : re.session.login5.litan.019030.0003 : 21093 : 35184653758832 : DEBUG    : prep task.0026
1644244814.062 : re.session.login5.litan.019030.0003 : 21093 : 35184653758832 : DEBUG    : prep task.0027
1644244814.071 : re.session.login5.litan.019030.0003 : 21093 : 35184653758832 : DEBUG    : prep task.0029
1644244814.353 : re.session.login5.litan.019030.0003 : 21093 : 35184653758832 : DEBUG    : prep task.0083
1644244814.362 : re.session.login5.litan.019030.0003 : 21093 : 35184653758832 : DEBUG    : prep task.0422
1644244814.371 : re.session.login5.litan.019030.0003 : 21093 : 35184653758832 : DEBUG    : prep task.0135
1644244814.453 : re.session.login5.litan.019030.0003 : 21093 : 35184653758832 : DEBUG    : prep task.0030
1644244814.462 : re.session.login5.litan.019030.0003 : 21093 : 35184653758832 : DEBUG    : prep task.0423
1644244814.471 : re.session.login5.litan.019030.0003 : 21093 : 35184653758832 : DEBUG    : prep task.0238
1644244814.482 : re.session.login5.litan.019030.0003 : 21093 : 35184653758832 : DEBUG    : prep task.0280
1644244814.491 : re.session.login5.litan.019030.0003 : 21093 : 35184653758832 : DEBUG    : prep task.0366
1644244814.554 : re.session.login5.litan.019030.0003 : 21093 : 35184653758832 : DEBUG    : prep task.0131
1644244814.562 : re.session.login5.litan.019030.0003 : 21093 : 35184653758832 : DEBUG    : prep task.0363
1644244814.571 : re.session.login5.litan.019030.0003 : 21093 : 35184653758832 : DEBUG    : prep task.0264
1644244814.580 : re.session.login5.litan.019030.0003 : 21093 : 35184653758832 : DEBUG    : prep task.0212
1644244814.754 : re.session.login5.litan.019030.0003 : 21093 : 35184653758832 : DEBUG    : prep task.0134
1644244814.764 : re.session.login5.litan.019030.0003 : 21093 : 35184653758832 : DEBUG    : prep task.0339
1644244814.774 : re.session.login5.litan.019030.0003 : 21093 : 35184653758832 : DEBUG    : prep task.0132
1644244814.855 : re.session.login5.litan.019030.0003 : 21093 : 35184653758832 : DEBUG    : prep task.0222
1644244814.864 : re.session.login5.litan.019030.0003 : 21093 : 35184653758832 : DEBUG    : prep task.0079
1644244814.872 : re.session.login5.litan.019030.0003 : 21093 : 35184653758832 : DEBUG    : prep task.0265
1644244814.881 : re.session.login5.litan.019030.0003 : 21093 : 35184653758832 : DEBUG    : prep task.0133
1644244814.891 : re.session.login5.litan.019030.0003 : 21093 : 35184653758832 : DEBUG    : prep task.0336
1644244814.901 : re.session.login5.litan.019030.0003 : 21093 : 35184653758832 : DEBUG    : prep task.0236
1644244815.156 : re.session.login5.litan.019030.0003 : 21093 : 35184653758832 : DEBUG    : prep task.0334
1644244815.165 : re.session.login5.litan.019030.0003 : 21093 : 35184653758832 : DEBUG    : prep task.0225
1644244815.174 : re.session.login5.litan.019030.0003 : 21093 : 35184653758832 : DEBUG    : prep task.0041
1644244815.183 : re.session.login5.litan.019030.0003 : 21093 : 35184653758832 : DEBUG    : prep task.0335
1644244815.192 : re.session.login5.litan.019030.0003 : 21093 : 35184653758832 : DEBUG    : prep task.0224
1644244815.201 : re.session.login5.litan.019030.0003 : 21093 : 35184653758832 : DEBUG    : prep task.0078
1644244826.481 : re.session.login5.litan.019030.0003 : 21093 : 35184653758832 : DEBUG    : prep task.0237
1644244826.494 : re.session.login5.litan.019030.0003 : 21093 : 35184653758832 : DEBUG    : prep task.0380
1644244826.504 : re.session.login5.litan.019030.0003 : 21093 : 35184653758832 : DEBUG    : prep task.0065
1644244826.979 : re.session.login5.litan.019030.0003 : 21093 : 35184653758832 : DEBUG    : prep task.0240
1644244826.988 : re.session.login5.litan.019030.0003 : 21093 : 35184653758832 : DEBUG    : prep task.0269
1644244826.997 : re.session.login5.litan.019030.0003 : 21093 : 35184653758832 : DEBUG    : prep task.0039
1644244827.006 : re.session.login5.litan.019030.0003 : 21093 : 35184653758832 : DEBUG    : prep task.0282
1644244827.015 : re.session.login5.litan.019030.0003 : 21093 : 35184653758832 : DEBUG    : prep task.0067
1644244827.023 : re.session.login5.litan.019030.0003 : 21093 : 35184653758832 : DEBUG    : prep task.0281
1644244827.033 : re.session.login5.litan.019030.0003 : 21093 : 35184653758832 : DEBUG    : prep task.0241
1644244827.077 : re.session.login5.litan.019030.0003 : 21093 : 35184653758832 : DEBUG    : prep task.0364
1644244827.086 : re.session.login5.litan.019030.0003 : 21093 : 35184653758832 : DEBUG    : prep task.0420
1644244827.094 : re.session.login5.litan.019030.0003 : 21093 : 35184653758832 : DEBUG    : prep task.0227
1644244827.178 : re.session.login5.litan.019030.0003 : 21093 : 35184653758832 : DEBUG    : prep task.0226
1644244827.187 : re.session.login5.litan.019030.0003 : 21093 : 35184653758832 : DEBUG    : prep task.0068
1644244827.196 : re.session.login5.litan.019030.0003 : 21093 : 35184653758832 : DEBUG    : prep task.0000
1644244827.205 : re.session.login5.litan.019030.0003 : 21093 : 35184653758832 : DEBUG    : prep task.0223
1644244827.214 : re.session.login5.litan.019030.0003 : 21093 : 35184653758832 : DEBUG    : prep task.0070
1644244827.225 : re.session.login5.litan.019030.0003 : 21093 : 35184653758832 : DEBUG    : prep task.0379
1644244827.278 : re.session.login5.litan.019030.0003 : 21093 : 35184653758832 : DEBUG    : prep task.0130
1644244827.287 : re.session.login5.litan.019030.0003 : 21093 : 35184653758832 : DEBUG    : prep task.0320
1644244827.296 : re.session.login5.litan.019030.0003 : 21093 : 35184653758832 : DEBUG    : prep task.0005
1644244827.378 : re.session.login5.litan.019030.0003 : 21093 : 35184653758832 : DEBUG    : prep task.0279
1644244827.387 : re.session.login5.litan.019030.0003 : 21093 : 35184653758832 : DEBUG    : prep task.0044
1644244827.397 : re.session.login5.litan.019030.0003 : 21093 : 35184653758832 : DEBUG    : prep task.0028
1644244827.479 : re.session.login5.litan.019030.0003 : 21093 : 35184653758832 : DEBUG    : prep task.0066
1644244827.488 : re.session.login5.litan.019030.0003 : 21093 : 35184653758832 : DEBUG    : prep task.0082
1644244827.498 : re.session.login5.litan.019030.0003 : 21093 : 35184653758832 : DEBUG    : prep task.0209
1644244827.512 : re.session.login5.litan.019030.0003 : 21093 : 35184653758832 : DEBUG    : prep task.0367
1644244827.580 : re.session.login5.litan.019030.0003 : 21093 : 35184653758832 : DEBUG    : prep task.0324
1644244827.590 : re.session.login5.litan.019030.0003 : 21093 : 35184653758832 : DEBUG    : prep task.0381
1644244827.598 : re.session.login5.litan.019030.0003 : 21093 : 35184653758832 : DEBUG    : prep task.0211
1644244827.607 : re.session.login5.litan.019030.0003 : 21093 : 35184653758832 : DEBUG    : prep task.0210
1644244827.616 : re.session.login5.litan.019030.0003 : 21093 : 35184653758832 : DEBUG    : prep task.0337
1644244827.624 : re.session.login5.litan.019030.0003 : 21093 : 35184653758832 : DEBUG    : prep task.0003
1644244827.633 : re.session.login5.litan.019030.0003 : 21093 : 35184653758832 : DEBUG    : prep task.0001
1644244832.885 : re.session.login5.litan.019030.0003 : 21093 : 35184653758832 : DEBUG    : prep task.0201
1644244832.988 : re.session.login5.litan.019030.0003 : 21093 : 35184653758832 : DEBUG    : prep task.0162
1644244832.993 : re.session.login5.litan.019030.0003 : 21093 : 35184653758832 : DEBUG    : prep task.0110
1644244832.997 : re.session.login5.litan.019030.0003 : 21093 : 35184653758832 : DEBUG    : prep task.0097
1644244833.003 : re.session.login5.litan.019030.0003 : 21093 : 35184653758832 : DEBUG    : prep task.0188
1644244833.010 : re.session.login5.litan.019030.0003 : 21093 : 35184653758832 : DEBUG    : prep task.0123
1644244833.015 : re.session.login5.litan.019030.0003 : 21093 : 35184653758832 : DEBUG    : prep task.0149
1644244833.020 : re.session.login5.litan.019030.0003 : 21093 : 35184653758832 : DEBUG    : prep task.0019
1644244833.026 : re.session.login5.litan.019030.0003 : 21093 : 35184653758832 : DEBUG    : prep task.0175
1644244833.033 : re.session.login5.litan.019030.0003 : 21093 : 35184653758832 : DEBUG    : prep task.0058
1644244839.200 : re.session.login5.litan.019030.0003 : 21093 : 35184653758832 : DEBUG    : prep task.0081
1644244839.210 : re.session.login5.litan.019030.0003 : 21093 : 35184653758832 : DEBUG    : prep task.0338
1644244839.301 : re.session.login5.litan.019030.0003 : 21093 : 35184653758832 : DEBUG    : prep task.0069
1644244839.310 : re.session.login5.litan.019030.0003 : 21093 : 35184653758832 : DEBUG    : prep task.0278
1644244839.320 : re.session.login5.litan.019030.0003 : 21093 : 35184653758832 : DEBUG    : prep task.0031
1644244839.503 : re.session.login5.litan.019030.0003 : 21093 : 35184653758832 : DEBUG    : prep task.0377
1644244839.514 : re.session.login5.litan.019030.0003 : 21093 : 35184653758832 : DEBUG    : prep task.0421
1644244839.524 : re.session.login5.litan.019030.0003 : 21093 : 35184653758832 : DEBUG    : prep task.0004
1644244839.537 : re.session.login5.litan.019030.0003 : 21093 : 35184653758832 : DEBUG    : prep task.0042
1644244839.547 : re.session.login5.litan.019030.0003 : 21093 : 35184653758832 : DEBUG    : prep task.0365
1644244839.556 : re.session.login5.litan.019030.0003 : 21093 : 35184653758832 : DEBUG    : prep task.0040
1644244839.803 : re.session.login5.litan.019030.0003 : 21093 : 35184653758832 : DEBUG    : prep task.0268
1644244839.813 : re.session.login5.litan.019030.0003 : 21093 : 35184653758832 : DEBUG    : prep task.0208
1644244839.823 : re.session.login5.litan.019030.0003 : 21093 : 35184653758832 : DEBUG    : prep task.0213
1644244839.832 : re.session.login5.litan.019030.0003 : 21093 : 35184653758832 : DEBUG    : prep task.0043
1644244839.842 : re.session.login5.litan.019030.0003 : 21093 : 35184653758832 : DEBUG    : prep task.0325
1644244839.851 : re.session.login5.litan.019030.0003 : 21093 : 35184653758832 : DEBUG    : prep task.0283
1644244839.860 : re.session.login5.litan.019030.0003 : 21093 : 35184653758832 : DEBUG    : prep task.0378
1644244839.902 : re.session.login5.litan.019030.0003 : 21093 : 35184653758832 : DEBUG    : prep task.0418
1644244839.911 : re.session.login5.litan.019030.0003 : 21093 : 35184653758832 : DEBUG    : prep task.0080
1644244839.921 : re.session.login5.litan.019030.0003 : 21093 : 35184653758832 : DEBUG    : prep task.0266
1644244839.931 : re.session.login5.litan.019030.0003 : 21093 : 35184653758832 : DEBUG    : prep task.0321
1644244840.103 : re.session.login5.litan.019030.0003 : 21093 : 35184653758832 : DEBUG    : prep task.0322
1644244840.112 : re.session.login5.litan.019030.0003 : 21093 : 35184653758832 : DEBUG    : prep task.0376
1644244840.203 : re.session.login5.litan.019030.0003 : 21093 : 35184653758832 : DEBUG    : prep task.0323
1644244840.403 : re.session.login5.litan.019030.0003 : 21093 : 35184653758832 : DEBUG    : prep task.0239
1644244840.413 : re.session.login5.litan.019030.0003 : 21093 : 35184653758832 : DEBUG    : prep task.0419
1644244840.423 : re.session.login5.litan.019030.0003 : 21093 : 35184653758832 : DEBUG    : prep task.0002
1644244840.603 : re.session.login5.litan.019030.0003 : 21093 : 35184653758832 : DEBUG    : prep task.0267
1644244840.613 : re.session.login5.litan.019030.0003 : 21093 : 35184653758832 : DEBUG    : prep task.0362
1644244842.905 : re.session.login5.litan.019030.0003 : 21093 : 35184653758832 : DEBUG    : prep task.0205
1644244851.720 : re.session.login5.litan.019030.0003 : 21093 : 35184653758832 : DEBUG    : prep task.0203
1644244851.725 : re.session.login5.litan.019030.0003 : 21093 : 35184653758832 : DEBUG    : prep task.0168
1644244851.730 : re.session.login5.litan.019030.0003 : 21093 : 35184653758832 : DEBUG    : prep task.0165
1644244851.734 : re.session.login5.litan.019030.0003 : 21093 : 35184653758832 : DEBUG    : prep task.0167
1644244851.918 : re.session.login5.litan.019030.0003 : 21093 : 35184653758832 : DEBUG    : prep task.0164
1644244851.923 : re.session.login5.litan.019030.0003 : 21093 : 35184653758832 : DEBUG    : prep task.0207
1644244851.928 : re.session.login5.litan.019030.0003 : 21093 : 35184653758832 : DEBUG    : prep task.0163
1644244852.020 : re.session.login5.litan.019030.0003 : 21093 : 35184653758832 : DEBUG    : prep task.0166
1644244852.026 : re.session.login5.litan.019030.0003 : 21093 : 35184653758832 : DEBUG    : prep task.0202
1644244852.030 : re.session.login5.litan.019030.0003 : 21093 : 35184653758832 : DEBUG    : prep task.0204
1644244852.219 : re.session.login5.litan.019030.0003 : 21093 : 35184653758832 : DEBUG    : prep task.0206
1644244854.924 : re.session.login5.litan.019030.0003 : 21093 : 35184653758832 : DEBUG    : prep task.0111
1644244855.025 : re.session.login5.litan.019030.0003 : 21093 : 35184653758832 : DEBUG    : prep task.0114
1644244855.030 : re.session.login5.litan.019030.0003 : 21093 : 35184653758832 : DEBUG    : prep task.0115
1644244855.034 : re.session.login5.litan.019030.0003 : 21093 : 35184653758832 : DEBUG    : prep task.0116
1644244855.040 : re.session.login5.litan.019030.0003 : 21093 : 35184653758832 : DEBUG    : prep task.0112
1644244855.045 : re.session.login5.litan.019030.0003 : 21093 : 35184653758832 : DEBUG    : prep task.0113
1644244856.930 : re.session.login5.litan.019030.0003 : 21093 : 35184653758832 : DEBUG    : prep task.0298
1644244857.029 : re.session.login5.litan.019030.0003 : 21093 : 35184653758832 : DEBUG    : prep task.0354
1644244857.034 : re.session.login5.litan.019030.0003 : 21093 : 35184653758832 : DEBUG    : prep task.0396
1644244857.038 : re.session.login5.litan.019030.0003 : 21093 : 35184653758832 : DEBUG    : prep task.0410
1644244857.043 : re.session.login5.litan.019030.0003 : 21093 : 35184653758832 : DEBUG    : prep task.0256
1644244857.049 : re.session.login5.litan.019030.0003 : 21093 : 35184653758832 : DEBUG    : prep task.0312
1644244857.055 : re.session.login5.litan.019030.0003 : 21093 : 35184653758832 : DEBUG    : prep task.0136
1644244860.935 : re.session.login5.litan.019030.0003 : 21093 : 35184653758832 : DEBUG    : prep task.0101
1644244861.037 : re.session.login5.litan.019030.0003 : 21093 : 35184653758832 : DEBUG    : prep task.0102
1644244861.042 : re.session.login5.litan.019030.0003 : 21093 : 35184653758832 : DEBUG    : prep task.0099
1644244861.047 : re.session.login5.litan.019030.0003 : 21093 : 35184653758832 : DEBUG    : prep task.0098
1644244861.053 : re.session.login5.litan.019030.0003 : 21093 : 35184653758832 : DEBUG    : prep task.0103
1644244861.059 : re.session.login5.litan.019030.0003 : 21093 : 35184653758832 : DEBUG    : prep task.0100
1644244861.065 : re.session.login5.litan.019030.0003 : 21093 : 35184653758832 : DEBUG    : prep task.0190
1644244861.073 : re.session.login5.litan.019030.0003 : 21093 : 35184653758832 : DEBUG    : prep task.0194
1644244861.081 : re.session.login5.litan.019030.0003 : 21093 : 35184653758832 : DEBUG    : prep task.0191
1644244876.866 : re.session.login5.litan.019030.0003 : 21093 : 35184653758832 : DEBUG    : prep task.0153
1644244876.871 : re.session.login5.litan.019030.0003 : 21093 : 35184653758832 : DEBUG    : prep task.0151
1644244876.875 : re.session.login5.litan.019030.0003 : 21093 : 35184653758832 : DEBUG    : prep task.0154
1644244876.880 : re.session.login5.litan.019030.0003 : 21093 : 35184653758832 : DEBUG    : prep task.0150
1644244876.886 : re.session.login5.litan.019030.0003 : 21093 : 35184653758832 : DEBUG    : prep task.0152
1644244876.894 : re.session.login5.litan.019030.0003 : 21093 : 35184653758832 : DEBUG    : prep task.0155
1644244876.966 : re.session.login5.litan.019030.0003 : 21093 : 35184653758832 : DEBUG    : prep task.0124
1644244876.971 : re.session.login5.litan.019030.0003 : 21093 : 35184653758832 : DEBUG    : prep task.0125
1644244876.976 : re.session.login5.litan.019030.0003 : 21093 : 35184653758832 : DEBUG    : prep task.0128
1644244876.981 : re.session.login5.litan.019030.0003 : 21093 : 35184653758832 : DEBUG    : prep task.0189
1644244876.988 : re.session.login5.litan.019030.0003 : 21093 : 35184653758832 : DEBUG    : prep task.0126
1644244876.996 : re.session.login5.litan.019030.0003 : 21093 : 35184653758832 : DEBUG    : prep task.0192
1644244877.003 : re.session.login5.litan.019030.0003 : 21093 : 35184653758832 : DEBUG    : prep task.0127
1644244877.065 : re.session.login5.litan.019030.0003 : 21093 : 35184653758832 : DEBUG    : prep task.0193
1644244877.070 : re.session.login5.litan.019030.0003 : 21093 : 35184653758832 : DEBUG    : prep task.0129
1644244878.968 : re.session.login5.litan.019030.0003 : 21093 : 35184653758832 : DEBUG    : prep task.0020
1644244879.068 : re.session.login5.litan.019030.0003 : 21093 : 35184653758832 : DEBUG    : prep task.0021
1644244879.073 : re.session.login5.litan.019030.0003 : 21093 : 35184653758832 : DEBUG    : prep task.0024
1644244886.786 : re.session.login5.litan.019030.0003 : 21093 : 35184653758832 : DEBUG    : prep task.0022
1644244886.791 : re.session.login5.litan.019030.0003 : 21093 : 35184653758832 : DEBUG    : prep task.0178
1644244886.796 : re.session.login5.litan.019030.0003 : 21093 : 35184653758832 : DEBUG    : prep task.0179
1644244886.801 : re.session.login5.litan.019030.0003 : 21093 : 35184653758832 : DEBUG    : prep task.0181
1644244886.806 : re.session.login5.litan.019030.0003 : 21093 : 35184653758832 : DEBUG    : prep task.0177
1644244886.811 : re.session.login5.litan.019030.0003 : 21093 : 35184653758832 : DEBUG    : prep task.0025
1644244886.816 : re.session.login5.litan.019030.0003 : 21093 : 35184653758832 : DEBUG    : prep task.0023
1644244886.822 : re.session.login5.litan.019030.0003 : 21093 : 35184653758832 : DEBUG    : prep task.0176
1644244886.829 : re.session.login5.litan.019030.0003 : 21093 : 35184653758832 : DEBUG    : prep task.0180
1644244887.083 : re.session.login5.litan.019030.0003 : 21093 : 35184653758832 : DEBUG    : prep task.0302
1644244887.186 : re.session.login5.litan.019030.0003 : 21093 : 35184653758832 : DEBUG    : prep task.0301
1644244887.191 : re.session.login5.litan.019030.0003 : 21093 : 35184653758832 : DEBUG    : prep task.0303
1644244887.196 : re.session.login5.litan.019030.0003 : 21093 : 35184653758832 : DEBUG    : prep task.0300
1644244887.202 : re.session.login5.litan.019030.0003 : 21093 : 35184653758832 : DEBUG    : prep task.0304
1644244887.207 : re.session.login5.litan.019030.0003 : 21093 : 35184653758832 : DEBUG    : prep task.0299
1644244887.213 : re.session.login5.litan.019030.0003 : 21093 : 35184653758832 : DEBUG    : prep task.0060
1644244887.218 : re.session.login5.litan.019030.0003 : 21093 : 35184653758832 : DEBUG    : prep task.0063
1644244887.225 : re.session.login5.litan.019030.0003 : 21093 : 35184653758832 : DEBUG    : prep task.0064
1644244887.235 : re.session.login5.litan.019030.0003 : 21093 : 35184653758832 : DEBUG    : prep task.0062
1644244887.242 : re.session.login5.litan.019030.0003 : 21093 : 35184653758832 : DEBUG    : prep task.0061
1644244887.248 : re.session.login5.litan.019030.0003 : 21093 : 35184653758832 : DEBUG    : prep task.0059
1644244891.090 : re.session.login5.litan.019030.0003 : 21093 : 35184653758832 : DEBUG    : prep task.0356
1644244891.191 : re.session.login5.litan.019030.0003 : 21093 : 35184653758832 : DEBUG    : prep task.0358
1644244891.196 : re.session.login5.litan.019030.0003 : 21093 : 35184653758832 : DEBUG    : prep task.0360
1644244891.201 : re.session.login5.litan.019030.0003 : 21093 : 35184653758832 : DEBUG    : prep task.0355
1644244891.207 : re.session.login5.litan.019030.0003 : 21093 : 35184653758832 : DEBUG    : prep task.0357
1644244892.996 : re.session.login5.litan.019030.0003 : 21093 : 35184653758832 : DEBUG    : prep task.0032
1644244893.094 : re.session.login5.litan.019030.0003 : 21093 : 35184653758832 : DEBUG    : prep task.0071
1644244899.309 : re.session.login5.litan.019030.0003 : 21093 : 35184653758832 : DEBUG    : prep task.0359
1644244899.313 : re.session.login5.litan.019030.0003 : 21093 : 35184653758832 : DEBUG    : prep task.0397
1644244899.318 : re.session.login5.litan.019030.0003 : 21093 : 35184653758832 : DEBUG    : prep task.0399
1644244899.324 : re.session.login5.litan.019030.0003 : 21093 : 35184653758832 : DEBUG    : prep task.0398
1644244899.329 : re.session.login5.litan.019030.0003 : 21093 : 35184653758832 : DEBUG    : prep task.0400
1644244899.336 : re.session.login5.litan.019030.0003 : 21093 : 35184653758832 : DEBUG    : prep task.0401
1644244899.342 : re.session.login5.litan.019030.0003 : 21093 : 35184653758832 : DEBUG    : prep task.0402
1644244903.111 : re.session.login5.litan.019030.0003 : 21093 : 35184653758832 : DEBUG    : prep task.0413
1644244903.214 : re.session.login5.litan.019030.0003 : 21093 : 35184653758832 : DEBUG    : prep task.0411
1644244903.219 : re.session.login5.litan.019030.0003 : 21093 : 35184653758832 : DEBUG    : prep task.0415
1644244903.224 : re.session.login5.litan.019030.0003 : 21093 : 35184653758832 : DEBUG    : prep task.0414
1644244903.229 : re.session.login5.litan.019030.0003 : 21093 : 35184653758832 : DEBUG    : prep task.0416
1644244903.236 : re.session.login5.litan.019030.0003 : 21093 : 35184653758832 : DEBUG    : prep task.0412
1644244903.244 : re.session.login5.litan.019030.0003 : 21093 : 35184653758832 : DEBUG    : prep task.0258
1644244903.251 : re.session.login5.litan.019030.0003 : 21093 : 35184653758832 : DEBUG    : prep task.0260
1644244903.257 : re.session.login5.litan.019030.0003 : 21093 : 35184653758832 : DEBUG    : prep task.0262
1644244903.264 : re.session.login5.litan.019030.0003 : 21093 : 35184653758832 : DEBUG    : prep task.0257
1644244903.271 : re.session.login5.litan.019030.0003 : 21093 : 35184653758832 : DEBUG    : prep task.0259
1644244903.280 : re.session.login5.litan.019030.0003 : 21093 : 35184653758832 : DEBUG    : prep task.0261
1644244903.286 : re.session.login5.litan.019030.0003 : 21093 : 35184653758832 : DEBUG    : prep task.0045
1644244905.018 : re.session.login5.litan.019030.0003 : 21093 : 35184653758832 : DEBUG    : prep task.0006
1644244905.116 : re.session.login5.litan.019030.0003 : 21093 : 35184653758832 : DEBUG    : prep task.0228
1644244905.121 : re.session.login5.litan.019030.0003 : 21093 : 35184653758832 : DEBUG    : prep task.0084
1644244907.119 : re.session.login5.litan.019030.0003 : 21093 : 35184653758832 : DEBUG    : prep task.0313
1644244907.220 : re.session.login5.litan.019030.0003 : 21093 : 35184653758832 : DEBUG    : prep task.0315
1644244907.225 : re.session.login5.litan.019030.0003 : 21093 : 35184653758832 : DEBUG    : prep task.0316
1644244912.733 : re.session.login5.litan.019030.0003 : 21093 : 35184653758832 : DEBUG    : prep task.0317
1644244912.739 : re.session.login5.litan.019030.0003 : 21093 : 35184653758832 : DEBUG    : prep task.0318
1644244912.746 : re.session.login5.litan.019030.0003 : 21093 : 35184653758832 : DEBUG    : prep task.0314
1644244915.133 : re.session.login5.litan.019030.0003 : 21093 : 35184653758832 : DEBUG    : prep task.0138
1644244915.234 : re.session.login5.litan.019030.0003 : 21093 : 35184653758832 : DEBUG    : prep task.0139
1644244915.239 : re.session.login5.litan.019030.0003 : 21093 : 35184653758832 : DEBUG    : prep task.0137
1644244915.244 : re.session.login5.litan.019030.0003 : 21093 : 35184653758832 : DEBUG    : prep task.0141
1644244915.249 : re.session.login5.litan.019030.0003 : 21093 : 35184653758832 : DEBUG    : prep task.0142
1644244915.255 : re.session.login5.litan.019030.0003 : 21093 : 35184653758832 : DEBUG    : prep task.0140
1644244919.143 : re.session.login5.litan.019030.0003 : 21093 : 35184653758832 : DEBUG    : prep task.0305
1644244921.044 : re.session.login5.litan.019030.0003 : 21093 : 35184653758832 : DEBUG    : prep task.0034
1644244921.144 : re.session.login5.litan.019030.0003 : 21093 : 35184653758832 : DEBUG    : prep task.0037
1644244921.149 : re.session.login5.litan.019030.0003 : 21093 : 35184653758832 : DEBUG    : prep task.0038
1644244921.154 : re.session.login5.litan.019030.0003 : 21093 : 35184653758832 : DEBUG    : prep task.0036
1644244921.159 : re.session.login5.litan.019030.0003 : 21093 : 35184653758832 : DEBUG    : prep task.0033
1644244921.165 : re.session.login5.litan.019030.0003 : 21093 : 35184653758832 : DEBUG    : prep task.0035
1644244923.150 : re.session.login5.litan.019030.0003 : 21093 : 35184653758832 : DEBUG    : prep task.0361
1644244923.248 : re.session.login5.litan.019030.0003 : 21093 : 35184653758832 : DEBUG    : prep task.0403
1644244923.253 : re.session.login5.litan.019030.0003 : 21093 : 35184653758832 : DEBUG    : prep task.0417
1644244923.258 : re.session.login5.litan.019030.0003 : 21093 : 35184653758832 : DEBUG    : prep task.0263
1644244927.054 : re.session.login5.litan.019030.0003 : 21093 : 35184653758832 : DEBUG    : prep task.0046
1644244927.157 : re.session.login5.litan.019030.0003 : 21093 : 35184653758832 : DEBUG    : prep task.0047
1644244927.162 : re.session.login5.litan.019030.0003 : 21093 : 35184653758832 : DEBUG    : prep task.0050
1644244927.167 : re.session.login5.litan.019030.0003 : 21093 : 35184653758832 : DEBUG    : prep task.0051
1644244927.172 : re.session.login5.litan.019030.0003 : 21093 : 35184653758832 : DEBUG    : prep task.0049
1644244927.178 : re.session.login5.litan.019030.0003 : 21093 : 35184653758832 : DEBUG    : prep task.0048
1644244927.185 : re.session.login5.litan.019030.0003 : 21093 : 35184653758832 : DEBUG    : prep task.0073
1644244927.191 : re.session.login5.litan.019030.0003 : 21093 : 35184653758832 : DEBUG    : prep task.0077
1644244927.197 : re.session.login5.litan.019030.0003 : 21093 : 35184653758832 : DEBUG    : prep task.0076
1644244927.207 : re.session.login5.litan.019030.0003 : 21093 : 35184653758832 : DEBUG    : prep task.0075
1644244927.216 : re.session.login5.litan.019030.0003 : 21093 : 35184653758832 : DEBUG    : prep task.0074
1644244927.223 : re.session.login5.litan.019030.0003 : 21093 : 35184653758832 : DEBUG    : prep task.0072
1644244927.229 : re.session.login5.litan.019030.0003 : 21093 : 35184653758832 : DEBUG    : prep task.0242
1644244927.235 : re.session.login5.litan.019030.0003 : 21093 : 35184653758832 : DEBUG    : prep task.0340
1644244931.064 : re.session.login5.litan.019030.0003 : 21093 : 35184653758832 : DEBUG    : prep task.0007
1644244931.165 : re.session.login5.litan.019030.0003 : 21093 : 35184653758832 : DEBUG    : prep task.0011
1644244931.170 : re.session.login5.litan.019030.0003 : 21093 : 35184653758832 : DEBUG    : prep task.0010
1644244931.174 : re.session.login5.litan.019030.0003 : 21093 : 35184653758832 : DEBUG    : prep task.0008
1644244931.180 : re.session.login5.litan.019030.0003 : 21093 : 35184653758832 : DEBUG    : prep task.0012
1644244931.185 : re.session.login5.litan.019030.0003 : 21093 : 35184653758832 : DEBUG    : prep task.0009
1644244931.191 : re.session.login5.litan.019030.0003 : 21093 : 35184653758832 : DEBUG    : prep task.0229
1644244931.198 : re.session.login5.litan.019030.0003 : 21093 : 35184653758832 : DEBUG    : prep task.0231
1644244931.207 : re.session.login5.litan.019030.0003 : 21093 : 35184653758832 : DEBUG    : prep task.0233
1644244931.213 : re.session.login5.litan.019030.0003 : 21093 : 35184653758832 : DEBUG    : prep task.0230
1644244931.219 : re.session.login5.litan.019030.0003 : 21093 : 35184653758832 : DEBUG    : prep task.0232
1644244931.224 : re.session.login5.litan.019030.0003 : 21093 : 35184653758832 : DEBUG    : prep task.0234
1644244937.176 : re.session.login5.litan.019030.0003 : 21093 : 35184653758832 : DEBUG    : prep task.0319
1644244941.283 : re.session.login5.litan.019030.0003 : 21093 : 35184653758832 : DEBUG    : prep task.0368
1644244941.383 : re.session.login5.litan.019030.0003 : 21093 : 35184653758832 : DEBUG    : prep task.0214
1644244941.388 : re.session.login5.litan.019030.0003 : 21093 : 35184653758832 : DEBUG    : prep task.0424
1644244941.393 : re.session.login5.litan.019030.0003 : 21093 : 35184653758832 : DEBUG    : prep task.0270
1644244941.397 : re.session.login5.litan.019030.0003 : 21093 : 35184653758832 : DEBUG    : prep task.0326
1644244941.403 : re.session.login5.litan.019030.0003 : 21093 : 35184653758832 : DEBUG    : prep task.0382
1644244941.410 : re.session.login5.litan.019030.0003 : 21093 : 35184653758832 : DEBUG    : prep task.0284
1644244941.417 : re.session.login5.litan.019030.0003 : 21093 : 35184653758832 : DEBUG    : prep task.0087
1644244941.422 : re.session.login5.litan.019030.0003 : 21093 : 35184653758832 : DEBUG    : prep task.0088
1644244941.429 : re.session.login5.litan.019030.0003 : 21093 : 35184653758832 : DEBUG    : prep task.0089
1644244941.437 : re.session.login5.litan.019030.0003 : 21093 : 35184653758832 : DEBUG    : prep task.0085
1644244941.444 : re.session.login5.litan.019030.0003 : 21093 : 35184653758832 : DEBUG    : prep task.0090
1644244941.451 : re.session.login5.litan.019030.0003 : 21093 : 35184653758832 : DEBUG    : prep task.0086
1644244947.194 : re.session.login5.litan.019030.0003 : 21093 : 35184653758832 : DEBUG    : prep task.0243
1644244947.293 : re.session.login5.litan.019030.0003 : 21093 : 35184653758832 : DEBUG    : prep task.0245
1644244947.297 : re.session.login5.litan.019030.0003 : 21093 : 35184653758832 : DEBUG    : prep task.0247
1644244947.302 : re.session.login5.litan.019030.0003 : 21093 : 35184653758832 : DEBUG    : prep task.0246
1644244947.307 : re.session.login5.litan.019030.0003 : 21093 : 35184653758832 : DEBUG    : prep task.0244
1644244947.313 : re.session.login5.litan.019030.0003 : 21093 : 35184653758832 : DEBUG    : prep task.0248
1644244949.298 : re.session.login5.litan.019030.0003 : 21093 : 35184653758832 : DEBUG    : prep task.0344
1644244949.396 : re.session.login5.litan.019030.0003 : 21093 : 35184653758832 : DEBUG    : prep task.0346
1644244949.401 : re.session.login5.litan.019030.0003 : 21093 : 35184653758832 : DEBUG    : prep task.0343
1644244949.406 : re.session.login5.litan.019030.0003 : 21093 : 35184653758832 : DEBUG    : prep task.0341
1644244949.411 : re.session.login5.litan.019030.0003 : 21093 : 35184653758832 : DEBUG    : prep task.0345
1644244949.417 : re.session.login5.litan.019030.0003 : 21093 : 35184653758832 : DEBUG    : prep task.0342
1644244961.318 : re.session.login5.litan.019030.0003 : 21093 : 35184653758832 : DEBUG    : prep task.0235
1644244965.323 : re.session.login5.litan.019030.0003 : 21093 : 35184653758832 : DEBUG    : prep task.0372
1644244965.424 : re.session.login5.litan.019030.0003 : 21093 : 35184653758832 : DEBUG    : prep task.0370
1644244965.429 : re.session.login5.litan.019030.0003 : 21093 : 35184653758832 : DEBUG    : prep task.0374
1644244965.433 : re.session.login5.litan.019030.0003 : 21093 : 35184653758832 : DEBUG    : prep task.0369
1644244965.438 : re.session.login5.litan.019030.0003 : 21093 : 35184653758832 : DEBUG    : prep task.0373
1644244965.445 : re.session.login5.litan.019030.0003 : 21093 : 35184653758832 : DEBUG    : prep task.0371
1644244971.335 : re.session.login5.litan.019030.0003 : 21093 : 35184653758832 : DEBUG    : prep task.0217
1644244971.435 : re.session.login5.litan.019030.0003 : 21093 : 35184653758832 : DEBUG    : prep task.0215
1644244971.439 : re.session.login5.litan.019030.0003 : 21093 : 35184653758832 : DEBUG    : prep task.0219
1644244971.444 : re.session.login5.litan.019030.0003 : 21093 : 35184653758832 : DEBUG    : prep task.0216
1644244971.449 : re.session.login5.litan.019030.0003 : 21093 : 35184653758832 : DEBUG    : prep task.0220
1644244971.454 : re.session.login5.litan.019030.0003 : 21093 : 35184653758832 : DEBUG    : prep task.0218
1644244977.446 : re.session.login5.litan.019030.0003 : 21093 : 35184653758832 : DEBUG    : prep task.0430
1644244977.545 : re.session.login5.litan.019030.0003 : 21093 : 35184653758832 : DEBUG    : prep task.0427
1644244977.550 : re.session.login5.litan.019030.0003 : 21093 : 35184653758832 : DEBUG    : prep task.0425
1644244977.554 : re.session.login5.litan.019030.0003 : 21093 : 35184653758832 : DEBUG    : prep task.0429
1644244977.559 : re.session.login5.litan.019030.0003 : 21093 : 35184653758832 : DEBUG    : prep task.0428
1644244977.565 : re.session.login5.litan.019030.0003 : 21093 : 35184653758832 : DEBUG    : prep task.0426
1644244983.356 : re.session.login5.litan.019030.0003 : 21093 : 35184653758832 : DEBUG    : prep task.0272
1644244983.457 : re.session.login5.litan.019030.0003 : 21093 : 35184653758832 : DEBUG    : prep task.0274
1644244983.461 : re.session.login5.litan.019030.0003 : 21093 : 35184653758832 : DEBUG    : prep task.0273
1644244983.466 : re.session.login5.litan.019030.0003 : 21093 : 35184653758832 : DEBUG    : prep task.0275
1644244983.471 : re.session.login5.litan.019030.0003 : 21093 : 35184653758832 : DEBUG    : prep task.0276
1644244983.476 : re.session.login5.litan.019030.0003 : 21093 : 35184653758832 : DEBUG    : prep task.0271
1644244983.482 : re.session.login5.litan.019030.0003 : 21093 : 35184653758832 : DEBUG    : prep task.0329
1644244983.487 : re.session.login5.litan.019030.0003 : 21093 : 35184653758832 : DEBUG    : prep task.0327
1644244983.494 : re.session.login5.litan.019030.0003 : 21093 : 35184653758832 : DEBUG    : prep task.0331
1644244983.502 : re.session.login5.litan.019030.0003 : 21093 : 35184653758832 : DEBUG    : prep task.0332
1644244983.512 : re.session.login5.litan.019030.0003 : 21093 : 35184653758832 : DEBUG    : prep task.0330
1644244983.519 : re.session.login5.litan.019030.0003 : 21093 : 35184653758832 : DEBUG    : prep task.0328
1644244991.370 : re.session.login5.litan.019030.0003 : 21093 : 35184653758832 : DEBUG    : prep task.0387
1644244991.469 : re.session.login5.litan.019030.0003 : 21093 : 35184653758832 : DEBUG    : prep task.0384
1644244991.474 : re.session.login5.litan.019030.0003 : 21093 : 35184653758832 : DEBUG    : prep task.0386
1644244991.479 : re.session.login5.litan.019030.0003 : 21093 : 35184653758832 : DEBUG    : prep task.0388
1644244991.485 : re.session.login5.litan.019030.0003 : 21093 : 35184653758832 : DEBUG    : prep task.0385
1644244991.491 : re.session.login5.litan.019030.0003 : 21093 : 35184653758832 : DEBUG    : prep task.0383
1644244997.381 : re.session.login5.litan.019030.0003 : 21093 : 35184653758832 : DEBUG    : prep task.0289
1644244997.482 : re.session.login5.litan.019030.0003 : 21093 : 35184653758832 : DEBUG    : prep task.0286
1644244997.487 : re.session.login5.litan.019030.0003 : 21093 : 35184653758832 : DEBUG    : prep task.0288
1644244997.491 : re.session.login5.litan.019030.0003 : 21093 : 35184653758832 : DEBUG    : prep task.0290
1644244997.496 : re.session.login5.litan.019030.0003 : 21093 : 35184653758832 : DEBUG    : prep task.0285
1644244997.503 : re.session.login5.litan.019030.0003 : 21093 : 35184653758832 : DEBUG    : prep task.0287
1644245005.397 : re.session.login5.litan.019030.0003 : 21093 : 35184653758832 : DEBUG    : prep task.0375
1644245005.498 : re.session.login5.litan.019030.0003 : 21093 : 35184653758832 : DEBUG    : prep task.0221
1644245005.503 : re.session.login5.litan.019030.0003 : 21093 : 35184653758832 : DEBUG    : prep task.0431
1644245005.508 : re.session.login5.litan.019030.0003 : 21093 : 35184653758832 : DEBUG    : prep task.0277
1644245005.514 : re.session.login5.litan.019030.0003 : 21093 : 35184653758832 : DEBUG    : prep task.0333
1644245005.521 : re.session.login5.litan.019030.0003 : 21093 : 35184653758832 : DEBUG    : prep task.0389
1644245005.527 : re.session.login5.litan.019030.0003 : 21093 : 35184653758832 : DEBUG    : prep task.0291
1644245005.533 : re.session.login5.litan.019030.0003 : 21093 : 35184653758832 : DEBUG    : prep task.0249
1644245005.540 : re.session.login5.litan.019030.0003 : 21093 : 35184653758832 : DEBUG    : prep task.0347
1644245029.596 : re.session.login5.litan.019030.0003 : 20553 : 35185027182960 : INFO     : no shutdown hook defined for LaunchMethod JSRUN
1644245029.596 : re.session.login5.litan.019030.0003 : 20553 : 35185027182960 : INFO     : ResourceManager shutdown hook succeeded (JSRUN)
