1644246328.916 : re.session.login5.litan.019030.0004 : 689353 : 35184372370176 : INFO     : radical.pilot version: 1.10.0
1644246328.917 : re.session.login5.litan.019030.0004 : 689353 : 35184372370176 : INFO     : radical.saga  version: 1.8.0
1644246328.917 : re.session.login5.litan.019030.0004 : 689353 : 35184372370176 : INFO     : radical.utils version: 1.9.0
1644246329.148 : re.session.login5.litan.019030.0004 : 689353 : 35184372370176 : INFO     : Configuring ResourceManager LSF_SUMMIT.
1644246329.149 : re.session.login5.litan.019030.0004 : 689353 : 35184372370176 : INFO     : LSB_DJOB_HOSTFILE: /ccs/home/litan/.lsbatch/1644245155.1833191.hostfile
1644246329.150 : re.session.login5.litan.019030.0004 : 689353 : 35184372370176 : DEBUG    : found 32 nodes: {'h31n01': 42, 'h31n02': 42, 'h31n03': 42, 'h31n04': 42, 'h31n05': 42, 'h31n06': 42, 'h31n07': 42, 'h31n08': 42, 'h31n09': 42, 'h31n10': 42, 'h31n11': 42, 'h31n12': 42, 'h31n13': 42, 'h31n14': 42, 'h31n15': 42, 'h31n16': 42, 'h31n17': 42, 'h31n18': 42, 'h32n01': 42, 'h32n02': 42, 'h32n03': 42, 'h32n04': 42, 'h32n05': 42, 'h32n06': 42, 'h32n07': 42, 'h32n08': 42, 'h32n09': 42, 'h32n10': 42, 'h32n11': 42, 'h32n12': 42, 'h32n13': 42, 'h32n14': 42}
1644246329.150 : re.session.login5.litan.019030.0004 : 689353 : 35184372370176 : DEBUG    : found 32 nodes with 42 cores
1644246329.150 : re.session.login5.litan.019030.0004 : 689353 : 35184372370176 : DEBUG    : node list: [['h31n01', '1'],
 ['h31n02', '2'],
 ['h31n03', '3'],
 ['h31n04', '4'],
 ['h31n05', '5'],
 ['h31n06', '6'],
 ['h31n07', '7'],
 ['h31n08', '8'],
 ['h31n09', '9'],
 ['h31n10', '10'],
 ['h31n11', '11'],
 ['h31n12', '12'],
 ['h31n13', '13'],
 ['h31n14', '14'],
 ['h31n15', '15'],
 ['h31n16', '16'],
 ['h31n17', '17'],
 ['h31n18', '18'],
 ['h32n01', '19'],
 ['h32n02', '20'],
 ['h32n03', '21'],
 ['h32n04', '22'],
 ['h32n05', '23'],
 ['h32n06', '24'],
 ['h32n07', '25'],
 ['h32n08', '26'],
 ['h32n09', '27'],
 ['h32n10', '28'],
 ['h32n11', '29'],
 ['h32n12', '30'],
 ['h32n13', '31'],
 ['h32n14', '32']]
1644246329.150 : re.session.login5.litan.019030.0004 : 689353 : 35184372370176 : INFO     : Discovered execution environment: [['h31n01', '1'], ['h31n02', '2'], ['h31n03', '3'], ['h31n04', '4'], ['h31n05', '5'], ['h31n06', '6'], ['h31n07', '7'], ['h31n08', '8'], ['h31n09', '9'], ['h31n10', '10'], ['h31n11', '11'], ['h31n12', '12'], ['h31n13', '13'], ['h31n14', '14'], ['h31n15', '15'], ['h31n16', '16'], ['h31n17', '17'], ['h31n18', '18'], ['h32n01', '19'], ['h32n02', '20'], ['h32n03', '21'], ['h32n04', '22'], ['h32n05', '23'], ['h32n06', '24'], ['h32n07', '25'], ['h32n08', '26'], ['h32n09', '27'], ['h32n10', '28'], ['h32n11', '29'], ['h32n12', '30'], ['h32n13', '31'], ['h32n14', '32']]
1644246329.154 : re.session.login5.litan.019030.0004 : 689353 : 35184372370176 : INFO     : ResourceManager config hook for LaunchMethod JSRUN: <class 'radical.pilot.agent.launch_method.jsrun.JSRUN'>
1644246329.154 : re.session.login5.litan.019030.0004 : 689353 : 35184372370176 : INFO     : ResourceManager config hook succeeded (JSRUN)
1644246335.072 : re.session.login5.litan.019030.0004 : 689856 : 35184372370176 : INFO     : radical.pilot version: 1.10.0
1644246335.072 : re.session.login5.litan.019030.0004 : 689856 : 35184372370176 : INFO     : radical.saga  version: 1.8.0
1644246335.072 : re.session.login5.litan.019030.0004 : 689856 : 35184372370176 : INFO     : radical.utils version: 1.9.0
1644246335.441 : re.session.login5.litan.019030.0004 : 689856 : 35184653758832 : DEBUG    : create LaunchMethod: <class 'radical.pilot.agent.launch_method.jsrun.JSRUN'>
1644246335.444 : re.session.login5.litan.019030.0004 : 689856 : 35184653758832 : DEBUG    : create LaunchMethod: <class 'radical.pilot.agent.launch_method.jsrun.JSRUN'>
1644246335.711 : re.session.login5.litan.019030.0004 : 689926 : 35184372370176 : INFO     : radical.pilot version: 1.10.0
1644246335.711 : re.session.login5.litan.019030.0004 : 689926 : 35184372370176 : INFO     : radical.saga  version: 1.8.0
1644246335.713 : re.session.login5.litan.019030.0004 : 689926 : 35184372370176 : INFO     : radical.utils version: 1.9.0
1644246336.324 : re.session.login5.litan.019030.0004 : 689994 : 35184372370176 : INFO     : radical.pilot version: 1.10.0
1644246336.324 : re.session.login5.litan.019030.0004 : 689994 : 35184372370176 : INFO     : radical.saga  version: 1.8.0
1644246336.324 : re.session.login5.litan.019030.0004 : 689994 : 35184372370176 : INFO     : radical.utils version: 1.9.0
1644246336.908 : re.session.login5.litan.019030.0004 : 690062 : 35184372370176 : INFO     : radical.pilot version: 1.10.0
1644246336.908 : re.session.login5.litan.019030.0004 : 690062 : 35184372370176 : INFO     : radical.saga  version: 1.8.0
1644246336.908 : re.session.login5.litan.019030.0004 : 690062 : 35184372370176 : INFO     : radical.utils version: 1.9.0
1644246337.495 : re.session.login5.litan.019030.0004 : 690121 : 35184372370176 : INFO     : radical.pilot version: 1.10.0
1644246337.495 : re.session.login5.litan.019030.0004 : 690121 : 35184372370176 : INFO     : radical.saga  version: 1.8.0
1644246337.495 : re.session.login5.litan.019030.0004 : 690121 : 35184372370176 : INFO     : radical.utils version: 1.9.0
1644246355.574 : re.session.login5.litan.019030.0004 : 689856 : 35184653758832 : DEBUG    : prep task.0461
1644246355.726 : re.session.login5.litan.019030.0004 : 689856 : 35184653758832 : DEBUG    : prep task.0463
1644246355.735 : re.session.login5.litan.019030.0004 : 689856 : 35184653758832 : DEBUG    : prep task.0460
1644246355.743 : re.session.login5.litan.019030.0004 : 689856 : 35184653758832 : DEBUG    : prep task.0458
1644246355.751 : re.session.login5.litan.019030.0004 : 689856 : 35184653758832 : DEBUG    : prep task.0462
1644246355.774 : re.session.login5.litan.019030.0004 : 689856 : 35184653758832 : DEBUG    : prep task.0459
1644246355.782 : re.session.login5.litan.019030.0004 : 689856 : 35184653758832 : DEBUG    : prep task.0824
1644246355.790 : re.session.login5.litan.019030.0004 : 689856 : 35184653758832 : DEBUG    : prep task.0822
1644246355.799 : re.session.login5.litan.019030.0004 : 689856 : 35184653758832 : DEBUG    : prep task.0823
1644246355.807 : re.session.login5.litan.019030.0004 : 689856 : 35184653758832 : DEBUG    : prep task.0826
1644246355.815 : re.session.login5.litan.019030.0004 : 689856 : 35184653758832 : DEBUG    : prep task.0827
1644246355.822 : re.session.login5.litan.019030.0004 : 689856 : 35184653758832 : DEBUG    : prep task.0825
1644246355.830 : re.session.login5.litan.019030.0004 : 689856 : 35184653758832 : DEBUG    : prep task.0001
1644246355.852 : re.session.login5.litan.019030.0004 : 689856 : 35184653758832 : DEBUG    : prep task.0002
1644246355.861 : re.session.login5.litan.019030.0004 : 689856 : 35184653758832 : DEBUG    : prep task.0003
1644246355.869 : re.session.login5.litan.019030.0004 : 689856 : 35184653758832 : DEBUG    : prep task.0005
1644246355.879 : re.session.login5.litan.019030.0004 : 689856 : 35184653758832 : DEBUG    : prep task.0004
1644246355.888 : re.session.login5.litan.019030.0004 : 689856 : 35184653758832 : DEBUG    : prep task.0000
1644246355.897 : re.session.login5.litan.019030.0004 : 689856 : 35184653758832 : DEBUG    : prep task.0108
1644246355.908 : re.session.login5.litan.019030.0004 : 689856 : 35184653758832 : DEBUG    : prep task.0106
1644246355.920 : re.session.login5.litan.019030.0004 : 689856 : 35184653758832 : DEBUG    : prep task.0105
1644246355.932 : re.session.login5.litan.019030.0004 : 689856 : 35184653758832 : DEBUG    : prep task.0109
1644246355.941 : re.session.login5.litan.019030.0004 : 689856 : 35184653758832 : DEBUG    : prep task.0107
1644246355.949 : re.session.login5.litan.019030.0004 : 689856 : 35184653758832 : DEBUG    : prep task.0104
1644246355.964 : re.session.login5.litan.019030.0004 : 689856 : 35184653758832 : DEBUG    : prep task.0222
1644246355.973 : re.session.login5.litan.019030.0004 : 689856 : 35184653758832 : DEBUG    : prep task.0224
1644246355.981 : re.session.login5.litan.019030.0004 : 689856 : 35184653758832 : DEBUG    : prep task.0226
1644246355.989 : re.session.login5.litan.019030.0004 : 689856 : 35184653758832 : DEBUG    : prep task.0221
1644246355.997 : re.session.login5.litan.019030.0004 : 689856 : 35184653758832 : DEBUG    : prep task.0223
1644246356.008 : re.session.login5.litan.019030.0004 : 689856 : 35184653758832 : DEBUG    : prep task.0225
1644246356.018 : re.session.login5.litan.019030.0004 : 689856 : 35184653758832 : DEBUG    : prep task.0313
1644246356.028 : re.session.login5.litan.019030.0004 : 689856 : 35184653758832 : DEBUG    : prep task.0315
1644246356.039 : re.session.login5.litan.019030.0004 : 689856 : 35184653758832 : DEBUG    : prep task.0314
1644246356.051 : re.session.login5.litan.019030.0004 : 689856 : 35184653758832 : DEBUG    : prep task.0316
1644246356.073 : re.session.login5.litan.019030.0004 : 689856 : 35184653758832 : DEBUG    : prep task.0317
1644246356.082 : re.session.login5.litan.019030.0004 : 689856 : 35184653758832 : DEBUG    : prep task.0312
1644246356.091 : re.session.login5.litan.019030.0004 : 689856 : 35184653758832 : DEBUG    : prep task.0122
1644246356.102 : re.session.login5.litan.019030.0004 : 689856 : 35184653758832 : DEBUG    : prep task.0118
1644246356.113 : re.session.login5.litan.019030.0004 : 689856 : 35184653758832 : DEBUG    : prep task.0120
1644246356.121 : re.session.login5.litan.019030.0004 : 689856 : 35184653758832 : DEBUG    : prep task.0121
1644246356.129 : re.session.login5.litan.019030.0004 : 689856 : 35184653758832 : DEBUG    : prep task.0117
1644246356.141 : re.session.login5.litan.019030.0004 : 689856 : 35184653758832 : DEBUG    : prep task.0119
1644246356.150 : re.session.login5.litan.019030.0004 : 689856 : 35184653758832 : DEBUG    : prep task.0404
1644246356.158 : re.session.login5.litan.019030.0004 : 689856 : 35184653758832 : DEBUG    : prep task.0406
1644246356.167 : re.session.login5.litan.019030.0004 : 689856 : 35184653758832 : DEBUG    : prep task.0408
1644246356.188 : re.session.login5.litan.019030.0004 : 689856 : 35184653758832 : DEBUG    : prep task.0403
1644246356.197 : re.session.login5.litan.019030.0004 : 689856 : 35184653758832 : DEBUG    : prep task.0405
1644246356.206 : re.session.login5.litan.019030.0004 : 689856 : 35184653758832 : DEBUG    : prep task.0407
1644246356.214 : re.session.login5.litan.019030.0004 : 689856 : 35184653758832 : DEBUG    : prep task.0517
1644246356.222 : re.session.login5.litan.019030.0004 : 689856 : 35184653758832 : DEBUG    : prep task.0515
1644246356.232 : re.session.login5.litan.019030.0004 : 689856 : 35184653758832 : DEBUG    : prep task.0514
1644246356.242 : re.session.login5.litan.019030.0004 : 689856 : 35184653758832 : DEBUG    : prep task.0518
1644246356.251 : re.session.login5.litan.019030.0004 : 689856 : 35184653758832 : DEBUG    : prep task.0519
1644246356.259 : re.session.login5.litan.019030.0004 : 689856 : 35184653758832 : DEBUG    : prep task.0516
1644246356.268 : re.session.login5.litan.019030.0004 : 689856 : 35184653758832 : DEBUG    : prep task.0669
1644246356.275 : re.session.login5.litan.019030.0004 : 689856 : 35184653758832 : DEBUG    : prep task.0671
1644246356.284 : re.session.login5.litan.019030.0004 : 689856 : 35184653758832 : DEBUG    : prep task.0668
1644246356.292 : re.session.login5.litan.019030.0004 : 689856 : 35184653758832 : DEBUG    : prep task.0672
1644246356.299 : re.session.login5.litan.019030.0004 : 689856 : 35184653758832 : DEBUG    : prep task.0673
1644246356.308 : re.session.login5.litan.019030.0004 : 689856 : 35184653758832 : DEBUG    : prep task.0670
1644246356.316 : re.session.login5.litan.019030.0004 : 689856 : 35184653758832 : DEBUG    : prep task.0044
1644246356.325 : re.session.login5.litan.019030.0004 : 689856 : 35184653758832 : DEBUG    : prep task.0039
1644246356.345 : re.session.login5.litan.019030.0004 : 689856 : 35184653758832 : DEBUG    : prep task.0041
1644246356.354 : re.session.login5.litan.019030.0004 : 689856 : 35184653758832 : DEBUG    : prep task.0040
1644246356.362 : re.session.login5.litan.019030.0004 : 689856 : 35184653758832 : DEBUG    : prep task.0043
1644246356.372 : re.session.login5.litan.019030.0004 : 689856 : 35184653758832 : DEBUG    : prep task.0042
1644246356.382 : re.session.login5.litan.019030.0004 : 689856 : 35184653758832 : DEBUG    : prep task.0725
1644246356.393 : re.session.login5.litan.019030.0004 : 689856 : 35184653758832 : DEBUG    : prep task.0729
1644246356.402 : re.session.login5.litan.019030.0004 : 689856 : 35184653758832 : DEBUG    : prep task.0726
1644246356.411 : re.session.login5.litan.019030.0004 : 689856 : 35184653758832 : DEBUG    : prep task.0724
1644246356.421 : re.session.login5.litan.019030.0004 : 689856 : 35184653758832 : DEBUG    : prep task.0728
1644246356.436 : re.session.login5.litan.019030.0004 : 689856 : 35184653758832 : DEBUG    : prep task.0727
1644246356.444 : re.session.login5.litan.019030.0004 : 689856 : 35184653758832 : DEBUG    : prep task.0571
1644246356.452 : re.session.login5.litan.019030.0004 : 689856 : 35184653758832 : DEBUG    : prep task.0573
1644246356.460 : re.session.login5.litan.019030.0004 : 689856 : 35184653758832 : DEBUG    : prep task.0575
1644246356.469 : re.session.login5.litan.019030.0004 : 689856 : 35184653758832 : DEBUG    : prep task.0572
1644246356.477 : re.session.login5.litan.019030.0004 : 689856 : 35184653758832 : DEBUG    : prep task.0570
1644246356.485 : re.session.login5.litan.019030.0004 : 689856 : 35184653758832 : DEBUG    : prep task.0574
1644246356.493 : re.session.login5.litan.019030.0004 : 689856 : 35184653758832 : DEBUG    : prep task.0234
1644246356.501 : re.session.login5.litan.019030.0004 : 689856 : 35184653758832 : DEBUG    : prep task.0238
1644246356.509 : re.session.login5.litan.019030.0004 : 689856 : 35184653758832 : DEBUG    : prep task.0237
1644246356.518 : re.session.login5.litan.019030.0004 : 689856 : 35184653758832 : DEBUG    : prep task.0235
1644246356.528 : re.session.login5.litan.019030.0004 : 689856 : 35184653758832 : DEBUG    : prep task.0239
1644246356.536 : re.session.login5.litan.019030.0004 : 689856 : 35184653758832 : DEBUG    : prep task.0236
1644246356.548 : re.session.login5.litan.019030.0004 : 689856 : 35184653758832 : DEBUG    : prep task.0326
1644246356.557 : re.session.login5.litan.019030.0004 : 689856 : 35184653758832 : DEBUG    : prep task.0328
1644246356.569 : re.session.login5.litan.019030.0004 : 689856 : 35184653758832 : DEBUG    : prep task.0330
1644246356.578 : re.session.login5.litan.019030.0004 : 689856 : 35184653758832 : DEBUG    : prep task.0327
1644246356.589 : re.session.login5.litan.019030.0004 : 689856 : 35184653758832 : DEBUG    : prep task.0325
1644246356.598 : re.session.login5.litan.019030.0004 : 689856 : 35184653758832 : DEBUG    : prep task.0329
1644246356.608 : re.session.login5.litan.019030.0004 : 689856 : 35184653758832 : DEBUG    : prep task.0419
1644246356.622 : re.session.login5.litan.019030.0004 : 689856 : 35184653758832 : DEBUG    : prep task.0417
1644246356.632 : re.session.login5.litan.019030.0004 : 689856 : 35184653758832 : DEBUG    : prep task.0421
1644246356.642 : re.session.login5.litan.019030.0004 : 689856 : 35184653758832 : DEBUG    : prep task.0416
1644246356.650 : re.session.login5.litan.019030.0004 : 689856 : 35184653758832 : DEBUG    : prep task.0420
1644246356.659 : re.session.login5.litan.019030.0004 : 689856 : 35184653758832 : DEBUG    : prep task.0418
1644246356.681 : re.session.login5.litan.019030.0004 : 689856 : 35184653758832 : DEBUG    : prep task.0781
1644246356.688 : re.session.login5.litan.019030.0004 : 689856 : 35184653758832 : DEBUG    : prep task.0783
1644246356.697 : re.session.login5.litan.019030.0004 : 689856 : 35184653758832 : DEBUG    : prep task.0780
1644246356.705 : re.session.login5.litan.019030.0004 : 689856 : 35184653758832 : DEBUG    : prep task.0784
1644246356.713 : re.session.login5.litan.019030.0004 : 689856 : 35184653758832 : DEBUG    : prep task.0785
1644246356.721 : re.session.login5.litan.019030.0004 : 689856 : 35184653758832 : DEBUG    : prep task.0782
1644246356.730 : re.session.login5.litan.019030.0004 : 689856 : 35184653758832 : DEBUG    : prep task.0626
1644246356.737 : re.session.login5.litan.019030.0004 : 689856 : 35184653758832 : DEBUG    : prep task.0628
1644246356.745 : re.session.login5.litan.019030.0004 : 689856 : 35184653758832 : DEBUG    : prep task.0630
1644246356.754 : re.session.login5.litan.019030.0004 : 689856 : 35184653758832 : DEBUG    : prep task.0627
1644246356.762 : re.session.login5.litan.019030.0004 : 689856 : 35184653758832 : DEBUG    : prep task.0629
1644246356.770 : re.session.login5.litan.019030.0004 : 689856 : 35184653758832 : DEBUG    : prep task.0631
1644246356.779 : re.session.login5.litan.019030.0004 : 689856 : 35184653758832 : DEBUG    : prep task.0056
1644246356.787 : re.session.login5.litan.019030.0004 : 689856 : 35184653758832 : DEBUG    : prep task.0054
1644246356.795 : re.session.login5.litan.019030.0004 : 689856 : 35184653758832 : DEBUG    : prep task.0055
1644246356.804 : re.session.login5.litan.019030.0004 : 689856 : 35184653758832 : DEBUG    : prep task.0057
1644246356.812 : re.session.login5.litan.019030.0004 : 689856 : 35184653758832 : DEBUG    : prep task.0053
1644246356.820 : re.session.login5.litan.019030.0004 : 689856 : 35184653758832 : DEBUG    : prep task.0052
1644246356.829 : re.session.login5.litan.019030.0004 : 689856 : 35184653758832 : DEBUG    : prep task.0133
1644246356.838 : re.session.login5.litan.019030.0004 : 689856 : 35184653758832 : DEBUG    : prep task.0130
1644246356.847 : re.session.login5.litan.019030.0004 : 689856 : 35184653758832 : DEBUG    : prep task.0131
1644246356.857 : re.session.login5.litan.019030.0004 : 689856 : 35184653758832 : DEBUG    : prep task.0134
1644246356.866 : re.session.login5.litan.019030.0004 : 689856 : 35184653758832 : DEBUG    : prep task.0135
1644246356.874 : re.session.login5.litan.019030.0004 : 689856 : 35184653758832 : DEBUG    : prep task.0132
1644246356.883 : re.session.login5.litan.019030.0004 : 689856 : 35184653758832 : DEBUG    : prep task.0474
1644246356.896 : re.session.login5.litan.019030.0004 : 689856 : 35184653758832 : DEBUG    : prep task.0472
1644246356.905 : re.session.login5.litan.019030.0004 : 689856 : 35184653758832 : DEBUG    : prep task.0476
1644246356.914 : re.session.login5.litan.019030.0004 : 689856 : 35184653758832 : DEBUG    : prep task.0475
1644246356.922 : re.session.login5.litan.019030.0004 : 689856 : 35184653758832 : DEBUG    : prep task.0477
1644246356.930 : re.session.login5.litan.019030.0004 : 689856 : 35184653758832 : DEBUG    : prep task.0473
1644246356.938 : re.session.login5.litan.019030.0004 : 689856 : 35184653758832 : DEBUG    : prep task.0837
1644246356.946 : re.session.login5.litan.019030.0004 : 689856 : 35184653758832 : DEBUG    : prep task.0839
1644246356.954 : re.session.login5.litan.019030.0004 : 689856 : 35184653758832 : DEBUG    : prep task.0841
1644246356.961 : re.session.login5.litan.019030.0004 : 689856 : 35184653758832 : DEBUG    : prep task.0838
1644246356.970 : re.session.login5.litan.019030.0004 : 689856 : 35184653758832 : DEBUG    : prep task.0836
1644246356.977 : re.session.login5.litan.019030.0004 : 689856 : 35184653758832 : DEBUG    : prep task.0840
1644246356.986 : re.session.login5.litan.019030.0004 : 689856 : 35184653758832 : DEBUG    : prep task.0248
1644246356.994 : re.session.login5.litan.019030.0004 : 689856 : 35184653758832 : DEBUG    : prep task.0250
1644246357.002 : re.session.login5.litan.019030.0004 : 689856 : 35184653758832 : DEBUG    : prep task.0252
1644246357.010 : re.session.login5.litan.019030.0004 : 689856 : 35184653758832 : DEBUG    : prep task.0247
1644246357.021 : re.session.login5.litan.019030.0004 : 689856 : 35184653758832 : DEBUG    : prep task.0251
1644246357.030 : re.session.login5.litan.019030.0004 : 689856 : 35184653758832 : DEBUG    : prep task.0249
1644246357.039 : re.session.login5.litan.019030.0004 : 689856 : 35184653758832 : DEBUG    : prep task.0338
1644246357.048 : re.session.login5.litan.019030.0004 : 689856 : 35184653758832 : DEBUG    : prep task.0342
1644246357.057 : re.session.login5.litan.019030.0004 : 689856 : 35184653758832 : DEBUG    : prep task.0339
1644246357.066 : re.session.login5.litan.019030.0004 : 689856 : 35184653758832 : DEBUG    : prep task.0341
1644246357.076 : re.session.login5.litan.019030.0004 : 689856 : 35184653758832 : DEBUG    : prep task.0343
1644246357.085 : re.session.login5.litan.019030.0004 : 689856 : 35184653758832 : DEBUG    : prep task.0340
1644246357.096 : re.session.login5.litan.019030.0004 : 689856 : 35184653758832 : DEBUG    : prep task.0682
1644246357.104 : re.session.login5.litan.019030.0004 : 689856 : 35184653758832 : DEBUG    : prep task.0683
1644246357.114 : re.session.login5.litan.019030.0004 : 689856 : 35184653758832 : DEBUG    : prep task.0685
1644246357.123 : re.session.login5.litan.019030.0004 : 689856 : 35184653758832 : DEBUG    : prep task.0686
1644246357.132 : re.session.login5.litan.019030.0004 : 689856 : 35184653758832 : DEBUG    : prep task.0687
1644246357.140 : re.session.login5.litan.019030.0004 : 689856 : 35184653758832 : DEBUG    : prep task.0684
1644246357.148 : re.session.login5.litan.019030.0004 : 689856 : 35184653758832 : DEBUG    : prep task.0528
1644246357.156 : re.session.login5.litan.019030.0004 : 689856 : 35184653758832 : DEBUG    : prep task.0531
1644246357.164 : re.session.login5.litan.019030.0004 : 689856 : 35184653758832 : DEBUG    : prep task.0530
1644246357.172 : re.session.login5.litan.019030.0004 : 689856 : 35184653758832 : DEBUG    : prep task.0532
1644246357.180 : re.session.login5.litan.019030.0004 : 689856 : 35184653758832 : DEBUG    : prep task.0533
1644246357.188 : re.session.login5.litan.019030.0004 : 689856 : 35184653758832 : DEBUG    : prep task.0529
1644246357.196 : re.session.login5.litan.019030.0004 : 689856 : 35184653758832 : DEBUG    : prep task.0740
1644246357.204 : re.session.login5.litan.019030.0004 : 689856 : 35184653758832 : DEBUG    : prep task.0738
1644246357.213 : re.session.login5.litan.019030.0004 : 689856 : 35184653758832 : DEBUG    : prep task.0742
1644246357.221 : re.session.login5.litan.019030.0004 : 689856 : 35184653758832 : DEBUG    : prep task.0741
1644246357.230 : re.session.login5.litan.019030.0004 : 689856 : 35184653758832 : DEBUG    : prep task.0743
1644246357.239 : re.session.login5.litan.019030.0004 : 689856 : 35184653758832 : DEBUG    : prep task.0739
1644246357.247 : re.session.login5.litan.019030.0004 : 689856 : 35184653758832 : DEBUG    : prep task.0144
1644246357.256 : re.session.login5.litan.019030.0004 : 689856 : 35184653758832 : DEBUG    : prep task.0146
1644246357.264 : re.session.login5.litan.019030.0004 : 689856 : 35184653758832 : DEBUG    : prep task.0145
1644246357.273 : re.session.login5.litan.019030.0004 : 689856 : 35184653758832 : DEBUG    : prep task.0147
1644246357.281 : re.session.login5.litan.019030.0004 : 689856 : 35184653758832 : DEBUG    : prep task.0148
1644246357.290 : re.session.login5.litan.019030.0004 : 689856 : 35184653758832 : DEBUG    : prep task.0143
1644246357.298 : re.session.login5.litan.019030.0004 : 689856 : 35184653758832 : DEBUG    : prep task.0587
1644246357.307 : re.session.login5.litan.019030.0004 : 689856 : 35184653758832 : DEBUG    : prep task.0585
1644246357.317 : re.session.login5.litan.019030.0004 : 689856 : 35184653758832 : DEBUG    : prep task.0588
1644246357.327 : re.session.login5.litan.019030.0004 : 689856 : 35184653758832 : DEBUG    : prep task.0589
1644246357.335 : re.session.login5.litan.019030.0004 : 689856 : 35184653758832 : DEBUG    : prep task.0584
1644246357.344 : re.session.login5.litan.019030.0004 : 689856 : 35184653758832 : DEBUG    : prep task.0586
1644246357.352 : re.session.login5.litan.019030.0004 : 689856 : 35184653758832 : DEBUG    : prep task.0018
1644246357.360 : re.session.login5.litan.019030.0004 : 689856 : 35184653758832 : DEBUG    : prep task.0014
1644246357.369 : re.session.login5.litan.019030.0004 : 689856 : 35184653758832 : DEBUG    : prep task.0013
1644246357.379 : re.session.login5.litan.019030.0004 : 689856 : 35184653758832 : DEBUG    : prep task.0016
1644246357.389 : re.session.login5.litan.019030.0004 : 689856 : 35184653758832 : DEBUG    : prep task.0017
1644246357.398 : re.session.login5.litan.019030.0004 : 689856 : 35184653758832 : DEBUG    : prep task.0015
1644246357.406 : re.session.login5.litan.019030.0004 : 689856 : 35184653758832 : DEBUG    : prep task.0430
1644246357.415 : re.session.login5.litan.019030.0004 : 689856 : 35184653758832 : DEBUG    : prep task.0434
1644246357.426 : re.session.login5.litan.019030.0004 : 689856 : 35184653758832 : DEBUG    : prep task.0431
1644246357.436 : re.session.login5.litan.019030.0004 : 689856 : 35184653758832 : DEBUG    : prep task.0433
1644246357.445 : re.session.login5.litan.019030.0004 : 689856 : 35184653758832 : DEBUG    : prep task.0435
1644246357.452 : re.session.login5.litan.019030.0004 : 689856 : 35184653758832 : DEBUG    : prep task.0432
1644246357.460 : re.session.login5.litan.019030.0004 : 689856 : 35184653758832 : DEBUG    : prep task.0262
1644246357.468 : re.session.login5.litan.019030.0004 : 689856 : 35184653758832 : DEBUG    : prep task.0260
1644246357.477 : re.session.login5.litan.019030.0004 : 689856 : 35184653758832 : DEBUG    : prep task.0263
1644246357.485 : re.session.login5.litan.019030.0004 : 689856 : 35184653758832 : DEBUG    : prep task.0264
1644246357.494 : re.session.login5.litan.019030.0004 : 689856 : 35184653758832 : DEBUG    : prep task.0265
1644246357.503 : re.session.login5.litan.019030.0004 : 689856 : 35184653758832 : DEBUG    : prep task.0261
1644246368.910 : re.session.login5.litan.019030.0004 : 689856 : 35184653758832 : DEBUG    : prep task.0351
1644246368.918 : re.session.login5.litan.019030.0004 : 689856 : 35184653758832 : DEBUG    : prep task.0355
1644246368.926 : re.session.login5.litan.019030.0004 : 689856 : 35184653758832 : DEBUG    : prep task.0352
1644246368.938 : re.session.login5.litan.019030.0004 : 689856 : 35184653758832 : DEBUG    : prep task.0354
1644246368.948 : re.session.login5.litan.019030.0004 : 689856 : 35184653758832 : DEBUG    : prep task.0356
1644246368.959 : re.session.login5.litan.019030.0004 : 689856 : 35184653758832 : DEBUG    : prep task.0794
1644246369.108 : re.session.login5.litan.019030.0004 : 689856 : 35184653758832 : DEBUG    : prep task.0795
1644246369.116 : re.session.login5.litan.019030.0004 : 689856 : 35184653758832 : DEBUG    : prep task.0275
1644246369.124 : re.session.login5.litan.019030.0004 : 689856 : 35184653758832 : DEBUG    : prep task.0173
1644246369.131 : re.session.login5.litan.019030.0004 : 689856 : 35184653758832 : DEBUG    : prep task.0796
1644246369.140 : re.session.login5.litan.019030.0004 : 689856 : 35184653758832 : DEBUG    : prep task.0797
1644246369.150 : re.session.login5.litan.019030.0004 : 689856 : 35184653758832 : DEBUG    : prep task.0643
1644246369.159 : re.session.login5.litan.019030.0004 : 689856 : 35184653758832 : DEBUG    : prep task.0798
1644246369.168 : re.session.login5.litan.019030.0004 : 689856 : 35184653758832 : DEBUG    : prep task.0642
1644246369.177 : re.session.login5.litan.019030.0004 : 689856 : 35184653758832 : DEBUG    : prep task.0644
1644246369.408 : re.session.login5.litan.019030.0004 : 689856 : 35184653758832 : DEBUG    : prep task.0208
1644246369.416 : re.session.login5.litan.019030.0004 : 689856 : 35184653758832 : DEBUG    : prep task.0542
1644246369.423 : re.session.login5.litan.019030.0004 : 689856 : 35184653758832 : DEBUG    : prep task.0599
1644246369.432 : re.session.login5.litan.019030.0004 : 689856 : 35184653758832 : DEBUG    : prep task.0182
1644246369.441 : re.session.login5.litan.019030.0004 : 689856 : 35184653758832 : DEBUG    : prep task.0209
1644246369.450 : re.session.login5.litan.019030.0004 : 689856 : 35184653758832 : DEBUG    : prep task.0211
1644246369.708 : re.session.login5.litan.019030.0004 : 689856 : 35184653758832 : DEBUG    : prep task.0377
1644246369.716 : re.session.login5.litan.019030.0004 : 689856 : 35184653758832 : DEBUG    : prep task.0367
1644246369.724 : re.session.login5.litan.019030.0004 : 689856 : 35184653758832 : DEBUG    : prep task.0171
1644246369.808 : re.session.login5.litan.019030.0004 : 689856 : 35184653758832 : DEBUG    : prep task.0641
1644246369.817 : re.session.login5.litan.019030.0004 : 689856 : 35184653758832 : DEBUG    : prep task.0369
1644246369.825 : re.session.login5.litan.019030.0004 : 689856 : 35184653758832 : DEBUG    : prep task.0287
1644246369.908 : re.session.login5.litan.019030.0004 : 689856 : 35184653758832 : DEBUG    : prep task.0617
1644246369.916 : re.session.login5.litan.019030.0004 : 689856 : 35184653758832 : DEBUG    : prep task.0290
1644246370.008 : re.session.login5.litan.019030.0004 : 689856 : 35184653758832 : DEBUG    : prep task.0489
1644246370.016 : re.session.login5.litan.019030.0004 : 689856 : 35184653758832 : DEBUG    : prep task.0299
1644246370.109 : re.session.login5.litan.019030.0004 : 689856 : 35184653758832 : DEBUG    : prep task.0174
1644246370.209 : re.session.login5.litan.019030.0004 : 689856 : 35184653758832 : DEBUG    : prep task.0289
1644246370.411 : re.session.login5.litan.019030.0004 : 689856 : 35184653758832 : DEBUG    : prep task.0172
1644246370.419 : re.session.login5.litan.019030.0004 : 689856 : 35184653758832 : DEBUG    : prep task.0288
1644246370.427 : re.session.login5.litan.019030.0004 : 689856 : 35184653758832 : DEBUG    : prep task.0640
1644246370.510 : re.session.login5.litan.019030.0004 : 689856 : 35184653758832 : DEBUG    : prep task.0560
1644246370.518 : re.session.login5.litan.019030.0004 : 689856 : 35184653758832 : DEBUG    : prep task.0183
1644246370.527 : re.session.login5.litan.019030.0004 : 689856 : 35184653758832 : DEBUG    : prep task.0300
1644246370.612 : re.session.login5.litan.019030.0004 : 689856 : 35184653758832 : DEBUG    : prep task.0850
1644246370.621 : re.session.login5.litan.019030.0004 : 689856 : 35184653758832 : DEBUG    : prep task.0200
1644246370.629 : re.session.login5.litan.019030.0004 : 689856 : 35184653758832 : DEBUG    : prep task.0546
1644246370.638 : re.session.login5.litan.019030.0004 : 689856 : 35184653758832 : DEBUG    : prep task.0854
1644246370.647 : re.session.login5.litan.019030.0004 : 689856 : 35184653758832 : DEBUG    : prep task.0380
1644246370.657 : re.session.login5.litan.019030.0004 : 689856 : 35184653758832 : DEBUG    : prep task.0655
1644246370.711 : re.session.login5.litan.019030.0004 : 689856 : 35184653758832 : DEBUG    : prep task.0768
1644246370.719 : re.session.login5.litan.019030.0004 : 689856 : 35184653758832 : DEBUG    : prep task.0601
1644246370.727 : re.session.login5.litan.019030.0004 : 689856 : 35184653758832 : DEBUG    : prep task.0543
1644246381.332 : re.session.login5.litan.019030.0004 : 689856 : 35184653758832 : DEBUG    : prep task.0158
1644246381.342 : re.session.login5.litan.019030.0004 : 689856 : 35184653758832 : DEBUG    : prep task.0157
1644246381.351 : re.session.login5.litan.019030.0004 : 689856 : 35184653758832 : DEBUG    : prep task.0701
1644246381.430 : re.session.login5.litan.019030.0004 : 689856 : 35184653758832 : DEBUG    : prep task.0184
1644246381.441 : re.session.login5.litan.019030.0004 : 689856 : 35184653758832 : DEBUG    : prep task.0091
1644246381.450 : re.session.login5.litan.019030.0004 : 689856 : 35184653758832 : DEBUG    : prep task.0657
1644246381.532 : re.session.login5.litan.019030.0004 : 689856 : 35184653758832 : DEBUG    : prep task.0545
1644246381.541 : re.session.login5.litan.019030.0004 : 689856 : 35184653758832 : DEBUG    : prep task.0273
1644246381.549 : re.session.login5.litan.019030.0004 : 689856 : 35184653758832 : DEBUG    : prep task.0500
1644246381.557 : re.session.login5.litan.019030.0004 : 689856 : 35184653758832 : DEBUG    : prep task.0659
1644246381.566 : re.session.login5.litan.019030.0004 : 689856 : 35184653758832 : DEBUG    : prep task.0851
1644246381.574 : re.session.login5.litan.019030.0004 : 689856 : 35184653758832 : DEBUG    : prep task.0286
1644246381.733 : re.session.login5.litan.019030.0004 : 689856 : 35184653758832 : DEBUG    : prep task.0503
1644246381.743 : re.session.login5.litan.019030.0004 : 689856 : 35184653758832 : DEBUG    : prep task.0656
1644246381.753 : re.session.login5.litan.019030.0004 : 689856 : 35184653758832 : DEBUG    : prep task.0196
1644246381.762 : re.session.login5.litan.019030.0004 : 689856 : 35184653758832 : DEBUG    : prep task.0491
1644246381.772 : re.session.login5.litan.019030.0004 : 689856 : 35184653758832 : DEBUG    : prep task.0799
1644246381.781 : re.session.login5.litan.019030.0004 : 689856 : 35184653758832 : DEBUG    : prep task.0559
1644246381.935 : re.session.login5.litan.019030.0004 : 689856 : 35184653758832 : DEBUG    : prep task.0291
1644246381.947 : re.session.login5.litan.019030.0004 : 689856 : 35184653758832 : DEBUG    : prep task.0031
1644246381.956 : re.session.login5.litan.019030.0004 : 689856 : 35184653758832 : DEBUG    : prep task.0277
1644246381.964 : re.session.login5.litan.019030.0004 : 689856 : 35184653758832 : DEBUG    : prep task.0199
1644246381.976 : re.session.login5.litan.019030.0004 : 689856 : 35184653758832 : DEBUG    : prep task.0769
1644246381.986 : re.session.login5.litan.019030.0004 : 689856 : 35184653758832 : DEBUG    : prep task.0771
1644246381.996 : re.session.login5.litan.019030.0004 : 689856 : 35184653758832 : DEBUG    : prep task.0556
1644246382.637 : re.session.login5.litan.019030.0004 : 689856 : 35184653758832 : DEBUG    : prep task.0156
1644246382.645 : re.session.login5.litan.019030.0004 : 689856 : 35184653758832 : DEBUG    : prep task.0212
1644246382.654 : re.session.login5.litan.019030.0004 : 689856 : 35184653758832 : DEBUG    : prep task.0561
1644246382.664 : re.session.login5.litan.019030.0004 : 689856 : 35184653758832 : DEBUG    : prep task.0160
1644246382.675 : re.session.login5.litan.019030.0004 : 689856 : 35184653758832 : DEBUG    : prep task.0809
1644246382.684 : re.session.login5.litan.019030.0004 : 689856 : 35184653758832 : DEBUG    : prep task.0558
1644246382.693 : re.session.login5.litan.019030.0004 : 689856 : 35184653758832 : DEBUG    : prep task.0699
1644246382.703 : re.session.login5.litan.019030.0004 : 689856 : 35184653758832 : DEBUG    : prep task.0696
1644246382.712 : re.session.login5.litan.019030.0004 : 689856 : 35184653758832 : DEBUG    : prep task.0353
1644246382.721 : re.session.login5.litan.019030.0004 : 689856 : 35184653758832 : DEBUG    : prep task.0486
1644246382.730 : re.session.login5.litan.019030.0004 : 689856 : 35184653758832 : DEBUG    : prep task.0302
1644246382.838 : re.session.login5.litan.019030.0004 : 689856 : 35184653758832 : DEBUG    : prep task.0613
1644246382.847 : re.session.login5.litan.019030.0004 : 689856 : 35184653758832 : DEBUG    : prep task.0030
1644246382.857 : re.session.login5.litan.019030.0004 : 689856 : 35184653758832 : DEBUG    : prep task.0612
1644246382.866 : re.session.login5.litan.019030.0004 : 689856 : 35184653758832 : DEBUG    : prep task.0501
1644246382.876 : re.session.login5.litan.019030.0004 : 689856 : 35184653758832 : DEBUG    : prep task.0490
1644246382.886 : re.session.login5.litan.019030.0004 : 689856 : 35184653758832 : DEBUG    : prep task.0488
1644246382.894 : re.session.login5.litan.019030.0004 : 689856 : 35184653758832 : DEBUG    : prep task.0082
1644246382.902 : re.session.login5.litan.019030.0004 : 689856 : 35184653758832 : DEBUG    : prep task.0092
1644246382.937 : re.session.login5.litan.019030.0004 : 689856 : 35184653758832 : DEBUG    : prep task.0502
1644246382.945 : re.session.login5.litan.019030.0004 : 689856 : 35184653758832 : DEBUG    : prep task.0276
1644246382.954 : re.session.login5.litan.019030.0004 : 689856 : 35184653758832 : DEBUG    : prep task.0079
1644246382.961 : re.session.login5.litan.019030.0004 : 689856 : 35184653758832 : DEBUG    : prep task.0210
1644246382.970 : re.session.login5.litan.019030.0004 : 689856 : 35184653758832 : DEBUG    : prep task.0853
1644246383.037 : re.session.login5.litan.019030.0004 : 689856 : 35184653758832 : DEBUG    : prep task.0381
1644246383.045 : re.session.login5.litan.019030.0004 : 689856 : 35184653758832 : DEBUG    : prep task.0616
1644246383.054 : re.session.login5.litan.019030.0004 : 689856 : 35184653758832 : DEBUG    : prep task.0081
1644246383.063 : re.session.login5.litan.019030.0004 : 689856 : 35184653758832 : DEBUG    : prep task.0186
1644246383.072 : re.session.login5.litan.019030.0004 : 689856 : 35184653758832 : DEBUG    : prep task.0170
1644246383.083 : re.session.login5.litan.019030.0004 : 689856 : 35184653758832 : DEBUG    : prep task.0379
1644246383.139 : re.session.login5.litan.019030.0004 : 689856 : 35184653758832 : DEBUG    : prep task.0852
1644246383.147 : re.session.login5.litan.019030.0004 : 689856 : 35184653758832 : DEBUG    : prep task.0700
1644246383.155 : re.session.login5.litan.019030.0004 : 689856 : 35184653758832 : DEBUG    : prep task.0767
1644246383.165 : re.session.login5.litan.019030.0004 : 689856 : 35184653758832 : DEBUG    : prep task.0187
1644246383.338 : re.session.login5.litan.019030.0004 : 689856 : 35184653758832 : DEBUG    : prep task.0161
1644246383.346 : re.session.login5.litan.019030.0004 : 689856 : 35184653758832 : DEBUG    : prep task.0810
1644246385.340 : re.session.login5.litan.019030.0004 : 689856 : 35184653758832 : DEBUG    : prep task.0006
1644246385.441 : re.session.login5.litan.019030.0004 : 689856 : 35184653758832 : DEBUG    : prep task.0110
1644246385.446 : re.session.login5.litan.019030.0004 : 689856 : 35184653758832 : DEBUG    : prep task.0227
1644246387.342 : re.session.login5.litan.019030.0004 : 689856 : 35184653758832 : DEBUG    : prep task.0318
1644246387.445 : re.session.login5.litan.019030.0004 : 689856 : 35184653758832 : DEBUG    : prep task.0123
1644246387.451 : re.session.login5.litan.019030.0004 : 689856 : 35184653758832 : DEBUG    : prep task.0409
1644246387.456 : re.session.login5.litan.019030.0004 : 689856 : 35184653758832 : DEBUG    : prep task.0045
1644246387.461 : re.session.login5.litan.019030.0004 : 689856 : 35184653758832 : DEBUG    : prep task.0240
1644246387.467 : re.session.login5.litan.019030.0004 : 689856 : 35184653758832 : DEBUG    : prep task.0331
1644246387.473 : re.session.login5.litan.019030.0004 : 689856 : 35184653758832 : DEBUG    : prep task.0058
1644246387.478 : re.session.login5.litan.019030.0004 : 689856 : 35184653758832 : DEBUG    : prep task.0136
1644246387.485 : re.session.login5.litan.019030.0004 : 689856 : 35184653758832 : DEBUG    : prep task.0253
1644246387.494 : re.session.login5.litan.019030.0004 : 689856 : 35184653758832 : DEBUG    : prep task.0344
1644246387.504 : re.session.login5.litan.019030.0004 : 689856 : 35184653758832 : DEBUG    : prep task.0149
1644246387.513 : re.session.login5.litan.019030.0004 : 689856 : 35184653758832 : DEBUG    : prep task.0019
1644246387.524 : re.session.login5.litan.019030.0004 : 689856 : 35184653758832 : DEBUG    : prep task.0266
1644246393.459 : re.session.login5.litan.019030.0004 : 689856 : 35184653758832 : DEBUG    : prep task.0382
1644246393.559 : re.session.login5.litan.019030.0004 : 689856 : 35184653758832 : DEBUG    : prep task.0274
1644246393.569 : re.session.login5.litan.019030.0004 : 689856 : 35184653758832 : DEBUG    : prep task.0169
1644246393.578 : re.session.login5.litan.019030.0004 : 689856 : 35184653758832 : DEBUG    : prep task.0487
1644246393.587 : re.session.login5.litan.019030.0004 : 689856 : 35184653758832 : DEBUG    : prep task.0080
1644246393.597 : re.session.login5.litan.019030.0004 : 689856 : 35184653758832 : DEBUG    : prep task.0392
1644246393.961 : re.session.login5.litan.019030.0004 : 689856 : 35184653758832 : DEBUG    : prep task.0393
1644246393.970 : re.session.login5.litan.019030.0004 : 689856 : 35184653758832 : DEBUG    : prep task.0615
1644246393.979 : re.session.login5.litan.019030.0004 : 689856 : 35184653758832 : DEBUG    : prep task.0197
1644246394.060 : re.session.login5.litan.019030.0004 : 689856 : 35184653758832 : DEBUG    : prep task.0364
1644246394.069 : re.session.login5.litan.019030.0004 : 689856 : 35184653758832 : DEBUG    : prep task.0394
1644246394.078 : re.session.login5.litan.019030.0004 : 689856 : 35184653758832 : DEBUG    : prep task.0697
1644246394.087 : re.session.login5.litan.019030.0004 : 689856 : 35184653758832 : DEBUG    : prep task.0710
1644246394.260 : re.session.login5.litan.019030.0004 : 689856 : 35184653758832 : DEBUG    : prep task.0395
1644246394.361 : re.session.login5.litan.019030.0004 : 689856 : 35184653758832 : DEBUG    : prep task.0766
1644246394.370 : re.session.login5.litan.019030.0004 : 689856 : 35184653758832 : DEBUG    : prep task.0095
1644246394.378 : re.session.login5.litan.019030.0004 : 689856 : 35184653758832 : DEBUG    : prep task.0449
1644246394.388 : re.session.login5.litan.019030.0004 : 689856 : 35184653758832 : DEBUG    : prep task.0213
1644246394.663 : re.session.login5.litan.019030.0004 : 689856 : 35184653758832 : DEBUG    : prep task.0711
1644246394.672 : re.session.login5.litan.019030.0004 : 689856 : 35184653758832 : DEBUG    : prep task.0448
1644246394.682 : re.session.login5.litan.019030.0004 : 689856 : 35184653758832 : DEBUG    : prep task.0278
1644246394.691 : re.session.login5.litan.019030.0004 : 689856 : 35184653758832 : DEBUG    : prep task.0855
1644246394.700 : re.session.login5.litan.019030.0004 : 689856 : 35184653758832 : DEBUG    : prep task.0027
1644246394.708 : re.session.login5.litan.019030.0004 : 689856 : 35184653758832 : DEBUG    : prep task.0658
1644246394.716 : re.session.login5.litan.019030.0004 : 689856 : 35184653758832 : DEBUG    : prep task.0808
1644246394.725 : re.session.login5.litan.019030.0004 : 689856 : 35184653758832 : DEBUG    : prep task.0544
1644246394.736 : re.session.login5.litan.019030.0004 : 689856 : 35184653758832 : DEBUG    : prep task.0366
1644246394.762 : re.session.login5.litan.019030.0004 : 689856 : 35184653758832 : DEBUG    : prep task.0390
1644246394.770 : re.session.login5.litan.019030.0004 : 689856 : 35184653758832 : DEBUG    : prep task.0445
1644246394.779 : re.session.login5.litan.019030.0004 : 689856 : 35184653758832 : DEBUG    : prep task.0365
1644246394.787 : re.session.login5.litan.019030.0004 : 689856 : 35184653758832 : DEBUG    : prep task.0028
1644246394.796 : re.session.login5.litan.019030.0004 : 689856 : 35184653758832 : DEBUG    : prep task.0368
1644246394.816 : re.session.login5.litan.019030.0004 : 689856 : 35184653758832 : DEBUG    : prep task.0504
1644246394.962 : re.session.login5.litan.019030.0004 : 689856 : 35184653758832 : DEBUG    : prep task.0029
1644246394.971 : re.session.login5.litan.019030.0004 : 689856 : 35184653758832 : DEBUG    : prep task.0444
1644246395.062 : re.session.login5.litan.019030.0004 : 689856 : 35184653758832 : DEBUG    : prep task.0083
1644246395.071 : re.session.login5.litan.019030.0004 : 689856 : 35184653758832 : DEBUG    : prep task.0598
1644246395.080 : re.session.login5.litan.019030.0004 : 689856 : 35184653758832 : DEBUG    : prep task.0557
1644246395.163 : re.session.login5.litan.019030.0004 : 689856 : 35184653758832 : DEBUG    : prep task.0811
1644246395.171 : re.session.login5.litan.019030.0004 : 689856 : 35184653758832 : DEBUG    : prep task.0067
1644246395.263 : re.session.login5.litan.019030.0004 : 689856 : 35184653758832 : DEBUG    : prep task.0755
1644246395.461 : re.session.login5.litan.019030.0004 : 689856 : 35184653758832 : DEBUG    : prep task.0007
1644246395.468 : re.session.login5.litan.019030.0004 : 689856 : 35184653758832 : DEBUG    : prep task.0011
1644246395.475 : re.session.login5.litan.019030.0004 : 689856 : 35184653758832 : DEBUG    : prep task.0010
1644246395.481 : re.session.login5.litan.019030.0004 : 689856 : 35184653758832 : DEBUG    : prep task.0009
1644246395.487 : re.session.login5.litan.019030.0004 : 689856 : 35184653758832 : DEBUG    : prep task.0012
1644246395.566 : re.session.login5.litan.019030.0004 : 689856 : 35184653758832 : DEBUG    : prep task.0391
1644246395.576 : re.session.login5.litan.019030.0004 : 689856 : 35184653758832 : DEBUG    : prep task.0447
1644246395.586 : re.session.login5.litan.019030.0004 : 689856 : 35184653758832 : DEBUG    : prep task.0754
1644246395.596 : re.session.login5.litan.019030.0004 : 689856 : 35184653758832 : DEBUG    : prep task.0714
1644246395.606 : re.session.login5.litan.019030.0004 : 689856 : 35184653758832 : DEBUG    : prep task.0304
1644246395.664 : re.session.login5.litan.019030.0004 : 689856 : 35184653758832 : DEBUG    : prep task.0008
1644246395.674 : re.session.login5.litan.019030.0004 : 689856 : 35184653758832 : DEBUG    : prep task.0812
1644246395.683 : re.session.login5.litan.019030.0004 : 689856 : 35184653758832 : DEBUG    : prep task.0756
1644246395.693 : re.session.login5.litan.019030.0004 : 689856 : 35184653758832 : DEBUG    : prep task.0301
1644246395.703 : re.session.login5.litan.019030.0004 : 689856 : 35184653758832 : DEBUG    : prep task.0065
1644246395.714 : re.session.login5.litan.019030.0004 : 689856 : 35184653758832 : DEBUG    : prep task.0698
1644246395.724 : re.session.login5.litan.019030.0004 : 689856 : 35184653758832 : DEBUG    : prep task.0712
1644246395.733 : re.session.login5.litan.019030.0004 : 689856 : 35184653758832 : DEBUG    : prep task.0195
1644246395.746 : re.session.login5.litan.019030.0004 : 689856 : 35184653758832 : DEBUG    : prep task.0446
1644246395.756 : re.session.login5.litan.019030.0004 : 689856 : 35184653758832 : DEBUG    : prep task.0547
1644246395.766 : re.session.login5.litan.019030.0004 : 689856 : 35184653758832 : DEBUG    : prep task.0185
1644246395.868 : re.session.login5.litan.019030.0004 : 689856 : 35184653758832 : DEBUG    : prep task.0094
1644246395.877 : re.session.login5.litan.019030.0004 : 689856 : 35184653758832 : DEBUG    : prep task.0813
1644246395.886 : re.session.login5.litan.019030.0004 : 689856 : 35184653758832 : DEBUG    : prep task.0654
1644246395.896 : re.session.login5.litan.019030.0004 : 689856 : 35184653758832 : DEBUG    : prep task.0713
1644246395.908 : re.session.login5.litan.019030.0004 : 689856 : 35184653758832 : DEBUG    : prep task.0770
1644246395.918 : re.session.login5.litan.019030.0004 : 689856 : 35184653758832 : DEBUG    : prep task.0602
1644246395.929 : re.session.login5.litan.019030.0004 : 689856 : 35184653758832 : DEBUG    : prep task.0093
1644246395.939 : re.session.login5.litan.019030.0004 : 689856 : 35184653758832 : DEBUG    : prep task.0026
1644246395.948 : re.session.login5.litan.019030.0004 : 689856 : 35184653758832 : DEBUG    : prep task.0752
1644246395.956 : re.session.login5.litan.019030.0004 : 689856 : 35184653758832 : DEBUG    : prep task.0645
1644246396.067 : re.session.login5.litan.019030.0004 : 689856 : 35184653758832 : DEBUG    : prep task.0303
1644246396.076 : re.session.login5.litan.019030.0004 : 689856 : 35184653758832 : DEBUG    : prep task.0715
1644246396.084 : re.session.login5.litan.019030.0004 : 689856 : 35184653758832 : DEBUG    : prep task.0753
1644246396.093 : re.session.login5.litan.019030.0004 : 689856 : 35184653758832 : DEBUG    : prep task.0159
1644246405.887 : re.session.login5.litan.019030.0004 : 689856 : 35184653758832 : DEBUG    : prep task.0505
1644246405.897 : re.session.login5.litan.019030.0004 : 689856 : 35184653758832 : DEBUG    : prep task.0600
1644246405.981 : re.session.login5.litan.019030.0004 : 689856 : 35184653758832 : DEBUG    : prep task.0114
1644246406.086 : re.session.login5.litan.019030.0004 : 689856 : 35184653758832 : DEBUG    : prep task.0603
1644246406.095 : re.session.login5.litan.019030.0004 : 689856 : 35184653758832 : DEBUG    : prep task.0096
1644246406.101 : re.session.login5.litan.019030.0004 : 689856 : 35184653758832 : DEBUG    : prep task.0113
1644246406.588 : re.session.login5.litan.019030.0004 : 689856 : 35184653758832 : DEBUG    : prep task.0757
1644246406.594 : re.session.login5.litan.019030.0004 : 689856 : 35184653758832 : DEBUG    : prep task.0116
1644246406.599 : re.session.login5.litan.019030.0004 : 689856 : 35184653758832 : DEBUG    : prep task.0115
1644246406.609 : re.session.login5.litan.019030.0004 : 689856 : 35184653758832 : DEBUG    : prep task.0198
1644246406.620 : re.session.login5.litan.019030.0004 : 689856 : 35184653758832 : DEBUG    : prep task.0068
1644246406.625 : re.session.login5.litan.019030.0004 : 689856 : 35184653758832 : DEBUG    : prep task.0111
1644246406.634 : re.session.login5.litan.019030.0004 : 689856 : 35184653758832 : DEBUG    : prep task.0112
1644246406.647 : re.session.login5.litan.019030.0004 : 689856 : 35184653758832 : DEBUG    : prep task.0614
1644246406.687 : re.session.login5.litan.019030.0004 : 689856 : 35184653758832 : DEBUG    : prep task.0378
1644246406.696 : re.session.login5.litan.019030.0004 : 689856 : 35184653758832 : DEBUG    : prep task.0069
1644246406.788 : re.session.login5.litan.019030.0004 : 689856 : 35184653758832 : DEBUG    : prep task.0066
1644246406.797 : re.session.login5.litan.019030.0004 : 689856 : 35184653758832 : DEBUG    : prep task.0070
1644246406.806 : re.session.login5.litan.019030.0004 : 689856 : 35184653758832 : DEBUG    : prep task.0078
1644246407.385 : re.session.login5.litan.019030.0004 : 689856 : 35184653758832 : DEBUG    : prep task.0228
1644246407.486 : re.session.login5.litan.019030.0004 : 689856 : 35184653758832 : DEBUG    : prep task.0233
1644246407.491 : re.session.login5.litan.019030.0004 : 689856 : 35184653758832 : DEBUG    : prep task.0230
1644246407.496 : re.session.login5.litan.019030.0004 : 689856 : 35184653758832 : DEBUG    : prep task.0232
1644246407.501 : re.session.login5.litan.019030.0004 : 689856 : 35184653758832 : DEBUG    : prep task.0229
1644246407.507 : re.session.login5.litan.019030.0004 : 689856 : 35184653758832 : DEBUG    : prep task.0231
1644246411.395 : re.session.login5.litan.019030.0004 : 689856 : 35184653758832 : DEBUG    : prep task.0464
1644246411.494 : re.session.login5.litan.019030.0004 : 689856 : 35184653758832 : DEBUG    : prep task.0828
1644246411.499 : re.session.login5.litan.019030.0004 : 689856 : 35184653758832 : DEBUG    : prep task.0520
1644246411.504 : re.session.login5.litan.019030.0004 : 689856 : 35184653758832 : DEBUG    : prep task.0674
1644246411.509 : re.session.login5.litan.019030.0004 : 689856 : 35184653758832 : DEBUG    : prep task.0576
1644246411.515 : re.session.login5.litan.019030.0004 : 689856 : 35184653758832 : DEBUG    : prep task.0292
1644246415.405 : re.session.login5.litan.019030.0004 : 689856 : 35184653758832 : DEBUG    : prep task.0319
1644246415.511 : re.session.login5.litan.019030.0004 : 689856 : 35184653758832 : DEBUG    : prep task.0321
1644246415.520 : re.session.login5.litan.019030.0004 : 689856 : 35184653758832 : DEBUG    : prep task.0323
1644246415.528 : re.session.login5.litan.019030.0004 : 689856 : 35184653758832 : DEBUG    : prep task.0320
1644246415.538 : re.session.login5.litan.019030.0004 : 689856 : 35184653758832 : DEBUG    : prep task.0324
1644246415.547 : re.session.login5.litan.019030.0004 : 689856 : 35184653758832 : DEBUG    : prep task.0322
1644246415.558 : re.session.login5.litan.019030.0004 : 689856 : 35184653758832 : DEBUG    : prep task.0128
1644246415.569 : re.session.login5.litan.019030.0004 : 689856 : 35184653758832 : DEBUG    : prep task.0129
1644246415.580 : re.session.login5.litan.019030.0004 : 689856 : 35184653758832 : DEBUG    : prep task.0124
1644246415.593 : re.session.login5.litan.019030.0004 : 689856 : 35184653758832 : DEBUG    : prep task.0127
1644246415.604 : re.session.login5.litan.019030.0004 : 689856 : 35184653758832 : DEBUG    : prep task.0125
1644246415.614 : re.session.login5.litan.019030.0004 : 689856 : 35184653758832 : DEBUG    : prep task.0126
1644246415.624 : re.session.login5.litan.019030.0004 : 689856 : 35184653758832 : DEBUG    : prep task.0730
1644246415.635 : re.session.login5.litan.019030.0004 : 689856 : 35184653758832 : DEBUG    : prep task.0422
1644246415.646 : re.session.login5.litan.019030.0004 : 689856 : 35184653758832 : DEBUG    : prep task.0786
1644246415.658 : re.session.login5.litan.019030.0004 : 689856 : 35184653758832 : DEBUG    : prep task.0632
1644246415.668 : re.session.login5.litan.019030.0004 : 689856 : 35184653758832 : DEBUG    : prep task.0478
1644246415.678 : re.session.login5.litan.019030.0004 : 689856 : 35184653758832 : DEBUG    : prep task.0842
1644246415.691 : re.session.login5.litan.019030.0004 : 689856 : 35184653758832 : DEBUG    : prep task.0688
1644246415.703 : re.session.login5.litan.019030.0004 : 689856 : 35184653758832 : DEBUG    : prep task.0534
1644246415.713 : re.session.login5.litan.019030.0004 : 689856 : 35184653758832 : DEBUG    : prep task.0744
1644246415.726 : re.session.login5.litan.019030.0004 : 689856 : 35184653758832 : DEBUG    : prep task.0590
1644246415.739 : re.session.login5.litan.019030.0004 : 689856 : 35184653758832 : DEBUG    : prep task.0436
1644246415.752 : re.session.login5.litan.019030.0004 : 689856 : 35184653758832 : DEBUG    : prep task.0357
1644246419.412 : re.session.login5.litan.019030.0004 : 689856 : 35184653758832 : DEBUG    : prep task.0410
1644246419.511 : re.session.login5.litan.019030.0004 : 689856 : 35184653758832 : DEBUG    : prep task.0412
1644246419.516 : re.session.login5.litan.019030.0004 : 689856 : 35184653758832 : DEBUG    : prep task.0414
1644246419.521 : re.session.login5.litan.019030.0004 : 689856 : 35184653758832 : DEBUG    : prep task.0411
1644246419.526 : re.session.login5.litan.019030.0004 : 689856 : 35184653758832 : DEBUG    : prep task.0415
1644246419.532 : re.session.login5.litan.019030.0004 : 689856 : 35184653758832 : DEBUG    : prep task.0413
1644246425.323 : re.session.login5.litan.019030.0004 : 689856 : 35184653758832 : DEBUG    : prep task.0047
1644246425.423 : re.session.login5.litan.019030.0004 : 689856 : 35184653758832 : DEBUG    : prep task.0046
1644246425.428 : re.session.login5.litan.019030.0004 : 689856 : 35184653758832 : DEBUG    : prep task.0051
1644246425.433 : re.session.login5.litan.019030.0004 : 689856 : 35184653758832 : DEBUG    : prep task.0050
1644246425.438 : re.session.login5.litan.019030.0004 : 689856 : 35184653758832 : DEBUG    : prep task.0048
1644246425.445 : re.session.login5.litan.019030.0004 : 689856 : 35184653758832 : DEBUG    : prep task.0049
1644246425.451 : re.session.login5.litan.019030.0004 : 689856 : 35184653758832 : DEBUG    : prep task.0137
1644246425.459 : re.session.login5.litan.019030.0004 : 689856 : 35184653758832 : DEBUG    : prep task.0139
1644246425.465 : re.session.login5.litan.019030.0004 : 689856 : 35184653758832 : DEBUG    : prep task.0141
1644246425.472 : re.session.login5.litan.019030.0004 : 689856 : 35184653758832 : DEBUG    : prep task.0140
1644246425.478 : re.session.login5.litan.019030.0004 : 689856 : 35184653758832 : DEBUG    : prep task.0138
1644246425.484 : re.session.login5.litan.019030.0004 : 689856 : 35184653758832 : DEBUG    : prep task.0142
1644246431.434 : re.session.login5.litan.019030.0004 : 689856 : 35184653758832 : DEBUG    : prep task.0243
1644246431.533 : re.session.login5.litan.019030.0004 : 689856 : 35184653758832 : DEBUG    : prep task.0241
1644246431.539 : re.session.login5.litan.019030.0004 : 689856 : 35184653758832 : DEBUG    : prep task.0244
1644246431.544 : re.session.login5.litan.019030.0004 : 689856 : 35184653758832 : DEBUG    : prep task.0245
1644246431.549 : re.session.login5.litan.019030.0004 : 689856 : 35184653758832 : DEBUG    : prep task.0246
1644246431.556 : re.session.login5.litan.019030.0004 : 689856 : 35184653758832 : DEBUG    : prep task.0242
1644246431.563 : re.session.login5.litan.019030.0004 : 689856 : 35184653758832 : DEBUG    : prep task.0334
1644246453.372 : re.session.login5.litan.019030.0004 : 689856 : 35184653758832 : DEBUG    : prep task.0151
1644246453.378 : re.session.login5.litan.019030.0004 : 689856 : 35184653758832 : DEBUG    : prep task.0064
1644246453.384 : re.session.login5.litan.019030.0004 : 689856 : 35184653758832 : DEBUG    : prep task.0257
1644246453.388 : re.session.login5.litan.019030.0004 : 689856 : 35184653758832 : DEBUG    : prep task.0153
1644246453.396 : re.session.login5.litan.019030.0004 : 689856 : 35184653758832 : DEBUG    : prep task.0062
1644246453.402 : re.session.login5.litan.019030.0004 : 689856 : 35184653758832 : DEBUG    : prep task.0150
1644246453.471 : re.session.login5.litan.019030.0004 : 689856 : 35184653758832 : DEBUG    : prep task.0349
1644246453.476 : re.session.login5.litan.019030.0004 : 689856 : 35184653758832 : DEBUG    : prep task.0256
1644246453.482 : re.session.login5.litan.019030.0004 : 689856 : 35184653758832 : DEBUG    : prep task.0254
1644246453.488 : re.session.login5.litan.019030.0004 : 689856 : 35184653758832 : DEBUG    : prep task.0063
1644246453.494 : re.session.login5.litan.019030.0004 : 689856 : 35184653758832 : DEBUG    : prep task.0154
1644246453.499 : re.session.login5.litan.019030.0004 : 689856 : 35184653758832 : DEBUG    : prep task.0348
1644246453.506 : re.session.login5.litan.019030.0004 : 689856 : 35184653758832 : DEBUG    : prep task.0155
1644246453.571 : re.session.login5.litan.019030.0004 : 689856 : 35184653758832 : DEBUG    : prep task.0332
1644246453.576 : re.session.login5.litan.019030.0004 : 689856 : 35184653758832 : DEBUG    : prep task.0059
1644246453.581 : re.session.login5.litan.019030.0004 : 689856 : 35184653758832 : DEBUG    : prep task.0333
1644246453.587 : re.session.login5.litan.019030.0004 : 689856 : 35184653758832 : DEBUG    : prep task.0345
1644246453.593 : re.session.login5.litan.019030.0004 : 689856 : 35184653758832 : DEBUG    : prep task.0060
1644246463.191 : re.session.login5.litan.019030.0004 : 689856 : 35184653758832 : DEBUG    : prep task.0022
1644246463.197 : re.session.login5.litan.019030.0004 : 689856 : 35184653758832 : DEBUG    : prep task.0470
1644246463.204 : re.session.login5.litan.019030.0004 : 689856 : 35184653758832 : DEBUG    : prep task.0061
1644246463.211 : re.session.login5.litan.019030.0004 : 689856 : 35184653758832 : DEBUG    : prep task.0024
1644246463.216 : re.session.login5.litan.019030.0004 : 689856 : 35184653758832 : DEBUG    : prep task.0270
1644246463.288 : re.session.login5.litan.019030.0004 : 689856 : 35184653758832 : DEBUG    : prep task.0152
1644246463.293 : re.session.login5.litan.019030.0004 : 689856 : 35184653758832 : DEBUG    : prep task.0335
1644246463.298 : re.session.login5.litan.019030.0004 : 689856 : 35184653758832 : DEBUG    : prep task.0271
1644246463.303 : re.session.login5.litan.019030.0004 : 689856 : 35184653758832 : DEBUG    : prep task.0346
1644246463.310 : re.session.login5.litan.019030.0004 : 689856 : 35184653758832 : DEBUG    : prep task.0023
1644246463.392 : re.session.login5.litan.019030.0004 : 689856 : 35184653758832 : DEBUG    : prep task.0025
1644246463.397 : re.session.login5.litan.019030.0004 : 689856 : 35184653758832 : DEBUG    : prep task.0272
1644246463.402 : re.session.login5.litan.019030.0004 : 689856 : 35184653758832 : DEBUG    : prep task.0467
1644246463.407 : re.session.login5.litan.019030.0004 : 689856 : 35184653758832 : DEBUG    : prep task.0347
1644246463.413 : re.session.login5.litan.019030.0004 : 689856 : 35184653758832 : DEBUG    : prep task.0466
1644246463.420 : re.session.login5.litan.019030.0004 : 689856 : 35184653758832 : DEBUG    : prep task.0469
1644246463.428 : re.session.login5.litan.019030.0004 : 689856 : 35184653758832 : DEBUG    : prep task.0468
1644246463.438 : re.session.login5.litan.019030.0004 : 689856 : 35184653758832 : DEBUG    : prep task.0267
1644246463.445 : re.session.login5.litan.019030.0004 : 689856 : 35184653758832 : DEBUG    : prep task.0350
1644246463.453 : re.session.login5.litan.019030.0004 : 689856 : 35184653758832 : DEBUG    : prep task.0337
1644246463.461 : re.session.login5.litan.019030.0004 : 689856 : 35184653758832 : DEBUG    : prep task.0258
1644246463.467 : re.session.login5.litan.019030.0004 : 689856 : 35184653758832 : DEBUG    : prep task.0259
1644246463.476 : re.session.login5.litan.019030.0004 : 689856 : 35184653758832 : DEBUG    : prep task.0336
1644246463.483 : re.session.login5.litan.019030.0004 : 689856 : 35184653758832 : DEBUG    : prep task.0021
1644246463.492 : re.session.login5.litan.019030.0004 : 689856 : 35184653758832 : DEBUG    : prep task.0269
1644246463.499 : re.session.login5.litan.019030.0004 : 689856 : 35184653758832 : DEBUG    : prep task.0465
1644246463.505 : re.session.login5.litan.019030.0004 : 689856 : 35184653758832 : DEBUG    : prep task.0268
1644246463.511 : re.session.login5.litan.019030.0004 : 689856 : 35184653758832 : DEBUG    : prep task.0255
1644246463.518 : re.session.login5.litan.019030.0004 : 689856 : 35184653758832 : DEBUG    : prep task.0020
1644246467.595 : re.session.login5.litan.019030.0004 : 689856 : 35184653758832 : DEBUG    : prep task.0832
1644246467.697 : re.session.login5.litan.019030.0004 : 689856 : 35184653758832 : DEBUG    : prep task.0833
1644246467.702 : re.session.login5.litan.019030.0004 : 689856 : 35184653758832 : DEBUG    : prep task.0830
1644246467.706 : re.session.login5.litan.019030.0004 : 689856 : 35184653758832 : DEBUG    : prep task.0834
1644246467.711 : re.session.login5.litan.019030.0004 : 689856 : 35184653758832 : DEBUG    : prep task.0829
1644246467.716 : re.session.login5.litan.019030.0004 : 689856 : 35184653758832 : DEBUG    : prep task.0831
1644246467.722 : re.session.login5.litan.019030.0004 : 689856 : 35184653758832 : DEBUG    : prep task.0162
1644246467.728 : re.session.login5.litan.019030.0004 : 689856 : 35184653758832 : DEBUG    : prep task.0188
1644246467.734 : re.session.login5.litan.019030.0004 : 689856 : 35184653758832 : DEBUG    : prep task.0214
1644246475.612 : re.session.login5.litan.019030.0004 : 689856 : 35184653758832 : DEBUG    : prep task.0524
1644246475.710 : re.session.login5.litan.019030.0004 : 689856 : 35184653758832 : DEBUG    : prep task.0526
1644246475.716 : re.session.login5.litan.019030.0004 : 689856 : 35184653758832 : DEBUG    : prep task.0521
1644246475.722 : re.session.login5.litan.019030.0004 : 689856 : 35184653758832 : DEBUG    : prep task.0523
1644246475.728 : re.session.login5.litan.019030.0004 : 689856 : 35184653758832 : DEBUG    : prep task.0522
1644246475.735 : re.session.login5.litan.019030.0004 : 689856 : 35184653758832 : DEBUG    : prep task.0525
1644246477.613 : re.session.login5.litan.019030.0004 : 689856 : 35184653758832 : DEBUG    : prep task.0675
1644246477.716 : re.session.login5.litan.019030.0004 : 689856 : 35184653758832 : DEBUG    : prep task.0680
1644246477.722 : re.session.login5.litan.019030.0004 : 689856 : 35184653758832 : DEBUG    : prep task.0677
1644246477.728 : re.session.login5.litan.019030.0004 : 689856 : 35184653758832 : DEBUG    : prep task.0679
1644246477.733 : re.session.login5.litan.019030.0004 : 689856 : 35184653758832 : DEBUG    : prep task.0676
1644246477.738 : re.session.login5.litan.019030.0004 : 689856 : 35184653758832 : DEBUG    : prep task.0678
1644246477.744 : re.session.login5.litan.019030.0004 : 689856 : 35184653758832 : DEBUG    : prep task.0577
1644246477.751 : re.session.login5.litan.019030.0004 : 689856 : 35184653758832 : DEBUG    : prep task.0579
1644246477.757 : re.session.login5.litan.019030.0004 : 689856 : 35184653758832 : DEBUG    : prep task.0581
1644246477.764 : re.session.login5.litan.019030.0004 : 689856 : 35184653758832 : DEBUG    : prep task.0578
1644246477.775 : re.session.login5.litan.019030.0004 : 689856 : 35184653758832 : DEBUG    : prep task.0580
1644246477.784 : re.session.login5.litan.019030.0004 : 689856 : 35184653758832 : DEBUG    : prep task.0582
1644246481.623 : re.session.login5.litan.019030.0004 : 689856 : 35184653758832 : DEBUG    : prep task.0800
1644246481.724 : re.session.login5.litan.019030.0004 : 689856 : 35184653758832 : DEBUG    : prep task.0305
1644246481.729 : re.session.login5.litan.019030.0004 : 689856 : 35184653758832 : DEBUG    : prep task.0279
1644246481.733 : re.session.login5.litan.019030.0004 : 689856 : 35184653758832 : DEBUG    : prep task.0370
1644246481.738 : re.session.login5.litan.019030.0004 : 689856 : 35184653758832 : DEBUG    : prep task.0097
1644246481.745 : re.session.login5.litan.019030.0004 : 689856 : 35184653758832 : DEBUG    : prep task.0084
1644246481.751 : re.session.login5.litan.019030.0004 : 689856 : 35184653758832 : DEBUG    : prep task.0396
1644246481.758 : re.session.login5.litan.019030.0004 : 689856 : 35184653758832 : DEBUG    : prep task.0175
1644246481.765 : re.session.login5.litan.019030.0004 : 689856 : 35184653758832 : DEBUG    : prep task.0071
1644246481.770 : re.session.login5.litan.019030.0004 : 689856 : 35184653758832 : DEBUG    : prep task.0032
1644246481.777 : re.session.login5.litan.019030.0004 : 689856 : 35184653758832 : DEBUG    : prep task.0201
1644246481.785 : re.session.login5.litan.019030.0004 : 689856 : 35184653758832 : DEBUG    : prep task.0383
1644246483.627 : re.session.login5.litan.019030.0004 : 689856 : 35184653758832 : DEBUG    : prep task.0293
1644246483.726 : re.session.login5.litan.019030.0004 : 689856 : 35184653758832 : DEBUG    : prep task.0297
1644246483.731 : re.session.login5.litan.019030.0004 : 689856 : 35184653758832 : DEBUG    : prep task.0294
1644246483.735 : re.session.login5.litan.019030.0004 : 689856 : 35184653758832 : DEBUG    : prep task.0296
1644246483.740 : re.session.login5.litan.019030.0004 : 689856 : 35184653758832 : DEBUG    : prep task.0298
1644246483.746 : re.session.login5.litan.019030.0004 : 689856 : 35184653758832 : DEBUG    : prep task.0295
1644246493.645 : re.session.login5.litan.019030.0004 : 689856 : 35184653758832 : DEBUG    : prep task.0734
1644246493.743 : re.session.login5.litan.019030.0004 : 689856 : 35184653758832 : DEBUG    : prep task.0731
1644246493.748 : re.session.login5.litan.019030.0004 : 689856 : 35184653758832 : DEBUG    : prep task.0732
1644246493.752 : re.session.login5.litan.019030.0004 : 689856 : 35184653758832 : DEBUG    : prep task.0735
1644246493.758 : re.session.login5.litan.019030.0004 : 689856 : 35184653758832 : DEBUG    : prep task.0736
1644246493.766 : re.session.login5.litan.019030.0004 : 689856 : 35184653758832 : DEBUG    : prep task.0733
1644246499.655 : re.session.login5.litan.019030.0004 : 689856 : 35184653758832 : DEBUG    : prep task.0425
1644246499.753 : re.session.login5.litan.019030.0004 : 689856 : 35184653758832 : DEBUG    : prep task.0423
1644246499.758 : re.session.login5.litan.019030.0004 : 689856 : 35184653758832 : DEBUG    : prep task.0427
1644246499.763 : re.session.login5.litan.019030.0004 : 689856 : 35184653758832 : DEBUG    : prep task.0426
1644246499.769 : re.session.login5.litan.019030.0004 : 689856 : 35184653758832 : DEBUG    : prep task.0424
1644246499.776 : re.session.login5.litan.019030.0004 : 689856 : 35184653758832 : DEBUG    : prep task.0428
1644246505.565 : re.session.login5.litan.019030.0004 : 689856 : 35184653758832 : DEBUG    : prep task.0790
1644246505.664 : re.session.login5.litan.019030.0004 : 689856 : 35184653758832 : DEBUG    : prep task.0788
1644246505.668 : re.session.login5.litan.019030.0004 : 689856 : 35184653758832 : DEBUG    : prep task.0792
1644246505.673 : re.session.login5.litan.019030.0004 : 689856 : 35184653758832 : DEBUG    : prep task.0787
1644246505.678 : re.session.login5.litan.019030.0004 : 689856 : 35184653758832 : DEBUG    : prep task.0789
1644246505.685 : re.session.login5.litan.019030.0004 : 689856 : 35184653758832 : DEBUG    : prep task.0791
1644246511.676 : re.session.login5.litan.019030.0004 : 689856 : 35184653758832 : DEBUG    : prep task.0634
1644246511.776 : re.session.login5.litan.019030.0004 : 689856 : 35184653758832 : DEBUG    : prep task.0636
1644246511.781 : re.session.login5.litan.019030.0004 : 689856 : 35184653758832 : DEBUG    : prep task.0638
1644246511.785 : re.session.login5.litan.019030.0004 : 689856 : 35184653758832 : DEBUG    : prep task.0635
1644246511.790 : re.session.login5.litan.019030.0004 : 689856 : 35184653758832 : DEBUG    : prep task.0637
1644246511.795 : re.session.login5.litan.019030.0004 : 689856 : 35184653758832 : DEBUG    : prep task.0633
1644246511.801 : re.session.login5.litan.019030.0004 : 689856 : 35184653758832 : DEBUG    : prep task.0479
1644246511.808 : re.session.login5.litan.019030.0004 : 689856 : 35184653758832 : DEBUG    : prep task.0481
1644246511.817 : re.session.login5.litan.019030.0004 : 689856 : 35184653758832 : DEBUG    : prep task.0483
1644246511.823 : re.session.login5.litan.019030.0004 : 689856 : 35184653758832 : DEBUG    : prep task.0480
1644246511.834 : re.session.login5.litan.019030.0004 : 689856 : 35184653758832 : DEBUG    : prep task.0484
1644246511.841 : re.session.login5.litan.019030.0004 : 689856 : 35184653758832 : DEBUG    : prep task.0482
1644246517.686 : re.session.login5.litan.019030.0004 : 689856 : 35184653758832 : DEBUG    : prep task.0843
1644246517.785 : re.session.login5.litan.019030.0004 : 689856 : 35184653758832 : DEBUG    : prep task.0845
1644246517.790 : re.session.login5.litan.019030.0004 : 689856 : 35184653758832 : DEBUG    : prep task.0847
1644246517.795 : re.session.login5.litan.019030.0004 : 689856 : 35184653758832 : DEBUG    : prep task.0846
1644246517.799 : re.session.login5.litan.019030.0004 : 689856 : 35184653758832 : DEBUG    : prep task.0844
1644246517.804 : re.session.login5.litan.019030.0004 : 689856 : 35184653758832 : DEBUG    : prep task.0848
1644246525.700 : re.session.login5.litan.019030.0004 : 689856 : 35184653758832 : DEBUG    : prep task.0536
1644246525.799 : re.session.login5.litan.019030.0004 : 689856 : 35184653758832 : DEBUG    : prep task.0538
1644246525.804 : re.session.login5.litan.019030.0004 : 689856 : 35184653758832 : DEBUG    : prep task.0537
1644246525.809 : re.session.login5.litan.019030.0004 : 689856 : 35184653758832 : DEBUG    : prep task.0539
1644246525.813 : re.session.login5.litan.019030.0004 : 689856 : 35184653758832 : DEBUG    : prep task.0540
1644246525.818 : re.session.login5.litan.019030.0004 : 689856 : 35184653758832 : DEBUG    : prep task.0535
1644246527.702 : re.session.login5.litan.019030.0004 : 689856 : 35184653758832 : DEBUG    : prep task.0689
1644246527.803 : re.session.login5.litan.019030.0004 : 689856 : 35184653758832 : DEBUG    : prep task.0690
1644246527.808 : re.session.login5.litan.019030.0004 : 689856 : 35184653758832 : DEBUG    : prep task.0691
1644246527.813 : re.session.login5.litan.019030.0004 : 689856 : 35184653758832 : DEBUG    : prep task.0693
1644246527.817 : re.session.login5.litan.019030.0004 : 689856 : 35184653758832 : DEBUG    : prep task.0694
1644246527.823 : re.session.login5.litan.019030.0004 : 689856 : 35184653758832 : DEBUG    : prep task.0692
1644246540.230 : re.session.login5.litan.019030.0004 : 689856 : 35184653758832 : DEBUG    : prep task.0437
1644246540.236 : re.session.login5.litan.019030.0004 : 689856 : 35184653758832 : DEBUG    : prep task.0441
1644246540.241 : re.session.login5.litan.019030.0004 : 689856 : 35184653758832 : DEBUG    : prep task.0439
1644246540.246 : re.session.login5.litan.019030.0004 : 689856 : 35184653758832 : DEBUG    : prep task.0442
1644246540.251 : re.session.login5.litan.019030.0004 : 689856 : 35184653758832 : DEBUG    : prep task.0438
1644246540.257 : re.session.login5.litan.019030.0004 : 689856 : 35184653758832 : DEBUG    : prep task.0440
1644246540.429 : re.session.login5.litan.019030.0004 : 689856 : 35184653758832 : DEBUG    : prep task.0592
1644246540.434 : re.session.login5.litan.019030.0004 : 689856 : 35184653758832 : DEBUG    : prep task.0593
1644246540.440 : re.session.login5.litan.019030.0004 : 689856 : 35184653758832 : DEBUG    : prep task.0594
1644246540.445 : re.session.login5.litan.019030.0004 : 689856 : 35184653758832 : DEBUG    : prep task.0595
1644246540.451 : re.session.login5.litan.019030.0004 : 689856 : 35184653758832 : DEBUG    : prep task.0596
1644246540.458 : re.session.login5.litan.019030.0004 : 689856 : 35184653758832 : DEBUG    : prep task.0591
1644246540.468 : re.session.login5.litan.019030.0004 : 689856 : 35184653758832 : DEBUG    : prep task.0746
1644246540.480 : re.session.login5.litan.019030.0004 : 689856 : 35184653758832 : DEBUG    : prep task.0747
1644246540.492 : re.session.login5.litan.019030.0004 : 689856 : 35184653758832 : DEBUG    : prep task.0745
1644246540.498 : re.session.login5.litan.019030.0004 : 689856 : 35184653758832 : DEBUG    : prep task.0748
1644246540.504 : re.session.login5.litan.019030.0004 : 689856 : 35184653758832 : DEBUG    : prep task.0749
1644246540.514 : re.session.login5.litan.019030.0004 : 689856 : 35184653758832 : DEBUG    : prep task.0750
1644246547.840 : re.session.login5.litan.019030.0004 : 689856 : 35184653758832 : DEBUG    : prep task.0471
1644246547.938 : re.session.login5.litan.019030.0004 : 689856 : 35184653758832 : DEBUG    : prep task.0835
1644246549.744 : re.session.login5.litan.019030.0004 : 689856 : 35184653758832 : DEBUG    : prep task.0359
1644246549.844 : re.session.login5.litan.019030.0004 : 689856 : 35184653758832 : DEBUG    : prep task.0361
1644246549.848 : re.session.login5.litan.019030.0004 : 689856 : 35184653758832 : DEBUG    : prep task.0363
1644246549.853 : re.session.login5.litan.019030.0004 : 689856 : 35184653758832 : DEBUG    : prep task.0358
1644246549.858 : re.session.login5.litan.019030.0004 : 689856 : 35184653758832 : DEBUG    : prep task.0360
1644246549.864 : re.session.login5.litan.019030.0004 : 689856 : 35184653758832 : DEBUG    : prep task.0362
1644246549.869 : re.session.login5.litan.019030.0004 : 689856 : 35184653758832 : DEBUG    : prep task.0166
1644246549.875 : re.session.login5.litan.019030.0004 : 689856 : 35184653758832 : DEBUG    : prep task.0165
1644246549.884 : re.session.login5.litan.019030.0004 : 689856 : 35184653758832 : DEBUG    : prep task.0163
1644246549.890 : re.session.login5.litan.019030.0004 : 689856 : 35184653758832 : DEBUG    : prep task.0167
1644246549.901 : re.session.login5.litan.019030.0004 : 689856 : 35184653758832 : DEBUG    : prep task.0168
1644246549.942 : re.session.login5.litan.019030.0004 : 689856 : 35184653758832 : DEBUG    : prep task.0164
1644246553.749 : re.session.login5.litan.019030.0004 : 689856 : 35184653758832 : DEBUG    : prep task.0191
1644246553.850 : re.session.login5.litan.019030.0004 : 689856 : 35184653758832 : DEBUG    : prep task.0192
1644246553.855 : re.session.login5.litan.019030.0004 : 689856 : 35184653758832 : DEBUG    : prep task.0190
1644246553.860 : re.session.login5.litan.019030.0004 : 689856 : 35184653758832 : DEBUG    : prep task.0193
1644246553.865 : re.session.login5.litan.019030.0004 : 689856 : 35184653758832 : DEBUG    : prep task.0194
1644246553.871 : re.session.login5.litan.019030.0004 : 689856 : 35184653758832 : DEBUG    : prep task.0189
1644246557.859 : re.session.login5.litan.019030.0004 : 689856 : 35184653758832 : DEBUG    : prep task.0646
1644246557.956 : re.session.login5.litan.019030.0004 : 689856 : 35184653758832 : DEBUG    : prep task.0856
1644246557.961 : re.session.login5.litan.019030.0004 : 689856 : 35184653758832 : DEBUG    : prep task.0506
1644246559.859 : re.session.login5.litan.019030.0004 : 689856 : 35184653758832 : DEBUG    : prep task.0217
1644246559.961 : re.session.login5.litan.019030.0004 : 689856 : 35184653758832 : DEBUG    : prep task.0215
1644246559.966 : re.session.login5.litan.019030.0004 : 689856 : 35184653758832 : DEBUG    : prep task.0219
1644246559.971 : re.session.login5.litan.019030.0004 : 689856 : 35184653758832 : DEBUG    : prep task.0216
1644246559.976 : re.session.login5.litan.019030.0004 : 689856 : 35184653758832 : DEBUG    : prep task.0220
1644246559.981 : re.session.login5.litan.019030.0004 : 689856 : 35184653758832 : DEBUG    : prep task.0218
1644246563.870 : re.session.login5.litan.019030.0004 : 689856 : 35184653758832 : DEBUG    : prep task.0527
1644246563.967 : re.session.login5.litan.019030.0004 : 689856 : 35184653758832 : DEBUG    : prep task.0681
1644246563.972 : re.session.login5.litan.019030.0004 : 689856 : 35184653758832 : DEBUG    : prep task.0583
1644246565.870 : re.session.login5.litan.019030.0004 : 689856 : 35184653758832 : DEBUG    : prep task.0802
1644246565.972 : re.session.login5.litan.019030.0004 : 689856 : 35184653758832 : DEBUG    : prep task.0804
1644246565.977 : re.session.login5.litan.019030.0004 : 689856 : 35184653758832 : DEBUG    : prep task.0801
1644246565.981 : re.session.login5.litan.019030.0004 : 689856 : 35184653758832 : DEBUG    : prep task.0805
1644246565.986 : re.session.login5.litan.019030.0004 : 689856 : 35184653758832 : DEBUG    : prep task.0806
1644246565.991 : re.session.login5.litan.019030.0004 : 689856 : 35184653758832 : DEBUG    : prep task.0803
1644246569.880 : re.session.login5.litan.019030.0004 : 689856 : 35184653758832 : DEBUG    : prep task.0492
1644246569.980 : re.session.login5.litan.019030.0004 : 689856 : 35184653758832 : DEBUG    : prep task.0702
1644246569.985 : re.session.login5.litan.019030.0004 : 689856 : 35184653758832 : DEBUG    : prep task.0548
1644246569.990 : re.session.login5.litan.019030.0004 : 689856 : 35184653758832 : DEBUG    : prep task.0716
1644246569.995 : re.session.login5.litan.019030.0004 : 689856 : 35184653758832 : DEBUG    : prep task.0758
1644246570.000 : re.session.login5.litan.019030.0004 : 689856 : 35184653758832 : DEBUG    : prep task.0604
1644246570.006 : re.session.login5.litan.019030.0004 : 689856 : 35184653758832 : DEBUG    : prep task.0450
1644246570.012 : re.session.login5.litan.019030.0004 : 689856 : 35184653758832 : DEBUG    : prep task.0814
1644246570.021 : re.session.login5.litan.019030.0004 : 689856 : 35184653758832 : DEBUG    : prep task.0562
1644246570.031 : re.session.login5.litan.019030.0004 : 689856 : 35184653758832 : DEBUG    : prep task.0660
1644246570.037 : re.session.login5.litan.019030.0004 : 689856 : 35184653758832 : DEBUG    : prep task.0772
1644246570.042 : re.session.login5.litan.019030.0004 : 689856 : 35184653758832 : DEBUG    : prep task.0618
1644246573.888 : re.session.login5.litan.019030.0004 : 689856 : 35184653758832 : DEBUG    : prep task.0308
1644246573.987 : re.session.login5.litan.019030.0004 : 689856 : 35184653758832 : DEBUG    : prep task.0306
1644246573.992 : re.session.login5.litan.019030.0004 : 689856 : 35184653758832 : DEBUG    : prep task.0309
1644246573.997 : re.session.login5.litan.019030.0004 : 689856 : 35184653758832 : DEBUG    : prep task.0310
1644246574.002 : re.session.login5.litan.019030.0004 : 689856 : 35184653758832 : DEBUG    : prep task.0311
1644246574.008 : re.session.login5.litan.019030.0004 : 689856 : 35184653758832 : DEBUG    : prep task.0307
1644246577.893 : re.session.login5.litan.019030.0004 : 689856 : 35184653758832 : DEBUG    : prep task.0283
1644246577.995 : re.session.login5.litan.019030.0004 : 689856 : 35184653758832 : DEBUG    : prep task.0281
1644246578.000 : re.session.login5.litan.019030.0004 : 689856 : 35184653758832 : DEBUG    : prep task.0284
1644246578.005 : re.session.login5.litan.019030.0004 : 689856 : 35184653758832 : DEBUG    : prep task.0285
1644246578.010 : re.session.login5.litan.019030.0004 : 689856 : 35184653758832 : DEBUG    : prep task.0282
1644246578.016 : re.session.login5.litan.019030.0004 : 689856 : 35184653758832 : DEBUG    : prep task.0280
1644246581.902 : re.session.login5.litan.019030.0004 : 689856 : 35184653758832 : DEBUG    : prep task.0374
1644246582.001 : re.session.login5.litan.019030.0004 : 689856 : 35184653758832 : DEBUG    : prep task.0372
1644246582.006 : re.session.login5.litan.019030.0004 : 689856 : 35184653758832 : DEBUG    : prep task.0376
1644246582.011 : re.session.login5.litan.019030.0004 : 689856 : 35184653758832 : DEBUG    : prep task.0371
1644246582.016 : re.session.login5.litan.019030.0004 : 689856 : 35184653758832 : DEBUG    : prep task.0375
1644246582.021 : re.session.login5.litan.019030.0004 : 689856 : 35184653758832 : DEBUG    : prep task.0373
1644246585.910 : re.session.login5.litan.019030.0004 : 689856 : 35184653758832 : DEBUG    : prep task.0102
1644246586.009 : re.session.login5.litan.019030.0004 : 689856 : 35184653758832 : DEBUG    : prep task.0100
1644246586.014 : re.session.login5.litan.019030.0004 : 689856 : 35184653758832 : DEBUG    : prep task.0101
1644246586.018 : re.session.login5.litan.019030.0004 : 689856 : 35184653758832 : DEBUG    : prep task.0099
1644246586.023 : re.session.login5.litan.019030.0004 : 689856 : 35184653758832 : DEBUG    : prep task.0098
1644246586.028 : re.session.login5.litan.019030.0004 : 689856 : 35184653758832 : DEBUG    : prep task.0103
1644246587.911 : re.session.login5.litan.019030.0004 : 689856 : 35184653758832 : DEBUG    : prep task.0085
1644246588.013 : re.session.login5.litan.019030.0004 : 689856 : 35184653758832 : DEBUG    : prep task.0086
1644246588.017 : re.session.login5.litan.019030.0004 : 689856 : 35184653758832 : DEBUG    : prep task.0089
1644246588.023 : re.session.login5.litan.019030.0004 : 689856 : 35184653758832 : DEBUG    : prep task.0090
1644246588.029 : re.session.login5.litan.019030.0004 : 689856 : 35184653758832 : DEBUG    : prep task.0087
1644246588.034 : re.session.login5.litan.019030.0004 : 689856 : 35184653758832 : DEBUG    : prep task.0088
1644246597.931 : re.session.login5.litan.019030.0004 : 689856 : 35184653758832 : DEBUG    : prep task.0176
1644246598.030 : re.session.login5.litan.019030.0004 : 689856 : 35184653758832 : DEBUG    : prep task.0178
1644246598.035 : re.session.login5.litan.019030.0004 : 689856 : 35184653758832 : DEBUG    : prep task.0180
1644246598.040 : re.session.login5.litan.019030.0004 : 689856 : 35184653758832 : DEBUG    : prep task.0179
1644246598.046 : re.session.login5.litan.019030.0004 : 689856 : 35184653758832 : DEBUG    : prep task.0181
1644246598.053 : re.session.login5.litan.019030.0004 : 689856 : 35184653758832 : DEBUG    : prep task.0177
1644246602.036 : re.session.login5.litan.019030.0004 : 689856 : 35184653758832 : DEBUG    : prep task.0397
1644246602.139 : re.session.login5.litan.019030.0004 : 689856 : 35184653758832 : DEBUG    : prep task.0399
1644246602.145 : re.session.login5.litan.019030.0004 : 689856 : 35184653758832 : DEBUG    : prep task.0401
1644246602.149 : re.session.login5.litan.019030.0004 : 689856 : 35184653758832 : DEBUG    : prep task.0400
1644246602.154 : re.session.login5.litan.019030.0004 : 689856 : 35184653758832 : DEBUG    : prep task.0402
1644246602.159 : re.session.login5.litan.019030.0004 : 689856 : 35184653758832 : DEBUG    : prep task.0398
1644246602.165 : re.session.login5.litan.019030.0004 : 689856 : 35184653758832 : DEBUG    : prep task.0076
1644246602.170 : re.session.login5.litan.019030.0004 : 689856 : 35184653758832 : DEBUG    : prep task.0077
1644246602.175 : re.session.login5.litan.019030.0004 : 689856 : 35184653758832 : DEBUG    : prep task.0073
1644246602.181 : re.session.login5.litan.019030.0004 : 689856 : 35184653758832 : DEBUG    : prep task.0074
1644246602.187 : re.session.login5.litan.019030.0004 : 689856 : 35184653758832 : DEBUG    : prep task.0075
1644246602.196 : re.session.login5.litan.019030.0004 : 689856 : 35184653758832 : DEBUG    : prep task.0072
1644246608.051 : re.session.login5.litan.019030.0004 : 689856 : 35184653758832 : DEBUG    : prep task.0038
1644246608.149 : re.session.login5.litan.019030.0004 : 689856 : 35184653758832 : DEBUG    : prep task.0036
1644246608.154 : re.session.login5.litan.019030.0004 : 689856 : 35184653758832 : DEBUG    : prep task.0035
1644246608.158 : re.session.login5.litan.019030.0004 : 689856 : 35184653758832 : DEBUG    : prep task.0037
1644246608.163 : re.session.login5.litan.019030.0004 : 689856 : 35184653758832 : DEBUG    : prep task.0033
1644246608.168 : re.session.login5.litan.019030.0004 : 689856 : 35184653758832 : DEBUG    : prep task.0034
1644246614.062 : re.session.login5.litan.019030.0004 : 689856 : 35184653758832 : DEBUG    : prep task.0384
1644246614.160 : re.session.login5.litan.019030.0004 : 689856 : 35184653758832 : DEBUG    : prep task.0388
1644246614.165 : re.session.login5.litan.019030.0004 : 689856 : 35184653758832 : DEBUG    : prep task.0385
1644246614.169 : re.session.login5.litan.019030.0004 : 689856 : 35184653758832 : DEBUG    : prep task.0387
1644246614.174 : re.session.login5.litan.019030.0004 : 689856 : 35184653758832 : DEBUG    : prep task.0389
1644246614.179 : re.session.login5.litan.019030.0004 : 689856 : 35184653758832 : DEBUG    : prep task.0386
1644246616.066 : re.session.login5.litan.019030.0004 : 689856 : 35184653758832 : DEBUG    : prep task.0737
1644246616.164 : re.session.login5.litan.019030.0004 : 689856 : 35184653758832 : DEBUG    : prep task.0429
1644246616.169 : re.session.login5.litan.019030.0004 : 689856 : 35184653758832 : DEBUG    : prep task.0793
1644246616.174 : re.session.login5.litan.019030.0004 : 689856 : 35184653758832 : DEBUG    : prep task.0639
1644246616.179 : re.session.login5.litan.019030.0004 : 689856 : 35184653758832 : DEBUG    : prep task.0485
1644246616.186 : re.session.login5.litan.019030.0004 : 689856 : 35184653758832 : DEBUG    : prep task.0849
1644246622.079 : re.session.login5.litan.019030.0004 : 689856 : 35184653758832 : DEBUG    : prep task.0695
1644246622.183 : re.session.login5.litan.019030.0004 : 689856 : 35184653758832 : DEBUG    : prep task.0541
1644246622.192 : re.session.login5.litan.019030.0004 : 689856 : 35184653758832 : DEBUG    : prep task.0751
1644246622.201 : re.session.login5.litan.019030.0004 : 689856 : 35184653758832 : DEBUG    : prep task.0597
1644246622.210 : re.session.login5.litan.019030.0004 : 689856 : 35184653758832 : DEBUG    : prep task.0443
1644246622.220 : re.session.login5.litan.019030.0004 : 689856 : 35184653758832 : DEBUG    : prep task.0651
1644246622.230 : re.session.login5.litan.019030.0004 : 689856 : 35184653758832 : DEBUG    : prep task.0650
1644246622.241 : re.session.login5.litan.019030.0004 : 689856 : 35184653758832 : DEBUG    : prep task.0648
1644246622.255 : re.session.login5.litan.019030.0004 : 689856 : 35184653758832 : DEBUG    : prep task.0652
1644246622.269 : re.session.login5.litan.019030.0004 : 689856 : 35184653758832 : DEBUG    : prep task.0649
1644246622.278 : re.session.login5.litan.019030.0004 : 689856 : 35184653758832 : DEBUG    : prep task.0647
1644246622.288 : re.session.login5.litan.019030.0004 : 689856 : 35184653758832 : DEBUG    : prep task.0203
1644246622.299 : re.session.login5.litan.019030.0004 : 689856 : 35184653758832 : DEBUG    : prep task.0205
1644246622.309 : re.session.login5.litan.019030.0004 : 689856 : 35184653758832 : DEBUG    : prep task.0207
1644246622.319 : re.session.login5.litan.019030.0004 : 689856 : 35184653758832 : DEBUG    : prep task.0202
1644246622.328 : re.session.login5.litan.019030.0004 : 689856 : 35184653758832 : DEBUG    : prep task.0206
1644246622.338 : re.session.login5.litan.019030.0004 : 689856 : 35184653758832 : DEBUG    : prep task.0204
1644246628.089 : re.session.login5.litan.019030.0004 : 689856 : 35184653758832 : DEBUG    : prep task.0859
1644246628.187 : re.session.login5.litan.019030.0004 : 689856 : 35184653758832 : DEBUG    : prep task.0857
1644246628.192 : re.session.login5.litan.019030.0004 : 689856 : 35184653758832 : DEBUG    : prep task.0861
1644246628.196 : re.session.login5.litan.019030.0004 : 689856 : 35184653758832 : DEBUG    : prep task.0858
1644246628.201 : re.session.login5.litan.019030.0004 : 689856 : 35184653758832 : DEBUG    : prep task.0862
1644246628.206 : re.session.login5.litan.019030.0004 : 689856 : 35184653758832 : DEBUG    : prep task.0860
1644246632.094 : re.session.login5.litan.019030.0004 : 689856 : 35184653758832 : DEBUG    : prep task.0807
1644246632.195 : re.session.login5.litan.019030.0004 : 689856 : 35184653758832 : DEBUG    : prep task.0509
1644246632.200 : re.session.login5.litan.019030.0004 : 689856 : 35184653758832 : DEBUG    : prep task.0507
1644246632.205 : re.session.login5.litan.019030.0004 : 689856 : 35184653758832 : DEBUG    : prep task.0510
1644246632.211 : re.session.login5.litan.019030.0004 : 689856 : 35184653758832 : DEBUG    : prep task.0511
1644246632.216 : re.session.login5.litan.019030.0004 : 689856 : 35184653758832 : DEBUG    : prep task.0512
1644246632.221 : re.session.login5.litan.019030.0004 : 689856 : 35184653758832 : DEBUG    : prep task.0508
1644246636.104 : re.session.login5.litan.019030.0004 : 689856 : 35184653758832 : DEBUG    : prep task.0493
1644246636.202 : re.session.login5.litan.019030.0004 : 689856 : 35184653758832 : DEBUG    : prep task.0495
1644246636.207 : re.session.login5.litan.019030.0004 : 689856 : 35184653758832 : DEBUG    : prep task.0497
1644246636.212 : re.session.login5.litan.019030.0004 : 689856 : 35184653758832 : DEBUG    : prep task.0494
1644246636.217 : re.session.login5.litan.019030.0004 : 689856 : 35184653758832 : DEBUG    : prep task.0496
1644246636.222 : re.session.login5.litan.019030.0004 : 689856 : 35184653758832 : DEBUG    : prep task.0498
1644246646.221 : re.session.login5.litan.019030.0004 : 689856 : 35184653758832 : DEBUG    : prep task.0705
1644246646.320 : re.session.login5.litan.019030.0004 : 689856 : 35184653758832 : DEBUG    : prep task.0704
1644246646.325 : re.session.login5.litan.019030.0004 : 689856 : 35184653758832 : DEBUG    : prep task.0706
1644246646.330 : re.session.login5.litan.019030.0004 : 689856 : 35184653758832 : DEBUG    : prep task.0707
1644246646.335 : re.session.login5.litan.019030.0004 : 689856 : 35184653758832 : DEBUG    : prep task.0708
1644246646.340 : re.session.login5.litan.019030.0004 : 689856 : 35184653758832 : DEBUG    : prep task.0703
1644246652.232 : re.session.login5.litan.019030.0004 : 689856 : 35184653758832 : DEBUG    : prep task.0552
1644246652.331 : re.session.login5.litan.019030.0004 : 689856 : 35184653758832 : DEBUG    : prep task.0550
1644246652.336 : re.session.login5.litan.019030.0004 : 689856 : 35184653758832 : DEBUG    : prep task.0554
1644246652.340 : re.session.login5.litan.019030.0004 : 689856 : 35184653758832 : DEBUG    : prep task.0549
1644246652.345 : re.session.login5.litan.019030.0004 : 689856 : 35184653758832 : DEBUG    : prep task.0553
1644246652.351 : re.session.login5.litan.019030.0004 : 689856 : 35184653758832 : DEBUG    : prep task.0551
1644246658.243 : re.session.login5.litan.019030.0004 : 689856 : 35184653758832 : DEBUG    : prep task.0720
1644246658.343 : re.session.login5.litan.019030.0004 : 689856 : 35184653758832 : DEBUG    : prep task.0718
1644246658.349 : re.session.login5.litan.019030.0004 : 689856 : 35184653758832 : DEBUG    : prep task.0719
1644246658.354 : re.session.login5.litan.019030.0004 : 689856 : 35184653758832 : DEBUG    : prep task.0721
1644246658.359 : re.session.login5.litan.019030.0004 : 689856 : 35184653758832 : DEBUG    : prep task.0717
1644246658.363 : re.session.login5.litan.019030.0004 : 689856 : 35184653758832 : DEBUG    : prep task.0722
1644246658.370 : re.session.login5.litan.019030.0004 : 689856 : 35184653758832 : DEBUG    : prep task.0759
1644246658.377 : re.session.login5.litan.019030.0004 : 689856 : 35184653758832 : DEBUG    : prep task.0761
1644246658.383 : re.session.login5.litan.019030.0004 : 689856 : 35184653758832 : DEBUG    : prep task.0763
1644246658.389 : re.session.login5.litan.019030.0004 : 689856 : 35184653758832 : DEBUG    : prep task.0760
1644246658.397 : re.session.login5.litan.019030.0004 : 689856 : 35184653758832 : DEBUG    : prep task.0764
1644246658.404 : re.session.login5.litan.019030.0004 : 689856 : 35184653758832 : DEBUG    : prep task.0762
1644246662.248 : re.session.login5.litan.019030.0004 : 689856 : 35184653758832 : DEBUG    : prep task.0607
1644246662.349 : re.session.login5.litan.019030.0004 : 689856 : 35184653758832 : DEBUG    : prep task.0605
1644246662.354 : re.session.login5.litan.019030.0004 : 689856 : 35184653758832 : DEBUG    : prep task.0609
1644246662.359 : re.session.login5.litan.019030.0004 : 689856 : 35184653758832 : DEBUG    : prep task.0608
1644246662.364 : re.session.login5.litan.019030.0004 : 689856 : 35184653758832 : DEBUG    : prep task.0610
1644246662.369 : re.session.login5.litan.019030.0004 : 689856 : 35184653758832 : DEBUG    : prep task.0606
1644246668.262 : re.session.login5.litan.019030.0004 : 689856 : 35184653758832 : DEBUG    : prep task.0815
1644246668.360 : re.session.login5.litan.019030.0004 : 689856 : 35184653758832 : DEBUG    : prep task.0816
1644246668.365 : re.session.login5.litan.019030.0004 : 689856 : 35184653758832 : DEBUG    : prep task.0818
1644246668.370 : re.session.login5.litan.019030.0004 : 689856 : 35184653758832 : DEBUG    : prep task.0819
1644246668.376 : re.session.login5.litan.019030.0004 : 689856 : 35184653758832 : DEBUG    : prep task.0820
1644246668.384 : re.session.login5.litan.019030.0004 : 689856 : 35184653758832 : DEBUG    : prep task.0817
1644246674.272 : re.session.login5.litan.019030.0004 : 689856 : 35184653758832 : DEBUG    : prep task.0452
1644246674.372 : re.session.login5.litan.019030.0004 : 689856 : 35184653758832 : DEBUG    : prep task.0454
1644246674.377 : re.session.login5.litan.019030.0004 : 689856 : 35184653758832 : DEBUG    : prep task.0456
1644246674.382 : re.session.login5.litan.019030.0004 : 689856 : 35184653758832 : DEBUG    : prep task.0451
1644246674.387 : re.session.login5.litan.019030.0004 : 689856 : 35184653758832 : DEBUG    : prep task.0453
1644246674.393 : re.session.login5.litan.019030.0004 : 689856 : 35184653758832 : DEBUG    : prep task.0455
1644246674.399 : re.session.login5.litan.019030.0004 : 689856 : 35184653758832 : DEBUG    : prep task.0565
1644246674.409 : re.session.login5.litan.019030.0004 : 689856 : 35184653758832 : DEBUG    : prep task.0567
1644246674.418 : re.session.login5.litan.019030.0004 : 689856 : 35184653758832 : DEBUG    : prep task.0568
1644246674.424 : re.session.login5.litan.019030.0004 : 689856 : 35184653758832 : DEBUG    : prep task.0564
1644246674.432 : re.session.login5.litan.019030.0004 : 689856 : 35184653758832 : DEBUG    : prep task.0566
1644246674.440 : re.session.login5.litan.019030.0004 : 689856 : 35184653758832 : DEBUG    : prep task.0563
1644246682.287 : re.session.login5.litan.019030.0004 : 689856 : 35184653758832 : DEBUG    : prep task.0661
1644246682.387 : re.session.login5.litan.019030.0004 : 689856 : 35184653758832 : DEBUG    : prep task.0663
1644246682.392 : re.session.login5.litan.019030.0004 : 689856 : 35184653758832 : DEBUG    : prep task.0664
1644246682.397 : re.session.login5.litan.019030.0004 : 689856 : 35184653758832 : DEBUG    : prep task.0665
1644246682.402 : re.session.login5.litan.019030.0004 : 689856 : 35184653758832 : DEBUG    : prep task.0666
1644246682.407 : re.session.login5.litan.019030.0004 : 689856 : 35184653758832 : DEBUG    : prep task.0662
1644246688.298 : re.session.login5.litan.019030.0004 : 689856 : 35184653758832 : DEBUG    : prep task.0773
1644246688.398 : re.session.login5.litan.019030.0004 : 689856 : 35184653758832 : DEBUG    : prep task.0774
1644246688.403 : re.session.login5.litan.019030.0004 : 689856 : 35184653758832 : DEBUG    : prep task.0775
1644246688.408 : re.session.login5.litan.019030.0004 : 689856 : 35184653758832 : DEBUG    : prep task.0777
1644246688.413 : re.session.login5.litan.019030.0004 : 689856 : 35184653758832 : DEBUG    : prep task.0778
1644246688.418 : re.session.login5.litan.019030.0004 : 689856 : 35184653758832 : DEBUG    : prep task.0776
1644246690.302 : re.session.login5.litan.019030.0004 : 689856 : 35184653758832 : DEBUG    : prep task.0653
1644246690.404 : re.session.login5.litan.019030.0004 : 689856 : 35184653758832 : DEBUG    : prep task.0499
1644246690.409 : re.session.login5.litan.019030.0004 : 689856 : 35184653758832 : DEBUG    : prep task.0863
1644246690.414 : re.session.login5.litan.019030.0004 : 689856 : 35184653758832 : DEBUG    : prep task.0709
1644246690.419 : re.session.login5.litan.019030.0004 : 689856 : 35184653758832 : DEBUG    : prep task.0555
1644246690.424 : re.session.login5.litan.019030.0004 : 689856 : 35184653758832 : DEBUG    : prep task.0723
1644246690.431 : re.session.login5.litan.019030.0004 : 689856 : 35184653758832 : DEBUG    : prep task.0765
1644246690.442 : re.session.login5.litan.019030.0004 : 689856 : 35184653758832 : DEBUG    : prep task.0611
1644246690.449 : re.session.login5.litan.019030.0004 : 689856 : 35184653758832 : DEBUG    : prep task.0457
1644246690.455 : re.session.login5.litan.019030.0004 : 689856 : 35184653758832 : DEBUG    : prep task.0821
1644246690.463 : re.session.login5.litan.019030.0004 : 689856 : 35184653758832 : DEBUG    : prep task.0513
1644246690.471 : re.session.login5.litan.019030.0004 : 689856 : 35184653758832 : DEBUG    : prep task.0569
1644246690.481 : re.session.login5.litan.019030.0004 : 689856 : 35184653758832 : DEBUG    : prep task.0667
1644246694.310 : re.session.login5.litan.019030.0004 : 689856 : 35184653758832 : DEBUG    : prep task.0622
1644246694.410 : re.session.login5.litan.019030.0004 : 689856 : 35184653758832 : DEBUG    : prep task.0620
1644246694.415 : re.session.login5.litan.019030.0004 : 689856 : 35184653758832 : DEBUG    : prep task.0624
1644246694.420 : re.session.login5.litan.019030.0004 : 689856 : 35184653758832 : DEBUG    : prep task.0621
1644246694.425 : re.session.login5.litan.019030.0004 : 689856 : 35184653758832 : DEBUG    : prep task.0619
1644246694.431 : re.session.login5.litan.019030.0004 : 689856 : 35184653758832 : DEBUG    : prep task.0623
1644246698.317 : re.session.login5.litan.019030.0004 : 689856 : 35184653758832 : DEBUG    : prep task.0779
1644246704.427 : re.session.login5.litan.019030.0004 : 689856 : 35184653758832 : DEBUG    : prep task.0625
1644246732.450 : re.session.login5.litan.019030.0004 : 689353 : 35185027182960 : INFO     : no shutdown hook defined for LaunchMethod JSRUN
1644246732.450 : re.session.login5.litan.019030.0004 : 689353 : 35185027182960 : INFO     : ResourceManager shutdown hook succeeded (JSRUN)
