1636841266.501 : tmgr.0000            : 783459 : 140733495112048 : INFO     : connect pub to state_pubsub: tcp://10.134.0.31:38273
1636841266.507 : tmgr.0000            : 783459 : 140733495112048 : DEBUG    : registered publisher for state_pubsub
1636841266.537 : tmgr.0000            : 783459 : 140733495112048 : INFO     : connect pub to control_pubsub: tcp://10.134.0.31:42587
1636841266.543 : tmgr.0000            : 783459 : 140733495112048 : DEBUG    : registered publisher for control_pubsub
1636841266.667 : tmgr.0000            : 783459 : 140733495112048 : INFO     : connect sub to control_pubsub: tcp://10.134.0.31:45521
1636841266.687 : tmgr.0000            : 783459 : 140733495112048 : DEBUG    : ~~ control_pubsub: control_pubsub
1636841266.783 : tmgr.0000            : 783459 : 140733486657904 : INFO     : started tmgr tmgr.0000
1636841273.654 : tmgr.0000            : 783459 : 140733486657904 : DEBUG    : tmgr.0000 register output TMGR_SCHEDULING_PENDING:tmgr_scheduling_queue
1636841273.804 : tmgr.0000            : 783459 : 140733486657904 : DEBUG    : tmgr.0000 register output TMGR_STAGING_OUTPUT_PENDING:tmgr_staging_output_queue
1636841273.933 : tmgr.0000            : 783459 : 140733486657904 : DEBUG    : START: tmgr.0000 register idler tmgr.0000.idler._state_pull_cb
1636841273.944 : tmgr.0000            : 783459 : 140734635962736 : DEBUG    : start idle thread: <bound method TaskManager._state_pull_cb of <radical.pilot.task_manager.TaskManager object at 0x7fff9196ac10>>
1636841273.949 : tmgr.0000            : 783459 : 140733486657904 : DEBUG    : tmgr.0000 registered idler tmgr.0000.idler._state_pull_cb
1636841273.954 : tmgr.0000            : 783459 : 140733486657904 : DEBUG    : START: tmgr.0000 register idler tmgr.0000.idler._task_pull_cb
1636841274.018 : tmgr.0000            : 783459 : 140734661325168 : DEBUG    : start idle thread: <bound method TaskManager._task_pull_cb of <radical.pilot.task_manager.TaskManager object at 0x7fff9196ac10>>
1636841274.023 : tmgr.0000            : 783459 : 140733486657904 : DEBUG    : tmgr.0000 registered idler tmgr.0000.idler._task_pull_cb
1636841274.117 : tmgr.0000            : 783459 : 140733486657904 : INFO     : connect sub to state_pubsub: tcp://10.134.0.31:34345
1636841274.142 : tmgr.0000            : 783459 : 140733486657904 : DEBUG    : ~~ state_pubsub: state_pubsub
1636841274.161 : tmgr.0000            : 783459 : 140733897765232 : DEBUG    : command incoming: {'cmd': 'add_pilots', 'arg': {'pilots': [{'session': 're.session.login1.litan.018944.0008', 'pmgr': 'pmgr.0000', 'uid': 'pilot.0000', 'type': 'pilot', 'state': 'PMGR_ACTIVE', 'log': None, 'stdout': None, 'stderr': None, 'resource': 'ornl.summit', 'resource_sandbox': 'file://localhost/gpfs/alpine/scratch/litan/csc299/radical.pilot.sandbox', 'session_sandbox': 'file://localhost/gpfs/alpine/scratch/litan/csc299/radical.pilot.sandbox/re.session.login1.litan.018944.0008', 'pilot_sandbox': 'file://localhost/gpfs/alpine/scratch/litan/csc299/radical.pilot.sandbox/re.session.login1.litan.018944.0008/pilot.0000/', 'client_sandbox': '/gpfs/alpine/csc299/scratch/litan/DeepDriveMD/async/new/CANDLE', 'js_url': 'lsf://localhost/', 'js_hop': 'fork://localhost/', 'description': {'uid': None, 'resource': 'ornl.summit', 'access_schema': None, 'runtime': 120, 'app_comm': [], 'sandbox': None, 'cores': 5376, 'gpus': 192, 'memory': 0, 'queue': 'batch', 'job_name': None, 'project': 'CSC299', 'cleanup': False, 'candidate_hosts': [], 'exit_on_error': True, 'input_staging': [], 'output_staging': [], 'prepare_env': {}, 'layout': 'default', 'services': []}}], 'tmgr': 'tmgr.0000'}}
1636841274.161 : tmgr.0000            : 783459 : 140733897765232 : DEBUG    : command ignored: add_pilots
1636841275.055 : tmgr.0000            : 783459 : 140733486657904 : DEBUG    : advance bulk: 1 [False, False]
1636841275.056 : tmgr.0000            : 783459 : 140733486657904 : DEBUG    : advance bulk: 1 [False, False]
1636841275.056 : tmgr.0000            : 783459 : 140733486657904 : DEBUG    : advance bulk: 1 [False, False]
1636841275.058 : tmgr.0000            : 783459 : 140733486657904 : DEBUG    : advance bulk: 1 [False, False]
1636841275.058 : tmgr.0000            : 783459 : 140733486657904 : DEBUG    : advance bulk: 1 [False, False]
1636841275.059 : tmgr.0000            : 783459 : 140733486657904 : DEBUG    : advance bulk: 1 [False, False]
1636841275.059 : tmgr.0000            : 783459 : 140733486657904 : DEBUG    : advance bulk: 1 [False, False]
1636841275.060 : tmgr.0000            : 783459 : 140733486657904 : DEBUG    : advance bulk: 1 [False, False]
1636841275.060 : tmgr.0000            : 783459 : 140733486657904 : DEBUG    : advance bulk: 1 [False, False]
1636841275.061 : tmgr.0000            : 783459 : 140733486657904 : DEBUG    : advance bulk: 1 [False, False]
1636841275.061 : tmgr.0000            : 783459 : 140733486657904 : DEBUG    : advance bulk: 1 [False, False]
1636841275.062 : tmgr.0000            : 783459 : 140733486657904 : DEBUG    : advance bulk: 1 [False, False]
1636841275.062 : tmgr.0000            : 783459 : 140733486657904 : DEBUG    : advance bulk: 1 [False, False]
1636841275.063 : tmgr.0000            : 783459 : 140733486657904 : DEBUG    : advance bulk: 1 [False, False]
1636841275.063 : tmgr.0000            : 783459 : 140733486657904 : DEBUG    : advance bulk: 1 [False, False]
1636841275.064 : tmgr.0000            : 783459 : 140733486657904 : DEBUG    : advance bulk: 1 [False, False]
1636841275.064 : tmgr.0000            : 783459 : 140733486657904 : DEBUG    : advance bulk: 1 [False, False]
1636841275.065 : tmgr.0000            : 783459 : 140733486657904 : DEBUG    : advance bulk: 1 [False, False]
1636841275.065 : tmgr.0000            : 783459 : 140733486657904 : DEBUG    : advance bulk: 1 [False, False]
1636841275.066 : tmgr.0000            : 783459 : 140733486657904 : DEBUG    : advance bulk: 1 [False, False]
1636841275.066 : tmgr.0000            : 783459 : 140733486657904 : DEBUG    : advance bulk: 1 [False, False]
1636841275.067 : tmgr.0000            : 783459 : 140733486657904 : DEBUG    : advance bulk: 1 [False, False]
1636841275.067 : tmgr.0000            : 783459 : 140733486657904 : DEBUG    : advance bulk: 1 [False, False]
1636841275.068 : tmgr.0000            : 783459 : 140733486657904 : DEBUG    : advance bulk: 1 [False, False]
1636841275.068 : tmgr.0000            : 783459 : 140733486657904 : DEBUG    : advance bulk: 1 [False, False]
1636841275.069 : tmgr.0000            : 783459 : 140733486657904 : DEBUG    : advance bulk: 1 [False, False]
1636841275.069 : tmgr.0000            : 783459 : 140733486657904 : DEBUG    : advance bulk: 1 [False, False]
1636841275.070 : tmgr.0000            : 783459 : 140733486657904 : DEBUG    : advance bulk: 1 [False, False]
1636841275.070 : tmgr.0000            : 783459 : 140733486657904 : DEBUG    : advance bulk: 1 [False, False]
1636841275.071 : tmgr.0000            : 783459 : 140733486657904 : DEBUG    : advance bulk: 1 [False, False]
1636841275.071 : tmgr.0000            : 783459 : 140733486657904 : DEBUG    : advance bulk: 1 [False, False]
1636841275.072 : tmgr.0000            : 783459 : 140733486657904 : DEBUG    : advance bulk: 1 [False, False]
1636841275.072 : tmgr.0000            : 783459 : 140733486657904 : DEBUG    : advance bulk: 1 [False, False]
1636841275.073 : tmgr.0000            : 783459 : 140733486657904 : DEBUG    : advance bulk: 1 [False, False]
1636841275.074 : tmgr.0000            : 783459 : 140733486657904 : DEBUG    : advance bulk: 1 [False, False]
1636841275.074 : tmgr.0000            : 783459 : 140733486657904 : DEBUG    : advance bulk: 1 [False, False]
1636841275.075 : tmgr.0000            : 783459 : 140733486657904 : DEBUG    : advance bulk: 1 [False, False]
1636841275.076 : tmgr.0000            : 783459 : 140733486657904 : DEBUG    : advance bulk: 1 [False, False]
1636841275.076 : tmgr.0000            : 783459 : 140733486657904 : DEBUG    : advance bulk: 1 [False, False]
1636841275.077 : tmgr.0000            : 783459 : 140733486657904 : DEBUG    : advance bulk: 1 [False, False]
1636841275.077 : tmgr.0000            : 783459 : 140733486657904 : DEBUG    : advance bulk: 1 [False, False]
1636841275.078 : tmgr.0000            : 783459 : 140733486657904 : DEBUG    : advance bulk: 1 [False, False]
1636841275.078 : tmgr.0000            : 783459 : 140733486657904 : DEBUG    : advance bulk: 1 [False, False]
1636841275.079 : tmgr.0000            : 783459 : 140733486657904 : DEBUG    : advance bulk: 1 [False, False]
1636841275.079 : tmgr.0000            : 783459 : 140733486657904 : DEBUG    : advance bulk: 1 [False, False]
1636841275.080 : tmgr.0000            : 783459 : 140733486657904 : DEBUG    : advance bulk: 1 [False, False]
1636841275.080 : tmgr.0000            : 783459 : 140733486657904 : DEBUG    : advance bulk: 1 [False, False]
1636841275.080 : tmgr.0000            : 783459 : 140733486657904 : DEBUG    : advance bulk: 1 [False, False]
1636841275.081 : tmgr.0000            : 783459 : 140733486657904 : DEBUG    : advance bulk: 1 [False, False]
1636841275.081 : tmgr.0000            : 783459 : 140733486657904 : DEBUG    : advance bulk: 1 [False, False]
1636841275.082 : tmgr.0000            : 783459 : 140733486657904 : DEBUG    : advance bulk: 1 [False, False]
1636841275.083 : tmgr.0000            : 783459 : 140733486657904 : DEBUG    : advance bulk: 1 [False, False]
1636841275.083 : tmgr.0000            : 783459 : 140733486657904 : DEBUG    : advance bulk: 1 [False, False]
1636841275.084 : tmgr.0000            : 783459 : 140733486657904 : DEBUG    : advance bulk: 1 [False, False]
1636841275.084 : tmgr.0000            : 783459 : 140733486657904 : DEBUG    : advance bulk: 1 [False, False]
1636841275.085 : tmgr.0000            : 783459 : 140733486657904 : DEBUG    : advance bulk: 1 [False, False]
1636841275.085 : tmgr.0000            : 783459 : 140733486657904 : DEBUG    : advance bulk: 1 [False, False]
1636841275.087 : tmgr.0000            : 783459 : 140733486657904 : DEBUG    : advance bulk: 1 [False, False]
1636841275.087 : tmgr.0000            : 783459 : 140733486657904 : DEBUG    : advance bulk: 1 [False, False]
1636841275.088 : tmgr.0000            : 783459 : 140733486657904 : DEBUG    : advance bulk: 1 [False, False]
1636841275.088 : tmgr.0000            : 783459 : 140733486657904 : DEBUG    : advance bulk: 1 [False, False]
1636841275.089 : tmgr.0000            : 783459 : 140733486657904 : DEBUG    : advance bulk: 1 [False, False]
1636841275.089 : tmgr.0000            : 783459 : 140733486657904 : DEBUG    : advance bulk: 1 [False, False]
1636841275.090 : tmgr.0000            : 783459 : 140733486657904 : DEBUG    : advance bulk: 1 [False, False]
1636841275.091 : tmgr.0000            : 783459 : 140733486657904 : DEBUG    : advance bulk: 1 [False, False]
1636841275.091 : tmgr.0000            : 783459 : 140733486657904 : DEBUG    : advance bulk: 1 [False, False]
1636841275.092 : tmgr.0000            : 783459 : 140733486657904 : DEBUG    : advance bulk: 1 [False, False]
1636841275.092 : tmgr.0000            : 783459 : 140733486657904 : DEBUG    : advance bulk: 1 [False, False]
1636841275.093 : tmgr.0000            : 783459 : 140733486657904 : DEBUG    : advance bulk: 1 [False, False]
1636841275.093 : tmgr.0000            : 783459 : 140733486657904 : DEBUG    : advance bulk: 1 [False, False]
1636841275.094 : tmgr.0000            : 783459 : 140733486657904 : DEBUG    : advance bulk: 1 [False, False]
1636841275.094 : tmgr.0000            : 783459 : 140733486657904 : DEBUG    : advance bulk: 1 [False, False]
1636841275.095 : tmgr.0000            : 783459 : 140733486657904 : DEBUG    : advance bulk: 1 [False, False]
1636841275.095 : tmgr.0000            : 783459 : 140733486657904 : DEBUG    : advance bulk: 1 [False, False]
1636841275.096 : tmgr.0000            : 783459 : 140733486657904 : DEBUG    : advance bulk: 1 [False, False]
1636841275.096 : tmgr.0000            : 783459 : 140733486657904 : DEBUG    : advance bulk: 1 [False, False]
1636841275.097 : tmgr.0000            : 783459 : 140733486657904 : DEBUG    : advance bulk: 1 [False, False]
1636841275.097 : tmgr.0000            : 783459 : 140733486657904 : DEBUG    : advance bulk: 1 [False, False]
1636841275.098 : tmgr.0000            : 783459 : 140733486657904 : DEBUG    : advance bulk: 1 [False, False]
1636841275.098 : tmgr.0000            : 783459 : 140733486657904 : DEBUG    : advance bulk: 1 [False, False]
1636841275.099 : tmgr.0000            : 783459 : 140733486657904 : DEBUG    : advance bulk: 1 [False, False]
1636841275.099 : tmgr.0000            : 783459 : 140733486657904 : DEBUG    : advance bulk: 1 [False, False]
1636841275.100 : tmgr.0000            : 783459 : 140733486657904 : DEBUG    : advance bulk: 1 [False, False]
1636841275.100 : tmgr.0000            : 783459 : 140733486657904 : DEBUG    : advance bulk: 1 [False, False]
1636841275.101 : tmgr.0000            : 783459 : 140733486657904 : DEBUG    : advance bulk: 1 [False, False]
1636841275.101 : tmgr.0000            : 783459 : 140733486657904 : DEBUG    : advance bulk: 1 [False, False]
1636841275.102 : tmgr.0000            : 783459 : 140733486657904 : DEBUG    : advance bulk: 1 [False, False]
1636841275.103 : tmgr.0000            : 783459 : 140733486657904 : DEBUG    : advance bulk: 1 [False, False]
1636841275.103 : tmgr.0000            : 783459 : 140733486657904 : DEBUG    : advance bulk: 1 [False, False]
1636841275.104 : tmgr.0000            : 783459 : 140733486657904 : DEBUG    : advance bulk: 1 [False, False]
1636841275.104 : tmgr.0000            : 783459 : 140733486657904 : DEBUG    : advance bulk: 1 [False, False]
1636841275.105 : tmgr.0000            : 783459 : 140733486657904 : DEBUG    : advance bulk: 1 [False, False]
1636841275.105 : tmgr.0000            : 783459 : 140733486657904 : DEBUG    : advance bulk: 1 [False, False]
1636841275.106 : tmgr.0000            : 783459 : 140733486657904 : DEBUG    : advance bulk: 1 [False, False]
1636841275.106 : tmgr.0000            : 783459 : 140733486657904 : DEBUG    : advance bulk: 1 [False, False]
1636841275.107 : tmgr.0000            : 783459 : 140733486657904 : DEBUG    : advance bulk: 1 [False, False]
1636841275.108 : tmgr.0000            : 783459 : 140733486657904 : DEBUG    : advance bulk: 1 [False, False]
1636841275.108 : tmgr.0000            : 783459 : 140733486657904 : DEBUG    : advance bulk: 1 [False, False]
1636841275.109 : tmgr.0000            : 783459 : 140733486657904 : DEBUG    : advance bulk: 1 [False, False]
1636841275.109 : tmgr.0000            : 783459 : 140733486657904 : DEBUG    : advance bulk: 1 [False, False]
1636841275.110 : tmgr.0000            : 783459 : 140733486657904 : DEBUG    : advance bulk: 1 [False, False]
1636841275.110 : tmgr.0000            : 783459 : 140733486657904 : DEBUG    : advance bulk: 1 [False, False]
1636841275.111 : tmgr.0000            : 783459 : 140733486657904 : DEBUG    : advance bulk: 1 [False, False]
1636841275.111 : tmgr.0000            : 783459 : 140733486657904 : DEBUG    : advance bulk: 1 [False, False]
1636841275.112 : tmgr.0000            : 783459 : 140733486657904 : DEBUG    : advance bulk: 1 [False, False]
1636841275.112 : tmgr.0000            : 783459 : 140733486657904 : DEBUG    : advance bulk: 1 [False, False]
1636841275.112 : tmgr.0000            : 783459 : 140733486657904 : DEBUG    : advance bulk: 1 [False, False]
1636841275.113 : tmgr.0000            : 783459 : 140733486657904 : DEBUG    : advance bulk: 1 [False, False]
1636841275.113 : tmgr.0000            : 783459 : 140733486657904 : DEBUG    : advance bulk: 1 [False, False]
1636841275.114 : tmgr.0000            : 783459 : 140733486657904 : DEBUG    : advance bulk: 1 [False, False]
1636841275.114 : tmgr.0000            : 783459 : 140733486657904 : DEBUG    : advance bulk: 1 [False, False]
1636841275.115 : tmgr.0000            : 783459 : 140733486657904 : DEBUG    : advance bulk: 1 [False, False]
1636841275.115 : tmgr.0000            : 783459 : 140733486657904 : DEBUG    : advance bulk: 1 [False, False]
1636841275.116 : tmgr.0000            : 783459 : 140733486657904 : DEBUG    : advance bulk: 1 [False, False]
1636841275.116 : tmgr.0000            : 783459 : 140733486657904 : DEBUG    : advance bulk: 1 [False, False]
1636841275.117 : tmgr.0000            : 783459 : 140733486657904 : DEBUG    : advance bulk: 1 [False, False]
1636841275.118 : tmgr.0000            : 783459 : 140733486657904 : DEBUG    : advance bulk: 1 [False, False]
1636841275.118 : tmgr.0000            : 783459 : 140733486657904 : DEBUG    : advance bulk: 1 [False, False]
1636841275.119 : tmgr.0000            : 783459 : 140733486657904 : DEBUG    : advance bulk: 1 [False, False]
1636841275.119 : tmgr.0000            : 783459 : 140733486657904 : DEBUG    : advance bulk: 1 [False, False]
1636841275.120 : tmgr.0000            : 783459 : 140733486657904 : DEBUG    : advance bulk: 1 [False, False]
1636841275.120 : tmgr.0000            : 783459 : 140733486657904 : DEBUG    : advance bulk: 1 [False, False]
1636841275.121 : tmgr.0000            : 783459 : 140733486657904 : DEBUG    : advance bulk: 1 [False, False]
1636841275.121 : tmgr.0000            : 783459 : 140733486657904 : DEBUG    : advance bulk: 1 [False, False]
1636841275.122 : tmgr.0000            : 783459 : 140733486657904 : DEBUG    : advance bulk: 1 [False, False]
1636841275.122 : tmgr.0000            : 783459 : 140733486657904 : DEBUG    : advance bulk: 1 [False, False]
1636841275.123 : tmgr.0000            : 783459 : 140733486657904 : DEBUG    : advance bulk: 1 [False, False]
1636841275.124 : tmgr.0000            : 783459 : 140733486657904 : DEBUG    : advance bulk: 1 [False, False]
1636841275.124 : tmgr.0000            : 783459 : 140733486657904 : DEBUG    : advance bulk: 1 [False, False]
1636841275.125 : tmgr.0000            : 783459 : 140733486657904 : DEBUG    : advance bulk: 1 [False, False]
1636841275.125 : tmgr.0000            : 783459 : 140733486657904 : DEBUG    : advance bulk: 1 [False, False]
1636841275.126 : tmgr.0000            : 783459 : 140733486657904 : DEBUG    : advance bulk: 1 [False, False]
1636841275.126 : tmgr.0000            : 783459 : 140733486657904 : DEBUG    : advance bulk: 1 [False, False]
1636841275.127 : tmgr.0000            : 783459 : 140733486657904 : DEBUG    : advance bulk: 1 [False, False]
1636841275.127 : tmgr.0000            : 783459 : 140733486657904 : DEBUG    : advance bulk: 1 [False, False]
1636841275.128 : tmgr.0000            : 783459 : 140733486657904 : DEBUG    : advance bulk: 1 [False, False]
1636841275.129 : tmgr.0000            : 783459 : 140733486657904 : DEBUG    : advance bulk: 1 [False, False]
1636841275.129 : tmgr.0000            : 783459 : 140733486657904 : DEBUG    : advance bulk: 1 [False, False]
1636841275.130 : tmgr.0000            : 783459 : 140733486657904 : DEBUG    : advance bulk: 1 [False, False]
1636841275.130 : tmgr.0000            : 783459 : 140733486657904 : DEBUG    : advance bulk: 1 [False, False]
1636841275.131 : tmgr.0000            : 783459 : 140733486657904 : DEBUG    : advance bulk: 1 [False, False]
1636841275.131 : tmgr.0000            : 783459 : 140733486657904 : DEBUG    : advance bulk: 1 [False, False]
1636841275.132 : tmgr.0000            : 783459 : 140733486657904 : DEBUG    : advance bulk: 1 [False, False]
1636841275.132 : tmgr.0000            : 783459 : 140733486657904 : DEBUG    : advance bulk: 1 [False, False]
1636841275.133 : tmgr.0000            : 783459 : 140733486657904 : DEBUG    : advance bulk: 1 [False, False]
1636841275.133 : tmgr.0000            : 783459 : 140733486657904 : DEBUG    : advance bulk: 1 [False, False]
1636841275.134 : tmgr.0000            : 783459 : 140733486657904 : DEBUG    : advance bulk: 1 [False, False]
1636841275.134 : tmgr.0000            : 783459 : 140733486657904 : DEBUG    : advance bulk: 1 [False, False]
1636841275.135 : tmgr.0000            : 783459 : 140733486657904 : DEBUG    : advance bulk: 1 [False, False]
1636841275.135 : tmgr.0000            : 783459 : 140733486657904 : DEBUG    : advance bulk: 1 [False, False]
1636841275.135 : tmgr.0000            : 783459 : 140733486657904 : DEBUG    : advance bulk: 1 [False, False]
1636841275.136 : tmgr.0000            : 783459 : 140733486657904 : DEBUG    : advance bulk: 1 [False, False]
1636841275.136 : tmgr.0000            : 783459 : 140733486657904 : DEBUG    : advance bulk: 1 [False, False]
1636841275.137 : tmgr.0000            : 783459 : 140733486657904 : DEBUG    : advance bulk: 1 [False, False]
1636841275.137 : tmgr.0000            : 783459 : 140733486657904 : DEBUG    : advance bulk: 1 [False, False]
1636841275.138 : tmgr.0000            : 783459 : 140733486657904 : DEBUG    : advance bulk: 1 [False, False]
1636841275.139 : tmgr.0000            : 783459 : 140733486657904 : DEBUG    : advance bulk: 1 [False, False]
1636841275.139 : tmgr.0000            : 783459 : 140733486657904 : DEBUG    : advance bulk: 1 [False, False]
1636841275.140 : tmgr.0000            : 783459 : 140733486657904 : DEBUG    : advance bulk: 1 [False, False]
1636841275.140 : tmgr.0000            : 783459 : 140733486657904 : DEBUG    : advance bulk: 1 [False, False]
1636841275.141 : tmgr.0000            : 783459 : 140733486657904 : DEBUG    : advance bulk: 1 [False, False]
1636841275.141 : tmgr.0000            : 783459 : 140733486657904 : DEBUG    : advance bulk: 1 [False, False]
1636841275.142 : tmgr.0000            : 783459 : 140733486657904 : DEBUG    : advance bulk: 1 [False, False]
1636841275.142 : tmgr.0000            : 783459 : 140733486657904 : DEBUG    : advance bulk: 1 [False, False]
1636841275.143 : tmgr.0000            : 783459 : 140733486657904 : DEBUG    : advance bulk: 1 [False, False]
1636841275.143 : tmgr.0000            : 783459 : 140733486657904 : DEBUG    : advance bulk: 1 [False, False]
1636841275.144 : tmgr.0000            : 783459 : 140733486657904 : DEBUG    : advance bulk: 1 [False, False]
1636841275.144 : tmgr.0000            : 783459 : 140733486657904 : DEBUG    : advance bulk: 1 [False, False]
1636841275.145 : tmgr.0000            : 783459 : 140733486657904 : DEBUG    : advance bulk: 1 [False, False]
1636841275.146 : tmgr.0000            : 783459 : 140733486657904 : DEBUG    : advance bulk: 1 [False, False]
1636841275.146 : tmgr.0000            : 783459 : 140733486657904 : DEBUG    : advance bulk: 1 [False, False]
1636841275.146 : tmgr.0000            : 783459 : 140733486657904 : DEBUG    : advance bulk: 1 [False, False]
1636841275.147 : tmgr.0000            : 783459 : 140733486657904 : DEBUG    : advance bulk: 1 [False, False]
1636841275.148 : tmgr.0000            : 783459 : 140733486657904 : DEBUG    : advance bulk: 1 [False, False]
1636841275.148 : tmgr.0000            : 783459 : 140733486657904 : DEBUG    : advance bulk: 1 [False, False]
1636841275.149 : tmgr.0000            : 783459 : 140733486657904 : DEBUG    : advance bulk: 1 [False, False]
1636841275.150 : tmgr.0000            : 783459 : 140733486657904 : DEBUG    : advance bulk: 1 [False, False]
1636841275.150 : tmgr.0000            : 783459 : 140733486657904 : DEBUG    : advance bulk: 1 [False, False]
1636841275.151 : tmgr.0000            : 783459 : 140733486657904 : DEBUG    : advance bulk: 1 [False, False]
1636841275.151 : tmgr.0000            : 783459 : 140733486657904 : DEBUG    : advance bulk: 1 [False, False]
1636841275.152 : tmgr.0000            : 783459 : 140733486657904 : DEBUG    : advance bulk: 1 [False, False]
1636841275.152 : tmgr.0000            : 783459 : 140733486657904 : DEBUG    : advance bulk: 1 [False, False]
1636841275.153 : tmgr.0000            : 783459 : 140733486657904 : DEBUG    : advance bulk: 1 [False, False]
1636841275.154 : tmgr.0000            : 783459 : 140733486657904 : DEBUG    : advance bulk: 1 [False, False]
1636841275.154 : tmgr.0000            : 783459 : 140733486657904 : DEBUG    : advance bulk: 1 [False, False]
1636841275.155 : tmgr.0000            : 783459 : 140733486657904 : DEBUG    : advance bulk: 1 [False, False]
1636841275.155 : tmgr.0000            : 783459 : 140733486657904 : DEBUG    : advance bulk: 1 [False, False]
1636841275.156 : tmgr.0000            : 783459 : 140733486657904 : DEBUG    : advance bulk: 1 [False, False]
1636841275.156 : tmgr.0000            : 783459 : 140733486657904 : DEBUG    : advance bulk: 1 [False, False]
1636841275.157 : tmgr.0000            : 783459 : 140733486657904 : DEBUG    : advance bulk: 1 [False, False]
1636841275.157 : tmgr.0000            : 783459 : 140733486657904 : DEBUG    : advance bulk: 1 [False, False]
1636841275.158 : tmgr.0000            : 783459 : 140733486657904 : DEBUG    : advance bulk: 1 [False, False]
1636841275.158 : tmgr.0000            : 783459 : 140733486657904 : DEBUG    : advance bulk: 1 [False, False]
1636841275.159 : tmgr.0000            : 783459 : 140733486657904 : DEBUG    : advance bulk: 1 [False, False]
1636841275.159 : tmgr.0000            : 783459 : 140733486657904 : DEBUG    : advance bulk: 1 [False, False]
1636841275.160 : tmgr.0000            : 783459 : 140733486657904 : DEBUG    : advance bulk: 1 [False, False]
1636841275.161 : tmgr.0000            : 783459 : 140733486657904 : DEBUG    : advance bulk: 1 [False, False]
1636841275.161 : tmgr.0000            : 783459 : 140733486657904 : DEBUG    : advance bulk: 1 [False, False]
1636841275.162 : tmgr.0000            : 783459 : 140733486657904 : DEBUG    : advance bulk: 1 [False, False]
1636841275.162 : tmgr.0000            : 783459 : 140733486657904 : DEBUG    : advance bulk: 1 [False, False]
1636841275.163 : tmgr.0000            : 783459 : 140733486657904 : DEBUG    : advance bulk: 1 [False, False]
1636841275.163 : tmgr.0000            : 783459 : 140733486657904 : DEBUG    : advance bulk: 1 [False, False]
1636841275.164 : tmgr.0000            : 783459 : 140733486657904 : DEBUG    : advance bulk: 1 [False, False]
1636841275.164 : tmgr.0000            : 783459 : 140733486657904 : DEBUG    : advance bulk: 1 [False, False]
1636841275.165 : tmgr.0000            : 783459 : 140733486657904 : DEBUG    : advance bulk: 1 [False, False]
1636841275.165 : tmgr.0000            : 783459 : 140733486657904 : DEBUG    : advance bulk: 1 [False, False]
1636841275.166 : tmgr.0000            : 783459 : 140733486657904 : DEBUG    : advance bulk: 1 [False, False]
1636841275.166 : tmgr.0000            : 783459 : 140733486657904 : DEBUG    : advance bulk: 1 [False, False]
1636841275.167 : tmgr.0000            : 783459 : 140733486657904 : DEBUG    : advance bulk: 1 [False, False]
1636841275.168 : tmgr.0000            : 783459 : 140733486657904 : DEBUG    : advance bulk: 1 [False, False]
1636841275.168 : tmgr.0000            : 783459 : 140733486657904 : DEBUG    : advance bulk: 1 [False, False]
1636841275.169 : tmgr.0000            : 783459 : 140733486657904 : DEBUG    : advance bulk: 1 [False, False]
1636841275.169 : tmgr.0000            : 783459 : 140733486657904 : DEBUG    : advance bulk: 1 [False, False]
1636841275.170 : tmgr.0000            : 783459 : 140733486657904 : DEBUG    : advance bulk: 1 [False, False]
1636841275.170 : tmgr.0000            : 783459 : 140733486657904 : DEBUG    : advance bulk: 1 [False, False]
1636841275.171 : tmgr.0000            : 783459 : 140733486657904 : DEBUG    : advance bulk: 1 [False, False]
1636841275.172 : tmgr.0000            : 783459 : 140733486657904 : DEBUG    : advance bulk: 1 [False, False]
1636841275.172 : tmgr.0000            : 783459 : 140733486657904 : DEBUG    : advance bulk: 1 [False, False]
1636841275.173 : tmgr.0000            : 783459 : 140733486657904 : DEBUG    : advance bulk: 1 [False, False]
1636841275.173 : tmgr.0000            : 783459 : 140733486657904 : DEBUG    : advance bulk: 1 [False, False]
1636841275.174 : tmgr.0000            : 783459 : 140733486657904 : DEBUG    : advance bulk: 1 [False, False]
1636841275.174 : tmgr.0000            : 783459 : 140733486657904 : DEBUG    : advance bulk: 1 [False, False]
1636841275.175 : tmgr.0000            : 783459 : 140733486657904 : DEBUG    : advance bulk: 1 [False, False]
1636841275.175 : tmgr.0000            : 783459 : 140733486657904 : DEBUG    : advance bulk: 1 [False, False]
1636841275.176 : tmgr.0000            : 783459 : 140733486657904 : DEBUG    : advance bulk: 1 [False, False]
1636841275.177 : tmgr.0000            : 783459 : 140733486657904 : DEBUG    : advance bulk: 1 [False, False]
1636841275.177 : tmgr.0000            : 783459 : 140733486657904 : DEBUG    : advance bulk: 1 [False, False]
1636841275.178 : tmgr.0000            : 783459 : 140733486657904 : DEBUG    : advance bulk: 1 [False, False]
1636841275.178 : tmgr.0000            : 783459 : 140733486657904 : DEBUG    : advance bulk: 1 [False, False]
1636841275.179 : tmgr.0000            : 783459 : 140733486657904 : DEBUG    : advance bulk: 1 [False, False]
1636841275.179 : tmgr.0000            : 783459 : 140733486657904 : DEBUG    : advance bulk: 1 [False, False]
1636841275.180 : tmgr.0000            : 783459 : 140733486657904 : DEBUG    : advance bulk: 1 [False, False]
1636841275.180 : tmgr.0000            : 783459 : 140733486657904 : DEBUG    : advance bulk: 1 [False, False]
1636841275.181 : tmgr.0000            : 783459 : 140733486657904 : DEBUG    : advance bulk: 1 [False, False]
1636841275.181 : tmgr.0000            : 783459 : 140733486657904 : DEBUG    : advance bulk: 1 [False, False]
1636841275.182 : tmgr.0000            : 783459 : 140733486657904 : DEBUG    : advance bulk: 1 [False, False]
1636841275.183 : tmgr.0000            : 783459 : 140733486657904 : DEBUG    : advance bulk: 1 [False, False]
1636841275.183 : tmgr.0000            : 783459 : 140733486657904 : DEBUG    : advance bulk: 1 [False, False]
1636841275.184 : tmgr.0000            : 783459 : 140733486657904 : DEBUG    : advance bulk: 1 [False, False]
1636841275.184 : tmgr.0000            : 783459 : 140733486657904 : DEBUG    : advance bulk: 1 [False, False]
1636841275.185 : tmgr.0000            : 783459 : 140733486657904 : DEBUG    : advance bulk: 1 [False, False]
1636841275.185 : tmgr.0000            : 783459 : 140733486657904 : DEBUG    : advance bulk: 1 [False, False]
1636841275.186 : tmgr.0000            : 783459 : 140733486657904 : DEBUG    : advance bulk: 1 [False, False]
1636841275.186 : tmgr.0000            : 783459 : 140733486657904 : DEBUG    : advance bulk: 1 [False, False]
1636841275.187 : tmgr.0000            : 783459 : 140733486657904 : DEBUG    : advance bulk: 1 [False, False]
1636841275.187 : tmgr.0000            : 783459 : 140733486657904 : DEBUG    : advance bulk: 1 [False, False]
1636841275.188 : tmgr.0000            : 783459 : 140733486657904 : DEBUG    : advance bulk: 1 [False, False]
1636841275.189 : tmgr.0000            : 783459 : 140733486657904 : DEBUG    : advance bulk: 1 [False, False]
1636841275.189 : tmgr.0000            : 783459 : 140733486657904 : DEBUG    : advance bulk: 1 [False, False]
1636841275.190 : tmgr.0000            : 783459 : 140733486657904 : DEBUG    : advance bulk: 1 [False, False]
1636841275.190 : tmgr.0000            : 783459 : 140733486657904 : DEBUG    : advance bulk: 1 [False, False]
1636841275.191 : tmgr.0000            : 783459 : 140733486657904 : DEBUG    : advance bulk: 1 [False, False]
1636841275.191 : tmgr.0000            : 783459 : 140733486657904 : DEBUG    : advance bulk: 1 [False, False]
1636841275.192 : tmgr.0000            : 783459 : 140733486657904 : DEBUG    : advance bulk: 1 [False, False]
1636841275.192 : tmgr.0000            : 783459 : 140733486657904 : DEBUG    : advance bulk: 1 [False, False]
1636841275.193 : tmgr.0000            : 783459 : 140733486657904 : DEBUG    : advance bulk: 1 [False, False]
1636841275.193 : tmgr.0000            : 783459 : 140733486657904 : DEBUG    : advance bulk: 1 [False, False]
1636841275.194 : tmgr.0000            : 783459 : 140733486657904 : DEBUG    : advance bulk: 1 [False, False]
1636841275.195 : tmgr.0000            : 783459 : 140733486657904 : DEBUG    : advance bulk: 1 [False, False]
1636841275.195 : tmgr.0000            : 783459 : 140733486657904 : DEBUG    : advance bulk: 1 [False, False]
1636841275.196 : tmgr.0000            : 783459 : 140733486657904 : DEBUG    : advance bulk: 1 [False, False]
1636841275.196 : tmgr.0000            : 783459 : 140733486657904 : DEBUG    : advance bulk: 1 [False, False]
1636841275.197 : tmgr.0000            : 783459 : 140733486657904 : DEBUG    : advance bulk: 1 [False, False]
1636841275.197 : tmgr.0000            : 783459 : 140733486657904 : DEBUG    : advance bulk: 1 [False, False]
1636841275.198 : tmgr.0000            : 783459 : 140733486657904 : DEBUG    : advance bulk: 1 [False, False]
1636841275.198 : tmgr.0000            : 783459 : 140733486657904 : DEBUG    : advance bulk: 1 [False, False]
1636841275.199 : tmgr.0000            : 783459 : 140733486657904 : DEBUG    : advance bulk: 1 [False, False]
1636841275.200 : tmgr.0000            : 783459 : 140733486657904 : DEBUG    : advance bulk: 1 [False, False]
1636841275.200 : tmgr.0000            : 783459 : 140733486657904 : DEBUG    : advance bulk: 1 [False, False]
1636841275.201 : tmgr.0000            : 783459 : 140733486657904 : DEBUG    : advance bulk: 1 [False, False]
1636841275.201 : tmgr.0000            : 783459 : 140733486657904 : DEBUG    : advance bulk: 1 [False, False]
1636841275.202 : tmgr.0000            : 783459 : 140733486657904 : DEBUG    : advance bulk: 1 [False, False]
1636841275.202 : tmgr.0000            : 783459 : 140733486657904 : DEBUG    : advance bulk: 1 [False, False]
1636841275.203 : tmgr.0000            : 783459 : 140733486657904 : DEBUG    : advance bulk: 1 [False, False]
1636841275.203 : tmgr.0000            : 783459 : 140733486657904 : DEBUG    : advance bulk: 1 [False, False]
1636841275.204 : tmgr.0000            : 783459 : 140733486657904 : DEBUG    : advance bulk: 1 [False, False]
1636841275.204 : tmgr.0000            : 783459 : 140733486657904 : DEBUG    : advance bulk: 1 [False, False]
1636841275.205 : tmgr.0000            : 783459 : 140733486657904 : DEBUG    : advance bulk: 1 [False, False]
1636841275.205 : tmgr.0000            : 783459 : 140733486657904 : DEBUG    : advance bulk: 1 [False, False]
1636841275.206 : tmgr.0000            : 783459 : 140733486657904 : DEBUG    : advance bulk: 1 [False, False]
1636841275.207 : tmgr.0000            : 783459 : 140733486657904 : DEBUG    : advance bulk: 1 [False, False]
1636841275.207 : tmgr.0000            : 783459 : 140733486657904 : DEBUG    : advance bulk: 1 [False, False]
1636841275.208 : tmgr.0000            : 783459 : 140733486657904 : DEBUG    : advance bulk: 1 [False, False]
1636841275.208 : tmgr.0000            : 783459 : 140733486657904 : DEBUG    : advance bulk: 1 [False, False]
1636841275.209 : tmgr.0000            : 783459 : 140733486657904 : DEBUG    : advance bulk: 1 [False, False]
1636841275.209 : tmgr.0000            : 783459 : 140733486657904 : DEBUG    : advance bulk: 1 [False, False]
1636841275.209 : tmgr.0000            : 783459 : 140733486657904 : DEBUG    : advance bulk: 1 [False, False]
1636841275.210 : tmgr.0000            : 783459 : 140733486657904 : DEBUG    : advance bulk: 1 [False, False]
1636841275.211 : tmgr.0000            : 783459 : 140733486657904 : DEBUG    : advance bulk: 1 [False, False]
1636841275.211 : tmgr.0000            : 783459 : 140733486657904 : DEBUG    : advance bulk: 1 [False, False]
1636841275.212 : tmgr.0000            : 783459 : 140733486657904 : DEBUG    : advance bulk: 1 [False, False]
1636841275.212 : tmgr.0000            : 783459 : 140733486657904 : DEBUG    : advance bulk: 1 [False, False]
1636841275.213 : tmgr.0000            : 783459 : 140733486657904 : DEBUG    : advance bulk: 1 [False, False]
1636841275.213 : tmgr.0000            : 783459 : 140733486657904 : DEBUG    : advance bulk: 1 [False, False]
1636841275.214 : tmgr.0000            : 783459 : 140733486657904 : DEBUG    : advance bulk: 1 [False, False]
1636841275.214 : tmgr.0000            : 783459 : 140733486657904 : DEBUG    : advance bulk: 1 [False, False]
1636841275.215 : tmgr.0000            : 783459 : 140733486657904 : DEBUG    : advance bulk: 1 [False, False]
1636841275.215 : tmgr.0000            : 783459 : 140733486657904 : DEBUG    : advance bulk: 1 [False, False]
1636841275.216 : tmgr.0000            : 783459 : 140733486657904 : DEBUG    : advance bulk: 1 [False, False]
1636841275.216 : tmgr.0000            : 783459 : 140733486657904 : DEBUG    : advance bulk: 1 [False, False]
1636841275.217 : tmgr.0000            : 783459 : 140733486657904 : DEBUG    : advance bulk: 1 [False, False]
1636841275.217 : tmgr.0000            : 783459 : 140733486657904 : DEBUG    : advance bulk: 1 [False, False]
1636841275.218 : tmgr.0000            : 783459 : 140733486657904 : DEBUG    : advance bulk: 1 [False, False]
1636841275.218 : tmgr.0000            : 783459 : 140733486657904 : DEBUG    : advance bulk: 1 [False, False]
1636841275.219 : tmgr.0000            : 783459 : 140733486657904 : DEBUG    : advance bulk: 1 [False, False]
1636841275.219 : tmgr.0000            : 783459 : 140733486657904 : DEBUG    : advance bulk: 1 [False, False]
1636841275.219 : tmgr.0000            : 783459 : 140733486657904 : DEBUG    : advance bulk: 1 [False, False]
1636841275.220 : tmgr.0000            : 783459 : 140733486657904 : DEBUG    : advance bulk: 1 [False, False]
1636841275.220 : tmgr.0000            : 783459 : 140733486657904 : DEBUG    : advance bulk: 1 [False, False]
1636841275.221 : tmgr.0000            : 783459 : 140733486657904 : DEBUG    : advance bulk: 1 [False, False]
1636841275.222 : tmgr.0000            : 783459 : 140733486657904 : DEBUG    : advance bulk: 1 [False, False]
1636841275.222 : tmgr.0000            : 783459 : 140733486657904 : DEBUG    : advance bulk: 1 [False, False]
1636841275.223 : tmgr.0000            : 783459 : 140733486657904 : DEBUG    : advance bulk: 1 [False, False]
1636841275.223 : tmgr.0000            : 783459 : 140733486657904 : DEBUG    : advance bulk: 1 [False, False]
1636841275.224 : tmgr.0000            : 783459 : 140733486657904 : DEBUG    : advance bulk: 1 [False, False]
1636841275.224 : tmgr.0000            : 783459 : 140733486657904 : DEBUG    : advance bulk: 1 [False, False]
1636841275.225 : tmgr.0000            : 783459 : 140733486657904 : DEBUG    : advance bulk: 1 [False, False]
1636841275.225 : tmgr.0000            : 783459 : 140733486657904 : DEBUG    : advance bulk: 1 [False, False]
1636841275.226 : tmgr.0000            : 783459 : 140733486657904 : DEBUG    : advance bulk: 1 [False, False]
1636841275.226 : tmgr.0000            : 783459 : 140733486657904 : DEBUG    : advance bulk: 1 [False, False]
1636841275.227 : tmgr.0000            : 783459 : 140733486657904 : DEBUG    : advance bulk: 1 [False, False]
1636841275.227 : tmgr.0000            : 783459 : 140733486657904 : DEBUG    : advance bulk: 1 [False, False]
1636841275.228 : tmgr.0000            : 783459 : 140733486657904 : DEBUG    : advance bulk: 1 [False, False]
1636841275.229 : tmgr.0000            : 783459 : 140733486657904 : DEBUG    : advance bulk: 1 [False, False]
1636841275.229 : tmgr.0000            : 783459 : 140733486657904 : DEBUG    : advance bulk: 1 [False, False]
1636841275.230 : tmgr.0000            : 783459 : 140733486657904 : DEBUG    : advance bulk: 1 [False, False]
1636841275.230 : tmgr.0000            : 783459 : 140733486657904 : DEBUG    : advance bulk: 1 [False, False]
1636841275.231 : tmgr.0000            : 783459 : 140733486657904 : DEBUG    : advance bulk: 1 [False, False]
1636841275.231 : tmgr.0000            : 783459 : 140733486657904 : DEBUG    : advance bulk: 1 [False, False]
1636841275.232 : tmgr.0000            : 783459 : 140733486657904 : DEBUG    : advance bulk: 1 [False, False]
1636841275.232 : tmgr.0000            : 783459 : 140733486657904 : DEBUG    : advance bulk: 1 [False, False]
1636841275.233 : tmgr.0000            : 783459 : 140733486657904 : DEBUG    : advance bulk: 1 [False, False]
1636841275.233 : tmgr.0000            : 783459 : 140733486657904 : DEBUG    : advance bulk: 1 [False, False]
1636841275.234 : tmgr.0000            : 783459 : 140733486657904 : DEBUG    : advance bulk: 1 [False, False]
1636841275.235 : tmgr.0000            : 783459 : 140733486657904 : DEBUG    : advance bulk: 1 [False, False]
1636841275.235 : tmgr.0000            : 783459 : 140733486657904 : DEBUG    : advance bulk: 1 [False, False]
1636841275.236 : tmgr.0000            : 783459 : 140733486657904 : DEBUG    : advance bulk: 1 [False, False]
1636841275.236 : tmgr.0000            : 783459 : 140733486657904 : DEBUG    : advance bulk: 1 [False, False]
1636841275.237 : tmgr.0000            : 783459 : 140733486657904 : DEBUG    : advance bulk: 1 [False, False]
1636841275.237 : tmgr.0000            : 783459 : 140733486657904 : DEBUG    : advance bulk: 1 [False, False]
1636841275.238 : tmgr.0000            : 783459 : 140733486657904 : DEBUG    : advance bulk: 1 [False, False]
1636841275.238 : tmgr.0000            : 783459 : 140733486657904 : DEBUG    : advance bulk: 1 [False, False]
1636841275.239 : tmgr.0000            : 783459 : 140733486657904 : DEBUG    : advance bulk: 1 [False, False]
1636841275.239 : tmgr.0000            : 783459 : 140733486657904 : DEBUG    : advance bulk: 1 [False, False]
1636841275.240 : tmgr.0000            : 783459 : 140733486657904 : DEBUG    : advance bulk: 1 [False, False]
1636841275.240 : tmgr.0000            : 783459 : 140733486657904 : DEBUG    : advance bulk: 1 [False, False]
1636841275.241 : tmgr.0000            : 783459 : 140733486657904 : DEBUG    : advance bulk: 1 [False, False]
1636841275.241 : tmgr.0000            : 783459 : 140733486657904 : DEBUG    : advance bulk: 1 [False, False]
1636841275.242 : tmgr.0000            : 783459 : 140733486657904 : DEBUG    : advance bulk: 1 [False, False]
1636841275.242 : tmgr.0000            : 783459 : 140733486657904 : DEBUG    : advance bulk: 1 [False, False]
1636841275.243 : tmgr.0000            : 783459 : 140733486657904 : DEBUG    : advance bulk: 1 [False, False]
1636841275.243 : tmgr.0000            : 783459 : 140733486657904 : DEBUG    : advance bulk: 1 [False, False]
1636841275.243 : tmgr.0000            : 783459 : 140733486657904 : DEBUG    : advance bulk: 1 [False, False]
1636841275.244 : tmgr.0000            : 783459 : 140733486657904 : DEBUG    : advance bulk: 1 [False, False]
1636841275.245 : tmgr.0000            : 783459 : 140733486657904 : DEBUG    : advance bulk: 1 [False, False]
1636841275.245 : tmgr.0000            : 783459 : 140733486657904 : DEBUG    : advance bulk: 1 [False, False]
1636841275.246 : tmgr.0000            : 783459 : 140733486657904 : DEBUG    : advance bulk: 1 [False, False]
1636841275.246 : tmgr.0000            : 783459 : 140733486657904 : DEBUG    : advance bulk: 1 [False, False]
1636841275.247 : tmgr.0000            : 783459 : 140733486657904 : DEBUG    : advance bulk: 1 [False, False]
1636841275.247 : tmgr.0000            : 783459 : 140733486657904 : DEBUG    : advance bulk: 1 [False, False]
1636841275.248 : tmgr.0000            : 783459 : 140733486657904 : DEBUG    : advance bulk: 1 [False, False]
1636841275.248 : tmgr.0000            : 783459 : 140733486657904 : DEBUG    : advance bulk: 1 [False, False]
1636841275.249 : tmgr.0000            : 783459 : 140733486657904 : DEBUG    : advance bulk: 1 [False, False]
1636841275.250 : tmgr.0000            : 783459 : 140733486657904 : DEBUG    : advance bulk: 1 [False, False]
1636841275.250 : tmgr.0000            : 783459 : 140733486657904 : DEBUG    : advance bulk: 1 [False, False]
1636841275.251 : tmgr.0000            : 783459 : 140733486657904 : DEBUG    : advance bulk: 1 [False, False]
1636841275.251 : tmgr.0000            : 783459 : 140733486657904 : DEBUG    : advance bulk: 1 [False, False]
1636841275.252 : tmgr.0000            : 783459 : 140733486657904 : DEBUG    : advance bulk: 1 [False, False]
1636841275.252 : tmgr.0000            : 783459 : 140733486657904 : DEBUG    : advance bulk: 1 [False, False]
1636841275.253 : tmgr.0000            : 783459 : 140733486657904 : DEBUG    : advance bulk: 1 [False, False]
1636841275.253 : tmgr.0000            : 783459 : 140733486657904 : DEBUG    : advance bulk: 1 [False, False]
1636841275.254 : tmgr.0000            : 783459 : 140733486657904 : DEBUG    : advance bulk: 1 [False, False]
1636841275.255 : tmgr.0000            : 783459 : 140733486657904 : DEBUG    : advance bulk: 1 [False, False]
1636841275.255 : tmgr.0000            : 783459 : 140733486657904 : DEBUG    : advance bulk: 1 [False, False]
1636841275.256 : tmgr.0000            : 783459 : 140733486657904 : DEBUG    : advance bulk: 1 [False, False]
1636841275.256 : tmgr.0000            : 783459 : 140733486657904 : DEBUG    : advance bulk: 1 [False, False]
1636841275.256 : tmgr.0000            : 783459 : 140733486657904 : DEBUG    : advance bulk: 1 [False, False]
1636841275.257 : tmgr.0000            : 783459 : 140733486657904 : DEBUG    : advance bulk: 1 [False, False]
1636841275.258 : tmgr.0000            : 783459 : 140733486657904 : DEBUG    : advance bulk: 1 [False, False]
1636841275.258 : tmgr.0000            : 783459 : 140733486657904 : DEBUG    : advance bulk: 1 [False, False]
1636841275.259 : tmgr.0000            : 783459 : 140733486657904 : DEBUG    : advance bulk: 1 [False, False]
1636841275.259 : tmgr.0000            : 783459 : 140733486657904 : DEBUG    : advance bulk: 1 [False, False]
1636841275.260 : tmgr.0000            : 783459 : 140733486657904 : DEBUG    : advance bulk: 1 [False, False]
1636841275.260 : tmgr.0000            : 783459 : 140733486657904 : DEBUG    : advance bulk: 1 [False, False]
1636841275.261 : tmgr.0000            : 783459 : 140733486657904 : DEBUG    : advance bulk: 1 [False, False]
1636841275.261 : tmgr.0000            : 783459 : 140733486657904 : DEBUG    : advance bulk: 1 [False, False]
1636841275.262 : tmgr.0000            : 783459 : 140733486657904 : DEBUG    : advance bulk: 1 [False, False]
1636841275.263 : tmgr.0000            : 783459 : 140733486657904 : DEBUG    : advance bulk: 1 [False, False]
1636841275.263 : tmgr.0000            : 783459 : 140733486657904 : DEBUG    : advance bulk: 1 [False, False]
1636841275.264 : tmgr.0000            : 783459 : 140733486657904 : DEBUG    : advance bulk: 1 [False, False]
1636841275.264 : tmgr.0000            : 783459 : 140733486657904 : DEBUG    : advance bulk: 1 [False, False]
1636841275.265 : tmgr.0000            : 783459 : 140733486657904 : DEBUG    : advance bulk: 1 [False, False]
1636841275.265 : tmgr.0000            : 783459 : 140733486657904 : DEBUG    : advance bulk: 1 [False, False]
1636841275.266 : tmgr.0000            : 783459 : 140733486657904 : DEBUG    : advance bulk: 1 [False, False]
1636841275.267 : tmgr.0000            : 783459 : 140733486657904 : DEBUG    : advance bulk: 1 [False, False]
1636841275.267 : tmgr.0000            : 783459 : 140733486657904 : DEBUG    : advance bulk: 1 [False, False]
1636841275.268 : tmgr.0000            : 783459 : 140733486657904 : DEBUG    : advance bulk: 1 [False, False]
1636841275.268 : tmgr.0000            : 783459 : 140733486657904 : DEBUG    : advance bulk: 1 [False, False]
1636841275.269 : tmgr.0000            : 783459 : 140733486657904 : DEBUG    : advance bulk: 1 [False, False]
1636841275.269 : tmgr.0000            : 783459 : 140733486657904 : DEBUG    : advance bulk: 1 [False, False]
1636841275.270 : tmgr.0000            : 783459 : 140733486657904 : DEBUG    : advance bulk: 1 [False, False]
1636841275.270 : tmgr.0000            : 783459 : 140733486657904 : DEBUG    : advance bulk: 1 [False, False]
1636841275.271 : tmgr.0000            : 783459 : 140733486657904 : DEBUG    : advance bulk: 1 [False, False]
1636841275.271 : tmgr.0000            : 783459 : 140733486657904 : DEBUG    : advance bulk: 1 [False, False]
1636841275.272 : tmgr.0000            : 783459 : 140733486657904 : DEBUG    : advance bulk: 1 [False, False]
1636841275.273 : tmgr.0000            : 783459 : 140733486657904 : DEBUG    : advance bulk: 1 [False, False]
1636841275.273 : tmgr.0000            : 783459 : 140733486657904 : DEBUG    : advance bulk: 1 [False, False]
1636841275.274 : tmgr.0000            : 783459 : 140733486657904 : DEBUG    : advance bulk: 1 [False, False]
1636841275.274 : tmgr.0000            : 783459 : 140733486657904 : DEBUG    : advance bulk: 1 [False, False]
1636841275.275 : tmgr.0000            : 783459 : 140733486657904 : DEBUG    : advance bulk: 1 [False, False]
1636841275.275 : tmgr.0000            : 783459 : 140733486657904 : DEBUG    : advance bulk: 1 [False, False]
1636841275.276 : tmgr.0000            : 783459 : 140733486657904 : DEBUG    : advance bulk: 1 [False, False]
1636841275.276 : tmgr.0000            : 783459 : 140733486657904 : DEBUG    : advance bulk: 1 [False, False]
1636841275.277 : tmgr.0000            : 783459 : 140733486657904 : DEBUG    : advance bulk: 1 [False, False]
1636841275.278 : tmgr.0000            : 783459 : 140733486657904 : DEBUG    : advance bulk: 1 [False, False]
1636841275.278 : tmgr.0000            : 783459 : 140733486657904 : DEBUG    : advance bulk: 1 [False, False]
1636841275.279 : tmgr.0000            : 783459 : 140733486657904 : DEBUG    : advance bulk: 1 [False, False]
1636841275.377 : tmgr.0000            : 783459 : 140733486657904 : DEBUG    : advance bulk: 417 [True, True]
1636841275.396 : tmgr.0000            : 783459 : 140733486657904 : DEBUG    : put bulk TMGR_SCHEDULING_PENDING: 417
1636841298.634 : tmgr.0000            : 783459 : 140734661325168 : INFO     : tasks pulled:    1
1636841298.635 : tmgr.0000            : 783459 : 140734661325168 : INFO     : tasks pulled:    1
1636841298.636 : tmgr.0000            : 783459 : 140734661325168 : DEBUG    : advance bulk: 1 [False, True]
1636841298.636 : tmgr.0000            : 783459 : 140734661325168 : DEBUG    : advance bulk: 1 [False, True]
1636841305.819 : tmgr.0000            : 783459 : 140734661325168 : INFO     : tasks pulled:    64
1636841305.822 : tmgr.0000            : 783459 : 140734661325168 : INFO     : tasks pulled:   64
1636841305.826 : tmgr.0000            : 783459 : 140734661325168 : DEBUG    : advance bulk: 64 [False, True]
1636841305.829 : tmgr.0000            : 783459 : 140734661325168 : DEBUG    : advance bulk: 64 [False, True]
1636841306.873 : tmgr.0000            : 783459 : 140734661325168 : INFO     : tasks pulled:    46
1636841306.875 : tmgr.0000            : 783459 : 140734661325168 : INFO     : tasks pulled:   46
1636841306.878 : tmgr.0000            : 783459 : 140734661325168 : DEBUG    : advance bulk: 46 [False, True]
1636841306.880 : tmgr.0000            : 783459 : 140734661325168 : DEBUG    : advance bulk: 46 [False, True]
1636841307.935 : tmgr.0000            : 783459 : 140734661325168 : INFO     : tasks pulled:    71
1636841307.939 : tmgr.0000            : 783459 : 140734661325168 : INFO     : tasks pulled:   71
1636841307.942 : tmgr.0000            : 783459 : 140734661325168 : DEBUG    : advance bulk: 71 [False, True]
1636841307.945 : tmgr.0000            : 783459 : 140734661325168 : DEBUG    : advance bulk: 71 [False, True]
1636841308.955 : tmgr.0000            : 783459 : 140734661325168 : INFO     : tasks pulled:    12
1636841308.956 : tmgr.0000            : 783459 : 140734661325168 : INFO     : tasks pulled:   12
1636841308.957 : tmgr.0000            : 783459 : 140734661325168 : DEBUG    : advance bulk: 12 [False, True]
1636841308.957 : tmgr.0000            : 783459 : 140734661325168 : DEBUG    : advance bulk: 12 [False, True]
1636841321.121 : tmgr.0000            : 783459 : 140734661325168 : INFO     : tasks pulled:    1
1636841321.122 : tmgr.0000            : 783459 : 140734661325168 : INFO     : tasks pulled:    1
1636841321.122 : tmgr.0000            : 783459 : 140734661325168 : DEBUG    : advance bulk: 1 [False, True]
1636841321.123 : tmgr.0000            : 783459 : 140734661325168 : DEBUG    : advance bulk: 1 [False, True]
1636841332.267 : tmgr.0000            : 783459 : 140734661325168 : INFO     : tasks pulled:    2
1636841332.269 : tmgr.0000            : 783459 : 140734661325168 : INFO     : tasks pulled:    2
1636841332.269 : tmgr.0000            : 783459 : 140734661325168 : DEBUG    : advance bulk: 2 [False, True]
1636841332.269 : tmgr.0000            : 783459 : 140734661325168 : DEBUG    : advance bulk: 2 [False, True]
1636841343.413 : tmgr.0000            : 783459 : 140734661325168 : INFO     : tasks pulled:    1
1636841343.414 : tmgr.0000            : 783459 : 140734661325168 : INFO     : tasks pulled:    1
1636841343.414 : tmgr.0000            : 783459 : 140734661325168 : DEBUG    : advance bulk: 1 [False, True]
1636841343.414 : tmgr.0000            : 783459 : 140734661325168 : DEBUG    : advance bulk: 1 [False, True]
1636841353.544 : tmgr.0000            : 783459 : 140734661325168 : INFO     : tasks pulled:    1
1636841353.545 : tmgr.0000            : 783459 : 140734661325168 : INFO     : tasks pulled:    1
1636841353.545 : tmgr.0000            : 783459 : 140734661325168 : DEBUG    : advance bulk: 1 [False, True]
1636841353.545 : tmgr.0000            : 783459 : 140734661325168 : DEBUG    : advance bulk: 1 [False, True]
1636841364.690 : tmgr.0000            : 783459 : 140734661325168 : INFO     : tasks pulled:    2
1636841364.692 : tmgr.0000            : 783459 : 140734661325168 : INFO     : tasks pulled:    2
1636841364.692 : tmgr.0000            : 783459 : 140734661325168 : DEBUG    : advance bulk: 2 [False, True]
1636841364.693 : tmgr.0000            : 783459 : 140734661325168 : DEBUG    : advance bulk: 2 [False, True]
1636841375.851 : tmgr.0000            : 783459 : 140734661325168 : INFO     : tasks pulled:    1
1636841375.852 : tmgr.0000            : 783459 : 140734661325168 : INFO     : tasks pulled:    1
1636841375.853 : tmgr.0000            : 783459 : 140734661325168 : DEBUG    : advance bulk: 1 [False, True]
1636841375.853 : tmgr.0000            : 783459 : 140734661325168 : DEBUG    : advance bulk: 1 [False, True]
1636841386.992 : tmgr.0000            : 783459 : 140734661325168 : INFO     : tasks pulled:    1
1636841386.993 : tmgr.0000            : 783459 : 140734661325168 : INFO     : tasks pulled:    1
1636841386.994 : tmgr.0000            : 783459 : 140734661325168 : DEBUG    : advance bulk: 1 [False, True]
1636841386.994 : tmgr.0000            : 783459 : 140734661325168 : DEBUG    : advance bulk: 1 [False, True]
1636841397.118 : tmgr.0000            : 783459 : 140734661325168 : INFO     : tasks pulled:    2
1636841397.119 : tmgr.0000            : 783459 : 140734661325168 : INFO     : tasks pulled:    2
1636841397.120 : tmgr.0000            : 783459 : 140734661325168 : DEBUG    : advance bulk: 2 [False, True]
1636841397.120 : tmgr.0000            : 783459 : 140734661325168 : DEBUG    : advance bulk: 2 [False, True]
1636841408.263 : tmgr.0000            : 783459 : 140734661325168 : INFO     : tasks pulled:    1
1636841408.264 : tmgr.0000            : 783459 : 140734661325168 : INFO     : tasks pulled:    1
1636841408.264 : tmgr.0000            : 783459 : 140734661325168 : DEBUG    : advance bulk: 1 [False, True]
1636841408.265 : tmgr.0000            : 783459 : 140734661325168 : DEBUG    : advance bulk: 1 [False, True]
1636841420.435 : tmgr.0000            : 783459 : 140734661325168 : INFO     : tasks pulled:    1
1636841420.436 : tmgr.0000            : 783459 : 140734661325168 : INFO     : tasks pulled:    1
1636841420.437 : tmgr.0000            : 783459 : 140734661325168 : DEBUG    : advance bulk: 1 [False, True]
1636841420.437 : tmgr.0000            : 783459 : 140734661325168 : DEBUG    : advance bulk: 1 [False, True]
1636841430.562 : tmgr.0000            : 783459 : 140734661325168 : INFO     : tasks pulled:    2
1636841430.563 : tmgr.0000            : 783459 : 140734661325168 : INFO     : tasks pulled:    2
1636841430.563 : tmgr.0000            : 783459 : 140734661325168 : DEBUG    : advance bulk: 2 [False, True]
1636841430.563 : tmgr.0000            : 783459 : 140734661325168 : DEBUG    : advance bulk: 2 [False, True]
1636841440.691 : tmgr.0000            : 783459 : 140734661325168 : INFO     : tasks pulled:    1
1636841440.693 : tmgr.0000            : 783459 : 140734661325168 : INFO     : tasks pulled:    1
1636841440.693 : tmgr.0000            : 783459 : 140734661325168 : DEBUG    : advance bulk: 1 [False, True]
1636841440.693 : tmgr.0000            : 783459 : 140734661325168 : DEBUG    : advance bulk: 1 [False, True]
1636841451.830 : tmgr.0000            : 783459 : 140734661325168 : INFO     : tasks pulled:    1
1636841451.831 : tmgr.0000            : 783459 : 140734661325168 : INFO     : tasks pulled:    1
1636841451.832 : tmgr.0000            : 783459 : 140734661325168 : DEBUG    : advance bulk: 1 [False, True]
1636841451.832 : tmgr.0000            : 783459 : 140734661325168 : DEBUG    : advance bulk: 1 [False, True]
1636841462.969 : tmgr.0000            : 783459 : 140734661325168 : INFO     : tasks pulled:    2
1636841462.970 : tmgr.0000            : 783459 : 140734661325168 : INFO     : tasks pulled:    2
1636841462.971 : tmgr.0000            : 783459 : 140734661325168 : DEBUG    : advance bulk: 2 [False, True]
1636841462.971 : tmgr.0000            : 783459 : 140734661325168 : DEBUG    : advance bulk: 2 [False, True]
1636841474.112 : tmgr.0000            : 783459 : 140734661325168 : INFO     : tasks pulled:    1
1636841474.113 : tmgr.0000            : 783459 : 140734661325168 : INFO     : tasks pulled:    1
1636841474.113 : tmgr.0000            : 783459 : 140734661325168 : DEBUG    : advance bulk: 1 [False, True]
1636841474.114 : tmgr.0000            : 783459 : 140734661325168 : DEBUG    : advance bulk: 1 [False, True]
1636841485.254 : tmgr.0000            : 783459 : 140734661325168 : INFO     : tasks pulled:    1
1636841485.256 : tmgr.0000            : 783459 : 140734661325168 : INFO     : tasks pulled:    1
1636841485.256 : tmgr.0000            : 783459 : 140734661325168 : DEBUG    : advance bulk: 1 [False, True]
1636841485.256 : tmgr.0000            : 783459 : 140734661325168 : DEBUG    : advance bulk: 1 [False, True]
1636841496.392 : tmgr.0000            : 783459 : 140734661325168 : INFO     : tasks pulled:    2
1636841496.393 : tmgr.0000            : 783459 : 140734661325168 : INFO     : tasks pulled:    2
1636841496.393 : tmgr.0000            : 783459 : 140734661325168 : DEBUG    : advance bulk: 2 [False, True]
1636841496.394 : tmgr.0000            : 783459 : 140734661325168 : DEBUG    : advance bulk: 2 [False, True]
1636841507.530 : tmgr.0000            : 783459 : 140734661325168 : INFO     : tasks pulled:    1
1636841507.532 : tmgr.0000            : 783459 : 140734661325168 : INFO     : tasks pulled:    1
1636841507.532 : tmgr.0000            : 783459 : 140734661325168 : DEBUG    : advance bulk: 1 [False, True]
1636841507.532 : tmgr.0000            : 783459 : 140734661325168 : DEBUG    : advance bulk: 1 [False, True]
1636841518.682 : tmgr.0000            : 783459 : 140734661325168 : INFO     : tasks pulled:    1
1636841518.684 : tmgr.0000            : 783459 : 140734661325168 : INFO     : tasks pulled:    1
1636841518.684 : tmgr.0000            : 783459 : 140734661325168 : DEBUG    : advance bulk: 1 [False, True]
1636841518.684 : tmgr.0000            : 783459 : 140734661325168 : DEBUG    : advance bulk: 1 [False, True]
1636841528.810 : tmgr.0000            : 783459 : 140734661325168 : INFO     : tasks pulled:    2
1636841528.811 : tmgr.0000            : 783459 : 140734661325168 : INFO     : tasks pulled:    2
1636841528.811 : tmgr.0000            : 783459 : 140734661325168 : DEBUG    : advance bulk: 2 [False, True]
1636841528.811 : tmgr.0000            : 783459 : 140734661325168 : DEBUG    : advance bulk: 2 [False, True]
1636841539.952 : tmgr.0000            : 783459 : 140734661325168 : INFO     : tasks pulled:    1
1636841539.953 : tmgr.0000            : 783459 : 140734661325168 : INFO     : tasks pulled:    1
1636841539.953 : tmgr.0000            : 783459 : 140734661325168 : DEBUG    : advance bulk: 1 [False, True]
1636841539.954 : tmgr.0000            : 783459 : 140734661325168 : DEBUG    : advance bulk: 1 [False, True]
1636841551.087 : tmgr.0000            : 783459 : 140734661325168 : INFO     : tasks pulled:    1
1636841551.088 : tmgr.0000            : 783459 : 140734661325168 : INFO     : tasks pulled:    1
1636841551.088 : tmgr.0000            : 783459 : 140734661325168 : DEBUG    : advance bulk: 1 [False, True]
1636841551.089 : tmgr.0000            : 783459 : 140734661325168 : DEBUG    : advance bulk: 1 [False, True]
1636841557.162 : tmgr.0000            : 783459 : 140734661325168 : INFO     : tasks pulled:    1
1636841557.163 : tmgr.0000            : 783459 : 140734661325168 : INFO     : tasks pulled:    1
1636841557.163 : tmgr.0000            : 783459 : 140734661325168 : DEBUG    : advance bulk: 1 [False, True]
1636841557.163 : tmgr.0000            : 783459 : 140734661325168 : DEBUG    : advance bulk: 1 [False, True]
1636841562.224 : tmgr.0000            : 783459 : 140734661325168 : INFO     : tasks pulled:    1
1636841562.225 : tmgr.0000            : 783459 : 140734661325168 : INFO     : tasks pulled:    1
1636841562.226 : tmgr.0000            : 783459 : 140734661325168 : DEBUG    : advance bulk: 1 [False, True]
1636841562.226 : tmgr.0000            : 783459 : 140734661325168 : DEBUG    : advance bulk: 1 [False, True]
1636841567.401 : tmgr.0000            : 783459 : 140734661325168 : INFO     : tasks pulled:    185
1636841567.416 : tmgr.0000            : 783459 : 140734661325168 : INFO     : tasks pulled:  185
1636841567.429 : tmgr.0000            : 783459 : 140734661325168 : DEBUG    : advance bulk: 185 [False, True]
1636841567.439 : tmgr.0000            : 783459 : 140734661325168 : DEBUG    : advance bulk: 185 [False, True]
1636841568.458 : tmgr.0000            : 783459 : 140734661325168 : INFO     : tasks pulled:    6
1636841568.459 : tmgr.0000            : 783459 : 140734661325168 : INFO     : tasks pulled:    6
1636841568.459 : tmgr.0000            : 783459 : 140734661325168 : DEBUG    : advance bulk: 6 [False, True]
1636841568.460 : tmgr.0000            : 783459 : 140734661325168 : DEBUG    : advance bulk: 6 [False, True]
1636841573.482 : tmgr.0000            : 783459 : 140734661325168 : INFO     : tasks pulled:    1
1636841573.483 : tmgr.0000            : 783459 : 140734661325168 : INFO     : tasks pulled:    1
1636841573.483 : tmgr.0000            : 783459 : 140734661325168 : DEBUG    : advance bulk: 1 [False, True]
1636841573.484 : tmgr.0000            : 783459 : 140734661325168 : DEBUG    : advance bulk: 1 [False, True]
1636841575.490 : tmgr.0000            : 783459 : 140733486657904 : INFO     : Closed TaskManager tmgr.0000.
