1644244787.628 : tmgr.0000            : 4155259 : 140733209768304 : INFO     : connect pub to state_pubsub: tcp://10.134.0.35:41591
1644244787.635 : tmgr.0000            : 4155259 : 140733209768304 : DEBUG    : registered publisher for state_pubsub
1644244787.666 : tmgr.0000            : 4155259 : 140733209768304 : INFO     : connect pub to control_pubsub: tcp://10.134.0.35:34145
1644244787.672 : tmgr.0000            : 4155259 : 140733209768304 : DEBUG    : registered publisher for control_pubsub
1644244787.775 : tmgr.0000            : 4155259 : 140733209768304 : INFO     : connect sub to control_pubsub: tcp://10.134.0.35:45873
1644244787.797 : tmgr.0000            : 4155259 : 140733209768304 : DEBUG    : ~~ control_pubsub: control_pubsub
1644244787.808 : tmgr.0000            : 4155259 : 140732790731120 : INFO     : started tmgr tmgr.0000
1644244794.627 : tmgr.0000            : 4155259 : 140732790731120 : DEBUG    : tmgr.0000 register output TMGR_SCHEDULING_PENDING:tmgr_scheduling_queue
1644244794.788 : tmgr.0000            : 4155259 : 140732790731120 : DEBUG    : tmgr.0000 register output TMGR_STAGING_OUTPUT_PENDING:tmgr_staging_output_queue
1644244794.959 : tmgr.0000            : 4155259 : 140732790731120 : DEBUG    : START: tmgr.0000 register idler tmgr.0000.idler._state_pull_cb
1644244794.964 : tmgr.0000            : 4155259 : 140734216401264 : DEBUG    : start idle thread: <bound method TaskManager._state_pull_cb of <radical.pilot.task_manager.TaskManager object at 0x7fff74888e10>>
1644244794.969 : tmgr.0000            : 4155259 : 140732790731120 : DEBUG    : tmgr.0000 registered idler tmgr.0000.idler._state_pull_cb
1644244794.975 : tmgr.0000            : 4155259 : 140732790731120 : DEBUG    : START: tmgr.0000 register idler tmgr.0000.idler._task_pull_cb
1644244795.071 : tmgr.0000            : 4155259 : 140734250217840 : DEBUG    : start idle thread: <bound method TaskManager._task_pull_cb of <radical.pilot.task_manager.TaskManager object at 0x7fff74888e10>>
1644244795.076 : tmgr.0000            : 4155259 : 140732790731120 : DEBUG    : tmgr.0000 registered idler tmgr.0000.idler._task_pull_cb
1644244795.128 : tmgr.0000            : 4155259 : 140732790731120 : INFO     : connect sub to state_pubsub: tcp://10.134.0.35:36199
1644244795.144 : tmgr.0000            : 4155259 : 140732790731120 : DEBUG    : ~~ state_pubsub: state_pubsub
1644244795.163 : tmgr.0000            : 4155259 : 140733478203760 : DEBUG    : command incoming: {'cmd': 'add_pilots', 'arg': {'pilots': [{'session': 're.session.login5.litan.019030.0003', 'pmgr': 'pmgr.0000', 'uid': 'pilot.0000', 'type': 'pilot', 'state': 'PMGR_ACTIVE', 'log': None, 'stdout': None, 'stderr': None, 'resource': 'ornl.summit', 'resource_sandbox': 'file://localhost/gpfs/alpine/scratch/litan/csc299/radical.pilot.sandbox', 'session_sandbox': 'file://localhost/gpfs/alpine/scratch/litan/csc299/radical.pilot.sandbox/re.session.login5.litan.019030.0003', 'pilot_sandbox': 'file://localhost/gpfs/alpine/scratch/litan/csc299/radical.pilot.sandbox/re.session.login5.litan.019030.0003/pilot.0000/', 'client_sandbox': '/gpfs/alpine/csc299/scratch/litan/DeepDriveMD/async/new/new/CANDLE/v3', 'js_url': 'lsf://localhost/', 'js_hop': 'fork://localhost/', 'description': {'uid': None, 'resource': 'ornl.summit', 'access_schema': None, 'runtime': 120, 'app_comm': [], 'sandbox': None, 'cores': 2688, 'gpus': 96, 'memory': 0, 'queue': 'debug', 'job_name': None, 'project': 'CSC299', 'cleanup': False, 'candidate_hosts': [], 'exit_on_error': True, 'input_staging': [], 'output_staging': [], 'prepare_env': {}, 'layout': 'default', 'services': []}}], 'tmgr': 'tmgr.0000'}}
1644244795.164 : tmgr.0000            : 4155259 : 140733478203760 : DEBUG    : command ignored: add_pilots
1644244795.584 : tmgr.0000            : 4155259 : 140732790731120 : DEBUG    : advance bulk: 1 [False, False]
1644244795.585 : tmgr.0000            : 4155259 : 140732790731120 : DEBUG    : advance bulk: 1 [False, False]
1644244795.587 : tmgr.0000            : 4155259 : 140732790731120 : DEBUG    : advance bulk: 1 [False, False]
1644244795.587 : tmgr.0000            : 4155259 : 140732790731120 : DEBUG    : advance bulk: 1 [False, False]
1644244795.588 : tmgr.0000            : 4155259 : 140732790731120 : DEBUG    : advance bulk: 1 [False, False]
1644244795.588 : tmgr.0000            : 4155259 : 140732790731120 : DEBUG    : advance bulk: 1 [False, False]
1644244795.589 : tmgr.0000            : 4155259 : 140732790731120 : DEBUG    : advance bulk: 1 [False, False]
1644244795.589 : tmgr.0000            : 4155259 : 140732790731120 : DEBUG    : advance bulk: 1 [False, False]
1644244795.590 : tmgr.0000            : 4155259 : 140732790731120 : DEBUG    : advance bulk: 1 [False, False]
1644244795.590 : tmgr.0000            : 4155259 : 140732790731120 : DEBUG    : advance bulk: 1 [False, False]
1644244795.591 : tmgr.0000            : 4155259 : 140732790731120 : DEBUG    : advance bulk: 1 [False, False]
1644244795.591 : tmgr.0000            : 4155259 : 140732790731120 : DEBUG    : advance bulk: 1 [False, False]
1644244795.592 : tmgr.0000            : 4155259 : 140732790731120 : DEBUG    : advance bulk: 1 [False, False]
1644244795.592 : tmgr.0000            : 4155259 : 140732790731120 : DEBUG    : advance bulk: 1 [False, False]
1644244795.593 : tmgr.0000            : 4155259 : 140732790731120 : DEBUG    : advance bulk: 1 [False, False]
1644244795.593 : tmgr.0000            : 4155259 : 140732790731120 : DEBUG    : advance bulk: 1 [False, False]
1644244795.594 : tmgr.0000            : 4155259 : 140732790731120 : DEBUG    : advance bulk: 1 [False, False]
1644244795.595 : tmgr.0000            : 4155259 : 140732790731120 : DEBUG    : advance bulk: 1 [False, False]
1644244795.595 : tmgr.0000            : 4155259 : 140732790731120 : DEBUG    : advance bulk: 1 [False, False]
1644244795.596 : tmgr.0000            : 4155259 : 140732790731120 : DEBUG    : advance bulk: 1 [False, False]
1644244795.596 : tmgr.0000            : 4155259 : 140732790731120 : DEBUG    : advance bulk: 1 [False, False]
1644244795.597 : tmgr.0000            : 4155259 : 140732790731120 : DEBUG    : advance bulk: 1 [False, False]
1644244795.597 : tmgr.0000            : 4155259 : 140732790731120 : DEBUG    : advance bulk: 1 [False, False]
1644244795.598 : tmgr.0000            : 4155259 : 140732790731120 : DEBUG    : advance bulk: 1 [False, False]
1644244795.598 : tmgr.0000            : 4155259 : 140732790731120 : DEBUG    : advance bulk: 1 [False, False]
1644244795.599 : tmgr.0000            : 4155259 : 140732790731120 : DEBUG    : advance bulk: 1 [False, False]
1644244795.599 : tmgr.0000            : 4155259 : 140732790731120 : DEBUG    : advance bulk: 1 [False, False]
1644244795.600 : tmgr.0000            : 4155259 : 140732790731120 : DEBUG    : advance bulk: 1 [False, False]
1644244795.600 : tmgr.0000            : 4155259 : 140732790731120 : DEBUG    : advance bulk: 1 [False, False]
1644244795.601 : tmgr.0000            : 4155259 : 140732790731120 : DEBUG    : advance bulk: 1 [False, False]
1644244795.601 : tmgr.0000            : 4155259 : 140732790731120 : DEBUG    : advance bulk: 1 [False, False]
1644244795.602 : tmgr.0000            : 4155259 : 140732790731120 : DEBUG    : advance bulk: 1 [False, False]
1644244795.602 : tmgr.0000            : 4155259 : 140732790731120 : DEBUG    : advance bulk: 1 [False, False]
1644244795.603 : tmgr.0000            : 4155259 : 140732790731120 : DEBUG    : advance bulk: 1 [False, False]
1644244795.603 : tmgr.0000            : 4155259 : 140732790731120 : DEBUG    : advance bulk: 1 [False, False]
1644244795.604 : tmgr.0000            : 4155259 : 140732790731120 : DEBUG    : advance bulk: 1 [False, False]
1644244795.604 : tmgr.0000            : 4155259 : 140732790731120 : DEBUG    : advance bulk: 1 [False, False]
1644244795.605 : tmgr.0000            : 4155259 : 140732790731120 : DEBUG    : advance bulk: 1 [False, False]
1644244795.605 : tmgr.0000            : 4155259 : 140732790731120 : DEBUG    : advance bulk: 1 [False, False]
1644244795.606 : tmgr.0000            : 4155259 : 140732790731120 : DEBUG    : advance bulk: 1 [False, False]
1644244795.606 : tmgr.0000            : 4155259 : 140732790731120 : DEBUG    : advance bulk: 1 [False, False]
1644244795.607 : tmgr.0000            : 4155259 : 140732790731120 : DEBUG    : advance bulk: 1 [False, False]
1644244795.607 : tmgr.0000            : 4155259 : 140732790731120 : DEBUG    : advance bulk: 1 [False, False]
1644244795.608 : tmgr.0000            : 4155259 : 140732790731120 : DEBUG    : advance bulk: 1 [False, False]
1644244795.608 : tmgr.0000            : 4155259 : 140732790731120 : DEBUG    : advance bulk: 1 [False, False]
1644244795.609 : tmgr.0000            : 4155259 : 140732790731120 : DEBUG    : advance bulk: 1 [False, False]
1644244795.609 : tmgr.0000            : 4155259 : 140732790731120 : DEBUG    : advance bulk: 1 [False, False]
1644244795.610 : tmgr.0000            : 4155259 : 140732790731120 : DEBUG    : advance bulk: 1 [False, False]
1644244795.610 : tmgr.0000            : 4155259 : 140732790731120 : DEBUG    : advance bulk: 1 [False, False]
1644244795.611 : tmgr.0000            : 4155259 : 140732790731120 : DEBUG    : advance bulk: 1 [False, False]
1644244795.612 : tmgr.0000            : 4155259 : 140732790731120 : DEBUG    : advance bulk: 1 [False, False]
1644244795.612 : tmgr.0000            : 4155259 : 140732790731120 : DEBUG    : advance bulk: 1 [False, False]
1644244795.613 : tmgr.0000            : 4155259 : 140732790731120 : DEBUG    : advance bulk: 1 [False, False]
1644244795.613 : tmgr.0000            : 4155259 : 140732790731120 : DEBUG    : advance bulk: 1 [False, False]
1644244795.614 : tmgr.0000            : 4155259 : 140732790731120 : DEBUG    : advance bulk: 1 [False, False]
1644244795.614 : tmgr.0000            : 4155259 : 140732790731120 : DEBUG    : advance bulk: 1 [False, False]
1644244795.615 : tmgr.0000            : 4155259 : 140732790731120 : DEBUG    : advance bulk: 1 [False, False]
1644244795.617 : tmgr.0000            : 4155259 : 140732790731120 : DEBUG    : advance bulk: 1 [False, False]
1644244795.617 : tmgr.0000            : 4155259 : 140732790731120 : DEBUG    : advance bulk: 1 [False, False]
1644244795.618 : tmgr.0000            : 4155259 : 140732790731120 : DEBUG    : advance bulk: 1 [False, False]
1644244795.618 : tmgr.0000            : 4155259 : 140732790731120 : DEBUG    : advance bulk: 1 [False, False]
1644244795.619 : tmgr.0000            : 4155259 : 140732790731120 : DEBUG    : advance bulk: 1 [False, False]
1644244795.619 : tmgr.0000            : 4155259 : 140732790731120 : DEBUG    : advance bulk: 1 [False, False]
1644244795.620 : tmgr.0000            : 4155259 : 140732790731120 : DEBUG    : advance bulk: 1 [False, False]
1644244795.620 : tmgr.0000            : 4155259 : 140732790731120 : DEBUG    : advance bulk: 1 [False, False]
1644244795.621 : tmgr.0000            : 4155259 : 140732790731120 : DEBUG    : advance bulk: 1 [False, False]
1644244795.621 : tmgr.0000            : 4155259 : 140732790731120 : DEBUG    : advance bulk: 1 [False, False]
1644244795.622 : tmgr.0000            : 4155259 : 140732790731120 : DEBUG    : advance bulk: 1 [False, False]
1644244795.622 : tmgr.0000            : 4155259 : 140732790731120 : DEBUG    : advance bulk: 1 [False, False]
1644244795.623 : tmgr.0000            : 4155259 : 140732790731120 : DEBUG    : advance bulk: 1 [False, False]
1644244795.623 : tmgr.0000            : 4155259 : 140732790731120 : DEBUG    : advance bulk: 1 [False, False]
1644244795.624 : tmgr.0000            : 4155259 : 140732790731120 : DEBUG    : advance bulk: 1 [False, False]
1644244795.624 : tmgr.0000            : 4155259 : 140732790731120 : DEBUG    : advance bulk: 1 [False, False]
1644244795.625 : tmgr.0000            : 4155259 : 140732790731120 : DEBUG    : advance bulk: 1 [False, False]
1644244795.625 : tmgr.0000            : 4155259 : 140732790731120 : DEBUG    : advance bulk: 1 [False, False]
1644244795.626 : tmgr.0000            : 4155259 : 140732790731120 : DEBUG    : advance bulk: 1 [False, False]
1644244795.626 : tmgr.0000            : 4155259 : 140732790731120 : DEBUG    : advance bulk: 1 [False, False]
1644244795.627 : tmgr.0000            : 4155259 : 140732790731120 : DEBUG    : advance bulk: 1 [False, False]
1644244795.627 : tmgr.0000            : 4155259 : 140732790731120 : DEBUG    : advance bulk: 1 [False, False]
1644244795.628 : tmgr.0000            : 4155259 : 140732790731120 : DEBUG    : advance bulk: 1 [False, False]
1644244795.629 : tmgr.0000            : 4155259 : 140732790731120 : DEBUG    : advance bulk: 1 [False, False]
1644244795.629 : tmgr.0000            : 4155259 : 140732790731120 : DEBUG    : advance bulk: 1 [False, False]
1644244795.630 : tmgr.0000            : 4155259 : 140732790731120 : DEBUG    : advance bulk: 1 [False, False]
1644244795.630 : tmgr.0000            : 4155259 : 140732790731120 : DEBUG    : advance bulk: 1 [False, False]
1644244795.631 : tmgr.0000            : 4155259 : 140732790731120 : DEBUG    : advance bulk: 1 [False, False]
1644244795.631 : tmgr.0000            : 4155259 : 140732790731120 : DEBUG    : advance bulk: 1 [False, False]
1644244795.632 : tmgr.0000            : 4155259 : 140732790731120 : DEBUG    : advance bulk: 1 [False, False]
1644244795.632 : tmgr.0000            : 4155259 : 140732790731120 : DEBUG    : advance bulk: 1 [False, False]
1644244795.633 : tmgr.0000            : 4155259 : 140732790731120 : DEBUG    : advance bulk: 1 [False, False]
1644244795.633 : tmgr.0000            : 4155259 : 140732790731120 : DEBUG    : advance bulk: 1 [False, False]
1644244795.634 : tmgr.0000            : 4155259 : 140732790731120 : DEBUG    : advance bulk: 1 [False, False]
1644244795.634 : tmgr.0000            : 4155259 : 140732790731120 : DEBUG    : advance bulk: 1 [False, False]
1644244795.635 : tmgr.0000            : 4155259 : 140732790731120 : DEBUG    : advance bulk: 1 [False, False]
1644244795.635 : tmgr.0000            : 4155259 : 140732790731120 : DEBUG    : advance bulk: 1 [False, False]
1644244795.636 : tmgr.0000            : 4155259 : 140732790731120 : DEBUG    : advance bulk: 1 [False, False]
1644244795.636 : tmgr.0000            : 4155259 : 140732790731120 : DEBUG    : advance bulk: 1 [False, False]
1644244795.637 : tmgr.0000            : 4155259 : 140732790731120 : DEBUG    : advance bulk: 1 [False, False]
1644244795.637 : tmgr.0000            : 4155259 : 140732790731120 : DEBUG    : advance bulk: 1 [False, False]
1644244795.638 : tmgr.0000            : 4155259 : 140732790731120 : DEBUG    : advance bulk: 1 [False, False]
1644244795.638 : tmgr.0000            : 4155259 : 140732790731120 : DEBUG    : advance bulk: 1 [False, False]
1644244795.639 : tmgr.0000            : 4155259 : 140732790731120 : DEBUG    : advance bulk: 1 [False, False]
1644244795.639 : tmgr.0000            : 4155259 : 140732790731120 : DEBUG    : advance bulk: 1 [False, False]
1644244795.640 : tmgr.0000            : 4155259 : 140732790731120 : DEBUG    : advance bulk: 1 [False, False]
1644244795.641 : tmgr.0000            : 4155259 : 140732790731120 : DEBUG    : advance bulk: 1 [False, False]
1644244795.641 : tmgr.0000            : 4155259 : 140732790731120 : DEBUG    : advance bulk: 1 [False, False]
1644244795.642 : tmgr.0000            : 4155259 : 140732790731120 : DEBUG    : advance bulk: 1 [False, False]
1644244795.642 : tmgr.0000            : 4155259 : 140732790731120 : DEBUG    : advance bulk: 1 [False, False]
1644244795.643 : tmgr.0000            : 4155259 : 140732790731120 : DEBUG    : advance bulk: 1 [False, False]
1644244795.643 : tmgr.0000            : 4155259 : 140732790731120 : DEBUG    : advance bulk: 1 [False, False]
1644244795.644 : tmgr.0000            : 4155259 : 140732790731120 : DEBUG    : advance bulk: 1 [False, False]
1644244795.644 : tmgr.0000            : 4155259 : 140732790731120 : DEBUG    : advance bulk: 1 [False, False]
1644244795.645 : tmgr.0000            : 4155259 : 140732790731120 : DEBUG    : advance bulk: 1 [False, False]
1644244795.645 : tmgr.0000            : 4155259 : 140732790731120 : DEBUG    : advance bulk: 1 [False, False]
1644244795.646 : tmgr.0000            : 4155259 : 140732790731120 : DEBUG    : advance bulk: 1 [False, False]
1644244795.646 : tmgr.0000            : 4155259 : 140732790731120 : DEBUG    : advance bulk: 1 [False, False]
1644244795.647 : tmgr.0000            : 4155259 : 140732790731120 : DEBUG    : advance bulk: 1 [False, False]
1644244795.647 : tmgr.0000            : 4155259 : 140732790731120 : DEBUG    : advance bulk: 1 [False, False]
1644244795.648 : tmgr.0000            : 4155259 : 140732790731120 : DEBUG    : advance bulk: 1 [False, False]
1644244795.648 : tmgr.0000            : 4155259 : 140732790731120 : DEBUG    : advance bulk: 1 [False, False]
1644244795.649 : tmgr.0000            : 4155259 : 140732790731120 : DEBUG    : advance bulk: 1 [False, False]
1644244795.649 : tmgr.0000            : 4155259 : 140732790731120 : DEBUG    : advance bulk: 1 [False, False]
1644244795.650 : tmgr.0000            : 4155259 : 140732790731120 : DEBUG    : advance bulk: 1 [False, False]
1644244795.651 : tmgr.0000            : 4155259 : 140732790731120 : DEBUG    : advance bulk: 1 [False, False]
1644244795.651 : tmgr.0000            : 4155259 : 140732790731120 : DEBUG    : advance bulk: 1 [False, False]
1644244795.652 : tmgr.0000            : 4155259 : 140732790731120 : DEBUG    : advance bulk: 1 [False, False]
1644244795.652 : tmgr.0000            : 4155259 : 140732790731120 : DEBUG    : advance bulk: 1 [False, False]
1644244795.653 : tmgr.0000            : 4155259 : 140732790731120 : DEBUG    : advance bulk: 1 [False, False]
1644244795.653 : tmgr.0000            : 4155259 : 140732790731120 : DEBUG    : advance bulk: 1 [False, False]
1644244795.654 : tmgr.0000            : 4155259 : 140732790731120 : DEBUG    : advance bulk: 1 [False, False]
1644244795.654 : tmgr.0000            : 4155259 : 140732790731120 : DEBUG    : advance bulk: 1 [False, False]
1644244795.655 : tmgr.0000            : 4155259 : 140732790731120 : DEBUG    : advance bulk: 1 [False, False]
1644244795.656 : tmgr.0000            : 4155259 : 140732790731120 : DEBUG    : advance bulk: 1 [False, False]
1644244795.656 : tmgr.0000            : 4155259 : 140732790731120 : DEBUG    : advance bulk: 1 [False, False]
1644244795.657 : tmgr.0000            : 4155259 : 140732790731120 : DEBUG    : advance bulk: 1 [False, False]
1644244795.657 : tmgr.0000            : 4155259 : 140732790731120 : DEBUG    : advance bulk: 1 [False, False]
1644244795.658 : tmgr.0000            : 4155259 : 140732790731120 : DEBUG    : advance bulk: 1 [False, False]
1644244795.659 : tmgr.0000            : 4155259 : 140732790731120 : DEBUG    : advance bulk: 1 [False, False]
1644244795.659 : tmgr.0000            : 4155259 : 140732790731120 : DEBUG    : advance bulk: 1 [False, False]
1644244795.660 : tmgr.0000            : 4155259 : 140732790731120 : DEBUG    : advance bulk: 1 [False, False]
1644244795.660 : tmgr.0000            : 4155259 : 140732790731120 : DEBUG    : advance bulk: 1 [False, False]
1644244795.661 : tmgr.0000            : 4155259 : 140732790731120 : DEBUG    : advance bulk: 1 [False, False]
1644244795.661 : tmgr.0000            : 4155259 : 140732790731120 : DEBUG    : advance bulk: 1 [False, False]
1644244795.662 : tmgr.0000            : 4155259 : 140732790731120 : DEBUG    : advance bulk: 1 [False, False]
1644244795.662 : tmgr.0000            : 4155259 : 140732790731120 : DEBUG    : advance bulk: 1 [False, False]
1644244795.663 : tmgr.0000            : 4155259 : 140732790731120 : DEBUG    : advance bulk: 1 [False, False]
1644244795.663 : tmgr.0000            : 4155259 : 140732790731120 : DEBUG    : advance bulk: 1 [False, False]
1644244795.664 : tmgr.0000            : 4155259 : 140732790731120 : DEBUG    : advance bulk: 1 [False, False]
1644244795.664 : tmgr.0000            : 4155259 : 140732790731120 : DEBUG    : advance bulk: 1 [False, False]
1644244795.665 : tmgr.0000            : 4155259 : 140732790731120 : DEBUG    : advance bulk: 1 [False, False]
1644244795.665 : tmgr.0000            : 4155259 : 140732790731120 : DEBUG    : advance bulk: 1 [False, False]
1644244795.666 : tmgr.0000            : 4155259 : 140732790731120 : DEBUG    : advance bulk: 1 [False, False]
1644244795.666 : tmgr.0000            : 4155259 : 140732790731120 : DEBUG    : advance bulk: 1 [False, False]
1644244795.667 : tmgr.0000            : 4155259 : 140732790731120 : DEBUG    : advance bulk: 1 [False, False]
1644244795.667 : tmgr.0000            : 4155259 : 140732790731120 : DEBUG    : advance bulk: 1 [False, False]
1644244795.668 : tmgr.0000            : 4155259 : 140732790731120 : DEBUG    : advance bulk: 1 [False, False]
1644244795.669 : tmgr.0000            : 4155259 : 140732790731120 : DEBUG    : advance bulk: 1 [False, False]
1644244795.669 : tmgr.0000            : 4155259 : 140732790731120 : DEBUG    : advance bulk: 1 [False, False]
1644244795.670 : tmgr.0000            : 4155259 : 140732790731120 : DEBUG    : advance bulk: 1 [False, False]
1644244795.670 : tmgr.0000            : 4155259 : 140732790731120 : DEBUG    : advance bulk: 1 [False, False]
1644244795.671 : tmgr.0000            : 4155259 : 140732790731120 : DEBUG    : advance bulk: 1 [False, False]
1644244795.671 : tmgr.0000            : 4155259 : 140732790731120 : DEBUG    : advance bulk: 1 [False, False]
1644244795.672 : tmgr.0000            : 4155259 : 140732790731120 : DEBUG    : advance bulk: 1 [False, False]
1644244795.672 : tmgr.0000            : 4155259 : 140732790731120 : DEBUG    : advance bulk: 1 [False, False]
1644244795.673 : tmgr.0000            : 4155259 : 140732790731120 : DEBUG    : advance bulk: 1 [False, False]
1644244795.673 : tmgr.0000            : 4155259 : 140732790731120 : DEBUG    : advance bulk: 1 [False, False]
1644244795.674 : tmgr.0000            : 4155259 : 140732790731120 : DEBUG    : advance bulk: 1 [False, False]
1644244795.674 : tmgr.0000            : 4155259 : 140732790731120 : DEBUG    : advance bulk: 1 [False, False]
1644244795.675 : tmgr.0000            : 4155259 : 140732790731120 : DEBUG    : advance bulk: 1 [False, False]
1644244795.675 : tmgr.0000            : 4155259 : 140732790731120 : DEBUG    : advance bulk: 1 [False, False]
1644244795.676 : tmgr.0000            : 4155259 : 140732790731120 : DEBUG    : advance bulk: 1 [False, False]
1644244795.676 : tmgr.0000            : 4155259 : 140732790731120 : DEBUG    : advance bulk: 1 [False, False]
1644244795.677 : tmgr.0000            : 4155259 : 140732790731120 : DEBUG    : advance bulk: 1 [False, False]
1644244795.677 : tmgr.0000            : 4155259 : 140732790731120 : DEBUG    : advance bulk: 1 [False, False]
1644244795.678 : tmgr.0000            : 4155259 : 140732790731120 : DEBUG    : advance bulk: 1 [False, False]
1644244795.678 : tmgr.0000            : 4155259 : 140732790731120 : DEBUG    : advance bulk: 1 [False, False]
1644244795.679 : tmgr.0000            : 4155259 : 140732790731120 : DEBUG    : advance bulk: 1 [False, False]
1644244795.679 : tmgr.0000            : 4155259 : 140732790731120 : DEBUG    : advance bulk: 1 [False, False]
1644244795.680 : tmgr.0000            : 4155259 : 140732790731120 : DEBUG    : advance bulk: 1 [False, False]
1644244795.681 : tmgr.0000            : 4155259 : 140732790731120 : DEBUG    : advance bulk: 1 [False, False]
1644244795.681 : tmgr.0000            : 4155259 : 140732790731120 : DEBUG    : advance bulk: 1 [False, False]
1644244795.682 : tmgr.0000            : 4155259 : 140732790731120 : DEBUG    : advance bulk: 1 [False, False]
1644244795.682 : tmgr.0000            : 4155259 : 140732790731120 : DEBUG    : advance bulk: 1 [False, False]
1644244795.683 : tmgr.0000            : 4155259 : 140732790731120 : DEBUG    : advance bulk: 1 [False, False]
1644244795.683 : tmgr.0000            : 4155259 : 140732790731120 : DEBUG    : advance bulk: 1 [False, False]
1644244795.684 : tmgr.0000            : 4155259 : 140732790731120 : DEBUG    : advance bulk: 1 [False, False]
1644244795.684 : tmgr.0000            : 4155259 : 140732790731120 : DEBUG    : advance bulk: 1 [False, False]
1644244795.685 : tmgr.0000            : 4155259 : 140732790731120 : DEBUG    : advance bulk: 1 [False, False]
1644244795.686 : tmgr.0000            : 4155259 : 140732790731120 : DEBUG    : advance bulk: 1 [False, False]
1644244795.686 : tmgr.0000            : 4155259 : 140732790731120 : DEBUG    : advance bulk: 1 [False, False]
1644244795.687 : tmgr.0000            : 4155259 : 140732790731120 : DEBUG    : advance bulk: 1 [False, False]
1644244795.687 : tmgr.0000            : 4155259 : 140732790731120 : DEBUG    : advance bulk: 1 [False, False]
1644244795.688 : tmgr.0000            : 4155259 : 140732790731120 : DEBUG    : advance bulk: 1 [False, False]
1644244795.735 : tmgr.0000            : 4155259 : 140732790731120 : DEBUG    : advance bulk: 192 [True, True]
1644244795.743 : tmgr.0000            : 4155259 : 140732790731120 : DEBUG    : put bulk TMGR_SCHEDULING_PENDING: 192
1644244815.678 : tmgr.0000            : 4155259 : 140734250217840 : INFO     : tasks pulled:    19
1644244815.681 : tmgr.0000            : 4155259 : 140734250217840 : INFO     : tasks pulled:   19
1644244815.682 : tmgr.0000            : 4155259 : 140734250217840 : DEBUG    : advance bulk: 19 [False, True]
1644244815.684 : tmgr.0000            : 4155259 : 140734250217840 : DEBUG    : advance bulk: 19 [False, True]
1644244816.695 : tmgr.0000            : 4155259 : 140734250217840 : INFO     : tasks pulled:    11
1644244816.697 : tmgr.0000            : 4155259 : 140734250217840 : INFO     : tasks pulled:   11
1644244816.698 : tmgr.0000            : 4155259 : 140734250217840 : DEBUG    : advance bulk: 11 [False, True]
1644244816.699 : tmgr.0000            : 4155259 : 140734250217840 : DEBUG    : advance bulk: 11 [False, True]
1644244828.049 : tmgr.0000            : 4155259 : 140734250217840 : INFO     : tasks pulled:    23
1644244828.051 : tmgr.0000            : 4155259 : 140734250217840 : INFO     : tasks pulled:   23
1644244828.052 : tmgr.0000            : 4155259 : 140734250217840 : DEBUG    : advance bulk: 23 [False, True]
1644244828.053 : tmgr.0000            : 4155259 : 140734250217840 : DEBUG    : advance bulk: 23 [False, True]
1644244829.068 : tmgr.0000            : 4155259 : 140734250217840 : INFO     : tasks pulled:    13
1644244829.070 : tmgr.0000            : 4155259 : 140734250217840 : INFO     : tasks pulled:   13
1644244829.071 : tmgr.0000            : 4155259 : 140734250217840 : DEBUG    : advance bulk: 13 [False, True]
1644244829.072 : tmgr.0000            : 4155259 : 140734250217840 : DEBUG    : advance bulk: 13 [False, True]
1644244831.136 : tmgr.0000            : 4155259 : 140732790731120 : DEBUG    : advance bulk: 1 [False, False]
1644244831.137 : tmgr.0000            : 4155259 : 140732790731120 : DEBUG    : advance bulk: 1 [False, False]
1644244831.138 : tmgr.0000            : 4155259 : 140732790731120 : DEBUG    : advance bulk: 1 [False, False]
1644244831.139 : tmgr.0000            : 4155259 : 140732790731120 : DEBUG    : advance bulk: 1 [False, False]
1644244831.139 : tmgr.0000            : 4155259 : 140732790731120 : DEBUG    : advance bulk: 1 [False, False]
1644244831.140 : tmgr.0000            : 4155259 : 140732790731120 : DEBUG    : advance bulk: 1 [False, False]
1644244831.141 : tmgr.0000            : 4155259 : 140732790731120 : DEBUG    : advance bulk: 1 [False, False]
1644244831.142 : tmgr.0000            : 4155259 : 140732790731120 : DEBUG    : advance bulk: 1 [False, False]
1644244831.143 : tmgr.0000            : 4155259 : 140732790731120 : DEBUG    : advance bulk: 1 [False, False]
1644244831.144 : tmgr.0000            : 4155259 : 140732790731120 : DEBUG    : advance bulk: 1 [False, False]
1644244831.148 : tmgr.0000            : 4155259 : 140732790731120 : DEBUG    : advance bulk: 10 [True, True]
1644244831.149 : tmgr.0000            : 4155259 : 140732790731120 : DEBUG    : put bulk TMGR_SCHEDULING_PENDING: 10
1644244839.179 : tmgr.0000            : 4155259 : 140734250217840 : INFO     : tasks pulled:    1
1644244839.180 : tmgr.0000            : 4155259 : 140734250217840 : INFO     : tasks pulled:    1
1644244839.180 : tmgr.0000            : 4155259 : 140734250217840 : DEBUG    : advance bulk: 1 [False, True]
1644244839.180 : tmgr.0000            : 4155259 : 140734250217840 : DEBUG    : advance bulk: 1 [False, True]
1644244840.219 : tmgr.0000            : 4155259 : 140734250217840 : INFO     : tasks pulled:    20
1644244840.221 : tmgr.0000            : 4155259 : 140734250217840 : INFO     : tasks pulled:   20
1644244840.223 : tmgr.0000            : 4155259 : 140734250217840 : DEBUG    : advance bulk: 20 [False, True]
1644244840.226 : tmgr.0000            : 4155259 : 140734250217840 : DEBUG    : advance bulk: 20 [False, True]
1644244840.380 : tmgr.0000            : 4155259 : 140732790731120 : DEBUG    : advance bulk: 1 [False, False]
1644244840.381 : tmgr.0000            : 4155259 : 140732790731120 : DEBUG    : advance bulk: 1 [False, False]
1644244840.382 : tmgr.0000            : 4155259 : 140732790731120 : DEBUG    : advance bulk: 1 [False, False]
1644244840.383 : tmgr.0000            : 4155259 : 140732790731120 : DEBUG    : advance bulk: 1 [False, False]
1644244840.384 : tmgr.0000            : 4155259 : 140732790731120 : DEBUG    : advance bulk: 1 [False, False]
1644244840.385 : tmgr.0000            : 4155259 : 140732790731120 : DEBUG    : advance bulk: 1 [False, False]
1644244840.389 : tmgr.0000            : 4155259 : 140732790731120 : DEBUG    : advance bulk: 6 [True, True]
1644244840.390 : tmgr.0000            : 4155259 : 140732790731120 : DEBUG    : put bulk TMGR_SCHEDULING_PENDING: 6
1644244842.246 : tmgr.0000            : 4155259 : 140734250217840 : INFO     : tasks pulled:    11
1644244842.247 : tmgr.0000            : 4155259 : 140734250217840 : INFO     : tasks pulled:   11
1644244842.248 : tmgr.0000            : 4155259 : 140734250217840 : DEBUG    : advance bulk: 11 [False, True]
1644244842.248 : tmgr.0000            : 4155259 : 140734250217840 : DEBUG    : advance bulk: 11 [False, True]
1644244845.277 : tmgr.0000            : 4155259 : 140734250217840 : INFO     : tasks pulled:    1
1644244845.279 : tmgr.0000            : 4155259 : 140734250217840 : INFO     : tasks pulled:    1
1644244845.279 : tmgr.0000            : 4155259 : 140734250217840 : DEBUG    : advance bulk: 1 [False, True]
1644244845.280 : tmgr.0000            : 4155259 : 140734250217840 : DEBUG    : advance bulk: 1 [False, True]
1644244846.550 : tmgr.0000            : 4155259 : 140732790731120 : DEBUG    : advance bulk: 1 [False, False]
1644244846.551 : tmgr.0000            : 4155259 : 140732790731120 : DEBUG    : advance bulk: 1 [False, False]
1644244846.552 : tmgr.0000            : 4155259 : 140732790731120 : DEBUG    : advance bulk: 1 [False, False]
1644244846.553 : tmgr.0000            : 4155259 : 140732790731120 : DEBUG    : advance bulk: 1 [False, False]
1644244846.553 : tmgr.0000            : 4155259 : 140732790731120 : DEBUG    : advance bulk: 1 [False, False]
1644244846.554 : tmgr.0000            : 4155259 : 140732790731120 : DEBUG    : advance bulk: 1 [False, False]
1644244846.558 : tmgr.0000            : 4155259 : 140732790731120 : DEBUG    : advance bulk: 6 [True, True]
1644244846.558 : tmgr.0000            : 4155259 : 140732790731120 : DEBUG    : put bulk TMGR_SCHEDULING_PENDING: 6
1644244851.354 : tmgr.0000            : 4155259 : 140734250217840 : INFO     : tasks pulled:    1
1644244851.355 : tmgr.0000            : 4155259 : 140734250217840 : INFO     : tasks pulled:    1
1644244851.355 : tmgr.0000            : 4155259 : 140734250217840 : DEBUG    : advance bulk: 1 [False, True]
1644244851.355 : tmgr.0000            : 4155259 : 140734250217840 : DEBUG    : advance bulk: 1 [False, True]
1644244852.923 : tmgr.0000            : 4155259 : 140732790731120 : DEBUG    : advance bulk: 1 [False, False]
1644244852.925 : tmgr.0000            : 4155259 : 140732790731120 : DEBUG    : advance bulk: 1 [False, False]
1644244852.926 : tmgr.0000            : 4155259 : 140732790731120 : DEBUG    : advance bulk: 1 [False, False]
1644244852.928 : tmgr.0000            : 4155259 : 140732790731120 : DEBUG    : advance bulk: 1 [False, False]
1644244852.928 : tmgr.0000            : 4155259 : 140732790731120 : DEBUG    : advance bulk: 1 [False, False]
1644244852.929 : tmgr.0000            : 4155259 : 140732790731120 : DEBUG    : advance bulk: 1 [False, False]
1644244852.934 : tmgr.0000            : 4155259 : 140732790731120 : DEBUG    : advance bulk: 6 [True, True]
1644244852.935 : tmgr.0000            : 4155259 : 140732790731120 : DEBUG    : put bulk TMGR_SCHEDULING_PENDING: 6
1644244853.386 : tmgr.0000            : 4155259 : 140734250217840 : INFO     : tasks pulled:    21
1644244853.388 : tmgr.0000            : 4155259 : 140734250217840 : INFO     : tasks pulled:   21
1644244853.389 : tmgr.0000            : 4155259 : 140734250217840 : DEBUG    : advance bulk: 21 [False, True]
1644244853.392 : tmgr.0000            : 4155259 : 140734250217840 : DEBUG    : advance bulk: 21 [False, True]
1644244855.414 : tmgr.0000            : 4155259 : 140734250217840 : INFO     : tasks pulled:    5
1644244855.417 : tmgr.0000            : 4155259 : 140734250217840 : INFO     : tasks pulled:    5
1644244855.419 : tmgr.0000            : 4155259 : 140734250217840 : DEBUG    : advance bulk: 5 [False, True]
1644244855.421 : tmgr.0000            : 4155259 : 140734250217840 : DEBUG    : advance bulk: 5 [False, True]
1644244856.142 : tmgr.0000            : 4155259 : 140732790731120 : DEBUG    : advance bulk: 1 [False, False]
1644244856.143 : tmgr.0000            : 4155259 : 140732790731120 : DEBUG    : advance bulk: 1 [False, False]
1644244856.144 : tmgr.0000            : 4155259 : 140732790731120 : DEBUG    : advance bulk: 1 [False, False]
1644244856.144 : tmgr.0000            : 4155259 : 140732790731120 : DEBUG    : advance bulk: 1 [False, False]
1644244856.145 : tmgr.0000            : 4155259 : 140732790731120 : DEBUG    : advance bulk: 1 [False, False]
1644244856.146 : tmgr.0000            : 4155259 : 140732790731120 : DEBUG    : advance bulk: 1 [False, False]
1644244856.146 : tmgr.0000            : 4155259 : 140732790731120 : DEBUG    : advance bulk: 1 [False, False]
1644244856.150 : tmgr.0000            : 4155259 : 140732790731120 : DEBUG    : advance bulk: 7 [True, True]
1644244856.151 : tmgr.0000            : 4155259 : 140732790731120 : DEBUG    : put bulk TMGR_SCHEDULING_PENDING: 7
1644244856.438 : tmgr.0000            : 4155259 : 140734250217840 : INFO     : tasks pulled:    2
1644244856.439 : tmgr.0000            : 4155259 : 140734250217840 : INFO     : tasks pulled:    2
1644244856.440 : tmgr.0000            : 4155259 : 140734250217840 : DEBUG    : advance bulk: 2 [False, True]
1644244856.440 : tmgr.0000            : 4155259 : 140734250217840 : DEBUG    : advance bulk: 2 [False, True]
1644244859.359 : tmgr.0000            : 4155259 : 140732790731120 : DEBUG    : advance bulk: 1 [False, False]
1644244859.360 : tmgr.0000            : 4155259 : 140732790731120 : DEBUG    : advance bulk: 1 [False, False]
1644244859.360 : tmgr.0000            : 4155259 : 140732790731120 : DEBUG    : advance bulk: 1 [False, False]
1644244859.361 : tmgr.0000            : 4155259 : 140732790731120 : DEBUG    : advance bulk: 1 [False, False]
1644244859.362 : tmgr.0000            : 4155259 : 140732790731120 : DEBUG    : advance bulk: 1 [False, False]
1644244859.363 : tmgr.0000            : 4155259 : 140732790731120 : DEBUG    : advance bulk: 1 [False, False]
1644244859.363 : tmgr.0000            : 4155259 : 140732790731120 : DEBUG    : advance bulk: 1 [False, False]
1644244859.364 : tmgr.0000            : 4155259 : 140732790731120 : DEBUG    : advance bulk: 1 [False, False]
1644244859.365 : tmgr.0000            : 4155259 : 140732790731120 : DEBUG    : advance bulk: 1 [False, False]
1644244859.365 : tmgr.0000            : 4155259 : 140732790731120 : DEBUG    : advance bulk: 1 [False, False]
1644244859.366 : tmgr.0000            : 4155259 : 140732790731120 : DEBUG    : advance bulk: 1 [False, False]
1644244859.367 : tmgr.0000            : 4155259 : 140732790731120 : DEBUG    : advance bulk: 1 [False, False]
1644244859.372 : tmgr.0000            : 4155259 : 140732790731120 : DEBUG    : advance bulk: 12 [True, True]
1644244859.373 : tmgr.0000            : 4155259 : 140732790731120 : DEBUG    : put bulk TMGR_SCHEDULING_PENDING: 12
1644244863.511 : tmgr.0000            : 4155259 : 140734250217840 : INFO     : tasks pulled:    1
1644244863.512 : tmgr.0000            : 4155259 : 140734250217840 : INFO     : tasks pulled:    1
1644244863.513 : tmgr.0000            : 4155259 : 140734250217840 : DEBUG    : advance bulk: 1 [False, True]
1644244863.513 : tmgr.0000            : 4155259 : 140734250217840 : DEBUG    : advance bulk: 1 [False, True]
1644244865.585 : tmgr.0000            : 4155259 : 140732790731120 : DEBUG    : advance bulk: 1 [False, False]
1644244865.586 : tmgr.0000            : 4155259 : 140732790731120 : DEBUG    : advance bulk: 1 [False, False]
1644244865.586 : tmgr.0000            : 4155259 : 140732790731120 : DEBUG    : advance bulk: 1 [False, False]
1644244865.587 : tmgr.0000            : 4155259 : 140732790731120 : DEBUG    : advance bulk: 1 [False, False]
1644244865.589 : tmgr.0000            : 4155259 : 140732790731120 : DEBUG    : advance bulk: 1 [False, False]
1644244865.589 : tmgr.0000            : 4155259 : 140732790731120 : DEBUG    : advance bulk: 1 [False, False]
1644244865.593 : tmgr.0000            : 4155259 : 140732790731120 : DEBUG    : advance bulk: 6 [True, True]
1644244865.593 : tmgr.0000            : 4155259 : 140732790731120 : DEBUG    : put bulk TMGR_SCHEDULING_PENDING: 6
1644244869.568 : tmgr.0000            : 4155259 : 140734250217840 : INFO     : tasks pulled:    1
1644244869.569 : tmgr.0000            : 4155259 : 140734250217840 : INFO     : tasks pulled:    1
1644244869.570 : tmgr.0000            : 4155259 : 140734250217840 : DEBUG    : advance bulk: 1 [False, True]
1644244869.570 : tmgr.0000            : 4155259 : 140734250217840 : DEBUG    : advance bulk: 1 [False, True]
1644244871.805 : tmgr.0000            : 4155259 : 140732790731120 : DEBUG    : advance bulk: 1 [False, False]
1644244871.806 : tmgr.0000            : 4155259 : 140732790731120 : DEBUG    : advance bulk: 1 [False, False]
1644244871.807 : tmgr.0000            : 4155259 : 140732790731120 : DEBUG    : advance bulk: 1 [False, False]
1644244871.808 : tmgr.0000            : 4155259 : 140732790731120 : DEBUG    : advance bulk: 1 [False, False]
1644244871.808 : tmgr.0000            : 4155259 : 140732790731120 : DEBUG    : advance bulk: 1 [False, False]
1644244871.809 : tmgr.0000            : 4155259 : 140732790731120 : DEBUG    : advance bulk: 1 [False, False]
1644244871.812 : tmgr.0000            : 4155259 : 140732790731120 : DEBUG    : advance bulk: 6 [True, True]
1644244871.812 : tmgr.0000            : 4155259 : 140732790731120 : DEBUG    : put bulk TMGR_SCHEDULING_PENDING: 6
1644244875.628 : tmgr.0000            : 4155259 : 140734250217840 : INFO     : tasks pulled:    2
1644244875.629 : tmgr.0000            : 4155259 : 140734250217840 : INFO     : tasks pulled:    2
1644244875.629 : tmgr.0000            : 4155259 : 140734250217840 : DEBUG    : advance bulk: 2 [False, True]
1644244875.630 : tmgr.0000            : 4155259 : 140734250217840 : DEBUG    : advance bulk: 2 [False, True]
1644244878.169 : tmgr.0000            : 4155259 : 140732790731120 : DEBUG    : advance bulk: 1 [False, False]
1644244878.169 : tmgr.0000            : 4155259 : 140732790731120 : DEBUG    : advance bulk: 1 [False, False]
1644244878.170 : tmgr.0000            : 4155259 : 140732790731120 : DEBUG    : advance bulk: 1 [False, False]
1644244878.171 : tmgr.0000            : 4155259 : 140732790731120 : DEBUG    : advance bulk: 1 [False, False]
1644244878.171 : tmgr.0000            : 4155259 : 140732790731120 : DEBUG    : advance bulk: 1 [False, False]
1644244878.172 : tmgr.0000            : 4155259 : 140732790731120 : DEBUG    : advance bulk: 1 [False, False]
1644244878.173 : tmgr.0000            : 4155259 : 140732790731120 : DEBUG    : advance bulk: 1 [False, False]
1644244878.174 : tmgr.0000            : 4155259 : 140732790731120 : DEBUG    : advance bulk: 1 [False, False]
1644244878.174 : tmgr.0000            : 4155259 : 140732790731120 : DEBUG    : advance bulk: 1 [False, False]
1644244878.175 : tmgr.0000            : 4155259 : 140732790731120 : DEBUG    : advance bulk: 1 [False, False]
1644244878.176 : tmgr.0000            : 4155259 : 140732790731120 : DEBUG    : advance bulk: 1 [False, False]
1644244878.176 : tmgr.0000            : 4155259 : 140732790731120 : DEBUG    : advance bulk: 1 [False, False]
1644244878.181 : tmgr.0000            : 4155259 : 140732790731120 : DEBUG    : advance bulk: 12 [True, True]
1644244878.182 : tmgr.0000            : 4155259 : 140732790731120 : DEBUG    : put bulk TMGR_SCHEDULING_PENDING: 12
1644244878.668 : tmgr.0000            : 4155259 : 140734250217840 : INFO     : tasks pulled:    18
1644244878.670 : tmgr.0000            : 4155259 : 140734250217840 : INFO     : tasks pulled:   18
1644244878.671 : tmgr.0000            : 4155259 : 140734250217840 : DEBUG    : advance bulk: 18 [False, True]
1644244878.673 : tmgr.0000            : 4155259 : 140734250217840 : DEBUG    : advance bulk: 18 [False, True]
1644244881.701 : tmgr.0000            : 4155259 : 140734250217840 : INFO     : tasks pulled:    2
1644244881.702 : tmgr.0000            : 4155259 : 140734250217840 : INFO     : tasks pulled:    2
1644244881.703 : tmgr.0000            : 4155259 : 140734250217840 : DEBUG    : advance bulk: 2 [False, True]
1644244881.703 : tmgr.0000            : 4155259 : 140734250217840 : DEBUG    : advance bulk: 2 [False, True]
1644244884.426 : tmgr.0000            : 4155259 : 140732790731120 : DEBUG    : advance bulk: 1 [False, False]
1644244884.426 : tmgr.0000            : 4155259 : 140732790731120 : DEBUG    : advance bulk: 1 [False, False]
1644244884.427 : tmgr.0000            : 4155259 : 140732790731120 : DEBUG    : advance bulk: 1 [False, False]
1644244884.428 : tmgr.0000            : 4155259 : 140732790731120 : DEBUG    : advance bulk: 1 [False, False]
1644244884.428 : tmgr.0000            : 4155259 : 140732790731120 : DEBUG    : advance bulk: 1 [False, False]
1644244884.429 : tmgr.0000            : 4155259 : 140732790731120 : DEBUG    : advance bulk: 1 [False, False]
1644244884.429 : tmgr.0000            : 4155259 : 140732790731120 : DEBUG    : advance bulk: 1 [False, False]
1644244884.430 : tmgr.0000            : 4155259 : 140732790731120 : DEBUG    : advance bulk: 1 [False, False]
1644244884.430 : tmgr.0000            : 4155259 : 140732790731120 : DEBUG    : advance bulk: 1 [False, False]
1644244884.431 : tmgr.0000            : 4155259 : 140732790731120 : DEBUG    : advance bulk: 1 [False, False]
1644244884.432 : tmgr.0000            : 4155259 : 140732790731120 : DEBUG    : advance bulk: 1 [False, False]
1644244884.432 : tmgr.0000            : 4155259 : 140732790731120 : DEBUG    : advance bulk: 1 [False, False]
1644244884.437 : tmgr.0000            : 4155259 : 140732790731120 : DEBUG    : advance bulk: 12 [True, True]
1644244884.438 : tmgr.0000            : 4155259 : 140732790731120 : DEBUG    : put bulk TMGR_SCHEDULING_PENDING: 12
1644244886.748 : tmgr.0000            : 4155259 : 140734250217840 : INFO     : tasks pulled:    1
1644244886.749 : tmgr.0000            : 4155259 : 140734250217840 : INFO     : tasks pulled:    1
1644244886.749 : tmgr.0000            : 4155259 : 140734250217840 : DEBUG    : advance bulk: 1 [False, True]
1644244886.750 : tmgr.0000            : 4155259 : 140734250217840 : DEBUG    : advance bulk: 1 [False, True]
1644244887.650 : tmgr.0000            : 4155259 : 140732790731120 : DEBUG    : advance bulk: 1 [False, False]
1644244887.651 : tmgr.0000            : 4155259 : 140732790731120 : DEBUG    : advance bulk: 1 [False, False]
1644244887.652 : tmgr.0000            : 4155259 : 140732790731120 : DEBUG    : advance bulk: 1 [False, False]
1644244887.653 : tmgr.0000            : 4155259 : 140732790731120 : DEBUG    : advance bulk: 1 [False, False]
1644244887.654 : tmgr.0000            : 4155259 : 140732790731120 : DEBUG    : advance bulk: 1 [False, False]
1644244887.654 : tmgr.0000            : 4155259 : 140732790731120 : DEBUG    : advance bulk: 1 [False, False]
1644244887.658 : tmgr.0000            : 4155259 : 140732790731120 : DEBUG    : advance bulk: 6 [True, True]
1644244887.658 : tmgr.0000            : 4155259 : 140732790731120 : DEBUG    : put bulk TMGR_SCHEDULING_PENDING: 6
1644244887.767 : tmgr.0000            : 4155259 : 140734250217840 : INFO     : tasks pulled:    14
1644244887.769 : tmgr.0000            : 4155259 : 140734250217840 : INFO     : tasks pulled:   14
1644244887.770 : tmgr.0000            : 4155259 : 140734250217840 : DEBUG    : advance bulk: 14 [False, True]
1644244887.770 : tmgr.0000            : 4155259 : 140734250217840 : DEBUG    : advance bulk: 14 [False, True]
1644244888.789 : tmgr.0000            : 4155259 : 140734250217840 : INFO     : tasks pulled:    12
1644244888.791 : tmgr.0000            : 4155259 : 140734250217840 : INFO     : tasks pulled:   12
1644244888.792 : tmgr.0000            : 4155259 : 140734250217840 : DEBUG    : advance bulk: 12 [False, True]
1644244888.792 : tmgr.0000            : 4155259 : 140734250217840 : DEBUG    : advance bulk: 12 [False, True]
1644244890.793 : tmgr.0000            : 4155259 : 140732790731120 : DEBUG    : advance bulk: 1 [False, False]
1644244890.795 : tmgr.0000            : 4155259 : 140732790731120 : DEBUG    : advance bulk: 1 [False, False]
1644244890.798 : tmgr.0000            : 4155259 : 140732790731120 : DEBUG    : advance bulk: 2 [True, True]
1644244890.798 : tmgr.0000            : 4155259 : 140732790731120 : DEBUG    : put bulk TMGR_SCHEDULING_PENDING: 2
1644244892.832 : tmgr.0000            : 4155259 : 140734250217840 : INFO     : tasks pulled:    1
1644244892.833 : tmgr.0000            : 4155259 : 140734250217840 : INFO     : tasks pulled:    1
1644244892.834 : tmgr.0000            : 4155259 : 140734250217840 : DEBUG    : advance bulk: 1 [False, True]
1644244892.834 : tmgr.0000            : 4155259 : 140734250217840 : DEBUG    : advance bulk: 1 [False, True]
1644244893.928 : tmgr.0000            : 4155259 : 140732790731120 : DEBUG    : advance bulk: 1 [False, False]
1644244893.929 : tmgr.0000            : 4155259 : 140732790731120 : DEBUG    : advance bulk: 1 [False, False]
1644244893.930 : tmgr.0000            : 4155259 : 140732790731120 : DEBUG    : advance bulk: 1 [False, False]
1644244893.930 : tmgr.0000            : 4155259 : 140732790731120 : DEBUG    : advance bulk: 1 [False, False]
1644244893.931 : tmgr.0000            : 4155259 : 140732790731120 : DEBUG    : advance bulk: 1 [False, False]
1644244893.932 : tmgr.0000            : 4155259 : 140732790731120 : DEBUG    : advance bulk: 1 [False, False]
1644244893.935 : tmgr.0000            : 4155259 : 140732790731120 : DEBUG    : advance bulk: 6 [True, True]
1644244893.936 : tmgr.0000            : 4155259 : 140732790731120 : DEBUG    : put bulk TMGR_SCHEDULING_PENDING: 6
1644244898.892 : tmgr.0000            : 4155259 : 140734250217840 : INFO     : tasks pulled:    2
1644244898.893 : tmgr.0000            : 4155259 : 140734250217840 : INFO     : tasks pulled:    2
1644244898.894 : tmgr.0000            : 4155259 : 140734250217840 : DEBUG    : advance bulk: 2 [False, True]
1644244898.894 : tmgr.0000            : 4155259 : 140734250217840 : DEBUG    : advance bulk: 2 [False, True]
1644244899.925 : tmgr.0000            : 4155259 : 140734250217840 : INFO     : tasks pulled:    22
1644244899.927 : tmgr.0000            : 4155259 : 140734250217840 : INFO     : tasks pulled:   22
1644244899.928 : tmgr.0000            : 4155259 : 140734250217840 : DEBUG    : advance bulk: 22 [False, True]
1644244899.929 : tmgr.0000            : 4155259 : 140734250217840 : DEBUG    : advance bulk: 22 [False, True]
1644244900.078 : tmgr.0000            : 4155259 : 140732790731120 : DEBUG    : advance bulk: 1 [False, False]
1644244900.079 : tmgr.0000            : 4155259 : 140732790731120 : DEBUG    : advance bulk: 1 [False, False]
1644244900.080 : tmgr.0000            : 4155259 : 140732790731120 : DEBUG    : advance bulk: 1 [False, False]
1644244900.081 : tmgr.0000            : 4155259 : 140732790731120 : DEBUG    : advance bulk: 1 [False, False]
1644244900.082 : tmgr.0000            : 4155259 : 140732790731120 : DEBUG    : advance bulk: 1 [False, False]
1644244900.083 : tmgr.0000            : 4155259 : 140732790731120 : DEBUG    : advance bulk: 1 [False, False]
1644244900.084 : tmgr.0000            : 4155259 : 140732790731120 : DEBUG    : advance bulk: 1 [False, False]
1644244900.085 : tmgr.0000            : 4155259 : 140732790731120 : DEBUG    : advance bulk: 1 [False, False]
1644244900.086 : tmgr.0000            : 4155259 : 140732790731120 : DEBUG    : advance bulk: 1 [False, False]
1644244900.087 : tmgr.0000            : 4155259 : 140732790731120 : DEBUG    : advance bulk: 1 [False, False]
1644244900.088 : tmgr.0000            : 4155259 : 140732790731120 : DEBUG    : advance bulk: 1 [False, False]
1644244900.089 : tmgr.0000            : 4155259 : 140732790731120 : DEBUG    : advance bulk: 1 [False, False]
1644244900.090 : tmgr.0000            : 4155259 : 140732790731120 : DEBUG    : advance bulk: 1 [False, False]
1644244900.098 : tmgr.0000            : 4155259 : 140732790731120 : DEBUG    : advance bulk: 13 [True, True]
1644244900.099 : tmgr.0000            : 4155259 : 140732790731120 : DEBUG    : put bulk TMGR_SCHEDULING_PENDING: 13
1644244903.281 : tmgr.0000            : 4155259 : 140732790731120 : DEBUG    : advance bulk: 1 [False, False]
1644244903.282 : tmgr.0000            : 4155259 : 140732790731120 : DEBUG    : advance bulk: 1 [False, False]
1644244903.284 : tmgr.0000            : 4155259 : 140732790731120 : DEBUG    : advance bulk: 1 [False, False]
1644244903.287 : tmgr.0000            : 4155259 : 140732790731120 : DEBUG    : advance bulk: 3 [True, True]
1644244903.287 : tmgr.0000            : 4155259 : 140732790731120 : DEBUG    : put bulk TMGR_SCHEDULING_PENDING: 3
1644244904.974 : tmgr.0000            : 4155259 : 140734250217840 : INFO     : tasks pulled:    1
1644244904.975 : tmgr.0000            : 4155259 : 140734250217840 : INFO     : tasks pulled:    1
1644244904.975 : tmgr.0000            : 4155259 : 140734250217840 : DEBUG    : advance bulk: 1 [False, True]
1644244904.976 : tmgr.0000            : 4155259 : 140734250217840 : DEBUG    : advance bulk: 1 [False, True]
1644244906.448 : tmgr.0000            : 4155259 : 140732790731120 : DEBUG    : advance bulk: 1 [False, False]
1644244906.449 : tmgr.0000            : 4155259 : 140732790731120 : DEBUG    : advance bulk: 1 [False, False]
1644244906.450 : tmgr.0000            : 4155259 : 140732790731120 : DEBUG    : advance bulk: 1 [False, False]
1644244906.450 : tmgr.0000            : 4155259 : 140732790731120 : DEBUG    : advance bulk: 1 [False, False]
1644244906.451 : tmgr.0000            : 4155259 : 140732790731120 : DEBUG    : advance bulk: 1 [False, False]
1644244906.452 : tmgr.0000            : 4155259 : 140732790731120 : DEBUG    : advance bulk: 1 [False, False]
1644244906.456 : tmgr.0000            : 4155259 : 140732790731120 : DEBUG    : advance bulk: 6 [True, True]
1644244906.456 : tmgr.0000            : 4155259 : 140732790731120 : DEBUG    : put bulk TMGR_SCHEDULING_PENDING: 6
1644244910.024 : tmgr.0000            : 4155259 : 140734250217840 : INFO     : tasks pulled:    1
1644244910.025 : tmgr.0000            : 4155259 : 140734250217840 : INFO     : tasks pulled:    1
1644244910.025 : tmgr.0000            : 4155259 : 140734250217840 : DEBUG    : advance bulk: 1 [False, True]
1644244910.026 : tmgr.0000            : 4155259 : 140734250217840 : DEBUG    : advance bulk: 1 [False, True]
1644244912.643 : tmgr.0000            : 4155259 : 140732790731120 : DEBUG    : advance bulk: 1 [False, False]
1644244912.644 : tmgr.0000            : 4155259 : 140732790731120 : DEBUG    : advance bulk: 1 [False, False]
1644244912.644 : tmgr.0000            : 4155259 : 140732790731120 : DEBUG    : advance bulk: 1 [False, False]
1644244912.645 : tmgr.0000            : 4155259 : 140732790731120 : DEBUG    : advance bulk: 1 [False, False]
1644244912.646 : tmgr.0000            : 4155259 : 140732790731120 : DEBUG    : advance bulk: 1 [False, False]
1644244912.647 : tmgr.0000            : 4155259 : 140732790731120 : DEBUG    : advance bulk: 1 [False, False]
1644244912.651 : tmgr.0000            : 4155259 : 140732790731120 : DEBUG    : advance bulk: 6 [True, True]
1644244912.651 : tmgr.0000            : 4155259 : 140732790731120 : DEBUG    : put bulk TMGR_SCHEDULING_PENDING: 6
1644244914.088 : tmgr.0000            : 4155259 : 140734250217840 : INFO     : tasks pulled:    53
1644244914.091 : tmgr.0000            : 4155259 : 140734250217840 : INFO     : tasks pulled:   53
1644244914.094 : tmgr.0000            : 4155259 : 140734250217840 : DEBUG    : advance bulk: 53 [False, True]
1644244914.097 : tmgr.0000            : 4155259 : 140734250217840 : DEBUG    : advance bulk: 53 [False, True]
1644244915.797 : tmgr.0000            : 4155259 : 140732790731120 : DEBUG    : advance bulk: 1 [False, False]
1644244915.802 : tmgr.0000            : 4155259 : 140732790731120 : DEBUG    : advance bulk: 1 [True, True]
1644244915.802 : tmgr.0000            : 4155259 : 140732790731120 : DEBUG    : put bulk TMGR_SCHEDULING_PENDING: 1
1644244916.109 : tmgr.0000            : 4155259 : 140734250217840 : INFO     : tasks pulled:    1
1644244916.110 : tmgr.0000            : 4155259 : 140734250217840 : INFO     : tasks pulled:    1
1644244916.110 : tmgr.0000            : 4155259 : 140734250217840 : DEBUG    : advance bulk: 1 [False, True]
1644244916.110 : tmgr.0000            : 4155259 : 140734250217840 : DEBUG    : advance bulk: 1 [False, True]
1644244918.961 : tmgr.0000            : 4155259 : 140732790731120 : DEBUG    : advance bulk: 1 [False, False]
1644244918.962 : tmgr.0000            : 4155259 : 140732790731120 : DEBUG    : advance bulk: 1 [False, False]
1644244918.963 : tmgr.0000            : 4155259 : 140732790731120 : DEBUG    : advance bulk: 1 [False, False]
1644244918.964 : tmgr.0000            : 4155259 : 140732790731120 : DEBUG    : advance bulk: 1 [False, False]
1644244918.964 : tmgr.0000            : 4155259 : 140732790731120 : DEBUG    : advance bulk: 1 [False, False]
1644244918.965 : tmgr.0000            : 4155259 : 140732790731120 : DEBUG    : advance bulk: 1 [False, False]
1644244918.969 : tmgr.0000            : 4155259 : 140732790731120 : DEBUG    : advance bulk: 6 [True, True]
1644244918.969 : tmgr.0000            : 4155259 : 140732790731120 : DEBUG    : put bulk TMGR_SCHEDULING_PENDING: 6
1644244920.140 : tmgr.0000            : 4155259 : 140734250217840 : INFO     : tasks pulled:    19
1644244920.142 : tmgr.0000            : 4155259 : 140734250217840 : INFO     : tasks pulled:   19
1644244920.143 : tmgr.0000            : 4155259 : 140734250217840 : DEBUG    : advance bulk: 19 [False, True]
1644244920.144 : tmgr.0000            : 4155259 : 140734250217840 : DEBUG    : advance bulk: 19 [False, True]
1644244922.126 : tmgr.0000            : 4155259 : 140732790731120 : DEBUG    : advance bulk: 1 [False, False]
1644244922.127 : tmgr.0000            : 4155259 : 140732790731120 : DEBUG    : advance bulk: 1 [False, False]
1644244922.128 : tmgr.0000            : 4155259 : 140732790731120 : DEBUG    : advance bulk: 1 [False, False]
1644244922.129 : tmgr.0000            : 4155259 : 140732790731120 : DEBUG    : advance bulk: 1 [False, False]
1644244922.132 : tmgr.0000            : 4155259 : 140732790731120 : DEBUG    : advance bulk: 4 [True, True]
1644244922.133 : tmgr.0000            : 4155259 : 140732790731120 : DEBUG    : put bulk TMGR_SCHEDULING_PENDING: 4
1644244922.156 : tmgr.0000            : 4155259 : 140734250217840 : INFO     : tasks pulled:    2
1644244922.157 : tmgr.0000            : 4155259 : 140734250217840 : INFO     : tasks pulled:    2
1644244922.157 : tmgr.0000            : 4155259 : 140734250217840 : DEBUG    : advance bulk: 2 [False, True]
1644244922.157 : tmgr.0000            : 4155259 : 140734250217840 : DEBUG    : advance bulk: 2 [False, True]
1644244923.168 : tmgr.0000            : 4155259 : 140734250217840 : INFO     : tasks pulled:    10
1644244923.169 : tmgr.0000            : 4155259 : 140734250217840 : INFO     : tasks pulled:   10
1644244923.170 : tmgr.0000            : 4155259 : 140734250217840 : DEBUG    : advance bulk: 10 [False, True]
1644244923.171 : tmgr.0000            : 4155259 : 140734250217840 : DEBUG    : advance bulk: 10 [False, True]
1644244925.383 : tmgr.0000            : 4155259 : 140732790731120 : DEBUG    : advance bulk: 1 [False, False]
1644244925.384 : tmgr.0000            : 4155259 : 140732790731120 : DEBUG    : advance bulk: 1 [False, False]
1644244925.384 : tmgr.0000            : 4155259 : 140732790731120 : DEBUG    : advance bulk: 1 [False, False]
1644244925.385 : tmgr.0000            : 4155259 : 140732790731120 : DEBUG    : advance bulk: 1 [False, False]
1644244925.386 : tmgr.0000            : 4155259 : 140732790731120 : DEBUG    : advance bulk: 1 [False, False]
1644244925.386 : tmgr.0000            : 4155259 : 140732790731120 : DEBUG    : advance bulk: 1 [False, False]
1644244925.387 : tmgr.0000            : 4155259 : 140732790731120 : DEBUG    : advance bulk: 1 [False, False]
1644244925.388 : tmgr.0000            : 4155259 : 140732790731120 : DEBUG    : advance bulk: 1 [False, False]
1644244925.388 : tmgr.0000            : 4155259 : 140732790731120 : DEBUG    : advance bulk: 1 [False, False]
1644244925.389 : tmgr.0000            : 4155259 : 140732790731120 : DEBUG    : advance bulk: 1 [False, False]
1644244925.389 : tmgr.0000            : 4155259 : 140732790731120 : DEBUG    : advance bulk: 1 [False, False]
1644244925.390 : tmgr.0000            : 4155259 : 140732790731120 : DEBUG    : advance bulk: 1 [False, False]
1644244925.391 : tmgr.0000            : 4155259 : 140732790731120 : DEBUG    : advance bulk: 1 [False, False]
1644244925.391 : tmgr.0000            : 4155259 : 140732790731120 : DEBUG    : advance bulk: 1 [False, False]
1644244925.397 : tmgr.0000            : 4155259 : 140732790731120 : DEBUG    : advance bulk: 14 [True, True]
1644244925.398 : tmgr.0000            : 4155259 : 140732790731120 : DEBUG    : put bulk TMGR_SCHEDULING_PENDING: 14
1644244928.211 : tmgr.0000            : 4155259 : 140734250217840 : INFO     : tasks pulled:    2
1644244928.212 : tmgr.0000            : 4155259 : 140734250217840 : INFO     : tasks pulled:    2
1644244928.212 : tmgr.0000            : 4155259 : 140734250217840 : DEBUG    : advance bulk: 2 [False, True]
1644244928.213 : tmgr.0000            : 4155259 : 140734250217840 : DEBUG    : advance bulk: 2 [False, True]
1644244928.694 : tmgr.0000            : 4155259 : 140732790731120 : DEBUG    : advance bulk: 1 [False, False]
1644244928.694 : tmgr.0000            : 4155259 : 140732790731120 : DEBUG    : advance bulk: 1 [False, False]
1644244928.695 : tmgr.0000            : 4155259 : 140732790731120 : DEBUG    : advance bulk: 1 [False, False]
1644244928.695 : tmgr.0000            : 4155259 : 140732790731120 : DEBUG    : advance bulk: 1 [False, False]
1644244928.696 : tmgr.0000            : 4155259 : 140732790731120 : DEBUG    : advance bulk: 1 [False, False]
1644244928.697 : tmgr.0000            : 4155259 : 140732790731120 : DEBUG    : advance bulk: 1 [False, False]
1644244928.697 : tmgr.0000            : 4155259 : 140732790731120 : DEBUG    : advance bulk: 1 [False, False]
1644244928.698 : tmgr.0000            : 4155259 : 140732790731120 : DEBUG    : advance bulk: 1 [False, False]
1644244928.698 : tmgr.0000            : 4155259 : 140732790731120 : DEBUG    : advance bulk: 1 [False, False]
1644244928.699 : tmgr.0000            : 4155259 : 140732790731120 : DEBUG    : advance bulk: 1 [False, False]
1644244928.700 : tmgr.0000            : 4155259 : 140732790731120 : DEBUG    : advance bulk: 1 [False, False]
1644244928.700 : tmgr.0000            : 4155259 : 140732790731120 : DEBUG    : advance bulk: 1 [False, False]
1644244928.705 : tmgr.0000            : 4155259 : 140732790731120 : DEBUG    : advance bulk: 12 [True, True]
1644244928.706 : tmgr.0000            : 4155259 : 140732790731120 : DEBUG    : put bulk TMGR_SCHEDULING_PENDING: 12
1644244932.252 : tmgr.0000            : 4155259 : 140734250217840 : INFO     : tasks pulled:    9
1644244932.254 : tmgr.0000            : 4155259 : 140734250217840 : INFO     : tasks pulled:    9
1644244932.255 : tmgr.0000            : 4155259 : 140734250217840 : DEBUG    : advance bulk: 9 [False, True]
1644244932.256 : tmgr.0000            : 4155259 : 140734250217840 : DEBUG    : advance bulk: 9 [False, True]
1644244934.883 : tmgr.0000            : 4155259 : 140732790731120 : DEBUG    : advance bulk: 1 [False, False]
1644244934.887 : tmgr.0000            : 4155259 : 140732790731120 : DEBUG    : advance bulk: 1 [True, True]
1644244934.888 : tmgr.0000            : 4155259 : 140732790731120 : DEBUG    : put bulk TMGR_SCHEDULING_PENDING: 1
1644244935.271 : tmgr.0000            : 4155259 : 140734250217840 : INFO     : tasks pulled:    1
1644244935.272 : tmgr.0000            : 4155259 : 140734250217840 : INFO     : tasks pulled:    1
1644244935.272 : tmgr.0000            : 4155259 : 140734250217840 : DEBUG    : advance bulk: 1 [False, True]
1644244935.273 : tmgr.0000            : 4155259 : 140734250217840 : DEBUG    : advance bulk: 1 [False, True]
1644244936.284 : tmgr.0000            : 4155259 : 140734250217840 : INFO     : tasks pulled:    11
1644244936.285 : tmgr.0000            : 4155259 : 140734250217840 : INFO     : tasks pulled:   11
1644244936.286 : tmgr.0000            : 4155259 : 140734250217840 : DEBUG    : advance bulk: 11 [False, True]
1644244936.287 : tmgr.0000            : 4155259 : 140734250217840 : DEBUG    : advance bulk: 11 [False, True]
1644244937.299 : tmgr.0000            : 4155259 : 140734250217840 : INFO     : tasks pulled:    21
1644244937.301 : tmgr.0000            : 4155259 : 140734250217840 : INFO     : tasks pulled:   21
1644244937.302 : tmgr.0000            : 4155259 : 140734250217840 : DEBUG    : advance bulk: 21 [False, True]
1644244937.303 : tmgr.0000            : 4155259 : 140734250217840 : DEBUG    : advance bulk: 21 [False, True]
1644244938.194 : tmgr.0000            : 4155259 : 140732790731120 : DEBUG    : advance bulk: 1 [False, False]
1644244938.195 : tmgr.0000            : 4155259 : 140732790731120 : DEBUG    : advance bulk: 1 [False, False]
1644244938.196 : tmgr.0000            : 4155259 : 140732790731120 : DEBUG    : advance bulk: 1 [False, False]
1644244938.196 : tmgr.0000            : 4155259 : 140732790731120 : DEBUG    : advance bulk: 1 [False, False]
1644244938.197 : tmgr.0000            : 4155259 : 140732790731120 : DEBUG    : advance bulk: 1 [False, False]
1644244938.197 : tmgr.0000            : 4155259 : 140732790731120 : DEBUG    : advance bulk: 1 [False, False]
1644244938.198 : tmgr.0000            : 4155259 : 140732790731120 : DEBUG    : advance bulk: 1 [False, False]
1644244938.199 : tmgr.0000            : 4155259 : 140732790731120 : DEBUG    : advance bulk: 1 [False, False]
1644244938.199 : tmgr.0000            : 4155259 : 140732790731120 : DEBUG    : advance bulk: 1 [False, False]
1644244938.200 : tmgr.0000            : 4155259 : 140732790731120 : DEBUG    : advance bulk: 1 [False, False]
1644244938.200 : tmgr.0000            : 4155259 : 140732790731120 : DEBUG    : advance bulk: 1 [False, False]
1644244938.201 : tmgr.0000            : 4155259 : 140732790731120 : DEBUG    : advance bulk: 1 [False, False]
1644244938.202 : tmgr.0000            : 4155259 : 140732790731120 : DEBUG    : advance bulk: 1 [False, False]
1644244938.207 : tmgr.0000            : 4155259 : 140732790731120 : DEBUG    : advance bulk: 13 [True, True]
1644244938.208 : tmgr.0000            : 4155259 : 140732790731120 : DEBUG    : put bulk TMGR_SCHEDULING_PENDING: 13
1644244941.327 : tmgr.0000            : 4155259 : 140734250217840 : INFO     : tasks pulled:    6
1644244941.328 : tmgr.0000            : 4155259 : 140734250217840 : INFO     : tasks pulled:    6
1644244941.328 : tmgr.0000            : 4155259 : 140734250217840 : DEBUG    : advance bulk: 6 [False, True]
1644244941.329 : tmgr.0000            : 4155259 : 140734250217840 : DEBUG    : advance bulk: 6 [False, True]
1644244944.512 : tmgr.0000            : 4155259 : 140732790731120 : DEBUG    : advance bulk: 1 [False, False]
1644244944.513 : tmgr.0000            : 4155259 : 140732790731120 : DEBUG    : advance bulk: 1 [False, False]
1644244944.514 : tmgr.0000            : 4155259 : 140732790731120 : DEBUG    : advance bulk: 1 [False, False]
1644244944.514 : tmgr.0000            : 4155259 : 140732790731120 : DEBUG    : advance bulk: 1 [False, False]
1644244944.515 : tmgr.0000            : 4155259 : 140732790731120 : DEBUG    : advance bulk: 1 [False, False]
1644244944.516 : tmgr.0000            : 4155259 : 140732790731120 : DEBUG    : advance bulk: 1 [False, False]
1644244944.519 : tmgr.0000            : 4155259 : 140732790731120 : DEBUG    : advance bulk: 6 [True, True]
1644244944.520 : tmgr.0000            : 4155259 : 140732790731120 : DEBUG    : put bulk TMGR_SCHEDULING_PENDING: 6
1644244947.369 : tmgr.0000            : 4155259 : 140734250217840 : INFO     : tasks pulled:    1
1644244947.370 : tmgr.0000            : 4155259 : 140734250217840 : INFO     : tasks pulled:    1
1644244947.371 : tmgr.0000            : 4155259 : 140734250217840 : DEBUG    : advance bulk: 1 [False, True]
1644244947.371 : tmgr.0000            : 4155259 : 140734250217840 : DEBUG    : advance bulk: 1 [False, True]
1644244947.795 : tmgr.0000            : 4155259 : 140732790731120 : DEBUG    : advance bulk: 1 [False, False]
1644244947.796 : tmgr.0000            : 4155259 : 140732790731120 : DEBUG    : advance bulk: 1 [False, False]
1644244947.797 : tmgr.0000            : 4155259 : 140732790731120 : DEBUG    : advance bulk: 1 [False, False]
1644244947.798 : tmgr.0000            : 4155259 : 140732790731120 : DEBUG    : advance bulk: 1 [False, False]
1644244947.799 : tmgr.0000            : 4155259 : 140732790731120 : DEBUG    : advance bulk: 1 [False, False]
1644244947.799 : tmgr.0000            : 4155259 : 140732790731120 : DEBUG    : advance bulk: 1 [False, False]
1644244947.803 : tmgr.0000            : 4155259 : 140732790731120 : DEBUG    : advance bulk: 6 [True, True]
1644244947.804 : tmgr.0000            : 4155259 : 140732790731120 : DEBUG    : put bulk TMGR_SCHEDULING_PENDING: 6
1644244949.387 : tmgr.0000            : 4155259 : 140734250217840 : INFO     : tasks pulled:    1
1644244949.388 : tmgr.0000            : 4155259 : 140734250217840 : INFO     : tasks pulled:    1
1644244949.389 : tmgr.0000            : 4155259 : 140734250217840 : DEBUG    : advance bulk: 1 [False, True]
1644244949.389 : tmgr.0000            : 4155259 : 140734250217840 : DEBUG    : advance bulk: 1 [False, True]
1644244953.415 : tmgr.0000            : 4155259 : 140734250217840 : INFO     : tasks pulled:    1
1644244953.416 : tmgr.0000            : 4155259 : 140734250217840 : INFO     : tasks pulled:    1
1644244953.417 : tmgr.0000            : 4155259 : 140734250217840 : DEBUG    : advance bulk: 1 [False, True]
1644244953.417 : tmgr.0000            : 4155259 : 140734250217840 : DEBUG    : advance bulk: 1 [False, True]
1644244956.433 : tmgr.0000            : 4155259 : 140734250217840 : INFO     : tasks pulled:    1
1644244956.434 : tmgr.0000            : 4155259 : 140734250217840 : INFO     : tasks pulled:    1
1644244956.435 : tmgr.0000            : 4155259 : 140734250217840 : DEBUG    : advance bulk: 1 [False, True]
1644244956.435 : tmgr.0000            : 4155259 : 140734250217840 : DEBUG    : advance bulk: 1 [False, True]
1644244959.456 : tmgr.0000            : 4155259 : 140734250217840 : INFO     : tasks pulled:    9
1644244959.458 : tmgr.0000            : 4155259 : 140734250217840 : INFO     : tasks pulled:    9
1644244959.458 : tmgr.0000            : 4155259 : 140734250217840 : DEBUG    : advance bulk: 9 [False, True]
1644244959.459 : tmgr.0000            : 4155259 : 140734250217840 : DEBUG    : advance bulk: 9 [False, True]
1644244959.991 : tmgr.0000            : 4155259 : 140732790731120 : DEBUG    : advance bulk: 1 [False, False]
1644244959.995 : tmgr.0000            : 4155259 : 140732790731120 : DEBUG    : advance bulk: 1 [True, True]
1644244959.996 : tmgr.0000            : 4155259 : 140732790731120 : DEBUG    : put bulk TMGR_SCHEDULING_PENDING: 1
1644244961.469 : tmgr.0000            : 4155259 : 140734250217840 : INFO     : tasks pulled:    2
1644244961.470 : tmgr.0000            : 4155259 : 140734250217840 : INFO     : tasks pulled:    2
1644244961.470 : tmgr.0000            : 4155259 : 140734250217840 : DEBUG    : advance bulk: 2 [False, True]
1644244961.471 : tmgr.0000            : 4155259 : 140734250217840 : DEBUG    : advance bulk: 2 [False, True]
1644244963.110 : tmgr.0000            : 4155259 : 140732790731120 : DEBUG    : advance bulk: 1 [False, False]
1644244963.111 : tmgr.0000            : 4155259 : 140732790731120 : DEBUG    : advance bulk: 1 [False, False]
1644244963.112 : tmgr.0000            : 4155259 : 140732790731120 : DEBUG    : advance bulk: 1 [False, False]
1644244963.113 : tmgr.0000            : 4155259 : 140732790731120 : DEBUG    : advance bulk: 1 [False, False]
1644244963.114 : tmgr.0000            : 4155259 : 140732790731120 : DEBUG    : advance bulk: 1 [False, False]
1644244963.115 : tmgr.0000            : 4155259 : 140732790731120 : DEBUG    : advance bulk: 1 [False, False]
1644244963.118 : tmgr.0000            : 4155259 : 140732790731120 : DEBUG    : advance bulk: 6 [True, True]
1644244963.119 : tmgr.0000            : 4155259 : 140732790731120 : DEBUG    : put bulk TMGR_SCHEDULING_PENDING: 6
1644244968.514 : tmgr.0000            : 4155259 : 140734250217840 : INFO     : tasks pulled:    1
1644244968.515 : tmgr.0000            : 4155259 : 140734250217840 : INFO     : tasks pulled:    1
1644244968.516 : tmgr.0000            : 4155259 : 140734250217840 : DEBUG    : advance bulk: 1 [False, True]
1644244968.516 : tmgr.0000            : 4155259 : 140734250217840 : DEBUG    : advance bulk: 1 [False, True]
1644244969.299 : tmgr.0000            : 4155259 : 140732790731120 : DEBUG    : advance bulk: 1 [False, False]
1644244969.300 : tmgr.0000            : 4155259 : 140732790731120 : DEBUG    : advance bulk: 1 [False, False]
1644244969.301 : tmgr.0000            : 4155259 : 140732790731120 : DEBUG    : advance bulk: 1 [False, False]
1644244969.301 : tmgr.0000            : 4155259 : 140732790731120 : DEBUG    : advance bulk: 1 [False, False]
1644244969.302 : tmgr.0000            : 4155259 : 140732790731120 : DEBUG    : advance bulk: 1 [False, False]
1644244969.303 : tmgr.0000            : 4155259 : 140732790731120 : DEBUG    : advance bulk: 1 [False, False]
1644244969.307 : tmgr.0000            : 4155259 : 140732790731120 : DEBUG    : advance bulk: 6 [True, True]
1644244969.307 : tmgr.0000            : 4155259 : 140732790731120 : DEBUG    : put bulk TMGR_SCHEDULING_PENDING: 6
1644244974.555 : tmgr.0000            : 4155259 : 140734250217840 : INFO     : tasks pulled:    1
1644244974.556 : tmgr.0000            : 4155259 : 140734250217840 : INFO     : tasks pulled:    1
1644244974.557 : tmgr.0000            : 4155259 : 140734250217840 : DEBUG    : advance bulk: 1 [False, True]
1644244974.557 : tmgr.0000            : 4155259 : 140734250217840 : DEBUG    : advance bulk: 1 [False, True]
1644244975.492 : tmgr.0000            : 4155259 : 140732790731120 : DEBUG    : advance bulk: 1 [False, False]
1644244975.493 : tmgr.0000            : 4155259 : 140732790731120 : DEBUG    : advance bulk: 1 [False, False]
1644244975.493 : tmgr.0000            : 4155259 : 140732790731120 : DEBUG    : advance bulk: 1 [False, False]
1644244975.494 : tmgr.0000            : 4155259 : 140732790731120 : DEBUG    : advance bulk: 1 [False, False]
1644244975.495 : tmgr.0000            : 4155259 : 140732790731120 : DEBUG    : advance bulk: 1 [False, False]
1644244975.496 : tmgr.0000            : 4155259 : 140732790731120 : DEBUG    : advance bulk: 1 [False, False]
1644244975.501 : tmgr.0000            : 4155259 : 140732790731120 : DEBUG    : advance bulk: 6 [True, True]
1644244975.501 : tmgr.0000            : 4155259 : 140732790731120 : DEBUG    : put bulk TMGR_SCHEDULING_PENDING: 6
1644244980.596 : tmgr.0000            : 4155259 : 140734250217840 : INFO     : tasks pulled:    2
1644244980.598 : tmgr.0000            : 4155259 : 140734250217840 : INFO     : tasks pulled:    2
1644244980.598 : tmgr.0000            : 4155259 : 140734250217840 : DEBUG    : advance bulk: 2 [False, True]
1644244980.598 : tmgr.0000            : 4155259 : 140734250217840 : DEBUG    : advance bulk: 2 [False, True]
1644244981.793 : tmgr.0000            : 4155259 : 140732790731120 : DEBUG    : advance bulk: 1 [False, False]
1644244981.794 : tmgr.0000            : 4155259 : 140732790731120 : DEBUG    : advance bulk: 1 [False, False]
1644244981.795 : tmgr.0000            : 4155259 : 140732790731120 : DEBUG    : advance bulk: 1 [False, False]
1644244981.795 : tmgr.0000            : 4155259 : 140732790731120 : DEBUG    : advance bulk: 1 [False, False]
1644244981.796 : tmgr.0000            : 4155259 : 140732790731120 : DEBUG    : advance bulk: 1 [False, False]
1644244981.796 : tmgr.0000            : 4155259 : 140732790731120 : DEBUG    : advance bulk: 1 [False, False]
1644244981.797 : tmgr.0000            : 4155259 : 140732790731120 : DEBUG    : advance bulk: 1 [False, False]
1644244981.798 : tmgr.0000            : 4155259 : 140732790731120 : DEBUG    : advance bulk: 1 [False, False]
1644244981.798 : tmgr.0000            : 4155259 : 140732790731120 : DEBUG    : advance bulk: 1 [False, False]
1644244981.799 : tmgr.0000            : 4155259 : 140732790731120 : DEBUG    : advance bulk: 1 [False, False]
1644244981.800 : tmgr.0000            : 4155259 : 140732790731120 : DEBUG    : advance bulk: 1 [False, False]
1644244981.800 : tmgr.0000            : 4155259 : 140732790731120 : DEBUG    : advance bulk: 1 [False, False]
1644244981.805 : tmgr.0000            : 4155259 : 140732790731120 : DEBUG    : advance bulk: 12 [True, True]
1644244981.806 : tmgr.0000            : 4155259 : 140732790731120 : DEBUG    : put bulk TMGR_SCHEDULING_PENDING: 12
1644244985.650 : tmgr.0000            : 4155259 : 140734250217840 : INFO     : tasks pulled:    1
1644244985.652 : tmgr.0000            : 4155259 : 140734250217840 : INFO     : tasks pulled:    1
1644244985.652 : tmgr.0000            : 4155259 : 140734250217840 : DEBUG    : advance bulk: 1 [False, True]
1644244985.652 : tmgr.0000            : 4155259 : 140734250217840 : DEBUG    : advance bulk: 1 [False, True]
1644244988.101 : tmgr.0000            : 4155259 : 140732790731120 : DEBUG    : advance bulk: 1 [False, False]
1644244988.101 : tmgr.0000            : 4155259 : 140732790731120 : DEBUG    : advance bulk: 1 [False, False]
1644244988.102 : tmgr.0000            : 4155259 : 140732790731120 : DEBUG    : advance bulk: 1 [False, False]
1644244988.103 : tmgr.0000            : 4155259 : 140732790731120 : DEBUG    : advance bulk: 1 [False, False]
1644244988.104 : tmgr.0000            : 4155259 : 140732790731120 : DEBUG    : advance bulk: 1 [False, False]
1644244988.104 : tmgr.0000            : 4155259 : 140732790731120 : DEBUG    : advance bulk: 1 [False, False]
1644244988.108 : tmgr.0000            : 4155259 : 140732790731120 : DEBUG    : advance bulk: 6 [True, True]
1644244988.108 : tmgr.0000            : 4155259 : 140732790731120 : DEBUG    : put bulk TMGR_SCHEDULING_PENDING: 6
1644244991.690 : tmgr.0000            : 4155259 : 140734250217840 : INFO     : tasks pulled:    1
1644244991.692 : tmgr.0000            : 4155259 : 140734250217840 : INFO     : tasks pulled:    1
1644244991.692 : tmgr.0000            : 4155259 : 140734250217840 : DEBUG    : advance bulk: 1 [False, True]
1644244991.692 : tmgr.0000            : 4155259 : 140734250217840 : DEBUG    : advance bulk: 1 [False, True]
1644244994.363 : tmgr.0000            : 4155259 : 140732790731120 : DEBUG    : advance bulk: 1 [False, False]
1644244994.364 : tmgr.0000            : 4155259 : 140732790731120 : DEBUG    : advance bulk: 1 [False, False]
1644244994.365 : tmgr.0000            : 4155259 : 140732790731120 : DEBUG    : advance bulk: 1 [False, False]
1644244994.366 : tmgr.0000            : 4155259 : 140732790731120 : DEBUG    : advance bulk: 1 [False, False]
1644244994.367 : tmgr.0000            : 4155259 : 140732790731120 : DEBUG    : advance bulk: 1 [False, False]
1644244994.368 : tmgr.0000            : 4155259 : 140732790731120 : DEBUG    : advance bulk: 1 [False, False]
1644244994.371 : tmgr.0000            : 4155259 : 140732790731120 : DEBUG    : advance bulk: 6 [True, True]
1644244994.371 : tmgr.0000            : 4155259 : 140732790731120 : DEBUG    : put bulk TMGR_SCHEDULING_PENDING: 6
1644244995.723 : tmgr.0000            : 4155259 : 140734250217840 : INFO     : tasks pulled:    1
1644244995.724 : tmgr.0000            : 4155259 : 140734250217840 : INFO     : tasks pulled:    1
1644244995.724 : tmgr.0000            : 4155259 : 140734250217840 : DEBUG    : advance bulk: 1 [False, True]
1644244995.725 : tmgr.0000            : 4155259 : 140734250217840 : DEBUG    : advance bulk: 1 [False, True]
1644244998.750 : tmgr.0000            : 4155259 : 140734250217840 : INFO     : tasks pulled:    2
1644244998.751 : tmgr.0000            : 4155259 : 140734250217840 : INFO     : tasks pulled:    2
1644244998.751 : tmgr.0000            : 4155259 : 140734250217840 : DEBUG    : advance bulk: 2 [False, True]
1644244998.751 : tmgr.0000            : 4155259 : 140734250217840 : DEBUG    : advance bulk: 2 [False, True]
1644245001.798 : tmgr.0000            : 4155259 : 140734250217840 : INFO     : tasks pulled:    57
1644245001.801 : tmgr.0000            : 4155259 : 140734250217840 : INFO     : tasks pulled:   57
1644245001.804 : tmgr.0000            : 4155259 : 140734250217840 : DEBUG    : advance bulk: 57 [False, True]
1644245001.807 : tmgr.0000            : 4155259 : 140734250217840 : DEBUG    : advance bulk: 57 [False, True]
1644245003.576 : tmgr.0000            : 4155259 : 140732790731120 : DEBUG    : advance bulk: 1 [False, False]
1644245003.577 : tmgr.0000            : 4155259 : 140732790731120 : DEBUG    : advance bulk: 1 [False, False]
1644245003.578 : tmgr.0000            : 4155259 : 140732790731120 : DEBUG    : advance bulk: 1 [False, False]
1644245003.579 : tmgr.0000            : 4155259 : 140732790731120 : DEBUG    : advance bulk: 1 [False, False]
1644245003.579 : tmgr.0000            : 4155259 : 140732790731120 : DEBUG    : advance bulk: 1 [False, False]
1644245003.580 : tmgr.0000            : 4155259 : 140732790731120 : DEBUG    : advance bulk: 1 [False, False]
1644245003.580 : tmgr.0000            : 4155259 : 140732790731120 : DEBUG    : advance bulk: 1 [False, False]
1644245003.581 : tmgr.0000            : 4155259 : 140732790731120 : DEBUG    : advance bulk: 1 [False, False]
1644245003.582 : tmgr.0000            : 4155259 : 140732790731120 : DEBUG    : advance bulk: 1 [False, False]
1644245003.586 : tmgr.0000            : 4155259 : 140732790731120 : DEBUG    : advance bulk: 9 [True, True]
1644245003.586 : tmgr.0000            : 4155259 : 140732790731120 : DEBUG    : put bulk TMGR_SCHEDULING_PENDING: 9
1644245003.819 : tmgr.0000            : 4155259 : 140734250217840 : INFO     : tasks pulled:    1
1644245003.821 : tmgr.0000            : 4155259 : 140734250217840 : INFO     : tasks pulled:    1
1644245003.821 : tmgr.0000            : 4155259 : 140734250217840 : DEBUG    : advance bulk: 1 [False, True]
1644245003.821 : tmgr.0000            : 4155259 : 140734250217840 : DEBUG    : advance bulk: 1 [False, True]
1644245012.859 : tmgr.0000            : 4155259 : 140734250217840 : INFO     : tasks pulled:    9
1644245012.860 : tmgr.0000            : 4155259 : 140734250217840 : INFO     : tasks pulled:    9
1644245012.861 : tmgr.0000            : 4155259 : 140734250217840 : DEBUG    : advance bulk: 9 [False, True]
1644245012.862 : tmgr.0000            : 4155259 : 140734250217840 : DEBUG    : advance bulk: 9 [False, True]
1644245023.590 : tmgr.0000            : 4155259 : 140732790731120 : INFO     : Closed TaskManager tmgr.0000.
