# -------------------------------------------------------------------
bootstrap_0 running on host: batch3.summit.olcf.ornl.gov.
bootstrap_0 started as     : './bootstrap_0.sh -d radical.utils-1.9.0.tar.gz:radical.saga-1.8.0.tar.gz:radical.pilot-1.10.0.tar.gz -p pilot.0000 -s re.session.login4.litan.018996.0002 -m create -r local -b default -g default -v /gpfs/alpine/scratch/litan/csc299/radical.pilot.sandbox/ve.ornl.summit.1.10.0 -y 120 -z re.session.login4.litan.018996.0002.pmgr_launching.0000.tgz -e module unload xl -e module unload xalt -e module unload spectrum-mpi -e module load   gcc/9.1.0 -e module load   libzmq/4.3.3 -e module load   python/3.7-anaconda3 -e module list -w module unload xl -w module unload xalt -w module unload spectrum-mpi -w module load   gcc/9.1.0 -w module load   libzmq/4.3.3 -w module load   python/3.7-anaconda3 -w ulimit -u 65536'
safe environment of bootstrap_0
bootstrap_0 stderr redirected to stdout

# -------------------------------------------------------------------
#
# Running pre_bootstrap_0 command
# cmd: module unload xl
#

Due to MODULEPATH changes, the following have been reloaded:
  1) spectrum-mpi/10.4.0.3-20210112

#
# SUCCESS
#
# -------------------------------------------------------------------

# -------------------------------------------------------------------
#
# Running pre_bootstrap_0 command
# cmd: module unload xalt
#
#
# SUCCESS
#
# -------------------------------------------------------------------

# -------------------------------------------------------------------
#
# Running pre_bootstrap_0 command
# cmd: module unload spectrum-mpi
#
#
# SUCCESS
#
# -------------------------------------------------------------------

# -------------------------------------------------------------------
#
# Running pre_bootstrap_0 command
# cmd: module load   gcc/9.1.0
#
#
# SUCCESS
#
# -------------------------------------------------------------------

# -------------------------------------------------------------------
#
# Running pre_bootstrap_0 command
# cmd: module load   libzmq/4.3.3
#
#
# SUCCESS
#
# -------------------------------------------------------------------

# -------------------------------------------------------------------
#
# Running pre_bootstrap_0 command
# cmd: module load   python/3.7-anaconda3
#
#
# SUCCESS
#
# -------------------------------------------------------------------

# -------------------------------------------------------------------
#
# Running pre_bootstrap_0 command
# cmd: module list
#

Currently Loaded Modules:
  1) lsf-tools/2.0                4) DefApps        7) python/3.7-anaconda3
  2) hsi/5.0.2.p5                 5) gcc/9.1.0
  3) darshan-runtime/3.3.0-lite   6) libzmq/4.3.3

 

#
# SUCCESS
#
# -------------------------------------------------------------------
# -------------------------------------------------------------------
# untar sandbox
# -------------------------------------------------------------------
pilot.0000/
pilot.0000/pilot.0000.prof.tgz
pilot.0000/pilot.0000.log.tgz
radical.pilot-1.10.0.tar.gz
radical.saga-1.8.0.tar.gz
radical.utils-1.9.0.tar.gz
# -------------------------------------------------------------------
# -------------------------------------------------------------------
# Touching output tarballs
# -------------------------------------------------------------------
create gtod
1641265051.0000,sync_abs,bootstrap_0,MainThread,pilot.0000,PMGR_ACTIVE_PENDING,batch3:10.134.0.43:1641265051:1641265051:1641265051
1641265051.0000,bootstrap_0_start,bootstrap_0,MainThread,pilot.0000,PMGR_ACTIVE_PENDING,
VIRTENV           : /gpfs/alpine/scratch/litan/csc299/radical.pilot.sandbox/ve.ornl.summit.1.10.0
VIRTENV normalized: /gpfs/alpine/csc299/scratch/litan/radical.pilot.sandbox/ve.ornl.summit.1.10.0
PYTHON            : /sw/summit/python/3.7/anaconda3/2020.07-rhel8/bin/python
PYTHON_VERSION    : 3.7
PIP               : /sw/summit/python/3.7/anaconda3/2020.07-rhel8/bin/python -m pip
PIP version       : pip 20.1.1 from /sw/summit/python/3.7/anaconda3/2020.07-rhel8/lib/python3.7/site-packages/pip (python 3.7)
1641265053.0000,ve_setup_start,bootstrap_0,MainThread,pilot.0000,PMGR_ACTIVE_PENDING,
virtenv_create    : TRUE
virtenv_update    : FALSE
rp install sources:  radical.utils-1.9.0/ radical.saga-1.8.0/ radical.pilot-1.10.0/
rp install target : SANDBOX
rp install lock   : FALSE
virtenv /gpfs/alpine/csc299/scratch/litan/radical.pilot.sandbox/ve.ornl.summit.1.10.0 exists
1641265054.0000,ve_activate_start,bootstrap_0,MainThread,pilot.0000,PMGR_ACTIVE_PENDING,
VIRTENV activated : /gpfs/alpine/csc299/scratch/litan/radical.pilot.sandbox/ve.ornl.summit.1.10.0
RP_PATH           : /gpfs/alpine/csc299/scratch/litan/radical.pilot.sandbox/ve.ornl.summit.1.10.0/bin
PYTHON            : /gpfs/alpine/csc299/scratch/litan/radical.pilot.sandbox/ve.ornl.summit.1.10.0/bin/python
PYTHON_VERSION    : 3.7
PIP               : /gpfs/alpine/csc299/scratch/litan/radical.pilot.sandbox/ve.ornl.summit.1.10.0/bin/python -m pip
PIP version       : pip 21.3.1 from /gpfs/alpine/csc299/scratch/litan/radical.pilot.sandbox/ve.ornl.summit.1.10.0/lib/python3.7/site-packages/pip (python 3.7)
VE_MOD_PREFIX init: /gpfs/alpine/csc299/scratch/litan/radical.pilot.sandbox/ve.ornl.summit.1.10.0/lib/python3.7/site-packages
VE_MOD_PREFIX     : /gpfs/alpine/csc299/scratch/litan/radical.pilot.sandbox/ve.ornl.summit.1.10.0/lib/python3.7/site-packages
RP_MOD_PREFIX     : /gpfs/alpine/csc299/scratch/litan/radical.pilot.sandbox/ve.ornl.summit.1.10.0/rp_install/lib/python3.7/site-packages
VE_PYTHONPATH     : /ccs/home/litan/DrugWorkflows/workflow-3/amber18/lib/python2.7/site-packages
1641265055.0000,ve_activate_stop,bootstrap_0,MainThread,pilot.0000,PMGR_ACTIVE_PENDING,
do not update virtenv /gpfs/alpine/csc299/scratch/litan/radical.pilot.sandbox/ve.ornl.summit.1.10.0
1641265056.0000,rp_install_start,bootstrap_0,MainThread,pilot.0000,PMGR_ACTIVE_PENDING,
Using RADICAL-Pilot install sources ' radical.utils-1.9.0/ radical.saga-1.8.0/ radical.pilot-1.10.0/'
VE_MOD_PREFIX     : /gpfs/alpine/csc299/scratch/litan/radical.pilot.sandbox/ve.ornl.summit.1.10.0/lib/python3.7/site-packages
VIRTENV           : /gpfs/alpine/csc299/scratch/litan/radical.pilot.sandbox/ve.ornl.summit.1.10.0
SANDBOX           : /gpfs/alpine/scratch/litan/csc299/radical.pilot.sandbox/re.session.login4.litan.018996.0002/pilot.0000
VE_LOC_PREFIX     : 
using local install tree
PYTHONPATH        : /gpfs/alpine/scratch/litan/csc299/radical.pilot.sandbox/re.session.login4.litan.018996.0002/pilot.0000/rp_install/lib/python3.7/site-packages::/ccs/home/litan/DrugWorkflows/workflow-3/amber18/lib/python2.7/site-packages
RP_LOC_PREFIX     : /gpfs/alpine/scratch/litan/csc299/radical.pilot.sandbox/re.session.login4.litan.018996.0002/pilot.0000/rp_install/lib/python3.7/site-packages
RADICAL_MOD_PREFIX: /gpfs/alpine/scratch/litan/csc299/radical.pilot.sandbox/re.session.login4.litan.018996.0002/pilot.0000/rp_install/lib/python3.7/site-packages/radical/

# -------------------------------------------------------------------
#
# update radical.utils-1.9.0/ via pip
# cmd: /gpfs/alpine/csc299/scratch/litan/radical.pilot.sandbox/ve.ornl.summit.1.10.0/bin/python -m pip install  --src '/gpfs/alpine/scratch/litan/csc299/radical.pilot.sandbox/re.session.login4.litan.018996.0002/pilot.0000/rp_install/src' --prefix '/gpfs/alpine/scratch/litan/csc299/radical.pilot.sandbox/re.session.login4.litan.018996.0002/pilot.0000/rp_install' --no-deps --no-cache-dir --no-build-isolation radical.utils-1.9.0/
#
Processing ./radical.utils-1.9.0
  Preparing metadata (setup.py): started
  Preparing metadata (setup.py): finished with status 'done'
Building wheels for collected packages: radical.utils
  Building wheel for radical.utils (setup.py): started
  Building wheel for radical.utils (setup.py): finished with status 'done'
  Created wheel for radical.utils: filename=radical.utils-1.9.0-py3-none-any.whl size=359176 sha256=deb8bc0f325ff66c1ae19956cf8dc8cfd56e7e0200a65e01ca4abe868c22a3fd
  Stored in directory: /tmp/pip-ephem-wheel-cache-pvm69966/wheels/53/c8/44/4fc948a58304ae817921cc39c67c86527076614314730cfd9c
Successfully built radical.utils
Installing collected packages: radical.utils
Successfully installed radical.utils
#
# SUCCESS
#
# -------------------------------------------------------------------
purge install source at radical.utils-1.9.0/

# -------------------------------------------------------------------
#
# update radical.saga-1.8.0/ via pip
# cmd: /gpfs/alpine/csc299/scratch/litan/radical.pilot.sandbox/ve.ornl.summit.1.10.0/bin/python -m pip install  --src '/gpfs/alpine/scratch/litan/csc299/radical.pilot.sandbox/re.session.login4.litan.018996.0002/pilot.0000/rp_install/src' --prefix '/gpfs/alpine/scratch/litan/csc299/radical.pilot.sandbox/re.session.login4.litan.018996.0002/pilot.0000/rp_install' --no-deps --no-cache-dir --no-build-isolation radical.saga-1.8.0/
#
Processing ./radical.saga-1.8.0
  Preparing metadata (setup.py): started
  Preparing metadata (setup.py): finished with status 'done'
Building wheels for collected packages: radical.saga
  Building wheel for radical.saga (setup.py): started
  Building wheel for radical.saga (setup.py): finished with status 'done'
  Created wheel for radical.saga: filename=radical.saga-1.8.0-py3-none-any.whl size=730594 sha256=f84a60f285be1dd6719767b3ed6b624342903a4c3cf19f9a6e41de9b9851c2ad
  Stored in directory: /tmp/pip-ephem-wheel-cache-tjpwe_lg/wheels/18/2c/7e/bcc86abc97fd9d0f946c482059dbde647c8b2d060fbf12c734
Successfully built radical.saga
Installing collected packages: radical.saga
Successfully installed radical.saga-1.8.0
#
# SUCCESS
#
# -------------------------------------------------------------------
purge install source at radical.saga-1.8.0/

# -------------------------------------------------------------------
#
# update radical.pilot-1.10.0/ via pip
# cmd: /gpfs/alpine/csc299/scratch/litan/radical.pilot.sandbox/ve.ornl.summit.1.10.0/bin/python -m pip install  --src '/gpfs/alpine/scratch/litan/csc299/radical.pilot.sandbox/re.session.login4.litan.018996.0002/pilot.0000/rp_install/src' --prefix '/gpfs/alpine/scratch/litan/csc299/radical.pilot.sandbox/re.session.login4.litan.018996.0002/pilot.0000/rp_install' --no-deps --no-cache-dir --no-build-isolation radical.pilot-1.10.0/
#
Processing ./radical.pilot-1.10.0
  Preparing metadata (setup.py): started
  Preparing metadata (setup.py): finished with status 'done'
Building wheels for collected packages: radical.pilot
  Building wheel for radical.pilot (setup.py): started
  Building wheel for radical.pilot (setup.py): finished with status 'done'
  Created wheel for radical.pilot: filename=radical.pilot-1.10.0-py3-none-any.whl size=1151218 sha256=cfb81d4865fcc2a243de9febdce52d2ca17a787be8d47c0ae342226ae9fd8f80
  Stored in directory: /tmp/pip-ephem-wheel-cache-ghzqrz_0/wheels/ee/60/45/72ec14df45f391875f12ba2606adde17a874ca393691ace224
Successfully built radical.pilot
Installing collected packages: radical.pilot
Successfully installed radical.pilot-1.10.0
#
# SUCCESS
#
# -------------------------------------------------------------------
purge install source at radical.pilot-1.10.0/
1641265067.0000,rp_install_stop,bootstrap_0,MainThread,pilot.0000,PMGR_ACTIVE_PENDING,
1641265067.0000,ve_setup_stop,bootstrap_0,MainThread,pilot.0000,PMGR_ACTIVE_PENDING,
verify python viability: /gpfs/alpine/csc299/scratch/litan/radical.pilot.sandbox/ve.ornl.summit.1.10.0/bin/python ... ok
verify module viability: radical.pilot   ... ok
verify module viability: radical.saga    ... ok
verify module viability: radical.utils   ... ok
verify module viability: pymongo         ... ok
verify module viability: colorama        ... ok
verify module viability: ntplib          ... ok
verify module viability: zmq             ... ok
verify module viability: netifaces       ... ok
verify module viability: setproctitle    ... ok
verify module viability: msgpack         ... ok
verify module viability: regex           ... ok

---------------------------------------------------------------------

Python 3.7.7 (/gpfs/alpine/csc299/scratch/litan/radical.pilot.sandbox/ve.ornl.summit.1.10.0/bin/python)
PYTHONPATH: /gpfs/alpine/scratch/litan/csc299/radical.pilot.sandbox/re.session.login4.litan.018996.0002/pilot.0000/rp_install/lib/python3.7/site-packages::/ccs/home/litan/DrugWorkflows/workflow-3/amber18/lib/python2.7/site-packages

  python               : /gpfs/alpine/csc299/scratch/litan/radical.pilot.sandbox/ve.ornl.summit.1.10.0/bin/python3
  pythonpath           : /gpfs/alpine/scratch/litan/csc299/radical.pilot.sandbox/re.session.login4.litan.018996.0002/pilot.0000/rp_install/lib/python3.7/site-packages::/ccs/home/litan/DrugWorkflows/workflow-3/amber18/lib/python2.7/site-packages
  version              : 3.7.7
  virtualenv           : /gpfs/alpine/csc299/scratch/litan/radical.pilot.sandbox/ve.ornl.summit.1.10.0

  radical.pilot        : 1.10.0
  radical.saga         : 1.8.0
  radical.utils        : 1.9.0

RU: 1.9.0 /gpfs/alpine/scratch/litan/csc299/radical.pilot.sandbox/re.session.login4.litan.018996.0002/pilot.0000/rp_install/lib/python3.7/site-packages/radical/utils/__init__.py
RS: 1.8.0 /gpfs/alpine/scratch/litan/csc299/radical.pilot.sandbox/re.session.login4.litan.018996.0002/pilot.0000/rp_install/lib/python3.7/site-packages/radical/saga/__init__.py
RP: 1.10.0 /gpfs/alpine/scratch/litan/csc299/radical.pilot.sandbox/re.session.login4.litan.018996.0002/pilot.0000/rp_install/lib/python3.7/site-packages/radical/pilot/__init__.py
install ok!

---------------------------------------------------------------------


# -------------------------------------------------------------------
# Launching radical-pilot-agent 
# CMDLINE: /gpfs/alpine/csc299/scratch/litan/radical.pilot.sandbox/ve.ornl.summit.1.10.0/bin/python /gpfs/alpine/scratch/litan/csc299/radical.pilot.sandbox/re.session.login4.litan.018996.0002/pilot.0000/rp_install/bin/radical-pilot-agent
ntphost: 46.101.140.169
ping: socket: Operation not permitted
1641265072.3926,bootstrap_0_ok,bootstrap_0,MainThread,pilot.0000,PMGR_ACTIVE_PENDING,
.....................................................................................1641265327.6267,killme,bootstrap_0,MainThread,pilot.0000,PMGR_ACTIVE_PENDING,2022-01-03 22:02:07.624
1641265327.6610,sigterm,bootstrap_0,MainThread,pilot.0000,PMGR_ACTIVE_PENDING,2022-01-03 22:02:07.658
send SIGTERM to 2009320 (2008415)
COND start 'kill -0  2009320' (I: 1 T: 30)
./bootstrap_0.sh: line 310: 2009320 Terminated              ./bootstrap_2.sh 'agent.0' > agent.0.bootstrap_2.out 2> agent.0.bootstrap_2.err
./bootstrap_0.sh: line 323: kill: (2009320) - No such process
COND failed (1)
agent 2009320 is final
agent 2009320 is final (143)
1641265328.6773,agent_final,bootstrap_0,MainThread,pilot.0000,PMGR_ACTIVE_PENDING,2009320:143 2022-01-03 22:02:08.674

# -------------------------------------------------------------------
# CLEANUP: 
#
1641265328.6817,cleanup_start,bootstrap_0,MainThread,pilot.0000,PMGR_ACTIVE_PENDING,
1641265328.6862,cleanup_stop,bootstrap_0,MainThread,pilot.0000,PMGR_ACTIVE_PENDING,
#
# -------------------------------------------------------------------

# -------------------------------------------------------------------
#
# Mark final profiling entry ...
1641265328.6974,bootstrap_0_stop,bootstrap_0,MainThread,pilot.0000,PMGR_ACTIVE_PENDING,
1641265328.7015,END,bootstrap_0,MainThread,pilot.0000,PMGR_ACTIVE_PENDING,
#
# -------------------------------------------------------------------

# -------------------------------------------------------------------
#
# We wait for some seconds for the FS to flush profiles.
# Success is assumed when all profiles end with a 'END' event.
#
# -------------------------------------------------------------------
delay profile sync @ 1: 29 != 7
delay profile sync @ 2: 29 != 7
delay profile sync @ 3: 29 != 7
delay profile sync @ 4: 29 != 7
abort profile sync @ 5: 29 != 7
nprofs 29 =? nend 7
Mon Jan  3 22:02:12 EST 2022

# -------------------------------------------------------------------
#
# Tarring profiles ...
-rw-rw-r-- 1 litan litan 150983 Jan  3 22:02 pilot.0000.prof.tgz
#
# -------------------------------------------------------------------

# -------------------------------------------------------------------
#
# Tarring logfiles ...
