1641265074.644 : re.session.login4.litan.018996.0002 : 2009320 : 35184372370176 : INFO     : radical.pilot version: 1.10.0
1641265074.644 : re.session.login4.litan.018996.0002 : 2009320 : 35184372370176 : INFO     : radical.saga  version: 1.8.0
1641265074.644 : re.session.login4.litan.018996.0002 : 2009320 : 35184372370176 : INFO     : radical.utils version: 1.9.0
1641265074.835 : re.session.login4.litan.018996.0002 : 2009320 : 35184372370176 : INFO     : Configuring ResourceManager LSF_SUMMIT.
1641265074.835 : re.session.login4.litan.018996.0002 : 2009320 : 35184372370176 : INFO     : LSB_DJOB_HOSTFILE: /ccs/home/litan/.lsbatch/1641259904.1736046.hostfile
1641265074.836 : re.session.login4.litan.018996.0002 : 2009320 : 35184372370176 : DEBUG    : found 16 nodes: {'f08n07': 42, 'f08n08': 42, 'f08n09': 42, 'f08n10': 42, 'f08n11': 42, 'f08n12': 42, 'f08n13': 42, 'f08n14': 42, 'f08n15': 42, 'f08n16': 42, 'h36n05': 42, 'h36n06': 42, 'h36n10': 42, 'h36n16': 42, 'h37n06': 42, 'h37n07': 42}
1641265074.836 : re.session.login4.litan.018996.0002 : 2009320 : 35184372370176 : DEBUG    : found 16 nodes with 42 cores
1641265074.837 : re.session.login4.litan.018996.0002 : 2009320 : 35184372370176 : DEBUG    : node list: [['f08n07', '1'],
 ['f08n08', '2'],
 ['f08n09', '3'],
 ['f08n10', '4'],
 ['f08n11', '5'],
 ['f08n12', '6'],
 ['f08n13', '7'],
 ['f08n14', '8'],
 ['f08n15', '9'],
 ['f08n16', '10'],
 ['h36n05', '11'],
 ['h36n06', '12'],
 ['h36n10', '13'],
 ['h36n16', '14'],
 ['h37n06', '15'],
 ['h37n07', '16']]
1641265074.837 : re.session.login4.litan.018996.0002 : 2009320 : 35184372370176 : INFO     : Discovered execution environment: [['f08n07', '1'], ['f08n08', '2'], ['f08n09', '3'], ['f08n10', '4'], ['f08n11', '5'], ['f08n12', '6'], ['f08n13', '7'], ['f08n14', '8'], ['f08n15', '9'], ['f08n16', '10'], ['h36n05', '11'], ['h36n06', '12'], ['h36n10', '13'], ['h36n16', '14'], ['h37n06', '15'], ['h37n07', '16']]
1641265074.840 : re.session.login4.litan.018996.0002 : 2009320 : 35184372370176 : INFO     : ResourceManager config hook for LaunchMethod JSRUN: <class 'radical.pilot.agent.launch_method.jsrun.JSRUN'>
1641265074.840 : re.session.login4.litan.018996.0002 : 2009320 : 35184372370176 : INFO     : ResourceManager config hook succeeded (JSRUN)
1641265078.630 : re.session.login4.litan.018996.0002 : 2009592 : 35184372370176 : INFO     : radical.pilot version: 1.10.0
1641265078.630 : re.session.login4.litan.018996.0002 : 2009592 : 35184372370176 : INFO     : radical.saga  version: 1.8.0
1641265078.630 : re.session.login4.litan.018996.0002 : 2009592 : 35184372370176 : INFO     : radical.utils version: 1.9.0
1641265078.846 : re.session.login4.litan.018996.0002 : 2009592 : 35184653758832 : DEBUG    : create LaunchMethod: <class 'radical.pilot.agent.launch_method.jsrun.JSRUN'>
1641265078.848 : re.session.login4.litan.018996.0002 : 2009592 : 35184653758832 : DEBUG    : create LaunchMethod: <class 'radical.pilot.agent.launch_method.jsrun.JSRUN'>
1641265079.048 : re.session.login4.litan.018996.0002 : 2009655 : 35184372370176 : INFO     : radical.pilot version: 1.10.0
1641265079.049 : re.session.login4.litan.018996.0002 : 2009655 : 35184372370176 : INFO     : radical.saga  version: 1.8.0
1641265079.049 : re.session.login4.litan.018996.0002 : 2009655 : 35184372370176 : INFO     : radical.utils version: 1.9.0
1641265079.453 : re.session.login4.litan.018996.0002 : 2009721 : 35184372370176 : INFO     : radical.pilot version: 1.10.0
1641265079.453 : re.session.login4.litan.018996.0002 : 2009721 : 35184372370176 : INFO     : radical.saga  version: 1.8.0
1641265079.453 : re.session.login4.litan.018996.0002 : 2009721 : 35184372370176 : INFO     : radical.utils version: 1.9.0
1641265079.860 : re.session.login4.litan.018996.0002 : 2009781 : 35184372370176 : INFO     : radical.pilot version: 1.10.0
1641265079.860 : re.session.login4.litan.018996.0002 : 2009781 : 35184372370176 : INFO     : radical.saga  version: 1.8.0
1641265079.860 : re.session.login4.litan.018996.0002 : 2009781 : 35184372370176 : INFO     : radical.utils version: 1.9.0
1641265080.265 : re.session.login4.litan.018996.0002 : 2009839 : 35184372370176 : INFO     : radical.pilot version: 1.10.0
1641265080.265 : re.session.login4.litan.018996.0002 : 2009839 : 35184372370176 : INFO     : radical.saga  version: 1.8.0
1641265080.265 : re.session.login4.litan.018996.0002 : 2009839 : 35184372370176 : INFO     : radical.utils version: 1.9.0
1641265096.117 : re.session.login4.litan.018996.0002 : 2009592 : 35184653758832 : DEBUG    : prep task.0211
1641265096.214 : re.session.login4.litan.018996.0002 : 2009592 : 35184653758832 : DEBUG    : prep task.0209
1641265096.222 : re.session.login4.litan.018996.0002 : 2009592 : 35184653758832 : DEBUG    : prep task.0213
1641265096.230 : re.session.login4.litan.018996.0002 : 2009592 : 35184653758832 : DEBUG    : prep task.0208
1641265096.238 : re.session.login4.litan.018996.0002 : 2009592 : 35184653758832 : DEBUG    : prep task.0210
1641265096.246 : re.session.login4.litan.018996.0002 : 2009592 : 35184653758832 : DEBUG    : prep task.0212
1641265096.254 : re.session.login4.litan.018996.0002 : 2009592 : 35184653758832 : DEBUG    : prep task.0266
1641265096.262 : re.session.login4.litan.018996.0002 : 2009592 : 35184653758832 : DEBUG    : prep task.0264
1641265096.270 : re.session.login4.litan.018996.0002 : 2009592 : 35184653758832 : DEBUG    : prep task.0268
1641265096.278 : re.session.login4.litan.018996.0002 : 2009592 : 35184653758832 : DEBUG    : prep task.0265
1641265096.286 : re.session.login4.litan.018996.0002 : 2009592 : 35184653758832 : DEBUG    : prep task.0269
1641265096.294 : re.session.login4.litan.018996.0002 : 2009592 : 35184653758832 : DEBUG    : prep task.0267
1641265096.301 : re.session.login4.litan.018996.0002 : 2009592 : 35184653758832 : DEBUG    : prep task.0108
1641265096.310 : re.session.login4.litan.018996.0002 : 2009592 : 35184653758832 : DEBUG    : prep task.0107
1641265096.318 : re.session.login4.litan.018996.0002 : 2009592 : 35184653758832 : DEBUG    : prep task.0105
1641265096.326 : re.session.login4.litan.018996.0002 : 2009592 : 35184653758832 : DEBUG    : prep task.0109
1641265096.335 : re.session.login4.litan.018996.0002 : 2009592 : 35184653758832 : DEBUG    : prep task.0104
1641265096.343 : re.session.login4.litan.018996.0002 : 2009592 : 35184653758832 : DEBUG    : prep task.0106
1641265096.352 : re.session.login4.litan.018996.0002 : 2009592 : 35184653758832 : DEBUG    : prep task.0323
1641265096.431 : re.session.login4.litan.018996.0002 : 2009592 : 35184653758832 : DEBUG    : prep task.0321
1641265096.439 : re.session.login4.litan.018996.0002 : 2009592 : 35184653758832 : DEBUG    : prep task.0320
1641265096.448 : re.session.login4.litan.018996.0002 : 2009592 : 35184653758832 : DEBUG    : prep task.0324
1641265096.456 : re.session.login4.litan.018996.0002 : 2009592 : 35184653758832 : DEBUG    : prep task.0325
1641265096.465 : re.session.login4.litan.018996.0002 : 2009592 : 35184653758832 : DEBUG    : prep task.0322
1641265096.473 : re.session.login4.litan.018996.0002 : 2009592 : 35184653758832 : DEBUG    : prep task.0378
1641265096.482 : re.session.login4.litan.018996.0002 : 2009592 : 35184653758832 : DEBUG    : prep task.0377
1641265096.491 : re.session.login4.litan.018996.0002 : 2009592 : 35184653758832 : DEBUG    : prep task.0379
1641265096.499 : re.session.login4.litan.018996.0002 : 2009592 : 35184653758832 : DEBUG    : prep task.0380
1641265096.507 : re.session.login4.litan.018996.0002 : 2009592 : 35184653758832 : DEBUG    : prep task.0381
1641265096.515 : re.session.login4.litan.018996.0002 : 2009592 : 35184653758832 : DEBUG    : prep task.0376
1641265096.523 : re.session.login4.litan.018996.0002 : 2009592 : 35184653758832 : DEBUG    : prep task.0222
1641265096.531 : re.session.login4.litan.018996.0002 : 2009592 : 35184653758832 : DEBUG    : prep task.0226
1641265096.539 : re.session.login4.litan.018996.0002 : 2009592 : 35184653758832 : DEBUG    : prep task.0225
1641265096.547 : re.session.login4.litan.018996.0002 : 2009592 : 35184653758832 : DEBUG    : prep task.0223
1641265096.555 : re.session.login4.litan.018996.0002 : 2009592 : 35184653758832 : DEBUG    : prep task.0227
1641265096.563 : re.session.login4.litan.018996.0002 : 2009592 : 35184653758832 : DEBUG    : prep task.0224
1641265096.572 : re.session.login4.litan.018996.0002 : 2009592 : 35184653758832 : DEBUG    : prep task.0030
1641265096.580 : re.session.login4.litan.018996.0002 : 2009592 : 35184653758832 : DEBUG    : prep task.0028
1641265096.588 : re.session.login4.litan.018996.0002 : 2009592 : 35184653758832 : DEBUG    : prep task.0029
1641265096.597 : re.session.login4.litan.018996.0002 : 2009592 : 35184653758832 : DEBUG    : prep task.0031
1641265096.605 : re.session.login4.litan.018996.0002 : 2009592 : 35184653758832 : DEBUG    : prep task.0027
1641265096.616 : re.session.login4.litan.018996.0002 : 2009592 : 35184653758832 : DEBUG    : prep task.0026
1641265096.626 : re.session.login4.litan.018996.0002 : 2009592 : 35184653758832 : DEBUG    : prep task.0281
1641265096.634 : re.session.login4.litan.018996.0002 : 2009592 : 35184653758832 : DEBUG    : prep task.0283
1641265096.643 : re.session.login4.litan.018996.0002 : 2009592 : 35184653758832 : DEBUG    : prep task.0280
1641265096.651 : re.session.login4.litan.018996.0002 : 2009592 : 35184653758832 : DEBUG    : prep task.0278
1641265096.659 : re.session.login4.litan.018996.0002 : 2009592 : 35184653758832 : DEBUG    : prep task.0282
1641265096.667 : re.session.login4.litan.018996.0002 : 2009592 : 35184653758832 : DEBUG    : prep task.0279
1641265096.676 : re.session.login4.litan.018996.0002 : 2009592 : 35184653758832 : DEBUG    : prep task.0013
1641265096.683 : re.session.login4.litan.018996.0002 : 2009592 : 35184653758832 : DEBUG    : prep task.0014
1641265096.691 : re.session.login4.litan.018996.0002 : 2009592 : 35184653758832 : DEBUG    : prep task.0015
1641265096.700 : re.session.login4.litan.018996.0002 : 2009592 : 35184653758832 : DEBUG    : prep task.0017
1641265096.710 : re.session.login4.litan.018996.0002 : 2009592 : 35184653758832 : DEBUG    : prep task.0018
1641265096.719 : re.session.login4.litan.018996.0002 : 2009592 : 35184653758832 : DEBUG    : prep task.0016
1641265096.728 : re.session.login4.litan.018996.0002 : 2009592 : 35184653758832 : DEBUG    : prep task.0131
1641265096.736 : re.session.login4.litan.018996.0002 : 2009592 : 35184653758832 : DEBUG    : prep task.0133
1641265096.746 : re.session.login4.litan.018996.0002 : 2009592 : 35184653758832 : DEBUG    : prep task.0135
1641265096.756 : re.session.login4.litan.018996.0002 : 2009592 : 35184653758832 : DEBUG    : prep task.0134
1641265096.765 : re.session.login4.litan.018996.0002 : 2009592 : 35184653758832 : DEBUG    : prep task.0132
1641265096.774 : re.session.login4.litan.018996.0002 : 2009592 : 35184653758832 : DEBUG    : prep task.0130
1641265096.785 : re.session.login4.litan.018996.0002 : 2009592 : 35184653758832 : DEBUG    : prep task.0055
1641265096.794 : re.session.login4.litan.018996.0002 : 2009592 : 35184653758832 : DEBUG    : prep task.0054
1641265096.802 : re.session.login4.litan.018996.0002 : 2009592 : 35184653758832 : DEBUG    : prep task.0053
1641265096.810 : re.session.login4.litan.018996.0002 : 2009592 : 35184653758832 : DEBUG    : prep task.0052
1641265096.818 : re.session.login4.litan.018996.0002 : 2009592 : 35184653758832 : DEBUG    : prep task.0057
1641265096.829 : re.session.login4.litan.018996.0002 : 2009592 : 35184653758832 : DEBUG    : prep task.0056
1641265096.838 : re.session.login4.litan.018996.0002 : 2009592 : 35184653758832 : DEBUG    : prep task.0334
1641265096.847 : re.session.login4.litan.018996.0002 : 2009592 : 35184653758832 : DEBUG    : prep task.0336
1641265096.855 : re.session.login4.litan.018996.0002 : 2009592 : 35184653758832 : DEBUG    : prep task.0338
1641265096.864 : re.session.login4.litan.018996.0002 : 2009592 : 35184653758832 : DEBUG    : prep task.0339
1641265096.872 : re.session.login4.litan.018996.0002 : 2009592 : 35184653758832 : DEBUG    : prep task.0335
1641265096.881 : re.session.login4.litan.018996.0002 : 2009592 : 35184653758832 : DEBUG    : prep task.0337
1641265096.889 : re.session.login4.litan.018996.0002 : 2009592 : 35184653758832 : DEBUG    : prep task.0144
1641265096.897 : re.session.login4.litan.018996.0002 : 2009592 : 35184653758832 : DEBUG    : prep task.0146
1641265096.905 : re.session.login4.litan.018996.0002 : 2009592 : 35184653758832 : DEBUG    : prep task.0148
1641265096.913 : re.session.login4.litan.018996.0002 : 2009592 : 35184653758832 : DEBUG    : prep task.0143
1641265096.923 : re.session.login4.litan.018996.0002 : 2009592 : 35184653758832 : DEBUG    : prep task.0147
1641265096.934 : re.session.login4.litan.018996.0002 : 2009592 : 35184653758832 : DEBUG    : prep task.0145
1641265096.942 : re.session.login4.litan.018996.0002 : 2009592 : 35184653758832 : DEBUG    : prep task.0391
1641265096.951 : re.session.login4.litan.018996.0002 : 2009592 : 35184653758832 : DEBUG    : prep task.0393
1641265096.959 : re.session.login4.litan.018996.0002 : 2009592 : 35184653758832 : DEBUG    : prep task.0392
1641265096.969 : re.session.login4.litan.018996.0002 : 2009592 : 35184653758832 : DEBUG    : prep task.0394
1641265096.977 : re.session.login4.litan.018996.0002 : 2009592 : 35184653758832 : DEBUG    : prep task.0395
1641265096.985 : re.session.login4.litan.018996.0002 : 2009592 : 35184653758832 : DEBUG    : prep task.0390
1641265096.994 : re.session.login4.litan.018996.0002 : 2009592 : 35184653758832 : DEBUG    : prep task.0241
1641265097.003 : re.session.login4.litan.018996.0002 : 2009592 : 35184653758832 : DEBUG    : prep task.0237
1641265097.010 : re.session.login4.litan.018996.0002 : 2009592 : 35184653758832 : DEBUG    : prep task.0239
1641265097.019 : re.session.login4.litan.018996.0002 : 2009592 : 35184653758832 : DEBUG    : prep task.0236
1641265097.027 : re.session.login4.litan.018996.0002 : 2009592 : 35184653758832 : DEBUG    : prep task.0240
1641265097.035 : re.session.login4.litan.018996.0002 : 2009592 : 35184653758832 : DEBUG    : prep task.0238
1641265097.044 : re.session.login4.litan.018996.0002 : 2009592 : 35184653758832 : DEBUG    : prep task.0295
1641265097.052 : re.session.login4.litan.018996.0002 : 2009592 : 35184653758832 : DEBUG    : prep task.0293
1641265097.061 : re.session.login4.litan.018996.0002 : 2009592 : 35184653758832 : DEBUG    : prep task.0294
1641265097.069 : re.session.login4.litan.018996.0002 : 2009592 : 35184653758832 : DEBUG    : prep task.0296
1641265097.077 : re.session.login4.litan.018996.0002 : 2009592 : 35184653758832 : DEBUG    : prep task.0297
1641265097.085 : re.session.login4.litan.018996.0002 : 2009592 : 35184653758832 : DEBUG    : prep task.0292
1641265121.558 : re.session.login4.litan.018996.0002 : 2009592 : 35184653758832 : DEBUG    : prep task.0096
1641265121.568 : re.session.login4.litan.018996.0002 : 2009592 : 35184653758832 : DEBUG    : prep task.0185
1641265121.578 : re.session.login4.litan.018996.0002 : 2009592 : 35184653758832 : DEBUG    : prep task.0367
1641265121.588 : re.session.login4.litan.018996.0002 : 2009592 : 35184653758832 : DEBUG    : prep task.0078
1641265121.599 : re.session.login4.litan.018996.0002 : 2009592 : 35184653758832 : DEBUG    : prep task.0093
1641265121.611 : re.session.login4.litan.018996.0002 : 2009592 : 35184653758832 : DEBUG    : prep task.0091
1641265121.856 : re.session.login4.litan.018996.0002 : 2009592 : 35184653758832 : DEBUG    : prep task.0122
1641265121.864 : re.session.login4.litan.018996.0002 : 2009592 : 35184653758832 : DEBUG    : prep task.0083
1641265121.958 : re.session.login4.litan.018996.0002 : 2009592 : 35184653758832 : DEBUG    : prep task.0157
1641265121.967 : re.session.login4.litan.018996.0002 : 2009592 : 35184653758832 : DEBUG    : prep task.0156
1641265121.977 : re.session.login4.litan.018996.0002 : 2009592 : 35184653758832 : DEBUG    : prep task.0000
1641265121.986 : re.session.login4.litan.018996.0002 : 2009592 : 35184653758832 : DEBUG    : prep task.0044
1641265121.997 : re.session.login4.litan.018996.0002 : 2009592 : 35184653758832 : DEBUG    : prep task.0158
1641265122.007 : re.session.login4.litan.018996.0002 : 2009592 : 35184653758832 : DEBUG    : prep task.0348
1641265122.016 : re.session.login4.litan.018996.0002 : 2009592 : 35184653758832 : DEBUG    : prep task.0161
1641265122.025 : re.session.login4.litan.018996.0002 : 2009592 : 35184653758832 : DEBUG    : prep task.0353
1641265122.036 : re.session.login4.litan.018996.0002 : 2009592 : 35184653758832 : DEBUG    : prep task.0352
1641265122.046 : re.session.login4.litan.018996.0002 : 2009592 : 35184653758832 : DEBUG    : prep task.0349
1641265122.061 : re.session.login4.litan.018996.0002 : 2009592 : 35184653758832 : DEBUG    : prep task.0066
1641265122.073 : re.session.login4.litan.018996.0002 : 2009592 : 35184653758832 : DEBUG    : prep task.0080
1641265122.084 : re.session.login4.litan.018996.0002 : 2009592 : 35184653758832 : DEBUG    : prep task.0195
1641265122.095 : re.session.login4.litan.018996.0002 : 2009592 : 35184653758832 : DEBUG    : prep task.0067
1641265122.105 : re.session.login4.litan.018996.0002 : 2009592 : 35184653758832 : DEBUG    : prep task.0187
1641265122.114 : re.session.login4.litan.018996.0002 : 2009592 : 35184653758832 : DEBUG    : prep task.0183
1641265122.260 : re.session.login4.litan.018996.0002 : 2009592 : 35184653758832 : DEBUG    : prep task.0182
1641265122.268 : re.session.login4.litan.018996.0002 : 2009592 : 35184653758832 : DEBUG    : prep task.0197
1641265122.278 : re.session.login4.litan.018996.0002 : 2009592 : 35184653758832 : DEBUG    : prep task.0069
1641265122.287 : re.session.login4.litan.018996.0002 : 2009592 : 35184653758832 : DEBUG    : prep task.0364
1641265122.296 : re.session.login4.litan.018996.0002 : 2009592 : 35184653758832 : DEBUG    : prep task.0184
1641265122.308 : re.session.login4.litan.018996.0002 : 2009592 : 35184653758832 : DEBUG    : prep task.0363
1641265122.561 : re.session.login4.litan.018996.0002 : 2009592 : 35184653758832 : DEBUG    : prep task.0350
1641265122.569 : re.session.login4.litan.018996.0002 : 2009592 : 35184653758832 : DEBUG    : prep task.0043
1641265122.577 : re.session.login4.litan.018996.0002 : 2009592 : 35184653758832 : DEBUG    : prep task.0422
1641265122.586 : re.session.login4.litan.018996.0002 : 2009592 : 35184653758832 : DEBUG    : prep task.0119
1641265122.595 : re.session.login4.litan.018996.0002 : 2009592 : 35184653758832 : DEBUG    : prep task.0040
1641265122.607 : re.session.login4.litan.018996.0002 : 2009592 : 35184653758832 : DEBUG    : prep task.0351
1641265128.268 : re.session.login4.litan.018996.0002 : 2009592 : 35184653758832 : DEBUG    : prep task.0110
1641265128.370 : re.session.login4.litan.018996.0002 : 2009592 : 35184653758832 : DEBUG    : prep task.0032
1641265128.375 : re.session.login4.litan.018996.0002 : 2009592 : 35184653758832 : DEBUG    : prep task.0019
1641265128.380 : re.session.login4.litan.018996.0002 : 2009592 : 35184653758832 : DEBUG    : prep task.0136
1641265128.384 : re.session.login4.litan.018996.0002 : 2009592 : 35184653758832 : DEBUG    : prep task.0058
1641265128.389 : re.session.login4.litan.018996.0002 : 2009592 : 35184653758832 : DEBUG    : prep task.0149
1641265146.400 : re.session.login4.litan.018996.0002 : 2009592 : 35184653758832 : DEBUG    : prep task.0034
1641265146.504 : re.session.login4.litan.018996.0002 : 2009592 : 35184653758832 : DEBUG    : prep task.0309
1641265146.513 : re.session.login4.litan.018996.0002 : 2009592 : 35184653758832 : DEBUG    : prep task.0406
1641265146.522 : re.session.login4.litan.018996.0002 : 2009592 : 35184653758832 : DEBUG    : prep task.0196
1641265146.531 : re.session.login4.litan.018996.0002 : 2009592 : 35184653758832 : DEBUG    : prep task.0092
1641265146.540 : re.session.login4.litan.018996.0002 : 2009592 : 35184653758832 : DEBUG    : prep task.0068
1641265146.601 : re.session.login4.litan.018996.0002 : 2009592 : 35184653758832 : DEBUG    : prep task.0033
1641265146.612 : re.session.login4.litan.018996.0002 : 2009592 : 35184653758832 : DEBUG    : prep task.0041
1641265146.621 : re.session.login4.litan.018996.0002 : 2009592 : 35184653758832 : DEBUG    : prep task.0251
1641265146.704 : re.session.login4.litan.018996.0002 : 2009592 : 35184653758832 : DEBUG    : prep task.0094
1641265146.712 : re.session.login4.litan.018996.0002 : 2009592 : 35184653758832 : DEBUG    : prep task.0079
1641265146.721 : re.session.login4.litan.018996.0002 : 2009592 : 35184653758832 : DEBUG    : prep task.0250
1641265146.731 : re.session.login4.litan.018996.0002 : 2009592 : 35184653758832 : DEBUG    : prep task.0307
1641265146.741 : re.session.login4.litan.018996.0002 : 2009592 : 35184653758832 : DEBUG    : prep task.0405
1641265146.751 : re.session.login4.litan.018996.0002 : 2009592 : 35184653758832 : DEBUG    : prep task.0311
1641265146.805 : re.session.login4.litan.018996.0002 : 2009592 : 35184653758832 : DEBUG    : prep task.0036
1641265146.813 : re.session.login4.litan.018996.0002 : 2009592 : 35184653758832 : DEBUG    : prep task.0407
1641265146.822 : re.session.login4.litan.018996.0002 : 2009592 : 35184653758832 : DEBUG    : prep task.0200
1641265146.832 : re.session.login4.litan.018996.0002 : 2009592 : 35184653758832 : DEBUG    : prep task.0160
1641265146.843 : re.session.login4.litan.018996.0002 : 2009592 : 35184653758832 : DEBUG    : prep task.0408
1641265146.848 : re.session.login4.litan.018996.0002 : 2009592 : 35184653758832 : DEBUG    : prep task.0038
1641265146.853 : re.session.login4.litan.018996.0002 : 2009592 : 35184653758832 : DEBUG    : prep task.0114
1641265146.862 : re.session.login4.litan.018996.0002 : 2009592 : 35184653758832 : DEBUG    : prep task.0409
1641265146.871 : re.session.login4.litan.018996.0002 : 2009592 : 35184653758832 : DEBUG    : prep task.0171
1641265146.882 : re.session.login4.litan.018996.0002 : 2009592 : 35184653758832 : DEBUG    : prep task.0005
1641265146.895 : re.session.login4.litan.018996.0002 : 2009592 : 35184653758832 : DEBUG    : prep task.0116
1641265146.904 : re.session.login4.litan.018996.0002 : 2009592 : 35184653758832 : DEBUG    : prep task.0159
1641265146.913 : re.session.login4.litan.018996.0002 : 2009592 : 35184653758832 : DEBUG    : prep task.0172
1641265146.921 : re.session.login4.litan.018996.0002 : 2009592 : 35184653758832 : DEBUG    : prep task.0035
1641265146.927 : re.session.login4.litan.018996.0002 : 2009592 : 35184653758832 : DEBUG    : prep task.0037
1641265146.937 : re.session.login4.litan.018996.0002 : 2009592 : 35184653758832 : DEBUG    : prep task.0004
1641265146.947 : re.session.login4.litan.018996.0002 : 2009592 : 35184653758832 : DEBUG    : prep task.0002
1641265147.007 : re.session.login4.litan.018996.0002 : 2009592 : 35184653758832 : DEBUG    : prep task.0420
1641265147.016 : re.session.login4.litan.018996.0002 : 2009592 : 35184653758832 : DEBUG    : prep task.0362
1641265147.023 : re.session.login4.litan.018996.0002 : 2009592 : 35184653758832 : DEBUG    : prep task.0115
1641265147.032 : re.session.login4.litan.018996.0002 : 2009592 : 35184653758832 : DEBUG    : prep task.0421
1641265147.040 : re.session.login4.litan.018996.0002 : 2009592 : 35184653758832 : DEBUG    : prep task.0042
1641265147.051 : re.session.login4.litan.018996.0002 : 2009592 : 35184653758832 : DEBUG    : prep task.0001
1641265147.062 : re.session.login4.litan.018996.0002 : 2009592 : 35184653758832 : DEBUG    : prep task.0039
1641265147.072 : re.session.login4.litan.018996.0002 : 2009592 : 35184653758832 : DEBUG    : prep task.0174
1641265147.081 : re.session.login4.litan.018996.0002 : 2009592 : 35184653758832 : DEBUG    : prep task.0170
1641265147.090 : re.session.login4.litan.018996.0002 : 2009592 : 35184653758832 : DEBUG    : prep task.0169
1641265147.103 : re.session.login4.litan.018996.0002 : 2009592 : 35184653758832 : DEBUG    : prep task.0254
1641265147.207 : re.session.login4.litan.018996.0002 : 2009592 : 35184653758832 : DEBUG    : prep task.0199
1641265147.216 : re.session.login4.litan.018996.0002 : 2009592 : 35184653758832 : DEBUG    : prep task.0118
1641265147.222 : re.session.login4.litan.018996.0002 : 2009592 : 35184653758832 : DEBUG    : prep task.0113
1641265147.231 : re.session.login4.litan.018996.0002 : 2009592 : 35184653758832 : DEBUG    : prep task.0366
1641265147.241 : re.session.login4.litan.018996.0002 : 2009592 : 35184653758832 : DEBUG    : prep task.0082
1641265147.250 : re.session.login4.litan.018996.0002 : 2009592 : 35184653758832 : DEBUG    : prep task.0198
1641265147.260 : re.session.login4.litan.018996.0002 : 2009592 : 35184653758832 : DEBUG    : prep task.0253
1641265147.274 : re.session.login4.litan.018996.0002 : 2009592 : 35184653758832 : DEBUG    : prep task.0365
1641265147.284 : re.session.login4.litan.018996.0002 : 2009592 : 35184653758832 : DEBUG    : prep task.0404
1641265147.307 : re.session.login4.litan.018996.0002 : 2009592 : 35184653758832 : DEBUG    : prep task.0306
1641265147.316 : re.session.login4.litan.018996.0002 : 2009592 : 35184653758832 : DEBUG    : prep task.0065
1641265147.326 : re.session.login4.litan.018996.0002 : 2009592 : 35184653758832 : DEBUG    : prep task.0255
1641265147.335 : re.session.login4.litan.018996.0002 : 2009592 : 35184653758832 : DEBUG    : prep task.0186
1641265147.345 : re.session.login4.litan.018996.0002 : 2009592 : 35184653758832 : DEBUG    : prep task.0173
1641265147.352 : re.session.login4.litan.018996.0002 : 2009592 : 35184653758832 : DEBUG    : prep task.0112
1641265147.361 : re.session.login4.litan.018996.0002 : 2009592 : 35184653758832 : DEBUG    : prep task.0111
1641265147.372 : re.session.login4.litan.018996.0002 : 2009592 : 35184653758832 : DEBUG    : prep task.0423
1641265147.509 : re.session.login4.litan.018996.0002 : 2009592 : 35184653758832 : DEBUG    : prep task.0117
1641265147.519 : re.session.login4.litan.018996.0002 : 2009592 : 35184653758832 : DEBUG    : prep task.0095
1641265147.529 : re.session.login4.litan.018996.0002 : 2009592 : 35184653758832 : DEBUG    : prep task.0121
1641265147.539 : re.session.login4.litan.018996.0002 : 2009592 : 35184653758832 : DEBUG    : prep task.0308
1641265147.551 : re.session.login4.litan.018996.0002 : 2009592 : 35184653758832 : DEBUG    : prep task.0081
1641265147.563 : re.session.login4.litan.018996.0002 : 2009592 : 35184653758832 : DEBUG    : prep task.0070
1641265147.572 : re.session.login4.litan.018996.0002 : 2009592 : 35184653758832 : DEBUG    : prep task.0418
1641265147.583 : re.session.login4.litan.018996.0002 : 2009592 : 35184653758832 : DEBUG    : prep task.0419
1641265147.594 : re.session.login4.litan.018996.0002 : 2009592 : 35184653758832 : DEBUG    : prep task.0003
1641265147.605 : re.session.login4.litan.018996.0002 : 2009592 : 35184653758832 : DEBUG    : prep task.0120
1641265147.614 : re.session.login4.litan.018996.0002 : 2009592 : 35184653758832 : DEBUG    : prep task.0310
1641265147.623 : re.session.login4.litan.018996.0002 : 2009592 : 35184653758832 : DEBUG    : prep task.0252
1641265152.417 : re.session.login4.litan.018996.0002 : 2009592 : 35184653758832 : DEBUG    : prep task.0214
1641265152.521 : re.session.login4.litan.018996.0002 : 2009592 : 35184653758832 : DEBUG    : prep task.0270
1641265152.529 : re.session.login4.litan.018996.0002 : 2009592 : 35184653758832 : DEBUG    : prep task.0326
1641265152.538 : re.session.login4.litan.018996.0002 : 2009592 : 35184653758832 : DEBUG    : prep task.0382
1641265152.547 : re.session.login4.litan.018996.0002 : 2009592 : 35184653758832 : DEBUG    : prep task.0228
1641265152.557 : re.session.login4.litan.018996.0002 : 2009592 : 35184653758832 : DEBUG    : prep task.0284
1641265152.567 : re.session.login4.litan.018996.0002 : 2009592 : 35184653758832 : DEBUG    : prep task.0023
1641265152.577 : re.session.login4.litan.018996.0002 : 2009592 : 35184653758832 : DEBUG    : prep task.0020
1641265152.588 : re.session.login4.litan.018996.0002 : 2009592 : 35184653758832 : DEBUG    : prep task.0024
1641265152.598 : re.session.login4.litan.018996.0002 : 2009592 : 35184653758832 : DEBUG    : prep task.0022
1641265152.606 : re.session.login4.litan.018996.0002 : 2009592 : 35184653758832 : DEBUG    : prep task.0021
1641265152.614 : re.session.login4.litan.018996.0002 : 2009592 : 35184653758832 : DEBUG    : prep task.0025
1641265152.623 : re.session.login4.litan.018996.0002 : 2009592 : 35184653758832 : DEBUG    : prep task.0340
1641265152.634 : re.session.login4.litan.018996.0002 : 2009592 : 35184653758832 : DEBUG    : prep task.0151
1641265152.644 : re.session.login4.litan.018996.0002 : 2009592 : 35184653758832 : DEBUG    : prep task.0155
1641265152.653 : re.session.login4.litan.018996.0002 : 2009592 : 35184653758832 : DEBUG    : prep task.0150
1641265152.663 : re.session.login4.litan.018996.0002 : 2009592 : 35184653758832 : DEBUG    : prep task.0152
1641265152.671 : re.session.login4.litan.018996.0002 : 2009592 : 35184653758832 : DEBUG    : prep task.0154
1641265152.683 : re.session.login4.litan.018996.0002 : 2009592 : 35184653758832 : DEBUG    : prep task.0153
1641265152.693 : re.session.login4.litan.018996.0002 : 2009592 : 35184653758832 : DEBUG    : prep task.0396
1641265152.703 : re.session.login4.litan.018996.0002 : 2009592 : 35184653758832 : DEBUG    : prep task.0242
1641265152.712 : re.session.login4.litan.018996.0002 : 2009592 : 35184653758832 : DEBUG    : prep task.0298
1641265156.423 : re.session.login4.litan.018996.0002 : 2009592 : 35184653758832 : DEBUG    : prep task.0137
1641265156.523 : re.session.login4.litan.018996.0002 : 2009592 : 35184653758832 : DEBUG    : prep task.0139
1641265156.528 : re.session.login4.litan.018996.0002 : 2009592 : 35184653758832 : DEBUG    : prep task.0141
1641265156.533 : re.session.login4.litan.018996.0002 : 2009592 : 35184653758832 : DEBUG    : prep task.0140
1641265156.537 : re.session.login4.litan.018996.0002 : 2009592 : 35184653758832 : DEBUG    : prep task.0138
1641265156.542 : re.session.login4.litan.018996.0002 : 2009592 : 35184653758832 : DEBUG    : prep task.0142
1641265156.547 : re.session.login4.litan.018996.0002 : 2009592 : 35184653758832 : DEBUG    : prep task.0060
1641265156.554 : re.session.login4.litan.018996.0002 : 2009592 : 35184653758832 : DEBUG    : prep task.0063
1641265156.565 : re.session.login4.litan.018996.0002 : 2009592 : 35184653758832 : DEBUG    : prep task.0064
1641265156.575 : re.session.login4.litan.018996.0002 : 2009592 : 35184653758832 : DEBUG    : prep task.0062
1641265156.582 : re.session.login4.litan.018996.0002 : 2009592 : 35184653758832 : DEBUG    : prep task.0059
1641265156.587 : re.session.login4.litan.018996.0002 : 2009592 : 35184653758832 : DEBUG    : prep task.0061
1641265162.334 : re.session.login4.litan.018996.0002 : 2009592 : 35184653758832 : DEBUG    : prep task.0215
1641265162.432 : re.session.login4.litan.018996.0002 : 2009592 : 35184653758832 : DEBUG    : prep task.0217
1641265171.752 : re.session.login4.litan.018996.0002 : 2009592 : 35184653758832 : DEBUG    : prep task.0275
1641265171.756 : re.session.login4.litan.018996.0002 : 2009592 : 35184653758832 : DEBUG    : prep task.0273
1641265171.761 : re.session.login4.litan.018996.0002 : 2009592 : 35184653758832 : DEBUG    : prep task.0276
1641265171.767 : re.session.login4.litan.018996.0002 : 2009592 : 35184653758832 : DEBUG    : prep task.0274
1641265171.848 : re.session.login4.litan.018996.0002 : 2009592 : 35184653758832 : DEBUG    : prep task.0216
1641265171.949 : re.session.login4.litan.018996.0002 : 2009592 : 35184653758832 : DEBUG    : prep task.0271
1641265171.954 : re.session.login4.litan.018996.0002 : 2009592 : 35184653758832 : DEBUG    : prep task.0272
1641265172.050 : re.session.login4.litan.018996.0002 : 2009592 : 35184653758832 : DEBUG    : prep task.0219
1641265172.058 : re.session.login4.litan.018996.0002 : 2009592 : 35184653758832 : DEBUG    : prep task.0218
1641265172.066 : re.session.login4.litan.018996.0002 : 2009592 : 35184653758832 : DEBUG    : prep task.0220
1641265174.454 : re.session.login4.litan.018996.0002 : 2009592 : 35184653758832 : DEBUG    : prep task.0330
1641265174.555 : re.session.login4.litan.018996.0002 : 2009592 : 35184653758832 : DEBUG    : prep task.0332
1641265174.560 : re.session.login4.litan.018996.0002 : 2009592 : 35184653758832 : DEBUG    : prep task.0327
1641265174.564 : re.session.login4.litan.018996.0002 : 2009592 : 35184653758832 : DEBUG    : prep task.0331
1641265174.569 : re.session.login4.litan.018996.0002 : 2009592 : 35184653758832 : DEBUG    : prep task.0329
1641265174.575 : re.session.login4.litan.018996.0002 : 2009592 : 35184653758832 : DEBUG    : prep task.0328
1641265178.466 : re.session.login4.litan.018996.0002 : 2009592 : 35184653758832 : DEBUG    : prep task.0383
1641265178.571 : re.session.login4.litan.018996.0002 : 2009592 : 35184653758832 : DEBUG    : prep task.0385
1641265178.580 : re.session.login4.litan.018996.0002 : 2009592 : 35184653758832 : DEBUG    : prep task.0386
1641265178.588 : re.session.login4.litan.018996.0002 : 2009592 : 35184653758832 : DEBUG    : prep task.0387
1641265178.596 : re.session.login4.litan.018996.0002 : 2009592 : 35184653758832 : DEBUG    : prep task.0388
1641265178.605 : re.session.login4.litan.018996.0002 : 2009592 : 35184653758832 : DEBUG    : prep task.0384
1641265178.614 : re.session.login4.litan.018996.0002 : 2009592 : 35184653758832 : DEBUG    : prep task.0234
1641265178.625 : re.session.login4.litan.018996.0002 : 2009592 : 35184653758832 : DEBUG    : prep task.0231
1641265178.635 : re.session.login4.litan.018996.0002 : 2009592 : 35184653758832 : DEBUG    : prep task.0229
1641265178.644 : re.session.login4.litan.018996.0002 : 2009592 : 35184653758832 : DEBUG    : prep task.0232
1641265178.654 : re.session.login4.litan.018996.0002 : 2009592 : 35184653758832 : DEBUG    : prep task.0233
1641265178.663 : re.session.login4.litan.018996.0002 : 2009592 : 35184653758832 : DEBUG    : prep task.0230
1641265178.671 : re.session.login4.litan.018996.0002 : 2009592 : 35184653758832 : DEBUG    : prep task.0162
1641265178.680 : re.session.login4.litan.018996.0002 : 2009592 : 35184653758832 : DEBUG    : prep task.0354
1641265178.689 : re.session.login4.litan.018996.0002 : 2009592 : 35184653758832 : DEBUG    : prep task.0006
1641265178.697 : re.session.login4.litan.018996.0002 : 2009592 : 35184653758832 : DEBUG    : prep task.0045
1641265178.706 : re.session.login4.litan.018996.0002 : 2009592 : 35184653758832 : DEBUG    : prep task.0175
1641265178.715 : re.session.login4.litan.018996.0002 : 2009592 : 35184653758832 : DEBUG    : prep task.0071
1641265178.727 : re.session.login4.litan.018996.0002 : 2009592 : 35184653758832 : DEBUG    : prep task.0123
1641265178.737 : re.session.login4.litan.018996.0002 : 2009592 : 35184653758832 : DEBUG    : prep task.0201
1641265178.748 : re.session.login4.litan.018996.0002 : 2009592 : 35184653758832 : DEBUG    : prep task.0084
1641265178.758 : re.session.login4.litan.018996.0002 : 2009592 : 35184653758832 : DEBUG    : prep task.0188
1641265178.766 : re.session.login4.litan.018996.0002 : 2009592 : 35184653758832 : DEBUG    : prep task.0097
1641265184.375 : re.session.login4.litan.018996.0002 : 2009592 : 35184653758832 : DEBUG    : prep task.0285
1641265184.474 : re.session.login4.litan.018996.0002 : 2009592 : 35184653758832 : DEBUG    : prep task.0287
1641265184.478 : re.session.login4.litan.018996.0002 : 2009592 : 35184653758832 : DEBUG    : prep task.0289
1641265184.483 : re.session.login4.litan.018996.0002 : 2009592 : 35184653758832 : DEBUG    : prep task.0288
1641265184.488 : re.session.login4.litan.018996.0002 : 2009592 : 35184653758832 : DEBUG    : prep task.0286
1641265184.494 : re.session.login4.litan.018996.0002 : 2009592 : 35184653758832 : DEBUG    : prep task.0290
1641265202.623 : re.session.login4.litan.018996.0002 : 2009592 : 35184653758832 : DEBUG    : prep task.0344
1641265202.705 : re.session.login4.litan.018996.0002 : 2009592 : 35184653758832 : DEBUG    : prep task.0342
1641265202.710 : re.session.login4.litan.018996.0002 : 2009592 : 35184653758832 : DEBUG    : prep task.0346
1641265202.714 : re.session.login4.litan.018996.0002 : 2009592 : 35184653758832 : DEBUG    : prep task.0345
1641265202.719 : re.session.login4.litan.018996.0002 : 2009592 : 35184653758832 : DEBUG    : prep task.0341
1641265202.725 : re.session.login4.litan.018996.0002 : 2009592 : 35184653758832 : DEBUG    : prep task.0343
1641265218.734 : re.session.login4.litan.018996.0002 : 2009592 : 35184653758832 : DEBUG    : prep task.0398
1641265218.834 : re.session.login4.litan.018996.0002 : 2009592 : 35184653758832 : DEBUG    : prep task.0402
1641265218.839 : re.session.login4.litan.018996.0002 : 2009592 : 35184653758832 : DEBUG    : prep task.0399
1641265218.844 : re.session.login4.litan.018996.0002 : 2009592 : 35184653758832 : DEBUG    : prep task.0397
1641265218.849 : re.session.login4.litan.018996.0002 : 2009592 : 35184653758832 : DEBUG    : prep task.0401
1641265218.854 : re.session.login4.litan.018996.0002 : 2009592 : 35184653758832 : DEBUG    : prep task.0400
1641265224.747 : re.session.login4.litan.018996.0002 : 2009592 : 35184653758832 : DEBUG    : prep task.0246
1641265224.845 : re.session.login4.litan.018996.0002 : 2009592 : 35184653758832 : DEBUG    : prep task.0244
1641265224.850 : re.session.login4.litan.018996.0002 : 2009592 : 35184653758832 : DEBUG    : prep task.0248
1641265224.854 : re.session.login4.litan.018996.0002 : 2009592 : 35184653758832 : DEBUG    : prep task.0245
1641265224.859 : re.session.login4.litan.018996.0002 : 2009592 : 35184653758832 : DEBUG    : prep task.0247
1641265224.864 : re.session.login4.litan.018996.0002 : 2009592 : 35184653758832 : DEBUG    : prep task.0243
1641265228.754 : re.session.login4.litan.018996.0002 : 2009592 : 35184653758832 : DEBUG    : prep task.0221
1641265228.852 : re.session.login4.litan.018996.0002 : 2009592 : 35184653758832 : DEBUG    : prep task.0277
1641265228.857 : re.session.login4.litan.018996.0002 : 2009592 : 35184653758832 : DEBUG    : prep task.0333
1641265228.862 : re.session.login4.litan.018996.0002 : 2009592 : 35184653758832 : DEBUG    : prep task.0389
1641265228.867 : re.session.login4.litan.018996.0002 : 2009592 : 35184653758832 : DEBUG    : prep task.0235
1641265230.655 : re.session.login4.litan.018996.0002 : 2009592 : 35184653758832 : DEBUG    : prep task.0299
1641265230.758 : re.session.login4.litan.018996.0002 : 2009592 : 35184653758832 : DEBUG    : prep task.0301
1641265230.763 : re.session.login4.litan.018996.0002 : 2009592 : 35184653758832 : DEBUG    : prep task.0303
1641265230.768 : re.session.login4.litan.018996.0002 : 2009592 : 35184653758832 : DEBUG    : prep task.0302
1641265230.772 : re.session.login4.litan.018996.0002 : 2009592 : 35184653758832 : DEBUG    : prep task.0304
1641265230.777 : re.session.login4.litan.018996.0002 : 2009592 : 35184653758832 : DEBUG    : prep task.0300
1641265230.783 : re.session.login4.litan.018996.0002 : 2009592 : 35184653758832 : DEBUG    : prep task.0168
1641265230.788 : re.session.login4.litan.018996.0002 : 2009592 : 35184653758832 : DEBUG    : prep task.0165
1641265230.793 : re.session.login4.litan.018996.0002 : 2009592 : 35184653758832 : DEBUG    : prep task.0163
1641265230.801 : re.session.login4.litan.018996.0002 : 2009592 : 35184653758832 : DEBUG    : prep task.0164
1641265230.808 : re.session.login4.litan.018996.0002 : 2009592 : 35184653758832 : DEBUG    : prep task.0167
1641265230.813 : re.session.login4.litan.018996.0002 : 2009592 : 35184653758832 : DEBUG    : prep task.0166
1641265236.870 : re.session.login4.litan.018996.0002 : 2009592 : 35184653758832 : DEBUG    : prep task.0007
1641265236.969 : re.session.login4.litan.018996.0002 : 2009592 : 35184653758832 : DEBUG    : prep task.0008
1641265236.973 : re.session.login4.litan.018996.0002 : 2009592 : 35184653758832 : DEBUG    : prep task.0011
1641265236.978 : re.session.login4.litan.018996.0002 : 2009592 : 35184653758832 : DEBUG    : prep task.0009
1641265236.983 : re.session.login4.litan.018996.0002 : 2009592 : 35184653758832 : DEBUG    : prep task.0010
1641265236.989 : re.session.login4.litan.018996.0002 : 2009592 : 35184653758832 : DEBUG    : prep task.0012
1641265242.781 : re.session.login4.litan.018996.0002 : 2009592 : 35184653758832 : DEBUG    : prep task.0355
1641265242.880 : re.session.login4.litan.018996.0002 : 2009592 : 35184653758832 : DEBUG    : prep task.0359
1641265242.885 : re.session.login4.litan.018996.0002 : 2009592 : 35184653758832 : DEBUG    : prep task.0358
1641265242.890 : re.session.login4.litan.018996.0002 : 2009592 : 35184653758832 : DEBUG    : prep task.0356
1641265242.895 : re.session.login4.litan.018996.0002 : 2009592 : 35184653758832 : DEBUG    : prep task.0360
1641265242.900 : re.session.login4.litan.018996.0002 : 2009592 : 35184653758832 : DEBUG    : prep task.0357
1641265248.792 : re.session.login4.litan.018996.0002 : 2009592 : 35184653758832 : DEBUG    : prep task.0048
1641265248.893 : re.session.login4.litan.018996.0002 : 2009592 : 35184653758832 : DEBUG    : prep task.0050
1641265248.897 : re.session.login4.litan.018996.0002 : 2009592 : 35184653758832 : DEBUG    : prep task.0049
1641265248.902 : re.session.login4.litan.018996.0002 : 2009592 : 35184653758832 : DEBUG    : prep task.0051
1641265248.907 : re.session.login4.litan.018996.0002 : 2009592 : 35184653758832 : DEBUG    : prep task.0046
1641265248.914 : re.session.login4.litan.018996.0002 : 2009592 : 35184653758832 : DEBUG    : prep task.0047
1641265248.920 : re.session.login4.litan.018996.0002 : 2009592 : 35184653758832 : DEBUG    : prep task.0177
1641265248.926 : re.session.login4.litan.018996.0002 : 2009592 : 35184653758832 : DEBUG    : prep task.0179
1641265248.934 : re.session.login4.litan.018996.0002 : 2009592 : 35184653758832 : DEBUG    : prep task.0180
1641265248.942 : re.session.login4.litan.018996.0002 : 2009592 : 35184653758832 : DEBUG    : prep task.0181
1641265248.948 : re.session.login4.litan.018996.0002 : 2009592 : 35184653758832 : DEBUG    : prep task.0178
1641265248.956 : re.session.login4.litan.018996.0002 : 2009592 : 35184653758832 : DEBUG    : prep task.0176
1641265252.800 : re.session.login4.litan.018996.0002 : 2009592 : 35184653758832 : DEBUG    : prep task.0424
1641265252.899 : re.session.login4.litan.018996.0002 : 2009592 : 35184653758832 : DEBUG    : prep task.0410
1641265252.903 : re.session.login4.litan.018996.0002 : 2009592 : 35184653758832 : DEBUG    : prep task.0256
1641265252.908 : re.session.login4.litan.018996.0002 : 2009592 : 35184653758832 : DEBUG    : prep task.0312
1641265252.913 : re.session.login4.litan.018996.0002 : 2009592 : 35184653758832 : DEBUG    : prep task.0368
1641265254.902 : re.session.login4.litan.018996.0002 : 2009592 : 35184653758832 : DEBUG    : prep task.0073
1641265255.003 : re.session.login4.litan.018996.0002 : 2009592 : 35184653758832 : DEBUG    : prep task.0072
1641265255.008 : re.session.login4.litan.018996.0002 : 2009592 : 35184653758832 : DEBUG    : prep task.0074
1641265255.012 : re.session.login4.litan.018996.0002 : 2009592 : 35184653758832 : DEBUG    : prep task.0076
1641265255.018 : re.session.login4.litan.018996.0002 : 2009592 : 35184653758832 : DEBUG    : prep task.0077
1641265255.023 : re.session.login4.litan.018996.0002 : 2009592 : 35184653758832 : DEBUG    : prep task.0075
1641265258.912 : re.session.login4.litan.018996.0002 : 2009592 : 35184653758832 : DEBUG    : prep task.0125
1641265259.010 : re.session.login4.litan.018996.0002 : 2009592 : 35184653758832 : DEBUG    : prep task.0126
1641265259.015 : re.session.login4.litan.018996.0002 : 2009592 : 35184653758832 : DEBUG    : prep task.0128
1641265259.020 : re.session.login4.litan.018996.0002 : 2009592 : 35184653758832 : DEBUG    : prep task.0129
1641265259.025 : re.session.login4.litan.018996.0002 : 2009592 : 35184653758832 : DEBUG    : prep task.0127
1641265259.031 : re.session.login4.litan.018996.0002 : 2009592 : 35184653758832 : DEBUG    : prep task.0124
1641265268.930 : re.session.login4.litan.018996.0002 : 2009592 : 35184653758832 : DEBUG    : prep task.0202
1641265269.030 : re.session.login4.litan.018996.0002 : 2009592 : 35184653758832 : DEBUG    : prep task.0204
1641265269.035 : re.session.login4.litan.018996.0002 : 2009592 : 35184653758832 : DEBUG    : prep task.0206
1641265269.039 : re.session.login4.litan.018996.0002 : 2009592 : 35184653758832 : DEBUG    : prep task.0205
1641265269.045 : re.session.login4.litan.018996.0002 : 2009592 : 35184653758832 : DEBUG    : prep task.0207
1641265269.050 : re.session.login4.litan.018996.0002 : 2009592 : 35184653758832 : DEBUG    : prep task.0203
1641265269.056 : re.session.login4.litan.018996.0002 : 2009592 : 35184653758832 : DEBUG    : prep task.0086
1641265269.061 : re.session.login4.litan.018996.0002 : 2009592 : 35184653758832 : DEBUG    : prep task.0088
1641265269.068 : re.session.login4.litan.018996.0002 : 2009592 : 35184653758832 : DEBUG    : prep task.0090
1641265269.074 : re.session.login4.litan.018996.0002 : 2009592 : 35184653758832 : DEBUG    : prep task.0085
1641265269.079 : re.session.login4.litan.018996.0002 : 2009592 : 35184653758832 : DEBUG    : prep task.0087
1641265269.084 : re.session.login4.litan.018996.0002 : 2009592 : 35184653758832 : DEBUG    : prep task.0089
1641265270.831 : re.session.login4.litan.018996.0002 : 2009592 : 35184653758832 : DEBUG    : prep task.0193
1641265270.932 : re.session.login4.litan.018996.0002 : 2009592 : 35184653758832 : DEBUG    : prep task.0190
1641265270.937 : re.session.login4.litan.018996.0002 : 2009592 : 35184653758832 : DEBUG    : prep task.0192
1641265270.942 : re.session.login4.litan.018996.0002 : 2009592 : 35184653758832 : DEBUG    : prep task.0194
1641265270.946 : re.session.login4.litan.018996.0002 : 2009592 : 35184653758832 : DEBUG    : prep task.0191
1641265270.951 : re.session.login4.litan.018996.0002 : 2009592 : 35184653758832 : DEBUG    : prep task.0189
1641265276.945 : re.session.login4.litan.018996.0002 : 2009592 : 35184653758832 : DEBUG    : prep task.0098
1641265277.244 : re.session.login4.litan.018996.0002 : 2009592 : 35184653758832 : DEBUG    : prep task.0100
1641265277.249 : re.session.login4.litan.018996.0002 : 2009592 : 35184653758832 : DEBUG    : prep task.0101
1641265277.257 : re.session.login4.litan.018996.0002 : 2009592 : 35184653758832 : DEBUG    : prep task.0099
1641265277.264 : re.session.login4.litan.018996.0002 : 2009592 : 35184653758832 : DEBUG    : prep task.0103
1641265277.271 : re.session.login4.litan.018996.0002 : 2009592 : 35184653758832 : DEBUG    : prep task.0102
1641265280.951 : re.session.login4.litan.018996.0002 : 2009592 : 35184653758832 : DEBUG    : prep task.0291
1641265281.050 : re.session.login4.litan.018996.0002 : 2009592 : 35184653758832 : DEBUG    : prep task.0347
1641265281.055 : re.session.login4.litan.018996.0002 : 2009592 : 35184653758832 : DEBUG    : prep task.0403
1641265281.059 : re.session.login4.litan.018996.0002 : 2009592 : 35184653758832 : DEBUG    : prep task.0249
1641265281.064 : re.session.login4.litan.018996.0002 : 2009592 : 35184653758832 : DEBUG    : prep task.0305
1641265282.853 : re.session.login4.litan.018996.0002 : 2009592 : 35184653758832 : DEBUG    : prep task.0361
1641265282.954 : re.session.login4.litan.018996.0002 : 2009592 : 35184653758832 : DEBUG    : prep task.0428
1641265282.959 : re.session.login4.litan.018996.0002 : 2009592 : 35184653758832 : DEBUG    : prep task.0427
1641265282.964 : re.session.login4.litan.018996.0002 : 2009592 : 35184653758832 : DEBUG    : prep task.0426
1641265282.969 : re.session.login4.litan.018996.0002 : 2009592 : 35184653758832 : DEBUG    : prep task.0429
1641265282.975 : re.session.login4.litan.018996.0002 : 2009592 : 35184653758832 : DEBUG    : prep task.0430
1641265282.982 : re.session.login4.litan.018996.0002 : 2009592 : 35184653758832 : DEBUG    : prep task.0425
1641265290.970 : re.session.login4.litan.018996.0002 : 2009592 : 35184653758832 : DEBUG    : prep task.0411
1641265291.068 : re.session.login4.litan.018996.0002 : 2009592 : 35184653758832 : DEBUG    : prep task.0413
1641265291.073 : re.session.login4.litan.018996.0002 : 2009592 : 35184653758832 : DEBUG    : prep task.0415
1641265291.078 : re.session.login4.litan.018996.0002 : 2009592 : 35184653758832 : DEBUG    : prep task.0414
1641265291.084 : re.session.login4.litan.018996.0002 : 2009592 : 35184653758832 : DEBUG    : prep task.0416
1641265291.090 : re.session.login4.litan.018996.0002 : 2009592 : 35184653758832 : DEBUG    : prep task.0412
1641265296.881 : re.session.login4.litan.018996.0002 : 2009592 : 35184653758832 : DEBUG    : prep task.0258
1641265296.983 : re.session.login4.litan.018996.0002 : 2009592 : 35184653758832 : DEBUG    : prep task.0260
1641265296.988 : re.session.login4.litan.018996.0002 : 2009592 : 35184653758832 : DEBUG    : prep task.0262
1641265296.993 : re.session.login4.litan.018996.0002 : 2009592 : 35184653758832 : DEBUG    : prep task.0257
1641265296.998 : re.session.login4.litan.018996.0002 : 2009592 : 35184653758832 : DEBUG    : prep task.0259
1641265297.004 : re.session.login4.litan.018996.0002 : 2009592 : 35184653758832 : DEBUG    : prep task.0261
1641265297.010 : re.session.login4.litan.018996.0002 : 2009592 : 35184653758832 : DEBUG    : prep task.0374
1641265297.015 : re.session.login4.litan.018996.0002 : 2009592 : 35184653758832 : DEBUG    : prep task.0370
1641265297.020 : re.session.login4.litan.018996.0002 : 2009592 : 35184653758832 : DEBUG    : prep task.0372
1641265297.025 : re.session.login4.litan.018996.0002 : 2009592 : 35184653758832 : DEBUG    : prep task.0369
1641265297.032 : re.session.login4.litan.018996.0002 : 2009592 : 35184653758832 : DEBUG    : prep task.0373
1641265297.038 : re.session.login4.litan.018996.0002 : 2009592 : 35184653758832 : DEBUG    : prep task.0371
1641265300.889 : re.session.login4.litan.018996.0002 : 2009592 : 35184653758832 : DEBUG    : prep task.0431
1641265300.988 : re.session.login4.litan.018996.0002 : 2009592 : 35184653758832 : DEBUG    : prep task.0417
1641265302.992 : re.session.login4.litan.018996.0002 : 2009592 : 35184653758832 : DEBUG    : prep task.0314
1641265303.093 : re.session.login4.litan.018996.0002 : 2009592 : 35184653758832 : DEBUG    : prep task.0313
1641265303.098 : re.session.login4.litan.018996.0002 : 2009592 : 35184653758832 : DEBUG    : prep task.0315
1641265303.102 : re.session.login4.litan.018996.0002 : 2009592 : 35184653758832 : DEBUG    : prep task.0317
1641265303.107 : re.session.login4.litan.018996.0002 : 2009592 : 35184653758832 : DEBUG    : prep task.0318
1641265303.112 : re.session.login4.litan.018996.0002 : 2009592 : 35184653758832 : DEBUG    : prep task.0316
1641265307.000 : re.session.login4.litan.018996.0002 : 2009592 : 35184653758832 : DEBUG    : prep task.0263
1641265307.099 : re.session.login4.litan.018996.0002 : 2009592 : 35184653758832 : DEBUG    : prep task.0375
1641265312.910 : re.session.login4.litan.018996.0002 : 2009592 : 35184653758832 : DEBUG    : prep task.0319
1641265324.988 : re.session.login4.litan.018996.0002 : 2009320 : 35185027182960 : INFO     : no shutdown hook defined for LaunchMethod JSRUN
1641265324.988 : re.session.login4.litan.018996.0002 : 2009320 : 35185027182960 : INFO     : ResourceManager shutdown hook succeeded (JSRUN)
