1641259482.205 : re.session.login4.litan.018996.0001 : 2524164 : 35184372370176 : INFO     : radical.pilot version: 1.10.0
1641259482.205 : re.session.login4.litan.018996.0001 : 2524164 : 35184372370176 : INFO     : radical.saga  version: 1.8.0
1641259482.205 : re.session.login4.litan.018996.0001 : 2524164 : 35184372370176 : INFO     : radical.utils version: 1.9.0
1641259482.405 : re.session.login4.litan.018996.0001 : 2524164 : 35184372370176 : INFO     : Configuring ResourceManager LSF_SUMMIT.
1641259482.405 : re.session.login4.litan.018996.0001 : 2524164 : 35184372370176 : INFO     : LSB_DJOB_HOSTFILE: /ccs/home/litan/.lsbatch/1641255975.1735953.hostfile
1641259482.406 : re.session.login4.litan.018996.0001 : 2524164 : 35184372370176 : DEBUG    : found 8 nodes: {'f19n12': 42, 'f19n14': 42, 'h22n07': 42, 'h22n08': 42, 'h22n09': 42, 'h36n10': 42, 'h36n11': 42, 'h36n18': 42}
1641259482.406 : re.session.login4.litan.018996.0001 : 2524164 : 35184372370176 : DEBUG    : found 8 nodes with 42 cores
1641259482.406 : re.session.login4.litan.018996.0001 : 2524164 : 35184372370176 : DEBUG    : node list: [['f19n12', '1'],
 ['f19n14', '2'],
 ['h22n07', '3'],
 ['h22n08', '4'],
 ['h22n09', '5'],
 ['h36n10', '6'],
 ['h36n11', '7'],
 ['h36n18', '8']]
1641259482.406 : re.session.login4.litan.018996.0001 : 2524164 : 35184372370176 : INFO     : Discovered execution environment: [['f19n12', '1'], ['f19n14', '2'], ['h22n07', '3'], ['h22n08', '4'], ['h22n09', '5'], ['h36n10', '6'], ['h36n11', '7'], ['h36n18', '8']]
1641259482.410 : re.session.login4.litan.018996.0001 : 2524164 : 35184372370176 : INFO     : ResourceManager config hook for LaunchMethod JSRUN: <class 'radical.pilot.agent.launch_method.jsrun.JSRUN'>
1641259482.410 : re.session.login4.litan.018996.0001 : 2524164 : 35184372370176 : INFO     : ResourceManager config hook succeeded (JSRUN)
1641259486.289 : re.session.login4.litan.018996.0001 : 2524436 : 35184372370176 : INFO     : radical.pilot version: 1.10.0
1641259486.290 : re.session.login4.litan.018996.0001 : 2524436 : 35184372370176 : INFO     : radical.saga  version: 1.8.0
1641259486.290 : re.session.login4.litan.018996.0001 : 2524436 : 35184372370176 : INFO     : radical.utils version: 1.9.0
1641259486.552 : re.session.login4.litan.018996.0001 : 2524436 : 35184653758832 : DEBUG    : create LaunchMethod: <class 'radical.pilot.agent.launch_method.jsrun.JSRUN'>
1641259486.553 : re.session.login4.litan.018996.0001 : 2524436 : 35184653758832 : DEBUG    : create LaunchMethod: <class 'radical.pilot.agent.launch_method.jsrun.JSRUN'>
1641259486.686 : re.session.login4.litan.018996.0001 : 2524499 : 35184372370176 : INFO     : radical.pilot version: 1.10.0
1641259486.687 : re.session.login4.litan.018996.0001 : 2524499 : 35184372370176 : INFO     : radical.saga  version: 1.8.0
1641259486.687 : re.session.login4.litan.018996.0001 : 2524499 : 35184372370176 : INFO     : radical.utils version: 1.9.0
1641259487.084 : re.session.login4.litan.018996.0001 : 2524559 : 35184372370176 : INFO     : radical.pilot version: 1.10.0
1641259487.084 : re.session.login4.litan.018996.0001 : 2524559 : 35184372370176 : INFO     : radical.saga  version: 1.8.0
1641259487.084 : re.session.login4.litan.018996.0001 : 2524559 : 35184372370176 : INFO     : radical.utils version: 1.9.0
1641259487.484 : re.session.login4.litan.018996.0001 : 2524625 : 35184372370176 : INFO     : radical.pilot version: 1.10.0
1641259487.484 : re.session.login4.litan.018996.0001 : 2524625 : 35184372370176 : INFO     : radical.saga  version: 1.8.0
1641259487.484 : re.session.login4.litan.018996.0001 : 2524625 : 35184372370176 : INFO     : radical.utils version: 1.9.0
1641259487.884 : re.session.login4.litan.018996.0001 : 2524683 : 35184372370176 : INFO     : radical.pilot version: 1.10.0
1641259487.884 : re.session.login4.litan.018996.0001 : 2524683 : 35184372370176 : INFO     : radical.saga  version: 1.8.0
1641259487.884 : re.session.login4.litan.018996.0001 : 2524683 : 35184372370176 : INFO     : radical.utils version: 1.9.0
1641259501.658 : re.session.login4.litan.018996.0001 : 2524436 : 35184653758832 : DEBUG    : prep task.0177
1641259501.770 : re.session.login4.litan.018996.0001 : 2524436 : 35184653758832 : DEBUG    : prep task.0175
1641259501.778 : re.session.login4.litan.018996.0001 : 2524436 : 35184653758832 : DEBUG    : prep task.0176
1641259501.786 : re.session.login4.litan.018996.0001 : 2524436 : 35184653758832 : DEBUG    : prep task.0178
1641259501.794 : re.session.login4.litan.018996.0001 : 2524436 : 35184653758832 : DEBUG    : prep task.0179
1641259501.802 : re.session.login4.litan.018996.0001 : 2524436 : 35184653758832 : DEBUG    : prep task.0174
1641259501.811 : re.session.login4.litan.018996.0001 : 2524436 : 35184653758832 : DEBUG    : prep task.0002
1641259501.819 : re.session.login4.litan.018996.0001 : 2524436 : 35184653758832 : DEBUG    : prep task.0005
1641259501.828 : re.session.login4.litan.018996.0001 : 2524436 : 35184653758832 : DEBUG    : prep task.0001
1641259501.836 : re.session.login4.litan.018996.0001 : 2524436 : 35184653758832 : DEBUG    : prep task.0004
1641259501.845 : re.session.login4.litan.018996.0001 : 2524436 : 35184653758832 : DEBUG    : prep task.0003
1641259501.855 : re.session.login4.litan.018996.0001 : 2524436 : 35184653758832 : DEBUG    : prep task.0000
1641259501.864 : re.session.login4.litan.018996.0001 : 2524436 : 35184653758832 : DEBUG    : prep task.0094
1641259501.871 : re.session.login4.litan.018996.0001 : 2524436 : 35184653758832 : DEBUG    : prep task.0092
1641259501.879 : re.session.login4.litan.018996.0001 : 2524436 : 35184653758832 : DEBUG    : prep task.0096
1641259501.889 : re.session.login4.litan.018996.0001 : 2524436 : 35184653758832 : DEBUG    : prep task.0093
1641259501.898 : re.session.login4.litan.018996.0001 : 2524436 : 35184653758832 : DEBUG    : prep task.0091
1641259501.908 : re.session.login4.litan.018996.0001 : 2524436 : 35184653758832 : DEBUG    : prep task.0095
1641259501.916 : re.session.login4.litan.018996.0001 : 2524436 : 35184653758832 : DEBUG    : prep task.0132
1641259501.926 : re.session.login4.litan.018996.0001 : 2524436 : 35184653758832 : DEBUG    : prep task.0134
1641259501.934 : re.session.login4.litan.018996.0001 : 2524436 : 35184653758832 : DEBUG    : prep task.0136
1641259501.943 : re.session.login4.litan.018996.0001 : 2524436 : 35184653758832 : DEBUG    : prep task.0133
1641259501.951 : re.session.login4.litan.018996.0001 : 2524436 : 35184653758832 : DEBUG    : prep task.0135
1641259501.959 : re.session.login4.litan.018996.0001 : 2524436 : 35184653758832 : DEBUG    : prep task.0137
1641259501.967 : re.session.login4.litan.018996.0001 : 2524436 : 35184653758832 : DEBUG    : prep task.0015
1641259501.975 : re.session.login4.litan.018996.0001 : 2524436 : 35184653758832 : DEBUG    : prep task.0018
1641259501.983 : re.session.login4.litan.018996.0001 : 2524436 : 35184653758832 : DEBUG    : prep task.0016
1641259501.991 : re.session.login4.litan.018996.0001 : 2524436 : 35184653758832 : DEBUG    : prep task.0014
1641259501.998 : re.session.login4.litan.018996.0001 : 2524436 : 35184653758832 : DEBUG    : prep task.0013
1641259502.007 : re.session.login4.litan.018996.0001 : 2524436 : 35184653758832 : DEBUG    : prep task.0017
1641259502.018 : re.session.login4.litan.018996.0001 : 2524436 : 35184653758832 : DEBUG    : prep task.0070
1641259502.026 : re.session.login4.litan.018996.0001 : 2524436 : 35184653758832 : DEBUG    : prep task.0068
1641259502.035 : re.session.login4.litan.018996.0001 : 2524436 : 35184653758832 : DEBUG    : prep task.0066
1641259502.045 : re.session.login4.litan.018996.0001 : 2524436 : 35184653758832 : DEBUG    : prep task.0069
1641259502.054 : re.session.login4.litan.018996.0001 : 2524436 : 35184653758832 : DEBUG    : prep task.0065
1641259502.064 : re.session.login4.litan.018996.0001 : 2524436 : 35184653758832 : DEBUG    : prep task.0067
1641259502.073 : re.session.login4.litan.018996.0001 : 2524436 : 35184653758832 : DEBUG    : prep task.0118
1641259502.083 : re.session.login4.litan.018996.0001 : 2524436 : 35184653758832 : DEBUG    : prep task.0122
1641259502.092 : re.session.login4.litan.018996.0001 : 2524436 : 35184653758832 : DEBUG    : prep task.0119
1641259502.100 : re.session.login4.litan.018996.0001 : 2524436 : 35184653758832 : DEBUG    : prep task.0121
1641259502.108 : re.session.login4.litan.018996.0001 : 2524436 : 35184653758832 : DEBUG    : prep task.0123
1641259502.117 : re.session.login4.litan.018996.0001 : 2524436 : 35184653758832 : DEBUG    : prep task.0120
1641259502.125 : re.session.login4.litan.018996.0001 : 2524436 : 35184653758832 : DEBUG    : prep task.0193
1641259502.134 : re.session.login4.litan.018996.0001 : 2524436 : 35184653758832 : DEBUG    : prep task.0189
1641259502.142 : re.session.login4.litan.018996.0001 : 2524436 : 35184653758832 : DEBUG    : prep task.0191
1641259502.150 : re.session.login4.litan.018996.0001 : 2524436 : 35184653758832 : DEBUG    : prep task.0190
1641259502.158 : re.session.login4.litan.018996.0001 : 2524436 : 35184653758832 : DEBUG    : prep task.0188
1641259502.165 : re.session.login4.litan.018996.0001 : 2524436 : 35184653758832 : DEBUG    : prep task.0192
1641259527.212 : re.session.login4.litan.018996.0001 : 2524436 : 35184653758832 : DEBUG    : prep task.0147
1641259527.220 : re.session.login4.litan.018996.0001 : 2524436 : 35184653758832 : DEBUG    : prep task.0146
1641259527.228 : re.session.login4.litan.018996.0001 : 2524436 : 35184653758832 : DEBUG    : prep task.0150
1641259527.236 : re.session.login4.litan.018996.0001 : 2524436 : 35184653758832 : DEBUG    : prep task.0205
1641259527.244 : re.session.login4.litan.018996.0001 : 2524436 : 35184653758832 : DEBUG    : prep task.0149
1641259527.252 : re.session.login4.litan.018996.0001 : 2524436 : 35184653758832 : DEBUG    : prep task.0202
1641259527.260 : re.session.login4.litan.018996.0001 : 2524436 : 35184653758832 : DEBUG    : prep task.0029
1641259527.268 : re.session.login4.litan.018996.0001 : 2524436 : 35184653758832 : DEBUG    : prep task.0204
1641259527.305 : re.session.login4.litan.018996.0001 : 2524436 : 35184653758832 : DEBUG    : prep task.0163
1641259527.312 : re.session.login4.litan.018996.0001 : 2524436 : 35184653758832 : DEBUG    : prep task.0056
1641259527.320 : re.session.login4.litan.018996.0001 : 2524436 : 35184653758832 : DEBUG    : prep task.0161
1641259527.328 : re.session.login4.litan.018996.0001 : 2524436 : 35184653758832 : DEBUG    : prep task.0160
1641259527.336 : re.session.login4.litan.018996.0001 : 2524436 : 35184653758832 : DEBUG    : prep task.0162
1641259527.344 : re.session.login4.litan.018996.0001 : 2524436 : 35184653758832 : DEBUG    : prep task.0054
1641259527.353 : re.session.login4.litan.018996.0001 : 2524436 : 35184653758832 : DEBUG    : prep task.0081
1641259527.360 : re.session.login4.litan.018996.0001 : 2524436 : 35184653758832 : DEBUG    : prep task.0052
1641259527.368 : re.session.login4.litan.018996.0001 : 2524436 : 35184653758832 : DEBUG    : prep task.0057
1641259527.404 : re.session.login4.litan.018996.0001 : 2524436 : 35184653758832 : DEBUG    : prep task.0206
1641259527.605 : re.session.login4.litan.018996.0001 : 2524436 : 35184653758832 : DEBUG    : prep task.0053
1641259527.612 : re.session.login4.litan.018996.0001 : 2524436 : 35184653758832 : DEBUG    : prep task.0109
1641259527.620 : re.session.login4.litan.018996.0001 : 2524436 : 35184653758832 : DEBUG    : prep task.0104
1641259527.628 : re.session.login4.litan.018996.0001 : 2524436 : 35184653758832 : DEBUG    : prep task.0164
1641259527.636 : re.session.login4.litan.018996.0001 : 2524436 : 35184653758832 : DEBUG    : prep task.0148
1641259527.644 : re.session.login4.litan.018996.0001 : 2524436 : 35184653758832 : DEBUG    : prep task.0105
1641259531.709 : re.session.login4.litan.018996.0001 : 2524436 : 35184653758832 : DEBUG    : prep task.0006
1641259531.811 : re.session.login4.litan.018996.0001 : 2524436 : 35184653758832 : DEBUG    : prep task.0097
1641259531.815 : re.session.login4.litan.018996.0001 : 2524436 : 35184653758832 : DEBUG    : prep task.0019
1641259531.820 : re.session.login4.litan.018996.0001 : 2524436 : 35184653758832 : DEBUG    : prep task.0071
1641259551.943 : re.session.login4.litan.018996.0001 : 2524436 : 35184653758832 : DEBUG    : prep task.0099
1641259552.049 : re.session.login4.litan.018996.0001 : 2524436 : 35184653758832 : DEBUG    : prep task.0044
1641259552.058 : re.session.login4.litan.018996.0001 : 2524436 : 35184653758832 : DEBUG    : prep task.0078
1641259552.067 : re.session.login4.litan.018996.0001 : 2524436 : 35184653758832 : DEBUG    : prep task.0027
1641259552.075 : re.session.login4.litan.018996.0001 : 2524436 : 35184653758832 : DEBUG    : prep task.0151
1641259552.145 : re.session.login4.litan.018996.0001 : 2524436 : 35184653758832 : DEBUG    : prep task.0102
1641259552.249 : re.session.login4.litan.018996.0001 : 2524436 : 35184653758832 : DEBUG    : prep task.0203
1641259552.258 : re.session.login4.litan.018996.0001 : 2524436 : 35184653758832 : DEBUG    : prep task.0082
1641259552.265 : re.session.login4.litan.018996.0001 : 2524436 : 35184653758832 : DEBUG    : prep task.0012
1641259552.278 : re.session.login4.litan.018996.0001 : 2524436 : 35184653758832 : DEBUG    : prep task.0026
1641259552.288 : re.session.login4.litan.018996.0001 : 2524436 : 35184653758832 : DEBUG    : prep task.0165
1641259552.298 : re.session.login4.litan.018996.0001 : 2524436 : 35184653758832 : DEBUG    : prep task.0028
1641259552.448 : re.session.login4.litan.018996.0001 : 2524436 : 35184653758832 : DEBUG    : prep task.0042
1641259552.548 : re.session.login4.litan.018996.0001 : 2524436 : 35184653758832 : DEBUG    : prep task.0106
1641259552.557 : re.session.login4.litan.018996.0001 : 2524436 : 35184653758832 : DEBUG    : prep task.0108
1641259552.565 : re.session.login4.litan.018996.0001 : 2524436 : 35184653758832 : DEBUG    : prep task.0079
1641259552.573 : re.session.login4.litan.018996.0001 : 2524436 : 35184653758832 : DEBUG    : prep task.0009
1641259552.649 : re.session.login4.litan.018996.0001 : 2524436 : 35184653758832 : DEBUG    : prep task.0041
1641259552.849 : re.session.login4.litan.018996.0001 : 2524436 : 35184653758832 : DEBUG    : prep task.0040
1641259552.951 : re.session.login4.litan.018996.0001 : 2524436 : 35184653758832 : DEBUG    : prep task.0098
1641259552.956 : re.session.login4.litan.018996.0001 : 2524436 : 35184653758832 : DEBUG    : prep task.0101
1641259552.962 : re.session.login4.litan.018996.0001 : 2524436 : 35184653758832 : DEBUG    : prep task.0011
1641259552.967 : re.session.login4.litan.018996.0001 : 2524436 : 35184653758832 : DEBUG    : prep task.0100
1641259552.972 : re.session.login4.litan.018996.0001 : 2524436 : 35184653758832 : DEBUG    : prep task.0008
1641259552.977 : re.session.login4.litan.018996.0001 : 2524436 : 35184653758832 : DEBUG    : prep task.0103
1641259552.987 : re.session.login4.litan.018996.0001 : 2524436 : 35184653758832 : DEBUG    : prep task.0030
1641259552.992 : re.session.login4.litan.018996.0001 : 2524436 : 35184653758832 : DEBUG    : prep task.0007
1641259553.001 : re.session.login4.litan.018996.0001 : 2524436 : 35184653758832 : DEBUG    : prep task.0043
1641259553.008 : re.session.login4.litan.018996.0001 : 2524436 : 35184653758832 : DEBUG    : prep task.0010
1641259553.018 : re.session.login4.litan.018996.0001 : 2524436 : 35184653758832 : DEBUG    : prep task.0207
1641259553.027 : re.session.login4.litan.018996.0001 : 2524436 : 35184653758832 : DEBUG    : prep task.0080
1641259554.654 : re.session.login4.litan.018996.0001 : 2524436 : 35184653758832 : DEBUG    : prep task.0055
1641259554.854 : re.session.login4.litan.018996.0001 : 2524436 : 35184653758832 : DEBUG    : prep task.0107
1641259554.954 : re.session.login4.litan.018996.0001 : 2524436 : 35184653758832 : DEBUG    : prep task.0031
1641259555.254 : re.session.login4.litan.018996.0001 : 2524436 : 35184653758832 : DEBUG    : prep task.0039
1641259555.655 : re.session.login4.litan.018996.0001 : 2524436 : 35184653758832 : DEBUG    : prep task.0083
1641259555.854 : re.session.login4.litan.018996.0001 : 2524436 : 35184653758832 : DEBUG    : prep task.0025
1641259555.955 : re.session.login4.litan.018996.0001 : 2524436 : 35184653758832 : DEBUG    : prep task.0020
1641259555.960 : re.session.login4.litan.018996.0001 : 2524436 : 35184653758832 : DEBUG    : prep task.0023
1641259555.965 : re.session.login4.litan.018996.0001 : 2524436 : 35184653758832 : DEBUG    : prep task.0022
1641259555.970 : re.session.login4.litan.018996.0001 : 2524436 : 35184653758832 : DEBUG    : prep task.0024
1641259555.975 : re.session.login4.litan.018996.0001 : 2524436 : 35184653758832 : DEBUG    : prep task.0021
1641259557.859 : re.session.login4.litan.018996.0001 : 2524436 : 35184653758832 : DEBUG    : prep task.0180
1641259557.959 : re.session.login4.litan.018996.0001 : 2524436 : 35184653758832 : DEBUG    : prep task.0138
1641259557.964 : re.session.login4.litan.018996.0001 : 2524436 : 35184653758832 : DEBUG    : prep task.0124
1641259557.968 : re.session.login4.litan.018996.0001 : 2524436 : 35184653758832 : DEBUG    : prep task.0194
1641259561.863 : re.session.login4.litan.018996.0001 : 2524436 : 35184653758832 : DEBUG    : prep task.0072
1641259561.965 : re.session.login4.litan.018996.0001 : 2524436 : 35184653758832 : DEBUG    : prep task.0075
1641259561.970 : re.session.login4.litan.018996.0001 : 2524436 : 35184653758832 : DEBUG    : prep task.0077
1641259561.974 : re.session.login4.litan.018996.0001 : 2524436 : 35184653758832 : DEBUG    : prep task.0073
1641259561.979 : re.session.login4.litan.018996.0001 : 2524436 : 35184653758832 : DEBUG    : prep task.0074
1641259561.985 : re.session.login4.litan.018996.0001 : 2524436 : 35184653758832 : DEBUG    : prep task.0076
1641259571.883 : re.session.login4.litan.018996.0001 : 2524436 : 35184653758832 : DEBUG    : prep task.0181
1641259577.192 : re.session.login4.litan.018996.0001 : 2524436 : 35184653758832 : DEBUG    : prep task.0141
1641259577.196 : re.session.login4.litan.018996.0001 : 2524436 : 35184653758832 : DEBUG    : prep task.0140
1641259577.392 : re.session.login4.litan.018996.0001 : 2524436 : 35184653758832 : DEBUG    : prep task.0183
1641259577.493 : re.session.login4.litan.018996.0001 : 2524436 : 35184653758832 : DEBUG    : prep task.0184
1641259577.498 : re.session.login4.litan.018996.0001 : 2524436 : 35184653758832 : DEBUG    : prep task.0185
1641259577.502 : re.session.login4.litan.018996.0001 : 2524436 : 35184653758832 : DEBUG    : prep task.0139
1641259577.507 : re.session.login4.litan.018996.0001 : 2524436 : 35184653758832 : DEBUG    : prep task.0186
1641259577.512 : re.session.login4.litan.018996.0001 : 2524436 : 35184653758832 : DEBUG    : prep task.0182
1641259577.517 : re.session.login4.litan.018996.0001 : 2524436 : 35184653758832 : DEBUG    : prep task.0142
1641259577.525 : re.session.login4.litan.018996.0001 : 2524436 : 35184653758832 : DEBUG    : prep task.0144
1641259577.593 : re.session.login4.litan.018996.0001 : 2524436 : 35184653758832 : DEBUG    : prep task.0143
1641259579.898 : re.session.login4.litan.018996.0001 : 2524436 : 35184653758832 : DEBUG    : prep task.0128
1641259579.999 : re.session.login4.litan.018996.0001 : 2524436 : 35184653758832 : DEBUG    : prep task.0126
1641259580.003 : re.session.login4.litan.018996.0001 : 2524436 : 35184653758832 : DEBUG    : prep task.0130
1641259580.008 : re.session.login4.litan.018996.0001 : 2524436 : 35184653758832 : DEBUG    : prep task.0127
1641259580.013 : re.session.login4.litan.018996.0001 : 2524436 : 35184653758832 : DEBUG    : prep task.0125
1641259580.019 : re.session.login4.litan.018996.0001 : 2524436 : 35184653758832 : DEBUG    : prep task.0129
1641259585.908 : re.session.login4.litan.018996.0001 : 2524436 : 35184653758832 : DEBUG    : prep task.0187
1641259586.010 : re.session.login4.litan.018996.0001 : 2524436 : 35184653758832 : DEBUG    : prep task.0145
1641259586.014 : re.session.login4.litan.018996.0001 : 2524436 : 35184653758832 : DEBUG    : prep task.0199
1641259586.019 : re.session.login4.litan.018996.0001 : 2524436 : 35184653758832 : DEBUG    : prep task.0198
1641259586.024 : re.session.login4.litan.018996.0001 : 2524436 : 35184653758832 : DEBUG    : prep task.0196
1641259586.029 : re.session.login4.litan.018996.0001 : 2524436 : 35184653758832 : DEBUG    : prep task.0200
1641259586.035 : re.session.login4.litan.018996.0001 : 2524436 : 35184653758832 : DEBUG    : prep task.0195
1641259586.041 : re.session.login4.litan.018996.0001 : 2524436 : 35184653758832 : DEBUG    : prep task.0197
1641259586.047 : re.session.login4.litan.018996.0001 : 2524436 : 35184653758832 : DEBUG    : prep task.0032
1641259586.054 : re.session.login4.litan.018996.0001 : 2524436 : 35184653758832 : DEBUG    : prep task.0045
1641259586.060 : re.session.login4.litan.018996.0001 : 2524436 : 35184653758832 : DEBUG    : prep task.0084
1641259586.072 : re.session.login4.litan.018996.0001 : 2524436 : 35184653758832 : DEBUG    : prep task.0058
1641259589.915 : re.session.login4.litan.018996.0001 : 2524436 : 35184653758832 : DEBUG    : prep task.0131
1641259593.922 : re.session.login4.litan.018996.0001 : 2524436 : 35184653758832 : DEBUG    : prep task.0201
1641259595.923 : re.session.login4.litan.018996.0001 : 2524436 : 35184653758832 : DEBUG    : prep task.0035
1641259596.025 : re.session.login4.litan.018996.0001 : 2524436 : 35184653758832 : DEBUG    : prep task.0036
1641259596.029 : re.session.login4.litan.018996.0001 : 2524436 : 35184653758832 : DEBUG    : prep task.0038
1641259596.034 : re.session.login4.litan.018996.0001 : 2524436 : 35184653758832 : DEBUG    : prep task.0034
1641259596.039 : re.session.login4.litan.018996.0001 : 2524436 : 35184653758832 : DEBUG    : prep task.0037
1641259596.044 : re.session.login4.litan.018996.0001 : 2524436 : 35184653758832 : DEBUG    : prep task.0033
1641259601.937 : re.session.login4.litan.018996.0001 : 2524436 : 35184653758832 : DEBUG    : prep task.0087
1641259602.035 : re.session.login4.litan.018996.0001 : 2524436 : 35184653758832 : DEBUG    : prep task.0085
1641259602.040 : re.session.login4.litan.018996.0001 : 2524436 : 35184653758832 : DEBUG    : prep task.0089
1641259602.044 : re.session.login4.litan.018996.0001 : 2524436 : 35184653758832 : DEBUG    : prep task.0090
1641259602.050 : re.session.login4.litan.018996.0001 : 2524436 : 35184653758832 : DEBUG    : prep task.0086
1641259602.055 : re.session.login4.litan.018996.0001 : 2524436 : 35184653758832 : DEBUG    : prep task.0088
1641259605.944 : re.session.login4.litan.018996.0001 : 2524436 : 35184653758832 : DEBUG    : prep task.0152
1641259606.041 : re.session.login4.litan.018996.0001 : 2524436 : 35184653758832 : DEBUG    : prep task.0166
1641259607.945 : re.session.login4.litan.018996.0001 : 2524436 : 35184653758832 : DEBUG    : prep task.0208
1641259608.047 : re.session.login4.litan.018996.0001 : 2524436 : 35184653758832 : DEBUG    : prep task.0047
1641259608.051 : re.session.login4.litan.018996.0001 : 2524436 : 35184653758832 : DEBUG    : prep task.0049
1641259608.056 : re.session.login4.litan.018996.0001 : 2524436 : 35184653758832 : DEBUG    : prep task.0050
1641259608.061 : re.session.login4.litan.018996.0001 : 2524436 : 35184653758832 : DEBUG    : prep task.0048
1641259608.066 : re.session.login4.litan.018996.0001 : 2524436 : 35184653758832 : DEBUG    : prep task.0051
1641259608.072 : re.session.login4.litan.018996.0001 : 2524436 : 35184653758832 : DEBUG    : prep task.0046
1641259608.078 : re.session.login4.litan.018996.0001 : 2524436 : 35184653758832 : DEBUG    : prep task.0110
1641259615.962 : re.session.login4.litan.018996.0001 : 2524436 : 35184653758832 : DEBUG    : prep task.0060
1641259616.061 : re.session.login4.litan.018996.0001 : 2524436 : 35184653758832 : DEBUG    : prep task.0062
1641259616.066 : re.session.login4.litan.018996.0001 : 2524436 : 35184653758832 : DEBUG    : prep task.0063
1641259616.071 : re.session.login4.litan.018996.0001 : 2524436 : 35184653758832 : DEBUG    : prep task.0059
1641259616.075 : re.session.login4.litan.018996.0001 : 2524436 : 35184653758832 : DEBUG    : prep task.0061
1641259616.081 : re.session.login4.litan.018996.0001 : 2524436 : 35184653758832 : DEBUG    : prep task.0064
1641259625.982 : re.session.login4.litan.018996.0001 : 2524436 : 35184653758832 : DEBUG    : prep task.0153
1641259626.080 : re.session.login4.litan.018996.0001 : 2524436 : 35184653758832 : DEBUG    : prep task.0156
1641259626.085 : re.session.login4.litan.018996.0001 : 2524436 : 35184653758832 : DEBUG    : prep task.0154
1641259626.090 : re.session.login4.litan.018996.0001 : 2524436 : 35184653758832 : DEBUG    : prep task.0157
1641259626.095 : re.session.login4.litan.018996.0001 : 2524436 : 35184653758832 : DEBUG    : prep task.0158
1641259626.100 : re.session.login4.litan.018996.0001 : 2524436 : 35184653758832 : DEBUG    : prep task.0155
1641259633.997 : re.session.login4.litan.018996.0001 : 2524436 : 35184653758832 : DEBUG    : prep task.0168
1641259634.095 : re.session.login4.litan.018996.0001 : 2524436 : 35184653758832 : DEBUG    : prep task.0169
1641259634.100 : re.session.login4.litan.018996.0001 : 2524436 : 35184653758832 : DEBUG    : prep task.0171
1641259634.105 : re.session.login4.litan.018996.0001 : 2524436 : 35184653758832 : DEBUG    : prep task.0170
1641259634.110 : re.session.login4.litan.018996.0001 : 2524436 : 35184653758832 : DEBUG    : prep task.0167
1641259634.115 : re.session.login4.litan.018996.0001 : 2524436 : 35184653758832 : DEBUG    : prep task.0172
1641259640.008 : re.session.login4.litan.018996.0001 : 2524436 : 35184653758832 : DEBUG    : prep task.0210
1641259640.107 : re.session.login4.litan.018996.0001 : 2524436 : 35184653758832 : DEBUG    : prep task.0212
1641259640.111 : re.session.login4.litan.018996.0001 : 2524436 : 35184653758832 : DEBUG    : prep task.0214
1641259640.116 : re.session.login4.litan.018996.0001 : 2524436 : 35184653758832 : DEBUG    : prep task.0209
1641259640.121 : re.session.login4.litan.018996.0001 : 2524436 : 35184653758832 : DEBUG    : prep task.0213
1641259640.134 : re.session.login4.litan.018996.0001 : 2524436 : 35184653758832 : DEBUG    : prep task.0211
1641259650.026 : re.session.login4.litan.018996.0001 : 2524436 : 35184653758832 : DEBUG    : prep task.0114
1641259650.125 : re.session.login4.litan.018996.0001 : 2524436 : 35184653758832 : DEBUG    : prep task.0112
1641259650.130 : re.session.login4.litan.018996.0001 : 2524436 : 35184653758832 : DEBUG    : prep task.0116
1641259650.135 : re.session.login4.litan.018996.0001 : 2524436 : 35184653758832 : DEBUG    : prep task.0115
1641259650.139 : re.session.login4.litan.018996.0001 : 2524436 : 35184653758832 : DEBUG    : prep task.0111
1641259650.146 : re.session.login4.litan.018996.0001 : 2524436 : 35184653758832 : DEBUG    : prep task.0113
1641259662.050 : re.session.login4.litan.018996.0001 : 2524436 : 35184653758832 : DEBUG    : prep task.0159
1641259662.149 : re.session.login4.litan.018996.0001 : 2524436 : 35184653758832 : DEBUG    : prep task.0215
1641259662.154 : re.session.login4.litan.018996.0001 : 2524436 : 35184653758832 : DEBUG    : prep task.0117
1641259662.158 : re.session.login4.litan.018996.0001 : 2524436 : 35184653758832 : DEBUG    : prep task.0173
1641259702.451 : re.session.login4.litan.018996.0001 : 2524164 : 35185027182960 : INFO     : no shutdown hook defined for LaunchMethod JSRUN
1641259702.451 : re.session.login4.litan.018996.0001 : 2524164 : 35185027182960 : INFO     : ResourceManager shutdown hook succeeded (JSRUN)
