1636840886.478 : tmgr.0000            : 781962 : 140733856018800 : INFO     : connect pub to state_pubsub: tcp://10.134.0.31:32821
1636840886.484 : tmgr.0000            : 781962 : 140733856018800 : DEBUG    : registered publisher for state_pubsub
1636840886.514 : tmgr.0000            : 781962 : 140733856018800 : INFO     : connect pub to control_pubsub: tcp://10.134.0.31:42903
1636840886.520 : tmgr.0000            : 781962 : 140733856018800 : DEBUG    : registered publisher for control_pubsub
1636840886.550 : tmgr.0000            : 781962 : 140733856018800 : INFO     : connect sub to control_pubsub: tcp://10.134.0.31:35761
1636840886.627 : tmgr.0000            : 781962 : 140733856018800 : DEBUG    : ~~ control_pubsub: control_pubsub
1636840886.656 : tmgr.0000            : 781962 : 140733847564656 : INFO     : started tmgr tmgr.0000
1636840892.805 : tmgr.0000            : 781962 : 140733847564656 : DEBUG    : tmgr.0000 register output TMGR_SCHEDULING_PENDING:tmgr_scheduling_queue
1636840892.935 : tmgr.0000            : 781962 : 140733847564656 : DEBUG    : tmgr.0000 register output TMGR_STAGING_OUTPUT_PENDING:tmgr_staging_output_queue
1636840893.074 : tmgr.0000            : 781962 : 140733847564656 : DEBUG    : START: tmgr.0000 register idler tmgr.0000.idler._state_pull_cb
1636840893.079 : tmgr.0000            : 781962 : 140734996869488 : DEBUG    : start idle thread: <bound method TaskManager._state_pull_cb of <radical.pilot.task_manager.TaskManager object at 0x7fffab122790>>
1636840893.090 : tmgr.0000            : 781962 : 140733847564656 : DEBUG    : tmgr.0000 registered idler tmgr.0000.idler._state_pull_cb
1636840893.095 : tmgr.0000            : 781962 : 140733847564656 : DEBUG    : START: tmgr.0000 register idler tmgr.0000.idler._task_pull_cb
1636840893.210 : tmgr.0000            : 781962 : 140735239942512 : DEBUG    : start idle thread: <bound method TaskManager._task_pull_cb of <radical.pilot.task_manager.TaskManager object at 0x7fffab122790>>
1636840893.216 : tmgr.0000            : 781962 : 140733847564656 : DEBUG    : tmgr.0000 registered idler tmgr.0000.idler._task_pull_cb
1636840893.258 : tmgr.0000            : 781962 : 140733847564656 : INFO     : connect sub to state_pubsub: tcp://10.134.0.31:43795
1636840893.278 : tmgr.0000            : 781962 : 140733847564656 : DEBUG    : ~~ state_pubsub: state_pubsub
1636840893.307 : tmgr.0000            : 781962 : 140734325780848 : DEBUG    : command incoming: {'cmd': 'add_pilots', 'arg': {'pilots': [{'session': 're.session.login1.litan.018944.0007', 'pmgr': 'pmgr.0000', 'uid': 'pilot.0000', 'type': 'pilot', 'state': 'PMGR_ACTIVE', 'log': None, 'stdout': None, 'stderr': None, 'resource': 'ornl.summit', 'resource_sandbox': 'file://localhost/gpfs/alpine/scratch/litan/csc299/radical.pilot.sandbox', 'session_sandbox': 'file://localhost/gpfs/alpine/scratch/litan/csc299/radical.pilot.sandbox/re.session.login1.litan.018944.0007', 'pilot_sandbox': 'file://localhost/gpfs/alpine/scratch/litan/csc299/radical.pilot.sandbox/re.session.login1.litan.018944.0007/pilot.0000/', 'client_sandbox': '/gpfs/alpine/csc299/scratch/litan/DeepDriveMD/async/new/CANDLE', 'js_url': 'lsf://localhost/', 'js_hop': 'fork://localhost/', 'description': {'uid': None, 'resource': 'ornl.summit', 'access_schema': None, 'runtime': 120, 'app_comm': [], 'sandbox': None, 'cores': 2688, 'gpus': 96, 'memory': 0, 'queue': 'batch', 'job_name': None, 'project': 'CSC299', 'cleanup': False, 'candidate_hosts': [], 'exit_on_error': True, 'input_staging': [], 'output_staging': [], 'prepare_env': {}, 'layout': 'default', 'services': []}}], 'tmgr': 'tmgr.0000'}}
1636840893.307 : tmgr.0000            : 781962 : 140734325780848 : DEBUG    : command ignored: add_pilots
1636840893.837 : tmgr.0000            : 781962 : 140733847564656 : DEBUG    : advance bulk: 1 [False, False]
1636840893.837 : tmgr.0000            : 781962 : 140733847564656 : DEBUG    : advance bulk: 1 [False, False]
1636840893.838 : tmgr.0000            : 781962 : 140733847564656 : DEBUG    : advance bulk: 1 [False, False]
1636840893.839 : tmgr.0000            : 781962 : 140733847564656 : DEBUG    : advance bulk: 1 [False, False]
1636840893.839 : tmgr.0000            : 781962 : 140733847564656 : DEBUG    : advance bulk: 1 [False, False]
1636840893.840 : tmgr.0000            : 781962 : 140733847564656 : DEBUG    : advance bulk: 1 [False, False]
1636840893.840 : tmgr.0000            : 781962 : 140733847564656 : DEBUG    : advance bulk: 1 [False, False]
1636840893.840 : tmgr.0000            : 781962 : 140733847564656 : DEBUG    : advance bulk: 1 [False, False]
1636840893.841 : tmgr.0000            : 781962 : 140733847564656 : DEBUG    : advance bulk: 1 [False, False]
1636840893.841 : tmgr.0000            : 781962 : 140733847564656 : DEBUG    : advance bulk: 1 [False, False]
1636840893.842 : tmgr.0000            : 781962 : 140733847564656 : DEBUG    : advance bulk: 1 [False, False]
1636840893.842 : tmgr.0000            : 781962 : 140733847564656 : DEBUG    : advance bulk: 1 [False, False]
1636840893.842 : tmgr.0000            : 781962 : 140733847564656 : DEBUG    : advance bulk: 1 [False, False]
1636840893.843 : tmgr.0000            : 781962 : 140733847564656 : DEBUG    : advance bulk: 1 [False, False]
1636840893.843 : tmgr.0000            : 781962 : 140733847564656 : DEBUG    : advance bulk: 1 [False, False]
1636840893.843 : tmgr.0000            : 781962 : 140733847564656 : DEBUG    : advance bulk: 1 [False, False]
1636840893.844 : tmgr.0000            : 781962 : 140733847564656 : DEBUG    : advance bulk: 1 [False, False]
1636840893.844 : tmgr.0000            : 781962 : 140733847564656 : DEBUG    : advance bulk: 1 [False, False]
1636840893.844 : tmgr.0000            : 781962 : 140733847564656 : DEBUG    : advance bulk: 1 [False, False]
1636840893.845 : tmgr.0000            : 781962 : 140733847564656 : DEBUG    : advance bulk: 1 [False, False]
1636840893.845 : tmgr.0000            : 781962 : 140733847564656 : DEBUG    : advance bulk: 1 [False, False]
1636840893.845 : tmgr.0000            : 781962 : 140733847564656 : DEBUG    : advance bulk: 1 [False, False]
1636840893.846 : tmgr.0000            : 781962 : 140733847564656 : DEBUG    : advance bulk: 1 [False, False]
1636840893.846 : tmgr.0000            : 781962 : 140733847564656 : DEBUG    : advance bulk: 1 [False, False]
1636840893.846 : tmgr.0000            : 781962 : 140733847564656 : DEBUG    : advance bulk: 1 [False, False]
1636840893.847 : tmgr.0000            : 781962 : 140733847564656 : DEBUG    : advance bulk: 1 [False, False]
1636840893.847 : tmgr.0000            : 781962 : 140733847564656 : DEBUG    : advance bulk: 1 [False, False]
1636840893.847 : tmgr.0000            : 781962 : 140733847564656 : DEBUG    : advance bulk: 1 [False, False]
1636840893.848 : tmgr.0000            : 781962 : 140733847564656 : DEBUG    : advance bulk: 1 [False, False]
1636840893.848 : tmgr.0000            : 781962 : 140733847564656 : DEBUG    : advance bulk: 1 [False, False]
1636840893.848 : tmgr.0000            : 781962 : 140733847564656 : DEBUG    : advance bulk: 1 [False, False]
1636840893.849 : tmgr.0000            : 781962 : 140733847564656 : DEBUG    : advance bulk: 1 [False, False]
1636840893.849 : tmgr.0000            : 781962 : 140733847564656 : DEBUG    : advance bulk: 1 [False, False]
1636840893.849 : tmgr.0000            : 781962 : 140733847564656 : DEBUG    : advance bulk: 1 [False, False]
1636840893.850 : tmgr.0000            : 781962 : 140733847564656 : DEBUG    : advance bulk: 1 [False, False]
1636840893.850 : tmgr.0000            : 781962 : 140733847564656 : DEBUG    : advance bulk: 1 [False, False]
1636840893.850 : tmgr.0000            : 781962 : 140733847564656 : DEBUG    : advance bulk: 1 [False, False]
1636840893.851 : tmgr.0000            : 781962 : 140733847564656 : DEBUG    : advance bulk: 1 [False, False]
1636840893.851 : tmgr.0000            : 781962 : 140733847564656 : DEBUG    : advance bulk: 1 [False, False]
1636840893.851 : tmgr.0000            : 781962 : 140733847564656 : DEBUG    : advance bulk: 1 [False, False]
1636840893.852 : tmgr.0000            : 781962 : 140733847564656 : DEBUG    : advance bulk: 1 [False, False]
1636840893.852 : tmgr.0000            : 781962 : 140733847564656 : DEBUG    : advance bulk: 1 [False, False]
1636840893.852 : tmgr.0000            : 781962 : 140733847564656 : DEBUG    : advance bulk: 1 [False, False]
1636840893.853 : tmgr.0000            : 781962 : 140733847564656 : DEBUG    : advance bulk: 1 [False, False]
1636840893.853 : tmgr.0000            : 781962 : 140733847564656 : DEBUG    : advance bulk: 1 [False, False]
1636840893.854 : tmgr.0000            : 781962 : 140733847564656 : DEBUG    : advance bulk: 1 [False, False]
1636840893.854 : tmgr.0000            : 781962 : 140733847564656 : DEBUG    : advance bulk: 1 [False, False]
1636840893.854 : tmgr.0000            : 781962 : 140733847564656 : DEBUG    : advance bulk: 1 [False, False]
1636840893.855 : tmgr.0000            : 781962 : 140733847564656 : DEBUG    : advance bulk: 1 [False, False]
1636840893.855 : tmgr.0000            : 781962 : 140733847564656 : DEBUG    : advance bulk: 1 [False, False]
1636840893.855 : tmgr.0000            : 781962 : 140733847564656 : DEBUG    : advance bulk: 1 [False, False]
1636840893.856 : tmgr.0000            : 781962 : 140733847564656 : DEBUG    : advance bulk: 1 [False, False]
1636840893.856 : tmgr.0000            : 781962 : 140733847564656 : DEBUG    : advance bulk: 1 [False, False]
1636840893.856 : tmgr.0000            : 781962 : 140733847564656 : DEBUG    : advance bulk: 1 [False, False]
1636840893.857 : tmgr.0000            : 781962 : 140733847564656 : DEBUG    : advance bulk: 1 [False, False]
1636840893.857 : tmgr.0000            : 781962 : 140733847564656 : DEBUG    : advance bulk: 1 [False, False]
1636840893.857 : tmgr.0000            : 781962 : 140733847564656 : DEBUG    : advance bulk: 1 [False, False]
1636840893.859 : tmgr.0000            : 781962 : 140733847564656 : DEBUG    : advance bulk: 1 [False, False]
1636840893.859 : tmgr.0000            : 781962 : 140733847564656 : DEBUG    : advance bulk: 1 [False, False]
1636840893.860 : tmgr.0000            : 781962 : 140733847564656 : DEBUG    : advance bulk: 1 [False, False]
1636840893.860 : tmgr.0000            : 781962 : 140733847564656 : DEBUG    : advance bulk: 1 [False, False]
1636840893.860 : tmgr.0000            : 781962 : 140733847564656 : DEBUG    : advance bulk: 1 [False, False]
1636840893.861 : tmgr.0000            : 781962 : 140733847564656 : DEBUG    : advance bulk: 1 [False, False]
1636840893.861 : tmgr.0000            : 781962 : 140733847564656 : DEBUG    : advance bulk: 1 [False, False]
1636840893.861 : tmgr.0000            : 781962 : 140733847564656 : DEBUG    : advance bulk: 1 [False, False]
1636840893.862 : tmgr.0000            : 781962 : 140733847564656 : DEBUG    : advance bulk: 1 [False, False]
1636840893.862 : tmgr.0000            : 781962 : 140733847564656 : DEBUG    : advance bulk: 1 [False, False]
1636840893.862 : tmgr.0000            : 781962 : 140733847564656 : DEBUG    : advance bulk: 1 [False, False]
1636840893.863 : tmgr.0000            : 781962 : 140733847564656 : DEBUG    : advance bulk: 1 [False, False]
1636840893.863 : tmgr.0000            : 781962 : 140733847564656 : DEBUG    : advance bulk: 1 [False, False]
1636840893.863 : tmgr.0000            : 781962 : 140733847564656 : DEBUG    : advance bulk: 1 [False, False]
1636840893.864 : tmgr.0000            : 781962 : 140733847564656 : DEBUG    : advance bulk: 1 [False, False]
1636840893.864 : tmgr.0000            : 781962 : 140733847564656 : DEBUG    : advance bulk: 1 [False, False]
1636840893.864 : tmgr.0000            : 781962 : 140733847564656 : DEBUG    : advance bulk: 1 [False, False]
1636840893.865 : tmgr.0000            : 781962 : 140733847564656 : DEBUG    : advance bulk: 1 [False, False]
1636840893.865 : tmgr.0000            : 781962 : 140733847564656 : DEBUG    : advance bulk: 1 [False, False]
1636840893.865 : tmgr.0000            : 781962 : 140733847564656 : DEBUG    : advance bulk: 1 [False, False]
1636840893.866 : tmgr.0000            : 781962 : 140733847564656 : DEBUG    : advance bulk: 1 [False, False]
1636840893.866 : tmgr.0000            : 781962 : 140733847564656 : DEBUG    : advance bulk: 1 [False, False]
1636840893.866 : tmgr.0000            : 781962 : 140733847564656 : DEBUG    : advance bulk: 1 [False, False]
1636840893.867 : tmgr.0000            : 781962 : 140733847564656 : DEBUG    : advance bulk: 1 [False, False]
1636840893.867 : tmgr.0000            : 781962 : 140733847564656 : DEBUG    : advance bulk: 1 [False, False]
1636840893.867 : tmgr.0000            : 781962 : 140733847564656 : DEBUG    : advance bulk: 1 [False, False]
1636840893.868 : tmgr.0000            : 781962 : 140733847564656 : DEBUG    : advance bulk: 1 [False, False]
1636840893.868 : tmgr.0000            : 781962 : 140733847564656 : DEBUG    : advance bulk: 1 [False, False]
1636840893.868 : tmgr.0000            : 781962 : 140733847564656 : DEBUG    : advance bulk: 1 [False, False]
1636840893.869 : tmgr.0000            : 781962 : 140733847564656 : DEBUG    : advance bulk: 1 [False, False]
1636840893.869 : tmgr.0000            : 781962 : 140733847564656 : DEBUG    : advance bulk: 1 [False, False]
1636840893.869 : tmgr.0000            : 781962 : 140733847564656 : DEBUG    : advance bulk: 1 [False, False]
1636840893.870 : tmgr.0000            : 781962 : 140733847564656 : DEBUG    : advance bulk: 1 [False, False]
1636840893.871 : tmgr.0000            : 781962 : 140733847564656 : DEBUG    : advance bulk: 1 [False, False]
1636840893.872 : tmgr.0000            : 781962 : 140733847564656 : DEBUG    : advance bulk: 1 [False, False]
1636840893.872 : tmgr.0000            : 781962 : 140733847564656 : DEBUG    : advance bulk: 1 [False, False]
1636840893.872 : tmgr.0000            : 781962 : 140733847564656 : DEBUG    : advance bulk: 1 [False, False]
1636840893.873 : tmgr.0000            : 781962 : 140733847564656 : DEBUG    : advance bulk: 1 [False, False]
1636840893.873 : tmgr.0000            : 781962 : 140733847564656 : DEBUG    : advance bulk: 1 [False, False]
1636840893.873 : tmgr.0000            : 781962 : 140733847564656 : DEBUG    : advance bulk: 1 [False, False]
1636840893.874 : tmgr.0000            : 781962 : 140733847564656 : DEBUG    : advance bulk: 1 [False, False]
1636840893.874 : tmgr.0000            : 781962 : 140733847564656 : DEBUG    : advance bulk: 1 [False, False]
1636840893.874 : tmgr.0000            : 781962 : 140733847564656 : DEBUG    : advance bulk: 1 [False, False]
1636840893.875 : tmgr.0000            : 781962 : 140733847564656 : DEBUG    : advance bulk: 1 [False, False]
1636840893.875 : tmgr.0000            : 781962 : 140733847564656 : DEBUG    : advance bulk: 1 [False, False]
1636840893.875 : tmgr.0000            : 781962 : 140733847564656 : DEBUG    : advance bulk: 1 [False, False]
1636840893.876 : tmgr.0000            : 781962 : 140733847564656 : DEBUG    : advance bulk: 1 [False, False]
1636840893.876 : tmgr.0000            : 781962 : 140733847564656 : DEBUG    : advance bulk: 1 [False, False]
1636840893.876 : tmgr.0000            : 781962 : 140733847564656 : DEBUG    : advance bulk: 1 [False, False]
1636840893.877 : tmgr.0000            : 781962 : 140733847564656 : DEBUG    : advance bulk: 1 [False, False]
1636840893.877 : tmgr.0000            : 781962 : 140733847564656 : DEBUG    : advance bulk: 1 [False, False]
1636840893.877 : tmgr.0000            : 781962 : 140733847564656 : DEBUG    : advance bulk: 1 [False, False]
1636840893.878 : tmgr.0000            : 781962 : 140733847564656 : DEBUG    : advance bulk: 1 [False, False]
1636840893.878 : tmgr.0000            : 781962 : 140733847564656 : DEBUG    : advance bulk: 1 [False, False]
1636840893.878 : tmgr.0000            : 781962 : 140733847564656 : DEBUG    : advance bulk: 1 [False, False]
1636840893.879 : tmgr.0000            : 781962 : 140733847564656 : DEBUG    : advance bulk: 1 [False, False]
1636840893.879 : tmgr.0000            : 781962 : 140733847564656 : DEBUG    : advance bulk: 1 [False, False]
1636840893.879 : tmgr.0000            : 781962 : 140733847564656 : DEBUG    : advance bulk: 1 [False, False]
1636840893.880 : tmgr.0000            : 781962 : 140733847564656 : DEBUG    : advance bulk: 1 [False, False]
1636840893.880 : tmgr.0000            : 781962 : 140733847564656 : DEBUG    : advance bulk: 1 [False, False]
1636840893.880 : tmgr.0000            : 781962 : 140733847564656 : DEBUG    : advance bulk: 1 [False, False]
1636840893.881 : tmgr.0000            : 781962 : 140733847564656 : DEBUG    : advance bulk: 1 [False, False]
1636840893.881 : tmgr.0000            : 781962 : 140733847564656 : DEBUG    : advance bulk: 1 [False, False]
1636840893.881 : tmgr.0000            : 781962 : 140733847564656 : DEBUG    : advance bulk: 1 [False, False]
1636840893.882 : tmgr.0000            : 781962 : 140733847564656 : DEBUG    : advance bulk: 1 [False, False]
1636840893.882 : tmgr.0000            : 781962 : 140733847564656 : DEBUG    : advance bulk: 1 [False, False]
1636840893.883 : tmgr.0000            : 781962 : 140733847564656 : DEBUG    : advance bulk: 1 [False, False]
1636840893.883 : tmgr.0000            : 781962 : 140733847564656 : DEBUG    : advance bulk: 1 [False, False]
1636840893.883 : tmgr.0000            : 781962 : 140733847564656 : DEBUG    : advance bulk: 1 [False, False]
1636840893.884 : tmgr.0000            : 781962 : 140733847564656 : DEBUG    : advance bulk: 1 [False, False]
1636840893.884 : tmgr.0000            : 781962 : 140733847564656 : DEBUG    : advance bulk: 1 [False, False]
1636840893.885 : tmgr.0000            : 781962 : 140733847564656 : DEBUG    : advance bulk: 1 [False, False]
1636840893.885 : tmgr.0000            : 781962 : 140733847564656 : DEBUG    : advance bulk: 1 [False, False]
1636840893.885 : tmgr.0000            : 781962 : 140733847564656 : DEBUG    : advance bulk: 1 [False, False]
1636840893.886 : tmgr.0000            : 781962 : 140733847564656 : DEBUG    : advance bulk: 1 [False, False]
1636840893.886 : tmgr.0000            : 781962 : 140733847564656 : DEBUG    : advance bulk: 1 [False, False]
1636840893.886 : tmgr.0000            : 781962 : 140733847564656 : DEBUG    : advance bulk: 1 [False, False]
1636840893.887 : tmgr.0000            : 781962 : 140733847564656 : DEBUG    : advance bulk: 1 [False, False]
1636840893.887 : tmgr.0000            : 781962 : 140733847564656 : DEBUG    : advance bulk: 1 [False, False]
1636840893.887 : tmgr.0000            : 781962 : 140733847564656 : DEBUG    : advance bulk: 1 [False, False]
1636840893.888 : tmgr.0000            : 781962 : 140733847564656 : DEBUG    : advance bulk: 1 [False, False]
1636840893.888 : tmgr.0000            : 781962 : 140733847564656 : DEBUG    : advance bulk: 1 [False, False]
1636840893.888 : tmgr.0000            : 781962 : 140733847564656 : DEBUG    : advance bulk: 1 [False, False]
1636840893.889 : tmgr.0000            : 781962 : 140733847564656 : DEBUG    : advance bulk: 1 [False, False]
1636840893.889 : tmgr.0000            : 781962 : 140733847564656 : DEBUG    : advance bulk: 1 [False, False]
1636840893.889 : tmgr.0000            : 781962 : 140733847564656 : DEBUG    : advance bulk: 1 [False, False]
1636840893.890 : tmgr.0000            : 781962 : 140733847564656 : DEBUG    : advance bulk: 1 [False, False]
1636840893.890 : tmgr.0000            : 781962 : 140733847564656 : DEBUG    : advance bulk: 1 [False, False]
1636840893.890 : tmgr.0000            : 781962 : 140733847564656 : DEBUG    : advance bulk: 1 [False, False]
1636840893.891 : tmgr.0000            : 781962 : 140733847564656 : DEBUG    : advance bulk: 1 [False, False]
1636840893.891 : tmgr.0000            : 781962 : 140733847564656 : DEBUG    : advance bulk: 1 [False, False]
1636840893.891 : tmgr.0000            : 781962 : 140733847564656 : DEBUG    : advance bulk: 1 [False, False]
1636840893.892 : tmgr.0000            : 781962 : 140733847564656 : DEBUG    : advance bulk: 1 [False, False]
1636840893.892 : tmgr.0000            : 781962 : 140733847564656 : DEBUG    : advance bulk: 1 [False, False]
1636840893.893 : tmgr.0000            : 781962 : 140733847564656 : DEBUG    : advance bulk: 1 [False, False]
1636840893.893 : tmgr.0000            : 781962 : 140733847564656 : DEBUG    : advance bulk: 1 [False, False]
1636840893.893 : tmgr.0000            : 781962 : 140733847564656 : DEBUG    : advance bulk: 1 [False, False]
1636840893.894 : tmgr.0000            : 781962 : 140733847564656 : DEBUG    : advance bulk: 1 [False, False]
1636840893.894 : tmgr.0000            : 781962 : 140733847564656 : DEBUG    : advance bulk: 1 [False, False]
1636840893.894 : tmgr.0000            : 781962 : 140733847564656 : DEBUG    : advance bulk: 1 [False, False]
1636840893.895 : tmgr.0000            : 781962 : 140733847564656 : DEBUG    : advance bulk: 1 [False, False]
1636840893.895 : tmgr.0000            : 781962 : 140733847564656 : DEBUG    : advance bulk: 1 [False, False]
1636840893.895 : tmgr.0000            : 781962 : 140733847564656 : DEBUG    : advance bulk: 1 [False, False]
1636840893.896 : tmgr.0000            : 781962 : 140733847564656 : DEBUG    : advance bulk: 1 [False, False]
1636840893.896 : tmgr.0000            : 781962 : 140733847564656 : DEBUG    : advance bulk: 1 [False, False]
1636840893.896 : tmgr.0000            : 781962 : 140733847564656 : DEBUG    : advance bulk: 1 [False, False]
1636840893.897 : tmgr.0000            : 781962 : 140733847564656 : DEBUG    : advance bulk: 1 [False, False]
1636840893.897 : tmgr.0000            : 781962 : 140733847564656 : DEBUG    : advance bulk: 1 [False, False]
1636840893.897 : tmgr.0000            : 781962 : 140733847564656 : DEBUG    : advance bulk: 1 [False, False]
1636840893.898 : tmgr.0000            : 781962 : 140733847564656 : DEBUG    : advance bulk: 1 [False, False]
1636840893.898 : tmgr.0000            : 781962 : 140733847564656 : DEBUG    : advance bulk: 1 [False, False]
1636840893.898 : tmgr.0000            : 781962 : 140733847564656 : DEBUG    : advance bulk: 1 [False, False]
1636840893.899 : tmgr.0000            : 781962 : 140733847564656 : DEBUG    : advance bulk: 1 [False, False]
1636840893.899 : tmgr.0000            : 781962 : 140733847564656 : DEBUG    : advance bulk: 1 [False, False]
1636840893.900 : tmgr.0000            : 781962 : 140733847564656 : DEBUG    : advance bulk: 1 [False, False]
1636840893.900 : tmgr.0000            : 781962 : 140733847564656 : DEBUG    : advance bulk: 1 [False, False]
1636840893.900 : tmgr.0000            : 781962 : 140733847564656 : DEBUG    : advance bulk: 1 [False, False]
1636840893.901 : tmgr.0000            : 781962 : 140733847564656 : DEBUG    : advance bulk: 1 [False, False]
1636840893.901 : tmgr.0000            : 781962 : 140733847564656 : DEBUG    : advance bulk: 1 [False, False]
1636840893.901 : tmgr.0000            : 781962 : 140733847564656 : DEBUG    : advance bulk: 1 [False, False]
1636840893.902 : tmgr.0000            : 781962 : 140733847564656 : DEBUG    : advance bulk: 1 [False, False]
1636840893.902 : tmgr.0000            : 781962 : 140733847564656 : DEBUG    : advance bulk: 1 [False, False]
1636840893.902 : tmgr.0000            : 781962 : 140733847564656 : DEBUG    : advance bulk: 1 [False, False]
1636840893.903 : tmgr.0000            : 781962 : 140733847564656 : DEBUG    : advance bulk: 1 [False, False]
1636840893.903 : tmgr.0000            : 781962 : 140733847564656 : DEBUG    : advance bulk: 1 [False, False]
1636840893.903 : tmgr.0000            : 781962 : 140733847564656 : DEBUG    : advance bulk: 1 [False, False]
1636840893.904 : tmgr.0000            : 781962 : 140733847564656 : DEBUG    : advance bulk: 1 [False, False]
1636840893.904 : tmgr.0000            : 781962 : 140733847564656 : DEBUG    : advance bulk: 1 [False, False]
1636840893.904 : tmgr.0000            : 781962 : 140733847564656 : DEBUG    : advance bulk: 1 [False, False]
1636840893.905 : tmgr.0000            : 781962 : 140733847564656 : DEBUG    : advance bulk: 1 [False, False]
1636840893.905 : tmgr.0000            : 781962 : 140733847564656 : DEBUG    : advance bulk: 1 [False, False]
1636840893.906 : tmgr.0000            : 781962 : 140733847564656 : DEBUG    : advance bulk: 1 [False, False]
1636840893.906 : tmgr.0000            : 781962 : 140733847564656 : DEBUG    : advance bulk: 1 [False, False]
1636840893.906 : tmgr.0000            : 781962 : 140733847564656 : DEBUG    : advance bulk: 1 [False, False]
1636840893.907 : tmgr.0000            : 781962 : 140733847564656 : DEBUG    : advance bulk: 1 [False, False]
1636840893.907 : tmgr.0000            : 781962 : 140733847564656 : DEBUG    : advance bulk: 1 [False, False]
1636840893.908 : tmgr.0000            : 781962 : 140733847564656 : DEBUG    : advance bulk: 1 [False, False]
1636840893.908 : tmgr.0000            : 781962 : 140733847564656 : DEBUG    : advance bulk: 1 [False, False]
1636840893.908 : tmgr.0000            : 781962 : 140733847564656 : DEBUG    : advance bulk: 1 [False, False]
1636840893.909 : tmgr.0000            : 781962 : 140733847564656 : DEBUG    : advance bulk: 1 [False, False]
1636840893.909 : tmgr.0000            : 781962 : 140733847564656 : DEBUG    : advance bulk: 1 [False, False]
1636840893.910 : tmgr.0000            : 781962 : 140733847564656 : DEBUG    : advance bulk: 1 [False, False]
1636840893.910 : tmgr.0000            : 781962 : 140733847564656 : DEBUG    : advance bulk: 1 [False, False]
1636840893.910 : tmgr.0000            : 781962 : 140733847564656 : DEBUG    : advance bulk: 1 [False, False]
1636840893.911 : tmgr.0000            : 781962 : 140733847564656 : DEBUG    : advance bulk: 1 [False, False]
1636840893.911 : tmgr.0000            : 781962 : 140733847564656 : DEBUG    : advance bulk: 1 [False, False]
1636840893.912 : tmgr.0000            : 781962 : 140733847564656 : DEBUG    : advance bulk: 1 [False, False]
1636840893.912 : tmgr.0000            : 781962 : 140733847564656 : DEBUG    : advance bulk: 1 [False, False]
1636840893.912 : tmgr.0000            : 781962 : 140733847564656 : DEBUG    : advance bulk: 1 [False, False]
1636840893.913 : tmgr.0000            : 781962 : 140733847564656 : DEBUG    : advance bulk: 1 [False, False]
1636840893.913 : tmgr.0000            : 781962 : 140733847564656 : DEBUG    : advance bulk: 1 [False, False]
1636840893.913 : tmgr.0000            : 781962 : 140733847564656 : DEBUG    : advance bulk: 1 [False, False]
1636840893.963 : tmgr.0000            : 781962 : 140733847564656 : DEBUG    : advance bulk: 209 [True, True]
1636840893.974 : tmgr.0000            : 781962 : 140733847564656 : DEBUG    : put bulk TMGR_SCHEDULING_PENDING: 209
1636840915.582 : tmgr.0000            : 781962 : 140735239942512 : INFO     : tasks pulled:    1
1636840915.583 : tmgr.0000            : 781962 : 140735239942512 : INFO     : tasks pulled:    1
1636840915.583 : tmgr.0000            : 781962 : 140735239942512 : DEBUG    : advance bulk: 1 [False, True]
1636840915.583 : tmgr.0000            : 781962 : 140735239942512 : DEBUG    : advance bulk: 1 [False, True]
1636840923.719 : tmgr.0000            : 781962 : 140735239942512 : INFO     : tasks pulled:    48
1636840923.722 : tmgr.0000            : 781962 : 140735239942512 : INFO     : tasks pulled:   48
1636840923.725 : tmgr.0000            : 781962 : 140735239942512 : DEBUG    : advance bulk: 48 [False, True]
1636840923.728 : tmgr.0000            : 781962 : 140735239942512 : DEBUG    : advance bulk: 48 [False, True]
1636840924.749 : tmgr.0000            : 781962 : 140735239942512 : INFO     : tasks pulled:    43
1636840924.751 : tmgr.0000            : 781962 : 140735239942512 : INFO     : tasks pulled:   43
1636840924.753 : tmgr.0000            : 781962 : 140735239942512 : DEBUG    : advance bulk: 43 [False, True]
1636840924.754 : tmgr.0000            : 781962 : 140735239942512 : DEBUG    : advance bulk: 43 [False, True]
1636840926.781 : tmgr.0000            : 781962 : 140735239942512 : INFO     : tasks pulled:    6
1636840926.782 : tmgr.0000            : 781962 : 140735239942512 : INFO     : tasks pulled:    6
1636840926.782 : tmgr.0000            : 781962 : 140735239942512 : DEBUG    : advance bulk: 6 [False, True]
1636840926.782 : tmgr.0000            : 781962 : 140735239942512 : DEBUG    : advance bulk: 6 [False, True]
1636840937.880 : tmgr.0000            : 781962 : 140735239942512 : INFO     : tasks pulled:    2
1636840937.881 : tmgr.0000            : 781962 : 140735239942512 : INFO     : tasks pulled:    2
1636840937.882 : tmgr.0000            : 781962 : 140735239942512 : DEBUG    : advance bulk: 2 [False, True]
1636840937.882 : tmgr.0000            : 781962 : 140735239942512 : DEBUG    : advance bulk: 2 [False, True]
1636840948.979 : tmgr.0000            : 781962 : 140735239942512 : INFO     : tasks pulled:    2
1636840948.980 : tmgr.0000            : 781962 : 140735239942512 : INFO     : tasks pulled:    2
1636840948.981 : tmgr.0000            : 781962 : 140735239942512 : DEBUG    : advance bulk: 2 [False, True]
1636840948.981 : tmgr.0000            : 781962 : 140735239942512 : DEBUG    : advance bulk: 2 [False, True]
1636840960.078 : tmgr.0000            : 781962 : 140735239942512 : INFO     : tasks pulled:    1
1636840960.080 : tmgr.0000            : 781962 : 140735239942512 : INFO     : tasks pulled:    1
1636840960.080 : tmgr.0000            : 781962 : 140735239942512 : DEBUG    : advance bulk: 1 [False, True]
1636840960.080 : tmgr.0000            : 781962 : 140735239942512 : DEBUG    : advance bulk: 1 [False, True]
1636840971.176 : tmgr.0000            : 781962 : 140735239942512 : INFO     : tasks pulled:    2
1636840971.177 : tmgr.0000            : 781962 : 140735239942512 : INFO     : tasks pulled:    2
1636840971.178 : tmgr.0000            : 781962 : 140735239942512 : DEBUG    : advance bulk: 2 [False, True]
1636840971.178 : tmgr.0000            : 781962 : 140735239942512 : DEBUG    : advance bulk: 2 [False, True]
1636840982.272 : tmgr.0000            : 781962 : 140735239942512 : INFO     : tasks pulled:    1
1636840982.273 : tmgr.0000            : 781962 : 140735239942512 : INFO     : tasks pulled:    1
1636840982.274 : tmgr.0000            : 781962 : 140735239942512 : DEBUG    : advance bulk: 1 [False, True]
1636840982.274 : tmgr.0000            : 781962 : 140735239942512 : DEBUG    : advance bulk: 1 [False, True]
1636840993.367 : tmgr.0000            : 781962 : 140735239942512 : INFO     : tasks pulled:    1
1636840993.369 : tmgr.0000            : 781962 : 140735239942512 : INFO     : tasks pulled:    1
1636840993.369 : tmgr.0000            : 781962 : 140735239942512 : DEBUG    : advance bulk: 1 [False, True]
1636840993.369 : tmgr.0000            : 781962 : 140735239942512 : DEBUG    : advance bulk: 1 [False, True]
1636841003.667 : tmgr.0000            : 781962 : 140735239942512 : INFO     : tasks pulled:    2
1636841003.668 : tmgr.0000            : 781962 : 140735239942512 : INFO     : tasks pulled:    2
1636841003.668 : tmgr.0000            : 781962 : 140735239942512 : DEBUG    : advance bulk: 2 [False, True]
1636841003.669 : tmgr.0000            : 781962 : 140735239942512 : DEBUG    : advance bulk: 2 [False, True]
1636841014.838 : tmgr.0000            : 781962 : 140735239942512 : INFO     : tasks pulled:    1
1636841014.839 : tmgr.0000            : 781962 : 140735239942512 : INFO     : tasks pulled:    1
1636841014.839 : tmgr.0000            : 781962 : 140735239942512 : DEBUG    : advance bulk: 1 [False, True]
1636841014.839 : tmgr.0000            : 781962 : 140735239942512 : DEBUG    : advance bulk: 1 [False, True]
1636841025.923 : tmgr.0000            : 781962 : 140735239942512 : INFO     : tasks pulled:    1
1636841025.924 : tmgr.0000            : 781962 : 140735239942512 : INFO     : tasks pulled:    1
1636841025.924 : tmgr.0000            : 781962 : 140735239942512 : DEBUG    : advance bulk: 1 [False, True]
1636841025.925 : tmgr.0000            : 781962 : 140735239942512 : DEBUG    : advance bulk: 1 [False, True]
1636841031.970 : tmgr.0000            : 781962 : 140735239942512 : INFO     : tasks pulled:    1
1636841031.972 : tmgr.0000            : 781962 : 140735239942512 : INFO     : tasks pulled:    1
1636841031.972 : tmgr.0000            : 781962 : 140735239942512 : DEBUG    : advance bulk: 1 [False, True]
1636841031.972 : tmgr.0000            : 781962 : 140735239942512 : DEBUG    : advance bulk: 1 [False, True]
1636841037.009 : tmgr.0000            : 781962 : 140735239942512 : INFO     : tasks pulled:    1
1636841037.010 : tmgr.0000            : 781962 : 140735239942512 : INFO     : tasks pulled:    1
1636841037.010 : tmgr.0000            : 781962 : 140735239942512 : DEBUG    : advance bulk: 1 [False, True]
1636841037.011 : tmgr.0000            : 781962 : 140735239942512 : DEBUG    : advance bulk: 1 [False, True]
1636841042.104 : tmgr.0000            : 781962 : 140735239942512 : INFO     : tasks pulled:    95
1636841042.118 : tmgr.0000            : 781962 : 140735239942512 : INFO     : tasks pulled:   95
1636841042.124 : tmgr.0000            : 781962 : 140735239942512 : DEBUG    : advance bulk: 95 [False, True]
1636841042.129 : tmgr.0000            : 781962 : 140735239942512 : DEBUG    : advance bulk: 95 [False, True]
1636841047.154 : tmgr.0000            : 781962 : 140735239942512 : INFO     : tasks pulled:    1
1636841047.155 : tmgr.0000            : 781962 : 140735239942512 : INFO     : tasks pulled:    1
1636841047.155 : tmgr.0000            : 781962 : 140735239942512 : DEBUG    : advance bulk: 1 [False, True]
1636841047.155 : tmgr.0000            : 781962 : 140735239942512 : DEBUG    : advance bulk: 1 [False, True]
1636841054.029 : tmgr.0000            : 781962 : 140733847564656 : INFO     : Closed TaskManager tmgr.0000.
