# -------------------------------------------------------------------
bootstrap_0 running on host: batch1.summit.olcf.ornl.gov.
bootstrap_0 started as     : './bootstrap_0.sh -d radical.utils-1.8.4.tar.gz:radical.saga-1.8.0.tar.gz:radical.pilot-1.9.2.tar.gz -p pilot.0000 -s re.session.login1.litan.018944.0008 -m create -r local -b default -g default -v /gpfs/alpine/scratch/litan/csc299/radical.pilot.sandbox/ve.ornl.summit.1.9.2 -y 120 -z re.session.login1.litan.018944.0008.pmgr_launching.0000.tgz -e module unload xl -e module unload xalt -e module unload spectrum-mpi -e module load   gcc/9.1.0 -e module load   libzmq/4.3.3 -e module load   python/3.7-anaconda3 -e module list -w module unload xl -w module unload xalt -w module unload spectrum-mpi -w module load   gcc/9.1.0 -w module load   libzmq/4.3.3 -w module load   python/3.7-anaconda3 -w ulimit -u 65536'
safe environment of bootstrap_0
bootstrap_0 stderr redirected to stdout

# -------------------------------------------------------------------
#
# Running pre_bootstrap_0 command
# cmd: module unload xl
#

Due to MODULEPATH changes, the following have been reloaded:
  1) spectrum-mpi/10.4.0.3-20210112

#
# SUCCESS
#
# -------------------------------------------------------------------

# -------------------------------------------------------------------
#
# Running pre_bootstrap_0 command
# cmd: module unload xalt
#
#
# SUCCESS
#
# -------------------------------------------------------------------

# -------------------------------------------------------------------
#
# Running pre_bootstrap_0 command
# cmd: module unload spectrum-mpi
#
#
# SUCCESS
#
# -------------------------------------------------------------------

# -------------------------------------------------------------------
#
# Running pre_bootstrap_0 command
# cmd: module load   gcc/9.1.0
#
#
# SUCCESS
#
# -------------------------------------------------------------------

# -------------------------------------------------------------------
#
# Running pre_bootstrap_0 command
# cmd: module load   libzmq/4.3.3
#
#
# SUCCESS
#
# -------------------------------------------------------------------

# -------------------------------------------------------------------
#
# Running pre_bootstrap_0 command
# cmd: module load   python/3.7-anaconda3
#
#
# SUCCESS
#
# -------------------------------------------------------------------

# -------------------------------------------------------------------
#
# Running pre_bootstrap_0 command
# cmd: module list
#

Currently Loaded Modules:
  1) lsf-tools/2.0                4) DefApps        7) python/3.7-anaconda3
  2) hsi/5.0.2.p5                 5) gcc/9.1.0
  3) darshan-runtime/3.3.0-lite   6) libzmq/4.3.3

 

#
# SUCCESS
#
# -------------------------------------------------------------------
# -------------------------------------------------------------------
# untar sandbox
# -------------------------------------------------------------------
pilot.0000/
pilot.0000/pilot.0000.prof.tgz
pilot.0000/pilot.0000.log.tgz
radical.pilot-1.9.2.tar.gz
radical.saga-1.8.0.tar.gz
radical.utils-1.8.4.tar.gz
# -------------------------------------------------------------------
# -------------------------------------------------------------------
# Touching output tarballs
# -------------------------------------------------------------------
create gtod
1636841240.0000,sync_abs,bootstrap_0,MainThread,pilot.0000,PMGR_ACTIVE_PENDING,batch1:10.134.0.41:1636841240:1636841240:1636841240
1636841240.0000,bootstrap_0_start,bootstrap_0,MainThread,pilot.0000,PMGR_ACTIVE_PENDING,
VIRTENV           : /gpfs/alpine/scratch/litan/csc299/radical.pilot.sandbox/ve.ornl.summit.1.9.2
VIRTENV normalized: /gpfs/alpine/csc299/scratch/litan/radical.pilot.sandbox/ve.ornl.summit.1.9.2
PYTHON            : /sw/summit/python/3.7/anaconda3/2020.07-rhel8/bin/python
PYTHON_VERSION    : 3.7
PIP               : /sw/summit/python/3.7/anaconda3/2020.07-rhel8/bin/python -m pip
PIP version       : pip 20.1.1 from /sw/summit/python/3.7/anaconda3/2020.07-rhel8/lib/python3.7/site-packages/pip (python 3.7)
1636841241.0000,ve_setup_start,bootstrap_0,MainThread,pilot.0000,PMGR_ACTIVE_PENDING,
virtenv_create    : TRUE
virtenv_update    : FALSE
rp install sources:  radical.utils-1.8.4/ radical.saga-1.8.0/ radical.pilot-1.9.2/
rp install target : SANDBOX
rp install lock   : FALSE
virtenv /gpfs/alpine/csc299/scratch/litan/radical.pilot.sandbox/ve.ornl.summit.1.9.2 exists
1636841241.0000,ve_activate_start,bootstrap_0,MainThread,pilot.0000,PMGR_ACTIVE_PENDING,
VIRTENV activated : /gpfs/alpine/csc299/scratch/litan/radical.pilot.sandbox/ve.ornl.summit.1.9.2
RP_PATH           : /gpfs/alpine/csc299/scratch/litan/radical.pilot.sandbox/ve.ornl.summit.1.9.2/bin
PYTHON            : /gpfs/alpine/csc299/scratch/litan/radical.pilot.sandbox/ve.ornl.summit.1.9.2/bin/python
PYTHON_VERSION    : 3.7
PIP               : /gpfs/alpine/csc299/scratch/litan/radical.pilot.sandbox/ve.ornl.summit.1.9.2/bin/python -m pip
PIP version       : pip 21.3.1 from /gpfs/alpine/csc299/scratch/litan/radical.pilot.sandbox/ve.ornl.summit.1.9.2/lib/python3.7/site-packages/pip (python 3.7)
VE_MOD_PREFIX init: /gpfs/alpine/csc299/scratch/litan/radical.pilot.sandbox/ve.ornl.summit.1.9.2/lib/python3.7/site-packages
VE_MOD_PREFIX     : /gpfs/alpine/csc299/scratch/litan/radical.pilot.sandbox/ve.ornl.summit.1.9.2/lib/python3.7/site-packages
RP_MOD_PREFIX     : /gpfs/alpine/csc299/scratch/litan/radical.pilot.sandbox/ve.ornl.summit.1.9.2/rp_install/lib/python3.7/site-packages
VE_PYTHONPATH     : /ccs/home/litan/DrugWorkflows/workflow-3/amber18/lib/python2.7/site-packages
1636841242.0000,ve_activate_stop,bootstrap_0,MainThread,pilot.0000,PMGR_ACTIVE_PENDING,
do not update virtenv /gpfs/alpine/csc299/scratch/litan/radical.pilot.sandbox/ve.ornl.summit.1.9.2
1636841242.0000,rp_install_start,bootstrap_0,MainThread,pilot.0000,PMGR_ACTIVE_PENDING,
Using RADICAL-Pilot install sources ' radical.utils-1.8.4/ radical.saga-1.8.0/ radical.pilot-1.9.2/'
VE_MOD_PREFIX     : /gpfs/alpine/csc299/scratch/litan/radical.pilot.sandbox/ve.ornl.summit.1.9.2/lib/python3.7/site-packages
VIRTENV           : /gpfs/alpine/csc299/scratch/litan/radical.pilot.sandbox/ve.ornl.summit.1.9.2
SANDBOX           : /gpfs/alpine/scratch/litan/csc299/radical.pilot.sandbox/re.session.login1.litan.018944.0008/pilot.0000
VE_LOC_PREFIX     : 
using local install tree
PYTHONPATH        : /gpfs/alpine/scratch/litan/csc299/radical.pilot.sandbox/re.session.login1.litan.018944.0008/pilot.0000/rp_install/lib/python3.7/site-packages::/ccs/home/litan/DrugWorkflows/workflow-3/amber18/lib/python2.7/site-packages
RP_LOC_PREFIX     : /gpfs/alpine/scratch/litan/csc299/radical.pilot.sandbox/re.session.login1.litan.018944.0008/pilot.0000/rp_install/lib/python3.7/site-packages
RADICAL_MOD_PREFIX: /gpfs/alpine/scratch/litan/csc299/radical.pilot.sandbox/re.session.login1.litan.018944.0008/pilot.0000/rp_install/lib/python3.7/site-packages/radical/

# -------------------------------------------------------------------
#
# update radical.utils-1.8.4/ via pip
# cmd: /gpfs/alpine/csc299/scratch/litan/radical.pilot.sandbox/ve.ornl.summit.1.9.2/bin/python -m pip install  --src '/gpfs/alpine/scratch/litan/csc299/radical.pilot.sandbox/re.session.login1.litan.018944.0008/pilot.0000/rp_install/src' --prefix '/gpfs/alpine/scratch/litan/csc299/radical.pilot.sandbox/re.session.login1.litan.018944.0008/pilot.0000/rp_install' --no-deps --no-cache-dir --no-build-isolation radical.utils-1.8.4/
#
Processing ./radical.utils-1.8.4
  Preparing metadata (setup.py): started
  Preparing metadata (setup.py): finished with status 'done'
Building wheels for collected packages: radical.utils
  Building wheel for radical.utils (setup.py): started
  Building wheel for radical.utils (setup.py): finished with status 'done'
  Created wheel for radical.utils: filename=radical.utils-1.8.4-py3-none-any.whl size=357996 sha256=a7af593581393873464baf0c1241e350a4945229a454c4b20ef2fd64633c8759
  Stored in directory: /tmp/pip-ephem-wheel-cache-1h7n0mvo/wheels/15/59/ec/e56dfc027f0474eaa59ee76fd373c9a16d44217ce7258549aa
Successfully built radical.utils
Installing collected packages: radical.utils
Successfully installed radical.utils
#
# SUCCESS
#
# -------------------------------------------------------------------
purge install source at radical.utils-1.8.4/

# -------------------------------------------------------------------
#
# update radical.saga-1.8.0/ via pip
# cmd: /gpfs/alpine/csc299/scratch/litan/radical.pilot.sandbox/ve.ornl.summit.1.9.2/bin/python -m pip install  --src '/gpfs/alpine/scratch/litan/csc299/radical.pilot.sandbox/re.session.login1.litan.018944.0008/pilot.0000/rp_install/src' --prefix '/gpfs/alpine/scratch/litan/csc299/radical.pilot.sandbox/re.session.login1.litan.018944.0008/pilot.0000/rp_install' --no-deps --no-cache-dir --no-build-isolation radical.saga-1.8.0/
#
Processing ./radical.saga-1.8.0
  Preparing metadata (setup.py): started
  Preparing metadata (setup.py): finished with status 'done'
Building wheels for collected packages: radical.saga
  Building wheel for radical.saga (setup.py): started
  Building wheel for radical.saga (setup.py): finished with status 'done'
  Created wheel for radical.saga: filename=radical.saga-1.8.0-py3-none-any.whl size=730603 sha256=923722415c21bea0336ebfa3befc2045b8c9fc13f215312d2ccaf72f44b58d86
  Stored in directory: /tmp/pip-ephem-wheel-cache-m4u2ckj9/wheels/8e/4e/4c/620e753fbd09bf9a21d39d761896cde44a0392a9f2433cdb81
Successfully built radical.saga
Installing collected packages: radical.saga
Successfully installed radical.saga-1.8.0
#
# SUCCESS
#
# -------------------------------------------------------------------
purge install source at radical.saga-1.8.0/

# -------------------------------------------------------------------
#
# update radical.pilot-1.9.2/ via pip
# cmd: /gpfs/alpine/csc299/scratch/litan/radical.pilot.sandbox/ve.ornl.summit.1.9.2/bin/python -m pip install  --src '/gpfs/alpine/scratch/litan/csc299/radical.pilot.sandbox/re.session.login1.litan.018944.0008/pilot.0000/rp_install/src' --prefix '/gpfs/alpine/scratch/litan/csc299/radical.pilot.sandbox/re.session.login1.litan.018944.0008/pilot.0000/rp_install' --no-deps --no-cache-dir --no-build-isolation radical.pilot-1.9.2/
#
Processing ./radical.pilot-1.9.2
  Preparing metadata (setup.py): started
  Preparing metadata (setup.py): finished with status 'done'
Building wheels for collected packages: radical.pilot
  Building wheel for radical.pilot (setup.py): started
  Building wheel for radical.pilot (setup.py): finished with status 'done'
  Created wheel for radical.pilot: filename=radical.pilot-1.9.2-py3-none-any.whl size=1156916 sha256=26e39809e5820797d8fe62e288ac69b1ff331e138d55cd05059d331ffdface2c
  Stored in directory: /tmp/pip-ephem-wheel-cache-j7t7rbq8/wheels/0c/54/4e/9e4fa0a14f7da7dd8286b30057b5269a871a99c77ffb100198
Successfully built radical.pilot
Installing collected packages: radical.pilot
Successfully installed radical.pilot-1.9.2
#
# SUCCESS
#
# -------------------------------------------------------------------
purge install source at radical.pilot-1.9.2/
1636841252.0000,rp_install_stop,bootstrap_0,MainThread,pilot.0000,PMGR_ACTIVE_PENDING,
1636841252.0000,ve_setup_stop,bootstrap_0,MainThread,pilot.0000,PMGR_ACTIVE_PENDING,
verify python viability: /gpfs/alpine/csc299/scratch/litan/radical.pilot.sandbox/ve.ornl.summit.1.9.2/bin/python ... ok
verify module viability: radical.pilot   ... ok
verify module viability: radical.saga    ... ok
verify module viability: radical.utils   ... ok
verify module viability: pymongo         ... ok
verify module viability: colorama        ... ok
verify module viability: ntplib          ... ok
verify module viability: zmq             ... ok
verify module viability: netifaces       ... ok
verify module viability: setproctitle    ... ok
verify module viability: msgpack         ... ok
verify module viability: regex           ... ok
which: no radical-gtod in (/gpfs/alpine/scratch/litan/csc299/radical.pilot.sandbox/re.session.login1.litan.018944.0008/pilot.0000/rp_install/bin:/gpfs/alpine/csc299/scratch/litan/radical.pilot.sandbox/ve.ornl.summit.1.9.2/bin:/gpfs/alpine/csc299/scratch/litan/radical.pilot.sandbox/ve.ornl.summit.1.9.2/bin:/sw/sources/lsf-tools/2.0/summit/bin:/sw/summit/python/3.7/anaconda3/2020.07-rhel8/bin:/sw/summit/spack-envs/base/opt/linux-rhel8-ppc64le/gcc-9.1.0/libzmq-4.3.3-dagzzans4hn3ofpx7ni5u4otte773qzp/bin:/sw/summit/gcc/9.1.0-alpha+20190716/bin:/opt/ibm/csm/bin:/opt/ibm/spectrumcomputing/lsf/10.1.0.11/linux3.10-glibc2.17-ppc64le-csm/bin:/ccs/home/litan/DrugWorkflows/workflow-3/amber18/bin:/ccs/home/litan/miniconda3/bin:/ccs/home/litan/miniconda3/condabin:/sw/summit/spack-envs/base/opt/linux-rhel8-ppc64le/gcc-8.3.1/darshan-runtime-3.3.0-mu6tnxlhxfplrq3srkkgi5dvly6wenwy/bin:/sw/sources/hpss/bin:/opt/ibm/spectrumcomputing/lsf/10.1.0.11/linux3.10-glibc2.17-ppc64le-csm/etc:/usr/local/bin:/usr/bin:/usr/local/sbin:/usr/sbin:/opt/ibm/flightlog/bin:/opt/ibm/jsm/bin:/opt/puppetlabs/bin:/usr/lpp/mmfs/bin:/gpfs/alpine/scratch/litan/med110/test_hybridwf/TAU/tau-2.29.1/build/ibm64linux/bin:.local/summit/anaconda3/5.3.0/3.7/bin:/ccs/home/litan/miniconda2/bin)

---------------------------------------------------------------------

Python 3.7.7 (/gpfs/alpine/csc299/scratch/litan/radical.pilot.sandbox/ve.ornl.summit.1.9.2/bin/python)
PYTHONPATH: /gpfs/alpine/scratch/litan/csc299/radical.pilot.sandbox/re.session.login1.litan.018944.0008/pilot.0000/rp_install/lib/python3.7/site-packages::/ccs/home/litan/DrugWorkflows/workflow-3/amber18/lib/python2.7/site-packages

  python               : /gpfs/alpine/csc299/scratch/litan/radical.pilot.sandbox/ve.ornl.summit.1.9.2/bin/python3
  pythonpath           : /gpfs/alpine/scratch/litan/csc299/radical.pilot.sandbox/re.session.login1.litan.018944.0008/pilot.0000/rp_install/lib/python3.7/site-packages::/ccs/home/litan/DrugWorkflows/workflow-3/amber18/lib/python2.7/site-packages
  version              : 3.7.7
  virtualenv           : /gpfs/alpine/csc299/scratch/litan/radical.pilot.sandbox/ve.ornl.summit.1.9.2

  radical.pilot        : 1.9.2
  radical.saga         : 1.8.0
  radical.utils        : 1.8.4

RU: 1.8.4 /gpfs/alpine/scratch/litan/csc299/radical.pilot.sandbox/re.session.login1.litan.018944.0008/pilot.0000/rp_install/lib/python3.7/site-packages/radical/utils/__init__.py
RS: 1.8.0 /gpfs/alpine/scratch/litan/csc299/radical.pilot.sandbox/re.session.login1.litan.018944.0008/pilot.0000/rp_install/lib/python3.7/site-packages/radical/saga/__init__.py
RP: 1.9.2 /gpfs/alpine/scratch/litan/csc299/radical.pilot.sandbox/re.session.login1.litan.018944.0008/pilot.0000/rp_install/lib/python3.7/site-packages/radical/pilot/__init__.py
install ok!

---------------------------------------------------------------------


# -------------------------------------------------------------------
# Launching radical-pilot-agent 
# CMDLINE: /gpfs/alpine/csc299/scratch/litan/radical.pilot.sandbox/ve.ornl.summit.1.9.2/bin/python /gpfs/alpine/scratch/litan/csc299/radical.pilot.sandbox/re.session.login1.litan.018944.0008/pilot.0000/rp_install/bin/radical-pilot-agent
ntphost: 46.101.140.169
ping: socket: Operation not permitted
1636841256.0000,bootstrap_0_ok,bootstrap_0,MainThread,pilot.0000,PMGR_ACTIVE_PENDING,
...................................................................................................................1636841601.0000,killme,bootstrap_0,MainThread,pilot.0000,PMGR_ACTIVE_PENDING,2021-11-13 17:13:21.331
1636841601.0000,sigterm,bootstrap_0,MainThread,pilot.0000,PMGR_ACTIVE_PENDING,2021-11-13 17:13:21.363
send SIGTERM to 2613561 (2612438)
COND start 'kill -0  2613561' (I: 1 T: 30)
./bootstrap_0.sh: line 310: 2613561 Terminated              ./bootstrap_2.sh 'agent.0' > agent.0.bootstrap_2.out 2> agent.0.bootstrap_2.err
./bootstrap_0.sh: line 323: kill: (2613561) - No such process
COND failed (1)
agent 2613561 is final
agent 2613561 is final (143)
1636841602.0000,agent_final,bootstrap_0,MainThread,pilot.0000,PMGR_ACTIVE_PENDING,2613561:143 2021-11-13 17:13:22.390

# -------------------------------------------------------------------
# CLEANUP: 
#
1636841602.0000,cleanup_start,bootstrap_0,MainThread,pilot.0000,PMGR_ACTIVE_PENDING,
1636841602.0000,cleanup_stop,bootstrap_0,MainThread,pilot.0000,PMGR_ACTIVE_PENDING,
#
# -------------------------------------------------------------------

# -------------------------------------------------------------------
#
# Mark final profiling entry ...
1636841602.0000,bootstrap_0_stop,bootstrap_0,MainThread,pilot.0000,PMGR_ACTIVE_PENDING,
1636841602.0000,END,bootstrap_0,MainThread,pilot.0000,PMGR_ACTIVE_PENDING,
#
# -------------------------------------------------------------------

# -------------------------------------------------------------------
#
# We wait for some seconds for the FS to flush profiles.
# Success is assumed when all profiles end with a 'END' event.
#
# -------------------------------------------------------------------
delay profile sync @ 1: 29 != 7
delay profile sync @ 2: 29 != 7
delay profile sync @ 3: 29 != 7
delay profile sync @ 4: 29 != 7
abort profile sync @ 5: 29 != 7
nprofs 29 =? nend 7
Sat Nov 13 17:13:26 EST 2021

# -------------------------------------------------------------------
#
# Tarring profiles ...
-rw-rw-r-- 1 litan litan 105430 Nov 13 17:13 pilot.0000.prof.tgz
#
# -------------------------------------------------------------------

# -------------------------------------------------------------------
#
# Tarring logfiles ...
