1636841258.561 : re.session.login1.litan.018944.0008 : 2613561 : 35184372370176 : INFO     : radical.pilot version: 1.9.2
1636841258.561 : re.session.login1.litan.018944.0008 : 2613561 : 35184372370176 : INFO     : radical.saga  version: 1.8.0
1636841258.561 : re.session.login1.litan.018944.0008 : 2613561 : 35184372370176 : INFO     : radical.utils version: 1.8.4
1636841258.708 : re.session.login1.litan.018944.0008 : 2613561 : 35184372370176 : INFO     : Configuring ResourceManager LSF_SUMMIT.
1636841258.708 : re.session.login1.litan.018944.0008 : 2613561 : 35184372370176 : INFO     : LSB_DJOB_HOSTFILE: /ccs/home/litan/.lsbatch/1636841145.1622455.hostfile
1636841258.709 : re.session.login1.litan.018944.0008 : 2613561 : 35184372370176 : DEBUG    : found 32 nodes: {'c27n03': 42, 'd11n18': 42, 'd12n01': 42, 'd19n13': 42, 'd19n14': 42, 'd19n15': 42, 'd19n16': 42, 'd19n17': 42, 'd19n18': 42, 'd20n01': 42, 'd20n02': 42, 'g28n04': 42, 'g31n04': 42, 'g31n05': 42, 'g31n06': 42, 'g31n07': 42, 'g31n08': 42, 'g31n09': 42, 'g31n10': 42, 'g31n11': 42, 'g32n08': 42, 'g32n09': 42, 'g32n10': 42, 'g32n11': 42, 'g32n12': 42, 'g32n13': 42, 'g33n03': 42, 'g34n14': 42, 'g34n15': 42, 'g35n03': 42, 'g35n04': 42, 'g35n05': 42}
1636841258.709 : re.session.login1.litan.018944.0008 : 2613561 : 35184372370176 : DEBUG    : found 32 nodes with 42 cores
1636841258.709 : re.session.login1.litan.018944.0008 : 2613561 : 35184372370176 : DEBUG    : node list: [['c27n03', '1'],
 ['d11n18', '2'],
 ['d12n01', '3'],
 ['d19n13', '4'],
 ['d19n14', '5'],
 ['d19n15', '6'],
 ['d19n16', '7'],
 ['d19n17', '8'],
 ['d19n18', '9'],
 ['d20n01', '10'],
 ['d20n02', '11'],
 ['g28n04', '12'],
 ['g31n04', '13'],
 ['g31n05', '14'],
 ['g31n06', '15'],
 ['g31n07', '16'],
 ['g31n08', '17'],
 ['g31n09', '18'],
 ['g31n10', '19'],
 ['g31n11', '20'],
 ['g32n08', '21'],
 ['g32n09', '22'],
 ['g32n10', '23'],
 ['g32n11', '24'],
 ['g32n12', '25'],
 ['g32n13', '26'],
 ['g33n03', '27'],
 ['g34n14', '28'],
 ['g34n15', '29'],
 ['g35n03', '30'],
 ['g35n04', '31'],
 ['g35n05', '32']]
1636841258.709 : re.session.login1.litan.018944.0008 : 2613561 : 35184372370176 : INFO     : Discovered execution environment: [['c27n03', '1'], ['d11n18', '2'], ['d12n01', '3'], ['d19n13', '4'], ['d19n14', '5'], ['d19n15', '6'], ['d19n16', '7'], ['d19n17', '8'], ['d19n18', '9'], ['d20n01', '10'], ['d20n02', '11'], ['g28n04', '12'], ['g31n04', '13'], ['g31n05', '14'], ['g31n06', '15'], ['g31n07', '16'], ['g31n08', '17'], ['g31n09', '18'], ['g31n10', '19'], ['g31n11', '20'], ['g32n08', '21'], ['g32n09', '22'], ['g32n10', '23'], ['g32n11', '24'], ['g32n12', '25'], ['g32n13', '26'], ['g33n03', '27'], ['g34n14', '28'], ['g34n15', '29'], ['g35n03', '30'], ['g35n04', '31'], ['g35n05', '32']]
1636841258.713 : re.session.login1.litan.018944.0008 : 2613561 : 35184372370176 : INFO     : ResourceManager config hook for LaunchMethod JSRUN: <class 'radical.pilot.agent.launch_method.jsrun.JSRUN'>
1636841258.713 : re.session.login1.litan.018944.0008 : 2613561 : 35184372370176 : INFO     : ResourceManager config hook succeeded (JSRUN)
1636841262.466 : re.session.login1.litan.018944.0008 : 2614040 : 35184372370176 : INFO     : radical.pilot version: 1.9.2
1636841262.466 : re.session.login1.litan.018944.0008 : 2614040 : 35184372370176 : INFO     : radical.saga  version: 1.8.0
1636841262.466 : re.session.login1.litan.018944.0008 : 2614040 : 35184372370176 : INFO     : radical.utils version: 1.8.4
1636841262.676 : re.session.login1.litan.018944.0008 : 2614040 : 35184653758832 : DEBUG    : create LaunchMethod: <class 'radical.pilot.agent.launch_method.jsrun.JSRUN'>
1636841262.678 : re.session.login1.litan.018944.0008 : 2614040 : 35184653758832 : DEBUG    : create LaunchMethod: <class 'radical.pilot.agent.launch_method.jsrun.JSRUN'>
1636841262.888 : re.session.login1.litan.018944.0008 : 2614116 : 35184372370176 : INFO     : radical.pilot version: 1.9.2
1636841262.888 : re.session.login1.litan.018944.0008 : 2614116 : 35184372370176 : INFO     : radical.saga  version: 1.8.0
1636841262.889 : re.session.login1.litan.018944.0008 : 2614116 : 35184372370176 : INFO     : radical.utils version: 1.8.4
1636841263.302 : re.session.login1.litan.018944.0008 : 2614179 : 35184372370176 : INFO     : radical.pilot version: 1.9.2
1636841263.302 : re.session.login1.litan.018944.0008 : 2614179 : 35184372370176 : INFO     : radical.saga  version: 1.8.0
1636841263.302 : re.session.login1.litan.018944.0008 : 2614179 : 35184372370176 : INFO     : radical.utils version: 1.8.4
1636841263.706 : re.session.login1.litan.018944.0008 : 2614239 : 35184372370176 : INFO     : radical.pilot version: 1.9.2
1636841263.707 : re.session.login1.litan.018944.0008 : 2614239 : 35184372370176 : INFO     : radical.saga  version: 1.8.0
1636841263.707 : re.session.login1.litan.018944.0008 : 2614239 : 35184372370176 : INFO     : radical.utils version: 1.8.4
1636841264.110 : re.session.login1.litan.018944.0008 : 2614294 : 35184372370176 : INFO     : radical.pilot version: 1.9.2
1636841264.110 : re.session.login1.litan.018944.0008 : 2614294 : 35184372370176 : INFO     : radical.saga  version: 1.8.0
1636841264.110 : re.session.login1.litan.018944.0008 : 2614294 : 35184372370176 : INFO     : radical.utils version: 1.8.4
1636841283.856 : re.session.login1.litan.018944.0008 : 2614040 : 35184653758832 : DEBUG    : prep task.0163
1636841284.015 : re.session.login1.litan.018944.0008 : 2614040 : 35184653758832 : DEBUG    : prep task.0001
1636841284.022 : re.session.login1.litan.018944.0008 : 2614040 : 35184653758832 : DEBUG    : prep task.0103
1636841284.051 : re.session.login1.litan.018944.0008 : 2614040 : 35184653758832 : DEBUG    : prep task.0132
1636841284.067 : re.session.login1.litan.018944.0008 : 2614040 : 35184653758832 : DEBUG    : prep task.0106
1636841284.075 : re.session.login1.litan.018944.0008 : 2614040 : 35184653758832 : DEBUG    : prep task.0102
1636841284.083 : re.session.login1.litan.018944.0008 : 2614040 : 35184653758832 : DEBUG    : prep task.0133
1636841284.092 : re.session.login1.litan.018944.0008 : 2614040 : 35184653758832 : DEBUG    : prep task.0104
1636841284.102 : re.session.login1.litan.018944.0008 : 2614040 : 35184653758832 : DEBUG    : prep task.0134
1636841284.111 : re.session.login1.litan.018944.0008 : 2614040 : 35184653758832 : DEBUG    : prep task.0131
1636841284.120 : re.session.login1.litan.018944.0008 : 2614040 : 35184653758832 : DEBUG    : prep task.0135
1636841284.130 : re.session.login1.litan.018944.0008 : 2614040 : 35184653758832 : DEBUG    : prep task.0109
1636841284.139 : re.session.login1.litan.018944.0008 : 2614040 : 35184653758832 : DEBUG    : prep task.0136
1636841284.149 : re.session.login1.litan.018944.0008 : 2614040 : 35184653758832 : DEBUG    : prep task.0105
1636841284.158 : re.session.login1.litan.018944.0008 : 2614040 : 35184653758832 : DEBUG    : prep task.0137
1636841284.167 : re.session.login1.litan.018944.0008 : 2614040 : 35184653758832 : DEBUG    : prep task.0107
1636841284.176 : re.session.login1.litan.018944.0008 : 2614040 : 35184653758832 : DEBUG    : prep task.0138
1636841284.186 : re.session.login1.litan.018944.0008 : 2614040 : 35184653758832 : DEBUG    : prep task.0101
1636841284.196 : re.session.login1.litan.018944.0008 : 2614040 : 35184653758832 : DEBUG    : prep task.0139
1636841284.205 : re.session.login1.litan.018944.0008 : 2614040 : 35184653758832 : DEBUG    : prep task.0112
1636841284.213 : re.session.login1.litan.018944.0008 : 2614040 : 35184653758832 : DEBUG    : prep task.0003
1636841284.222 : re.session.login1.litan.018944.0008 : 2614040 : 35184653758832 : DEBUG    : prep task.0108
1636841284.230 : re.session.login1.litan.018944.0008 : 2614040 : 35184653758832 : DEBUG    : prep task.0140
1636841284.239 : re.session.login1.litan.018944.0008 : 2614040 : 35184653758832 : DEBUG    : prep task.0141
1636841284.248 : re.session.login1.litan.018944.0008 : 2614040 : 35184653758832 : DEBUG    : prep task.0142
1636841284.258 : re.session.login1.litan.018944.0008 : 2614040 : 35184653758832 : DEBUG    : prep task.0016
1636841284.267 : re.session.login1.litan.018944.0008 : 2614040 : 35184653758832 : DEBUG    : prep task.0065
1636841284.276 : re.session.login1.litan.018944.0008 : 2614040 : 35184653758832 : DEBUG    : prep task.0110
1636841284.287 : re.session.login1.litan.018944.0008 : 2614040 : 35184653758832 : DEBUG    : prep task.0143
1636841284.300 : re.session.login1.litan.018944.0008 : 2614040 : 35184653758832 : DEBUG    : prep task.0007
1636841284.311 : re.session.login1.litan.018944.0008 : 2614040 : 35184653758832 : DEBUG    : prep task.0111
1636841284.321 : re.session.login1.litan.018944.0008 : 2614040 : 35184653758832 : DEBUG    : prep task.0144
1636841284.330 : re.session.login1.litan.018944.0008 : 2614040 : 35184653758832 : DEBUG    : prep task.0113
1636841284.340 : re.session.login1.litan.018944.0008 : 2614040 : 35184653758832 : DEBUG    : prep task.0145
1636841284.350 : re.session.login1.litan.018944.0008 : 2614040 : 35184653758832 : DEBUG    : prep task.0002
1636841284.360 : re.session.login1.litan.018944.0008 : 2614040 : 35184653758832 : DEBUG    : prep task.0008
1636841284.372 : re.session.login1.litan.018944.0008 : 2614040 : 35184653758832 : DEBUG    : prep task.0114
1636841284.381 : re.session.login1.litan.018944.0008 : 2614040 : 35184653758832 : DEBUG    : prep task.0146
1636841284.390 : re.session.login1.litan.018944.0008 : 2614040 : 35184653758832 : DEBUG    : prep task.0115
1636841284.400 : re.session.login1.litan.018944.0008 : 2614040 : 35184653758832 : DEBUG    : prep task.0006
1636841284.411 : re.session.login1.litan.018944.0008 : 2614040 : 35184653758832 : DEBUG    : prep task.0147
1636841284.423 : re.session.login1.litan.018944.0008 : 2614040 : 35184653758832 : DEBUG    : prep task.0116
1636841284.436 : re.session.login1.litan.018944.0008 : 2614040 : 35184653758832 : DEBUG    : prep task.0148
1636841284.447 : re.session.login1.litan.018944.0008 : 2614040 : 35184653758832 : DEBUG    : prep task.0117
1636841284.457 : re.session.login1.litan.018944.0008 : 2614040 : 35184653758832 : DEBUG    : prep task.0149
1636841284.474 : re.session.login1.litan.018944.0008 : 2614040 : 35184653758832 : DEBUG    : prep task.0005
1636841284.484 : re.session.login1.litan.018944.0008 : 2614040 : 35184653758832 : DEBUG    : prep task.0118
1636841284.494 : re.session.login1.litan.018944.0008 : 2614040 : 35184653758832 : DEBUG    : prep task.0150
1636841284.504 : re.session.login1.litan.018944.0008 : 2614040 : 35184653758832 : DEBUG    : prep task.0119
1636841284.514 : re.session.login1.litan.018944.0008 : 2614040 : 35184653758832 : DEBUG    : prep task.0151
1636841284.525 : re.session.login1.litan.018944.0008 : 2614040 : 35184653758832 : DEBUG    : prep task.0120
1636841284.535 : re.session.login1.litan.018944.0008 : 2614040 : 35184653758832 : DEBUG    : prep task.0152
1636841284.548 : re.session.login1.litan.018944.0008 : 2614040 : 35184653758832 : DEBUG    : prep task.0010
1636841284.560 : re.session.login1.litan.018944.0008 : 2614040 : 35184653758832 : DEBUG    : prep task.0121
1636841284.570 : re.session.login1.litan.018944.0008 : 2614040 : 35184653758832 : DEBUG    : prep task.0000
1636841284.580 : re.session.login1.litan.018944.0008 : 2614040 : 35184653758832 : DEBUG    : prep task.0153
1636841284.590 : re.session.login1.litan.018944.0008 : 2614040 : 35184653758832 : DEBUG    : prep task.0009
1636841284.600 : re.session.login1.litan.018944.0008 : 2614040 : 35184653758832 : DEBUG    : prep task.0122
1636841284.611 : re.session.login1.litan.018944.0008 : 2614040 : 35184653758832 : DEBUG    : prep task.0154
1636841284.621 : re.session.login1.litan.018944.0008 : 2614040 : 35184653758832 : DEBUG    : prep task.0123
1636841284.631 : re.session.login1.litan.018944.0008 : 2614040 : 35184653758832 : DEBUG    : prep task.0004
1636841284.641 : re.session.login1.litan.018944.0008 : 2614040 : 35184653758832 : DEBUG    : prep task.0155
1636841284.651 : re.session.login1.litan.018944.0008 : 2614040 : 35184653758832 : DEBUG    : prep task.0124
1636841284.661 : re.session.login1.litan.018944.0008 : 2614040 : 35184653758832 : DEBUG    : prep task.0013
1636841284.670 : re.session.login1.litan.018944.0008 : 2614040 : 35184653758832 : DEBUG    : prep task.0156
1636841284.681 : re.session.login1.litan.018944.0008 : 2614040 : 35184653758832 : DEBUG    : prep task.0125
1636841284.691 : re.session.login1.litan.018944.0008 : 2614040 : 35184653758832 : DEBUG    : prep task.0157
1636841284.702 : re.session.login1.litan.018944.0008 : 2614040 : 35184653758832 : DEBUG    : prep task.0011
1636841284.713 : re.session.login1.litan.018944.0008 : 2614040 : 35184653758832 : DEBUG    : prep task.0126
1636841284.723 : re.session.login1.litan.018944.0008 : 2614040 : 35184653758832 : DEBUG    : prep task.0158
1636841284.733 : re.session.login1.litan.018944.0008 : 2614040 : 35184653758832 : DEBUG    : prep task.0127
1636841284.743 : re.session.login1.litan.018944.0008 : 2614040 : 35184653758832 : DEBUG    : prep task.0159
1636841284.754 : re.session.login1.litan.018944.0008 : 2614040 : 35184653758832 : DEBUG    : prep task.0128
1636841284.764 : re.session.login1.litan.018944.0008 : 2614040 : 35184653758832 : DEBUG    : prep task.0012
1636841284.774 : re.session.login1.litan.018944.0008 : 2614040 : 35184653758832 : DEBUG    : prep task.0160
1636841284.783 : re.session.login1.litan.018944.0008 : 2614040 : 35184653758832 : DEBUG    : prep task.0015
1636841284.792 : re.session.login1.litan.018944.0008 : 2614040 : 35184653758832 : DEBUG    : prep task.0129
1636841284.803 : re.session.login1.litan.018944.0008 : 2614040 : 35184653758832 : DEBUG    : prep task.0161
1636841284.814 : re.session.login1.litan.018944.0008 : 2614040 : 35184653758832 : DEBUG    : prep task.0130
1636841284.823 : re.session.login1.litan.018944.0008 : 2614040 : 35184653758832 : DEBUG    : prep task.0014
1636841284.835 : re.session.login1.litan.018944.0008 : 2614040 : 35184653758832 : DEBUG    : prep task.0162
1636841284.847 : re.session.login1.litan.018944.0008 : 2614040 : 35184653758832 : DEBUG    : prep task.0022
1636841284.856 : re.session.login1.litan.018944.0008 : 2614040 : 35184653758832 : DEBUG    : prep task.0024
1636841284.866 : re.session.login1.litan.018944.0008 : 2614040 : 35184653758832 : DEBUG    : prep task.0020
1636841284.876 : re.session.login1.litan.018944.0008 : 2614040 : 35184653758832 : DEBUG    : prep task.0077
1636841284.887 : re.session.login1.litan.018944.0008 : 2614040 : 35184653758832 : DEBUG    : prep task.0164
1636841284.897 : re.session.login1.litan.018944.0008 : 2614040 : 35184653758832 : DEBUG    : prep task.0039
1636841284.908 : re.session.login1.litan.018944.0008 : 2614040 : 35184653758832 : DEBUG    : prep task.0019
1636841284.919 : re.session.login1.litan.018944.0008 : 2614040 : 35184653758832 : DEBUG    : prep task.0075
1636841284.931 : re.session.login1.litan.018944.0008 : 2614040 : 35184653758832 : DEBUG    : prep task.0165
1636841284.945 : re.session.login1.litan.018944.0008 : 2614040 : 35184653758832 : DEBUG    : prep task.0072
1636841284.956 : re.session.login1.litan.018944.0008 : 2614040 : 35184653758832 : DEBUG    : prep task.0026
1636841284.966 : re.session.login1.litan.018944.0008 : 2614040 : 35184653758832 : DEBUG    : prep task.0166
1636841284.976 : re.session.login1.litan.018944.0008 : 2614040 : 35184653758832 : DEBUG    : prep task.0021
1636841284.990 : re.session.login1.litan.018944.0008 : 2614040 : 35184653758832 : DEBUG    : prep task.0023
1636841285.001 : re.session.login1.litan.018944.0008 : 2614040 : 35184653758832 : DEBUG    : prep task.0068
1636841285.013 : re.session.login1.litan.018944.0008 : 2614040 : 35184653758832 : DEBUG    : prep task.0167
1636841285.023 : re.session.login1.litan.018944.0008 : 2614040 : 35184653758832 : DEBUG    : prep task.0080
1636841285.032 : re.session.login1.litan.018944.0008 : 2614040 : 35184653758832 : DEBUG    : prep task.0049
1636841285.047 : re.session.login1.litan.018944.0008 : 2614040 : 35184653758832 : DEBUG    : prep task.0045
1636841285.059 : re.session.login1.litan.018944.0008 : 2614040 : 35184653758832 : DEBUG    : prep task.0076
1636841285.068 : re.session.login1.litan.018944.0008 : 2614040 : 35184653758832 : DEBUG    : prep task.0168
1636841285.078 : re.session.login1.litan.018944.0008 : 2614040 : 35184653758832 : DEBUG    : prep task.0078
1636841285.088 : re.session.login1.litan.018944.0008 : 2614040 : 35184653758832 : DEBUG    : prep task.0169
1636841285.097 : re.session.login1.litan.018944.0008 : 2614040 : 35184653758832 : DEBUG    : prep task.0066
1636841285.107 : re.session.login1.litan.018944.0008 : 2614040 : 35184653758832 : DEBUG    : prep task.0069
1636841285.117 : re.session.login1.litan.018944.0008 : 2614040 : 35184653758832 : DEBUG    : prep task.0082
1636841285.127 : re.session.login1.litan.018944.0008 : 2614040 : 35184653758832 : DEBUG    : prep task.0170
1636841285.137 : re.session.login1.litan.018944.0008 : 2614040 : 35184653758832 : DEBUG    : prep task.0029
1636841285.148 : re.session.login1.litan.018944.0008 : 2614040 : 35184653758832 : DEBUG    : prep task.0025
1636841285.159 : re.session.login1.litan.018944.0008 : 2614040 : 35184653758832 : DEBUG    : prep task.0079
1636841285.169 : re.session.login1.litan.018944.0008 : 2614040 : 35184653758832 : DEBUG    : prep task.0171
1636841285.179 : re.session.login1.litan.018944.0008 : 2614040 : 35184653758832 : DEBUG    : prep task.0018
1636841285.189 : re.session.login1.litan.018944.0008 : 2614040 : 35184653758832 : DEBUG    : prep task.0067
1636841285.198 : re.session.login1.litan.018944.0008 : 2614040 : 35184653758832 : DEBUG    : prep task.0027
1636841285.208 : re.session.login1.litan.018944.0008 : 2614040 : 35184653758832 : DEBUG    : prep task.0083
1636841285.219 : re.session.login1.litan.018944.0008 : 2614040 : 35184653758832 : DEBUG    : prep task.0172
1636841285.228 : re.session.login1.litan.018944.0008 : 2614040 : 35184653758832 : DEBUG    : prep task.0081
1636841285.238 : re.session.login1.litan.018944.0008 : 2614040 : 35184653758832 : DEBUG    : prep task.0173
1636841285.249 : re.session.login1.litan.018944.0008 : 2614040 : 35184653758832 : DEBUG    : prep task.0050
1636841285.259 : re.session.login1.litan.018944.0008 : 2614040 : 35184653758832 : DEBUG    : prep task.0085
1636841285.271 : re.session.login1.litan.018944.0008 : 2614040 : 35184653758832 : DEBUG    : prep task.0056
1636841285.283 : re.session.login1.litan.018944.0008 : 2614040 : 35184653758832 : DEBUG    : prep task.0174
1636841285.294 : re.session.login1.litan.018944.0008 : 2614040 : 35184653758832 : DEBUG    : prep task.0032
1636841285.303 : re.session.login1.litan.018944.0008 : 2614040 : 35184653758832 : DEBUG    : prep task.0028
1636841285.313 : re.session.login1.litan.018944.0008 : 2614040 : 35184653758832 : DEBUG    : prep task.0052
1636841285.324 : re.session.login1.litan.018944.0008 : 2614040 : 35184653758832 : DEBUG    : prep task.0175
1636841285.334 : re.session.login1.litan.018944.0008 : 2614040 : 35184653758832 : DEBUG    : prep task.0030
1636841285.343 : re.session.login1.litan.018944.0008 : 2614040 : 35184653758832 : DEBUG    : prep task.0051
1636841285.352 : re.session.login1.litan.018944.0008 : 2614040 : 35184653758832 : DEBUG    : prep task.0086
1636841285.363 : re.session.login1.litan.018944.0008 : 2614040 : 35184653758832 : DEBUG    : prep task.0176
1636841285.372 : re.session.login1.litan.018944.0008 : 2614040 : 35184653758832 : DEBUG    : prep task.0084
1636841285.382 : re.session.login1.litan.018944.0008 : 2614040 : 35184653758832 : DEBUG    : prep task.0034
1636841285.393 : re.session.login1.litan.018944.0008 : 2614040 : 35184653758832 : DEBUG    : prep task.0090
1636841285.403 : re.session.login1.litan.018944.0008 : 2614040 : 35184653758832 : DEBUG    : prep task.0177
1636841285.413 : re.session.login1.litan.018944.0008 : 2614040 : 35184653758832 : DEBUG    : prep task.0031
1636841285.423 : re.session.login1.litan.018944.0008 : 2614040 : 35184653758832 : DEBUG    : prep task.0053
1636841285.433 : re.session.login1.litan.018944.0008 : 2614040 : 35184653758832 : DEBUG    : prep task.0178
1636841285.443 : re.session.login1.litan.018944.0008 : 2614040 : 35184653758832 : DEBUG    : prep task.0035
1636841285.454 : re.session.login1.litan.018944.0008 : 2614040 : 35184653758832 : DEBUG    : prep task.0048
1636841285.466 : re.session.login1.litan.018944.0008 : 2614040 : 35184653758832 : DEBUG    : prep task.0074
1636841285.477 : re.session.login1.litan.018944.0008 : 2614040 : 35184653758832 : DEBUG    : prep task.0179
1636841285.488 : re.session.login1.litan.018944.0008 : 2614040 : 35184653758832 : DEBUG    : prep task.0017
1636841285.498 : re.session.login1.litan.018944.0008 : 2614040 : 35184653758832 : DEBUG    : prep task.0088
1636841285.508 : re.session.login1.litan.018944.0008 : 2614040 : 35184653758832 : DEBUG    : prep task.0033
1636841285.517 : re.session.login1.litan.018944.0008 : 2614040 : 35184653758832 : DEBUG    : prep task.0071
1636841285.526 : re.session.login1.litan.018944.0008 : 2614040 : 35184653758832 : DEBUG    : prep task.0180
1636841285.535 : re.session.login1.litan.018944.0008 : 2614040 : 35184653758832 : DEBUG    : prep task.0037
1636841285.546 : re.session.login1.litan.018944.0008 : 2614040 : 35184653758832 : DEBUG    : prep task.0054
1636841285.557 : re.session.login1.litan.018944.0008 : 2614040 : 35184653758832 : DEBUG    : prep task.0089
1636841285.567 : re.session.login1.litan.018944.0008 : 2614040 : 35184653758832 : DEBUG    : prep task.0181
1636841285.578 : re.session.login1.litan.018944.0008 : 2614040 : 35184653758832 : DEBUG    : prep task.0087
1636841285.588 : re.session.login1.litan.018944.0008 : 2614040 : 35184653758832 : DEBUG    : prep task.0095
1636841285.599 : re.session.login1.litan.018944.0008 : 2614040 : 35184653758832 : DEBUG    : prep task.0182
1636841285.608 : re.session.login1.litan.018944.0008 : 2614040 : 35184653758832 : DEBUG    : prep task.0038
1636841285.618 : re.session.login1.litan.018944.0008 : 2614040 : 35184653758832 : DEBUG    : prep task.0059
1636841285.627 : re.session.login1.litan.018944.0008 : 2614040 : 35184653758832 : DEBUG    : prep task.0073
1636841285.636 : re.session.login1.litan.018944.0008 : 2614040 : 35184653758832 : DEBUG    : prep task.0183
1636841285.645 : re.session.login1.litan.018944.0008 : 2614040 : 35184653758832 : DEBUG    : prep task.0036
1636841285.654 : re.session.login1.litan.018944.0008 : 2614040 : 35184653758832 : DEBUG    : prep task.0055
1636841285.663 : re.session.login1.litan.018944.0008 : 2614040 : 35184653758832 : DEBUG    : prep task.0092
1636841285.673 : re.session.login1.litan.018944.0008 : 2614040 : 35184653758832 : DEBUG    : prep task.0091
1636841285.682 : re.session.login1.litan.018944.0008 : 2614040 : 35184653758832 : DEBUG    : prep task.0184
1636841285.691 : re.session.login1.litan.018944.0008 : 2614040 : 35184653758832 : DEBUG    : prep task.0044
1636841285.700 : re.session.login1.litan.018944.0008 : 2614040 : 35184653758832 : DEBUG    : prep task.0057
1636841285.710 : re.session.login1.litan.018944.0008 : 2614040 : 35184653758832 : DEBUG    : prep task.0185
1636841285.719 : re.session.login1.litan.018944.0008 : 2614040 : 35184653758832 : DEBUG    : prep task.0041
1636841285.729 : re.session.login1.litan.018944.0008 : 2614040 : 35184653758832 : DEBUG    : prep task.0186
1636841285.738 : re.session.login1.litan.018944.0008 : 2614040 : 35184653758832 : DEBUG    : prep task.0040
1636841285.749 : re.session.login1.litan.018944.0008 : 2614040 : 35184653758832 : DEBUG    : prep task.0062
1636841285.758 : re.session.login1.litan.018944.0008 : 2614040 : 35184653758832 : DEBUG    : prep task.0100
1636841285.768 : re.session.login1.litan.018944.0008 : 2614040 : 35184653758832 : DEBUG    : prep task.0187
1636841285.779 : re.session.login1.litan.018944.0008 : 2614040 : 35184653758832 : DEBUG    : prep task.0058
1636841285.790 : re.session.login1.litan.018944.0008 : 2614040 : 35184653758832 : DEBUG    : prep task.0093
1636841285.801 : re.session.login1.litan.018944.0008 : 2614040 : 35184653758832 : DEBUG    : prep task.0070
1636841285.811 : re.session.login1.litan.018944.0008 : 2614040 : 35184653758832 : DEBUG    : prep task.0188
1636841285.820 : re.session.login1.litan.018944.0008 : 2614040 : 35184653758832 : DEBUG    : prep task.0060
1636841285.829 : re.session.login1.litan.018944.0008 : 2614040 : 35184653758832 : DEBUG    : prep task.0189
1636841285.839 : re.session.login1.litan.018944.0008 : 2614040 : 35184653758832 : DEBUG    : prep task.0047
1636841285.849 : re.session.login1.litan.018944.0008 : 2614040 : 35184653758832 : DEBUG    : prep task.0042
1636841285.858 : re.session.login1.litan.018944.0008 : 2614040 : 35184653758832 : DEBUG    : prep task.0098
1636841285.868 : re.session.login1.litan.018944.0008 : 2614040 : 35184653758832 : DEBUG    : prep task.0190
1636841285.878 : re.session.login1.litan.018944.0008 : 2614040 : 35184653758832 : DEBUG    : prep task.0064
1636841285.890 : re.session.login1.litan.018944.0008 : 2614040 : 35184653758832 : DEBUG    : prep task.0094
1636841285.901 : re.session.login1.litan.018944.0008 : 2614040 : 35184653758832 : DEBUG    : prep task.0099
1636841285.910 : re.session.login1.litan.018944.0008 : 2614040 : 35184653758832 : DEBUG    : prep task.0191
1636841285.920 : re.session.login1.litan.018944.0008 : 2614040 : 35184653758832 : DEBUG    : prep task.0061
1636841285.931 : re.session.login1.litan.018944.0008 : 2614040 : 35184653758832 : DEBUG    : prep task.0096
1636841285.942 : re.session.login1.litan.018944.0008 : 2614040 : 35184653758832 : DEBUG    : prep task.0046
1636841285.953 : re.session.login1.litan.018944.0008 : 2614040 : 35184653758832 : DEBUG    : prep task.0063
1636841285.968 : re.session.login1.litan.018944.0008 : 2614040 : 35184653758832 : DEBUG    : prep task.0043
1636841285.980 : re.session.login1.litan.018944.0008 : 2614040 : 35184653758832 : DEBUG    : prep task.0097
1636841285.991 : re.session.login1.litan.018944.0008 : 2614040 : 35184653758832 : DEBUG    : prep task.0199
1636841286.000 : re.session.login1.litan.018944.0008 : 2614040 : 35184653758832 : DEBUG    : prep task.0207
1636841286.009 : re.session.login1.litan.018944.0008 : 2614040 : 35184653758832 : DEBUG    : prep task.0215
1636841286.018 : re.session.login1.litan.018944.0008 : 2614040 : 35184653758832 : DEBUG    : prep task.0223
1636841286.028 : re.session.login1.litan.018944.0008 : 2614040 : 35184653758832 : DEBUG    : prep task.0192
1636841286.044 : re.session.login1.litan.018944.0008 : 2614040 : 35184653758832 : DEBUG    : prep task.0200
1636841286.053 : re.session.login1.litan.018944.0008 : 2614040 : 35184653758832 : DEBUG    : prep task.0208
1636841286.061 : re.session.login1.litan.018944.0008 : 2614040 : 35184653758832 : DEBUG    : prep task.0216
1636841286.071 : re.session.login1.litan.018944.0008 : 2614040 : 35184653758832 : DEBUG    : prep task.0193
1636841286.081 : re.session.login1.litan.018944.0008 : 2614040 : 35184653758832 : DEBUG    : prep task.0201
1636841286.092 : re.session.login1.litan.018944.0008 : 2614040 : 35184653758832 : DEBUG    : prep task.0209
1636841286.102 : re.session.login1.litan.018944.0008 : 2614040 : 35184653758832 : DEBUG    : prep task.0217
1636841286.112 : re.session.login1.litan.018944.0008 : 2614040 : 35184653758832 : DEBUG    : prep task.0194
1636841286.121 : re.session.login1.litan.018944.0008 : 2614040 : 35184653758832 : DEBUG    : prep task.0202
1636841286.133 : re.session.login1.litan.018944.0008 : 2614040 : 35184653758832 : DEBUG    : prep task.0210
1636841286.144 : re.session.login1.litan.018944.0008 : 2614040 : 35184653758832 : DEBUG    : prep task.0218
1636841286.154 : re.session.login1.litan.018944.0008 : 2614040 : 35184653758832 : DEBUG    : prep task.0195
1636841286.163 : re.session.login1.litan.018944.0008 : 2614040 : 35184653758832 : DEBUG    : prep task.0203
1636841286.173 : re.session.login1.litan.018944.0008 : 2614040 : 35184653758832 : DEBUG    : prep task.0211
1636841286.183 : re.session.login1.litan.018944.0008 : 2614040 : 35184653758832 : DEBUG    : prep task.0219
1636841286.192 : re.session.login1.litan.018944.0008 : 2614040 : 35184653758832 : DEBUG    : prep task.0198
1636841286.204 : re.session.login1.litan.018944.0008 : 2614040 : 35184653758832 : DEBUG    : prep task.0196
1636841286.215 : re.session.login1.litan.018944.0008 : 2614040 : 35184653758832 : DEBUG    : prep task.0204
1636841286.225 : re.session.login1.litan.018944.0008 : 2614040 : 35184653758832 : DEBUG    : prep task.0212
1636841286.235 : re.session.login1.litan.018944.0008 : 2614040 : 35184653758832 : DEBUG    : prep task.0214
1636841286.247 : re.session.login1.litan.018944.0008 : 2614040 : 35184653758832 : DEBUG    : prep task.0220
1636841286.258 : re.session.login1.litan.018944.0008 : 2614040 : 35184653758832 : DEBUG    : prep task.0222
1636841286.268 : re.session.login1.litan.018944.0008 : 2614040 : 35184653758832 : DEBUG    : prep task.0197
1636841286.277 : re.session.login1.litan.018944.0008 : 2614040 : 35184653758832 : DEBUG    : prep task.0205
1636841286.287 : re.session.login1.litan.018944.0008 : 2614040 : 35184653758832 : DEBUG    : prep task.0213
1636841286.297 : re.session.login1.litan.018944.0008 : 2614040 : 35184653758832 : DEBUG    : prep task.0221
1636841286.371 : re.session.login1.litan.018944.0008 : 2614040 : 35184653758832 : DEBUG    : prep task.0206
1636841304.102 : re.session.login1.litan.018944.0008 : 2614040 : 35184653758832 : DEBUG    : prep task.0234
1636841304.303 : re.session.login1.litan.018944.0008 : 2614040 : 35184653758832 : DEBUG    : prep task.0278
1636841304.311 : re.session.login1.litan.018944.0008 : 2614040 : 35184653758832 : DEBUG    : prep task.0239
1636841304.319 : re.session.login1.litan.018944.0008 : 2614040 : 35184653758832 : DEBUG    : prep task.0261
1636841304.328 : re.session.login1.litan.018944.0008 : 2614040 : 35184653758832 : DEBUG    : prep task.0385
1636841304.338 : re.session.login1.litan.018944.0008 : 2614040 : 35184653758832 : DEBUG    : prep task.0267
1636841304.508 : re.session.login1.litan.018944.0008 : 2614040 : 35184653758832 : DEBUG    : prep task.0318
1636841304.519 : re.session.login1.litan.018944.0008 : 2614040 : 35184653758832 : DEBUG    : prep task.0254
1636841304.531 : re.session.login1.litan.018944.0008 : 2614040 : 35184653758832 : DEBUG    : prep task.0245
1636841304.544 : re.session.login1.litan.018944.0008 : 2614040 : 35184653758832 : DEBUG    : prep task.0299
1636841304.556 : re.session.login1.litan.018944.0008 : 2614040 : 35184653758832 : DEBUG    : prep task.0236
1636841304.566 : re.session.login1.litan.018944.0008 : 2614040 : 35184653758832 : DEBUG    : prep task.0268
1636841304.577 : re.session.login1.litan.018944.0008 : 2614040 : 35184653758832 : DEBUG    : prep task.0279
1636841304.588 : re.session.login1.litan.018944.0008 : 2614040 : 35184653758832 : DEBUG    : prep task.0237
1636841304.607 : re.session.login1.litan.018944.0008 : 2614040 : 35184653758832 : DEBUG    : prep task.0416
1636841304.617 : re.session.login1.litan.018944.0008 : 2614040 : 35184653758832 : DEBUG    : prep task.0246
1636841304.628 : re.session.login1.litan.018944.0008 : 2614040 : 35184653758832 : DEBUG    : prep task.0323
1636841304.637 : re.session.login1.litan.018944.0008 : 2614040 : 35184653758832 : DEBUG    : prep task.0331
1636841304.651 : re.session.login1.litan.018944.0008 : 2614040 : 35184653758832 : DEBUG    : prep task.0317
1636841304.663 : re.session.login1.litan.018944.0008 : 2614040 : 35184653758832 : DEBUG    : prep task.0411
1636841304.676 : re.session.login1.litan.018944.0008 : 2614040 : 35184653758832 : DEBUG    : prep task.0235
1636841304.685 : re.session.login1.litan.018944.0008 : 2614040 : 35184653758832 : DEBUG    : prep task.0262
1636841304.694 : re.session.login1.litan.018944.0008 : 2614040 : 35184653758832 : DEBUG    : prep task.0379
1636841304.707 : re.session.login1.litan.018944.0008 : 2614040 : 35184653758832 : DEBUG    : prep task.0316
1636841304.719 : re.session.login1.litan.018944.0008 : 2614040 : 35184653758832 : DEBUG    : prep task.0410
1636841304.811 : re.session.login1.litan.018944.0008 : 2614040 : 35184653758832 : DEBUG    : prep task.0275
1636841304.820 : re.session.login1.litan.018944.0008 : 2614040 : 35184653758832 : DEBUG    : prep task.0355
1636841304.829 : re.session.login1.litan.018944.0008 : 2614040 : 35184653758832 : DEBUG    : prep task.0403
1636841304.837 : re.session.login1.litan.018944.0008 : 2614040 : 35184653758832 : DEBUG    : prep task.0363
1636841304.845 : re.session.login1.litan.018944.0008 : 2614040 : 35184653758832 : DEBUG    : prep task.0227
1636841304.854 : re.session.login1.litan.018944.0008 : 2614040 : 35184653758832 : DEBUG    : prep task.0238
1636841304.864 : re.session.login1.litan.018944.0008 : 2614040 : 35184653758832 : DEBUG    : prep task.0270
1636841304.873 : re.session.login1.litan.018944.0008 : 2614040 : 35184653758832 : DEBUG    : prep task.0228
1636841304.884 : re.session.login1.litan.018944.0008 : 2614040 : 35184653758832 : DEBUG    : prep task.0381
1636841304.894 : re.session.login1.litan.018944.0008 : 2614040 : 35184653758832 : DEBUG    : prep task.0271
1636841304.904 : re.session.login1.litan.018944.0008 : 2614040 : 35184653758832 : DEBUG    : prep task.0380
1636841304.917 : re.session.login1.litan.018944.0008 : 2614040 : 35184653758832 : DEBUG    : prep task.0269
1636841304.926 : re.session.login1.litan.018944.0008 : 2614040 : 35184653758832 : DEBUG    : prep task.0273
1636841304.936 : re.session.login1.litan.018944.0008 : 2614040 : 35184653758832 : DEBUG    : prep task.0274
1636841304.945 : re.session.login1.litan.018944.0008 : 2614040 : 35184653758832 : DEBUG    : prep task.0226
1636841304.955 : re.session.login1.litan.018944.0008 : 2614040 : 35184653758832 : DEBUG    : prep task.0288
1636841304.967 : re.session.login1.litan.018944.0008 : 2614040 : 35184653758832 : DEBUG    : prep task.0349
1636841304.977 : re.session.login1.litan.018944.0008 : 2614040 : 35184653758832 : DEBUG    : prep task.0350
1636841304.986 : re.session.login1.litan.018944.0008 : 2614040 : 35184653758832 : DEBUG    : prep task.0413
1636841304.997 : re.session.login1.litan.018944.0008 : 2614040 : 35184653758832 : DEBUG    : prep task.0265
1636841305.007 : re.session.login1.litan.018944.0008 : 2614040 : 35184653758832 : DEBUG    : prep task.0351
1636841305.112 : re.session.login1.litan.018944.0008 : 2614040 : 35184653758832 : DEBUG    : prep task.0347
1636841305.121 : re.session.login1.litan.018944.0008 : 2614040 : 35184653758832 : DEBUG    : prep task.0364
1636841305.129 : re.session.login1.litan.018944.0008 : 2614040 : 35184653758832 : DEBUG    : prep task.0370
1636841305.138 : re.session.login1.litan.018944.0008 : 2614040 : 35184653758832 : DEBUG    : prep task.0362
1636841305.147 : re.session.login1.litan.018944.0008 : 2614040 : 35184653758832 : DEBUG    : prep task.0409
1636841305.156 : re.session.login1.litan.018944.0008 : 2614040 : 35184653758832 : DEBUG    : prep task.0230
1636841305.165 : re.session.login1.litan.018944.0008 : 2614040 : 35184653758832 : DEBUG    : prep task.0315
1636841305.174 : re.session.login1.litan.018944.0008 : 2614040 : 35184653758832 : DEBUG    : prep task.0377
1636841305.183 : re.session.login1.litan.018944.0008 : 2614040 : 35184653758832 : DEBUG    : prep task.0314
1636841305.193 : re.session.login1.litan.018944.0008 : 2614040 : 35184653758832 : DEBUG    : prep task.0408
1636841305.203 : re.session.login1.litan.018944.0008 : 2614040 : 35184653758832 : DEBUG    : prep task.0378
1636841305.214 : re.session.login1.litan.018944.0008 : 2614040 : 35184653758832 : DEBUG    : prep task.0260
1636841305.227 : re.session.login1.litan.018944.0008 : 2614040 : 35184653758832 : DEBUG    : prep task.0313
1636841305.239 : re.session.login1.litan.018944.0008 : 2614040 : 35184653758832 : DEBUG    : prep task.0393
1636841305.249 : re.session.login1.litan.018944.0008 : 2614040 : 35184653758832 : DEBUG    : prep task.0407
1636841305.259 : re.session.login1.litan.018944.0008 : 2614040 : 35184653758832 : DEBUG    : prep task.0344
1636841305.268 : re.session.login1.litan.018944.0008 : 2614040 : 35184653758832 : DEBUG    : prep task.0258
1636841305.279 : re.session.login1.litan.018944.0008 : 2614040 : 35184653758832 : DEBUG    : prep task.0229
1636841305.293 : re.session.login1.litan.018944.0008 : 2614040 : 35184653758832 : DEBUG    : prep task.0412
1636841305.304 : re.session.login1.litan.018944.0008 : 2614040 : 35184653758832 : DEBUG    : prep task.0266
1636841305.411 : re.session.login1.litan.018944.0008 : 2614040 : 35184653758832 : DEBUG    : prep task.0276
1636841305.421 : re.session.login1.litan.018944.0008 : 2614040 : 35184653758832 : DEBUG    : prep task.0342
1636841305.429 : re.session.login1.litan.018944.0008 : 2614040 : 35184653758832 : DEBUG    : prep task.0309
1636841305.438 : re.session.login1.litan.018944.0008 : 2614040 : 35184653758832 : DEBUG    : prep task.0321
1636841305.449 : re.session.login1.litan.018944.0008 : 2614040 : 35184653758832 : DEBUG    : prep task.0394
1636841305.461 : re.session.login1.litan.018944.0008 : 2614040 : 35184653758832 : DEBUG    : prep task.0320
1636841305.513 : re.session.login1.litan.018944.0008 : 2614040 : 35184653758832 : DEBUG    : prep task.0375
1636841305.536 : re.session.login1.litan.018944.0008 : 2614040 : 35184653758832 : DEBUG    : prep task.0285
1636841305.545 : re.session.login1.litan.018944.0008 : 2614040 : 35184653758832 : DEBUG    : prep task.0353
1636841305.556 : re.session.login1.litan.018944.0008 : 2614040 : 35184653758832 : DEBUG    : prep task.0343
1636841305.564 : re.session.login1.litan.018944.0008 : 2614040 : 35184653758832 : DEBUG    : prep task.0326
1636841305.573 : re.session.login1.litan.018944.0008 : 2614040 : 35184653758832 : DEBUG    : prep task.0374
1636841305.586 : re.session.login1.litan.018944.0008 : 2614040 : 35184653758832 : DEBUG    : prep task.0311
1636841305.595 : re.session.login1.litan.018944.0008 : 2614040 : 35184653758832 : DEBUG    : prep task.0405
1636841305.606 : re.session.login1.litan.018944.0008 : 2614040 : 35184653758832 : DEBUG    : prep task.0300
1636841305.616 : re.session.login1.litan.018944.0008 : 2614040 : 35184653758832 : DEBUG    : prep task.0256
1636841305.626 : re.session.login1.litan.018944.0008 : 2614040 : 35184653758832 : DEBUG    : prep task.0373
1636841305.638 : re.session.login1.litan.018944.0008 : 2614040 : 35184653758832 : DEBUG    : prep task.0310
1636841305.712 : re.session.login1.litan.018944.0008 : 2614040 : 35184653758832 : DEBUG    : prep task.0290
1636841305.721 : re.session.login1.litan.018944.0008 : 2614040 : 35184653758832 : DEBUG    : prep task.0414
1636841305.730 : re.session.login1.litan.018944.0008 : 2614040 : 35184653758832 : DEBUG    : prep task.0369
1636841305.740 : re.session.login1.litan.018944.0008 : 2614040 : 35184653758832 : DEBUG    : prep task.0322
1636841305.750 : re.session.login1.litan.018944.0008 : 2614040 : 35184653758832 : DEBUG    : prep task.0283
1636841305.759 : re.session.login1.litan.018944.0008 : 2614040 : 35184653758832 : DEBUG    : prep task.0231
1636841305.769 : re.session.login1.litan.018944.0008 : 2614040 : 35184653758832 : DEBUG    : prep task.0291
1636841305.812 : re.session.login1.litan.018944.0008 : 2614040 : 35184653758832 : DEBUG    : prep task.0404
1636841305.823 : re.session.login1.litan.018944.0008 : 2614040 : 35184653758832 : DEBUG    : prep task.0399
1636841305.831 : re.session.login1.litan.018944.0008 : 2614040 : 35184653758832 : DEBUG    : prep task.0389
1636841305.840 : re.session.login1.litan.018944.0008 : 2614040 : 35184653758832 : DEBUG    : prep task.0400
1636841305.849 : re.session.login1.litan.018944.0008 : 2614040 : 35184653758832 : DEBUG    : prep task.0263
1636841305.858 : re.session.login1.litan.018944.0008 : 2614040 : 35184653758832 : DEBUG    : prep task.0371
1636841305.915 : re.session.login1.litan.018944.0008 : 2614040 : 35184653758832 : DEBUG    : prep task.0415
1636841305.924 : re.session.login1.litan.018944.0008 : 2614040 : 35184653758832 : DEBUG    : prep task.0241
1636841305.933 : re.session.login1.litan.018944.0008 : 2614040 : 35184653758832 : DEBUG    : prep task.0327
1636841305.943 : re.session.login1.litan.018944.0008 : 2614040 : 35184653758832 : DEBUG    : prep task.0281
1636841305.953 : re.session.login1.litan.018944.0008 : 2614040 : 35184653758832 : DEBUG    : prep task.0272
1636841305.963 : re.session.login1.litan.018944.0008 : 2614040 : 35184653758832 : DEBUG    : prep task.0232
1636841305.973 : re.session.login1.litan.018944.0008 : 2614040 : 35184653758832 : DEBUG    : prep task.0348
1636841305.984 : re.session.login1.litan.018944.0008 : 2614040 : 35184653758832 : DEBUG    : prep task.0292
1636841305.995 : re.session.login1.litan.018944.0008 : 2614040 : 35184653758832 : DEBUG    : prep task.0224
1636841306.008 : re.session.login1.litan.018944.0008 : 2614040 : 35184653758832 : DEBUG    : prep task.0293
1636841306.019 : re.session.login1.litan.018944.0008 : 2614040 : 35184653758832 : DEBUG    : prep task.0356
1636841306.033 : re.session.login1.litan.018944.0008 : 2614040 : 35184653758832 : DEBUG    : prep task.0264
1636841306.117 : re.session.login1.litan.018944.0008 : 2614040 : 35184653758832 : DEBUG    : prep task.0340
1636841306.128 : re.session.login1.litan.018944.0008 : 2614040 : 35184653758832 : DEBUG    : prep task.0307
1636841306.138 : re.session.login1.litan.018944.0008 : 2614040 : 35184653758832 : DEBUG    : prep task.0398
1636841306.150 : re.session.login1.litan.018944.0008 : 2614040 : 35184653758832 : DEBUG    : prep task.0387
1636841306.159 : re.session.login1.litan.018944.0008 : 2614040 : 35184653758832 : DEBUG    : prep task.0402
1636841306.168 : re.session.login1.litan.018944.0008 : 2614040 : 35184653758832 : DEBUG    : prep task.0339
1636841306.177 : re.session.login1.litan.018944.0008 : 2614040 : 35184653758832 : DEBUG    : prep task.0319
1636841306.186 : re.session.login1.litan.018944.0008 : 2614040 : 35184653758832 : DEBUG    : prep task.0391
1636841306.196 : re.session.login1.litan.018944.0008 : 2614040 : 35184653758832 : DEBUG    : prep task.0225
1636841306.208 : re.session.login1.litan.018944.0008 : 2614040 : 35184653758832 : DEBUG    : prep task.0358
1636841306.220 : re.session.login1.litan.018944.0008 : 2614040 : 35184653758832 : DEBUG    : prep task.0286
1636841306.230 : re.session.login1.litan.018944.0008 : 2614040 : 35184653758832 : DEBUG    : prep task.0301
1636841306.241 : re.session.login1.litan.018944.0008 : 2614040 : 35184653758832 : DEBUG    : prep task.0357
1636841306.252 : re.session.login1.litan.018944.0008 : 2614040 : 35184653758832 : DEBUG    : prep task.0384
1636841306.262 : re.session.login1.litan.018944.0008 : 2614040 : 35184653758832 : DEBUG    : prep task.0352
1636841306.273 : re.session.login1.litan.018944.0008 : 2614040 : 35184653758832 : DEBUG    : prep task.0386
1636841306.283 : re.session.login1.litan.018944.0008 : 2614040 : 35184653758832 : DEBUG    : prep task.0294
1636841306.330 : re.session.login1.litan.018944.0008 : 2614040 : 35184653758832 : DEBUG    : prep task.0341
1636841306.339 : re.session.login1.litan.018944.0008 : 2614040 : 35184653758832 : DEBUG    : prep task.0406
1636841306.347 : re.session.login1.litan.018944.0008 : 2614040 : 35184653758832 : DEBUG    : prep task.0335
1636841306.356 : re.session.login1.litan.018944.0008 : 2614040 : 35184653758832 : DEBUG    : prep task.0257
1636841306.367 : re.session.login1.litan.018944.0008 : 2614040 : 35184653758832 : DEBUG    : prep task.0338
1636841306.378 : re.session.login1.litan.018944.0008 : 2614040 : 35184653758832 : DEBUG    : prep task.0255
1636841306.389 : re.session.login1.litan.018944.0008 : 2614040 : 35184653758832 : DEBUG    : prep task.0253
1636841306.400 : re.session.login1.litan.018944.0008 : 2614040 : 35184653758832 : DEBUG    : prep task.0306
1636841306.411 : re.session.login1.litan.018944.0008 : 2614040 : 35184653758832 : DEBUG    : prep task.0346
1636841306.422 : re.session.login1.litan.018944.0008 : 2614040 : 35184653758832 : DEBUG    : prep task.0287
1636841306.431 : re.session.login1.litan.018944.0008 : 2614040 : 35184653758832 : DEBUG    : prep task.0345
1636841306.441 : re.session.login1.litan.018944.0008 : 2614040 : 35184653758832 : DEBUG    : prep task.0368
1636841306.450 : re.session.login1.litan.018944.0008 : 2614040 : 35184653758832 : DEBUG    : prep task.0305
1636841306.459 : re.session.login1.litan.018944.0008 : 2614040 : 35184653758832 : DEBUG    : prep task.0312
1636841306.468 : re.session.login1.litan.018944.0008 : 2614040 : 35184653758832 : DEBUG    : prep task.0336
1636841306.478 : re.session.login1.litan.018944.0008 : 2614040 : 35184653758832 : DEBUG    : prep task.0308
1636841306.488 : re.session.login1.litan.018944.0008 : 2614040 : 35184653758832 : DEBUG    : prep task.0367
1636841306.498 : re.session.login1.litan.018944.0008 : 2614040 : 35184653758832 : DEBUG    : prep task.0401
1636841306.509 : re.session.login1.litan.018944.0008 : 2614040 : 35184653758832 : DEBUG    : prep task.0382
1636841306.518 : re.session.login1.litan.018944.0008 : 2614040 : 35184653758832 : DEBUG    : prep task.0284
1636841306.526 : re.session.login1.litan.018944.0008 : 2614040 : 35184653758832 : DEBUG    : prep task.0243
1636841306.536 : re.session.login1.litan.018944.0008 : 2614040 : 35184653758832 : DEBUG    : prep task.0304
1636841306.548 : re.session.login1.litan.018944.0008 : 2614040 : 35184653758832 : DEBUG    : prep task.0395
1636841306.557 : re.session.login1.litan.018944.0008 : 2614040 : 35184653758832 : DEBUG    : prep task.0296
1636841306.566 : re.session.login1.litan.018944.0008 : 2614040 : 35184653758832 : DEBUG    : prep task.0390
1636841306.576 : re.session.login1.litan.018944.0008 : 2614040 : 35184653758832 : DEBUG    : prep task.0324
1636841306.586 : re.session.login1.litan.018944.0008 : 2614040 : 35184653758832 : DEBUG    : prep task.0328
1636841306.595 : re.session.login1.litan.018944.0008 : 2614040 : 35184653758832 : DEBUG    : prep task.0240
1636841306.605 : re.session.login1.litan.018944.0008 : 2614040 : 35184653758832 : DEBUG    : prep task.0359
1636841306.615 : re.session.login1.litan.018944.0008 : 2614040 : 35184653758832 : DEBUG    : prep task.0383
1636841306.625 : re.session.login1.litan.018944.0008 : 2614040 : 35184653758832 : DEBUG    : prep task.0360
1636841306.725 : re.session.login1.litan.018944.0008 : 2614040 : 35184653758832 : DEBUG    : prep task.0251
1636841306.734 : re.session.login1.litan.018944.0008 : 2614040 : 35184653758832 : DEBUG    : prep task.0396
1636841306.742 : re.session.login1.litan.018944.0008 : 2614040 : 35184653758832 : DEBUG    : prep task.0280
1636841306.751 : re.session.login1.litan.018944.0008 : 2614040 : 35184653758832 : DEBUG    : prep task.0250
1636841306.761 : re.session.login1.litan.018944.0008 : 2614040 : 35184653758832 : DEBUG    : prep task.0397
1636841306.773 : re.session.login1.litan.018944.0008 : 2614040 : 35184653758832 : DEBUG    : prep task.0388
1636841306.781 : re.session.login1.litan.018944.0008 : 2614040 : 35184653758832 : DEBUG    : prep task.0259
1636841306.791 : re.session.login1.litan.018944.0008 : 2614040 : 35184653758832 : DEBUG    : prep task.0233
1636841306.801 : re.session.login1.litan.018944.0008 : 2614040 : 35184653758832 : DEBUG    : prep task.0329
1636841306.811 : re.session.login1.litan.018944.0008 : 2614040 : 35184653758832 : DEBUG    : prep task.0372
1636841306.823 : re.session.login1.litan.018944.0008 : 2614040 : 35184653758832 : DEBUG    : prep task.0392
1636841306.835 : re.session.login1.litan.018944.0008 : 2614040 : 35184653758832 : DEBUG    : prep task.0361
1636841306.844 : re.session.login1.litan.018944.0008 : 2614040 : 35184653758832 : DEBUG    : prep task.0244
1636841306.854 : re.session.login1.litan.018944.0008 : 2614040 : 35184653758832 : DEBUG    : prep task.0282
1636841306.865 : re.session.login1.litan.018944.0008 : 2614040 : 35184653758832 : DEBUG    : prep task.0297
1636841306.876 : re.session.login1.litan.018944.0008 : 2614040 : 35184653758832 : DEBUG    : prep task.0277
1636841306.885 : re.session.login1.litan.018944.0008 : 2614040 : 35184653758832 : DEBUG    : prep task.0242
1636841306.924 : re.session.login1.litan.018944.0008 : 2614040 : 35184653758832 : DEBUG    : prep task.0325
1636841306.932 : re.session.login1.litan.018944.0008 : 2614040 : 35184653758832 : DEBUG    : prep task.0333
1636841306.941 : re.session.login1.litan.018944.0008 : 2614040 : 35184653758832 : DEBUG    : prep task.0337
1636841306.950 : re.session.login1.litan.018944.0008 : 2614040 : 35184653758832 : DEBUG    : prep task.0354
1636841306.959 : re.session.login1.litan.018944.0008 : 2614040 : 35184653758832 : DEBUG    : prep task.0376
1636841306.970 : re.session.login1.litan.018944.0008 : 2614040 : 35184653758832 : DEBUG    : prep task.0298
1636841307.024 : re.session.login1.litan.018944.0008 : 2614040 : 35184653758832 : DEBUG    : prep task.0252
1636841307.033 : re.session.login1.litan.018944.0008 : 2614040 : 35184653758832 : DEBUG    : prep task.0295
1636841307.042 : re.session.login1.litan.018944.0008 : 2614040 : 35184653758832 : DEBUG    : prep task.0247
1636841307.051 : re.session.login1.litan.018944.0008 : 2614040 : 35184653758832 : DEBUG    : prep task.0332
1636841307.060 : re.session.login1.litan.018944.0008 : 2614040 : 35184653758832 : DEBUG    : prep task.0248
1636841307.069 : re.session.login1.litan.018944.0008 : 2614040 : 35184653758832 : DEBUG    : prep task.0330
1636841307.126 : re.session.login1.litan.018944.0008 : 2614040 : 35184653758832 : DEBUG    : prep task.0249
1636841307.135 : re.session.login1.litan.018944.0008 : 2614040 : 35184653758832 : DEBUG    : prep task.0303
1636841307.144 : re.session.login1.litan.018944.0008 : 2614040 : 35184653758832 : DEBUG    : prep task.0289
1636841307.152 : re.session.login1.litan.018944.0008 : 2614040 : 35184653758832 : DEBUG    : prep task.0334
1636841307.161 : re.session.login1.litan.018944.0008 : 2614040 : 35184653758832 : DEBUG    : prep task.0366
1636841307.225 : re.session.login1.litan.018944.0008 : 2614040 : 35184653758832 : DEBUG    : prep task.0302
1636841555.683 : re.session.login1.litan.018944.0008 : 2614040 : 35184653758832 : DEBUG    : prep task.0365
1636841598.769 : re.session.login1.litan.018944.0008 : 2613561 : 35185027182960 : INFO     : no shutdown hook defined for LaunchMethod JSRUN
1636841598.769 : re.session.login1.litan.018944.0008 : 2613561 : 35185027182960 : INFO     : ResourceManager shutdown hook succeeded (JSRUN)
