1641265083.371 : tmgr.0000            : 4136147 : 140733377802608 : INFO     : connect pub to state_pubsub: tcp://10.134.0.34:38445
1641265083.377 : tmgr.0000            : 4136147 : 140733377802608 : DEBUG    : registered publisher for state_pubsub
1641265083.413 : tmgr.0000            : 4136147 : 140733377802608 : INFO     : connect pub to control_pubsub: tcp://10.134.0.34:46675
1641265083.418 : tmgr.0000            : 4136147 : 140733377802608 : DEBUG    : registered publisher for control_pubsub
1641265083.444 : tmgr.0000            : 4136147 : 140733377802608 : INFO     : connect sub to control_pubsub: tcp://10.134.0.34:34491
1641265083.533 : tmgr.0000            : 4136147 : 140733377802608 : DEBUG    : ~~ control_pubsub: control_pubsub
1641265083.639 : tmgr.0000            : 4136147 : 140733369348464 : INFO     : started tmgr tmgr.0000
1641265090.461 : tmgr.0000            : 4136147 : 140733369348464 : DEBUG    : tmgr.0000 register output TMGR_SCHEDULING_PENDING:tmgr_scheduling_queue
1641265090.595 : tmgr.0000            : 4136147 : 140733369348464 : DEBUG    : tmgr.0000 register output TMGR_STAGING_OUTPUT_PENDING:tmgr_staging_output_queue
1641265090.740 : tmgr.0000            : 4136147 : 140733369348464 : DEBUG    : START: tmgr.0000 register idler tmgr.0000.idler._state_pull_cb
1641265090.750 : tmgr.0000            : 4136147 : 140734585762160 : DEBUG    : start idle thread: <bound method TaskManager._state_pull_cb of <radical.pilot.task_manager.TaskManager object at 0x7fff8e74c1d0>>
1641265090.755 : tmgr.0000            : 4136147 : 140733369348464 : DEBUG    : tmgr.0000 registered idler tmgr.0000.idler._state_pull_cb
1641265090.760 : tmgr.0000            : 4136147 : 140733369348464 : DEBUG    : START: tmgr.0000 register idler tmgr.0000.idler._task_pull_cb
1641265090.880 : tmgr.0000            : 4136147 : 140734828835184 : DEBUG    : start idle thread: <bound method TaskManager._task_pull_cb of <radical.pilot.task_manager.TaskManager object at 0x7fff8e74c1d0>>
1641265090.886 : tmgr.0000            : 4136147 : 140733369348464 : DEBUG    : tmgr.0000 registered idler tmgr.0000.idler._task_pull_cb
1641265090.933 : tmgr.0000            : 4136147 : 140733369348464 : INFO     : connect sub to state_pubsub: tcp://10.134.0.34:34545
1641265090.970 : tmgr.0000            : 4136147 : 140733369348464 : DEBUG    : ~~ state_pubsub: state_pubsub
1641265091.008 : tmgr.0000            : 4136147 : 140733780455792 : DEBUG    : command incoming: {'cmd': 'add_pilots', 'arg': {'pilots': [{'session': 're.session.login4.litan.018996.0002', 'pmgr': 'pmgr.0000', 'uid': 'pilot.0000', 'type': 'pilot', 'state': 'PMGR_ACTIVE', 'log': None, 'stdout': None, 'stderr': None, 'resource': 'ornl.summit', 'resource_sandbox': 'file://localhost/gpfs/alpine/scratch/litan/csc299/radical.pilot.sandbox', 'session_sandbox': 'file://localhost/gpfs/alpine/scratch/litan/csc299/radical.pilot.sandbox/re.session.login4.litan.018996.0002', 'pilot_sandbox': 'file://localhost/gpfs/alpine/scratch/litan/csc299/radical.pilot.sandbox/re.session.login4.litan.018996.0002/pilot.0000/', 'client_sandbox': '/gpfs/alpine/csc299/scratch/litan/DeepDriveMD/async/new/new/CANDLE/v3', 'js_url': 'lsf://localhost/', 'js_hop': 'fork://localhost/', 'description': {'uid': None, 'resource': 'ornl.summit', 'access_schema': None, 'runtime': 120, 'app_comm': [], 'sandbox': None, 'cores': 2688, 'gpus': 96, 'memory': 0, 'queue': 'batch', 'job_name': None, 'project': 'CSC299', 'cleanup': False, 'candidate_hosts': [], 'exit_on_error': True, 'input_staging': [], 'output_staging': [], 'prepare_env': {}, 'layout': 'default', 'services': []}}], 'tmgr': 'tmgr.0000'}}
1641265091.008 : tmgr.0000            : 4136147 : 140733780455792 : DEBUG    : command ignored: add_pilots
1641265091.395 : tmgr.0000            : 4136147 : 140733369348464 : DEBUG    : advance bulk: 1 [False, False]
1641265091.395 : tmgr.0000            : 4136147 : 140733369348464 : DEBUG    : advance bulk: 1 [False, False]
1641265091.397 : tmgr.0000            : 4136147 : 140733369348464 : DEBUG    : advance bulk: 1 [False, False]
1641265091.398 : tmgr.0000            : 4136147 : 140733369348464 : DEBUG    : advance bulk: 1 [False, False]
1641265091.398 : tmgr.0000            : 4136147 : 140733369348464 : DEBUG    : advance bulk: 1 [False, False]
1641265091.399 : tmgr.0000            : 4136147 : 140733369348464 : DEBUG    : advance bulk: 1 [False, False]
1641265091.399 : tmgr.0000            : 4136147 : 140733369348464 : DEBUG    : advance bulk: 1 [False, False]
1641265091.400 : tmgr.0000            : 4136147 : 140733369348464 : DEBUG    : advance bulk: 1 [False, False]
1641265091.400 : tmgr.0000            : 4136147 : 140733369348464 : DEBUG    : advance bulk: 1 [False, False]
1641265091.401 : tmgr.0000            : 4136147 : 140733369348464 : DEBUG    : advance bulk: 1 [False, False]
1641265091.401 : tmgr.0000            : 4136147 : 140733369348464 : DEBUG    : advance bulk: 1 [False, False]
1641265091.402 : tmgr.0000            : 4136147 : 140733369348464 : DEBUG    : advance bulk: 1 [False, False]
1641265091.402 : tmgr.0000            : 4136147 : 140733369348464 : DEBUG    : advance bulk: 1 [False, False]
1641265091.403 : tmgr.0000            : 4136147 : 140733369348464 : DEBUG    : advance bulk: 1 [False, False]
1641265091.403 : tmgr.0000            : 4136147 : 140733369348464 : DEBUG    : advance bulk: 1 [False, False]
1641265091.404 : tmgr.0000            : 4136147 : 140733369348464 : DEBUG    : advance bulk: 1 [False, False]
1641265091.404 : tmgr.0000            : 4136147 : 140733369348464 : DEBUG    : advance bulk: 1 [False, False]
1641265091.405 : tmgr.0000            : 4136147 : 140733369348464 : DEBUG    : advance bulk: 1 [False, False]
1641265091.405 : tmgr.0000            : 4136147 : 140733369348464 : DEBUG    : advance bulk: 1 [False, False]
1641265091.406 : tmgr.0000            : 4136147 : 140733369348464 : DEBUG    : advance bulk: 1 [False, False]
1641265091.406 : tmgr.0000            : 4136147 : 140733369348464 : DEBUG    : advance bulk: 1 [False, False]
1641265091.407 : tmgr.0000            : 4136147 : 140733369348464 : DEBUG    : advance bulk: 1 [False, False]
1641265091.407 : tmgr.0000            : 4136147 : 140733369348464 : DEBUG    : advance bulk: 1 [False, False]
1641265091.408 : tmgr.0000            : 4136147 : 140733369348464 : DEBUG    : advance bulk: 1 [False, False]
1641265091.408 : tmgr.0000            : 4136147 : 140733369348464 : DEBUG    : advance bulk: 1 [False, False]
1641265091.409 : tmgr.0000            : 4136147 : 140733369348464 : DEBUG    : advance bulk: 1 [False, False]
1641265091.409 : tmgr.0000            : 4136147 : 140733369348464 : DEBUG    : advance bulk: 1 [False, False]
1641265091.410 : tmgr.0000            : 4136147 : 140733369348464 : DEBUG    : advance bulk: 1 [False, False]
1641265091.410 : tmgr.0000            : 4136147 : 140733369348464 : DEBUG    : advance bulk: 1 [False, False]
1641265091.411 : tmgr.0000            : 4136147 : 140733369348464 : DEBUG    : advance bulk: 1 [False, False]
1641265091.411 : tmgr.0000            : 4136147 : 140733369348464 : DEBUG    : advance bulk: 1 [False, False]
1641265091.412 : tmgr.0000            : 4136147 : 140733369348464 : DEBUG    : advance bulk: 1 [False, False]
1641265091.412 : tmgr.0000            : 4136147 : 140733369348464 : DEBUG    : advance bulk: 1 [False, False]
1641265091.413 : tmgr.0000            : 4136147 : 140733369348464 : DEBUG    : advance bulk: 1 [False, False]
1641265091.414 : tmgr.0000            : 4136147 : 140733369348464 : DEBUG    : advance bulk: 1 [False, False]
1641265091.414 : tmgr.0000            : 4136147 : 140733369348464 : DEBUG    : advance bulk: 1 [False, False]
1641265091.415 : tmgr.0000            : 4136147 : 140733369348464 : DEBUG    : advance bulk: 1 [False, False]
1641265091.415 : tmgr.0000            : 4136147 : 140733369348464 : DEBUG    : advance bulk: 1 [False, False]
1641265091.416 : tmgr.0000            : 4136147 : 140733369348464 : DEBUG    : advance bulk: 1 [False, False]
1641265091.416 : tmgr.0000            : 4136147 : 140733369348464 : DEBUG    : advance bulk: 1 [False, False]
1641265091.417 : tmgr.0000            : 4136147 : 140733369348464 : DEBUG    : advance bulk: 1 [False, False]
1641265091.417 : tmgr.0000            : 4136147 : 140733369348464 : DEBUG    : advance bulk: 1 [False, False]
1641265091.418 : tmgr.0000            : 4136147 : 140733369348464 : DEBUG    : advance bulk: 1 [False, False]
1641265091.418 : tmgr.0000            : 4136147 : 140733369348464 : DEBUG    : advance bulk: 1 [False, False]
1641265091.419 : tmgr.0000            : 4136147 : 140733369348464 : DEBUG    : advance bulk: 1 [False, False]
1641265091.419 : tmgr.0000            : 4136147 : 140733369348464 : DEBUG    : advance bulk: 1 [False, False]
1641265091.420 : tmgr.0000            : 4136147 : 140733369348464 : DEBUG    : advance bulk: 1 [False, False]
1641265091.420 : tmgr.0000            : 4136147 : 140733369348464 : DEBUG    : advance bulk: 1 [False, False]
1641265091.421 : tmgr.0000            : 4136147 : 140733369348464 : DEBUG    : advance bulk: 1 [False, False]
1641265091.421 : tmgr.0000            : 4136147 : 140733369348464 : DEBUG    : advance bulk: 1 [False, False]
1641265091.422 : tmgr.0000            : 4136147 : 140733369348464 : DEBUG    : advance bulk: 1 [False, False]
1641265091.422 : tmgr.0000            : 4136147 : 140733369348464 : DEBUG    : advance bulk: 1 [False, False]
1641265091.423 : tmgr.0000            : 4136147 : 140733369348464 : DEBUG    : advance bulk: 1 [False, False]
1641265091.423 : tmgr.0000            : 4136147 : 140733369348464 : DEBUG    : advance bulk: 1 [False, False]
1641265091.424 : tmgr.0000            : 4136147 : 140733369348464 : DEBUG    : advance bulk: 1 [False, False]
1641265091.424 : tmgr.0000            : 4136147 : 140733369348464 : DEBUG    : advance bulk: 1 [False, False]
1641265091.425 : tmgr.0000            : 4136147 : 140733369348464 : DEBUG    : advance bulk: 1 [False, False]
1641265091.427 : tmgr.0000            : 4136147 : 140733369348464 : DEBUG    : advance bulk: 1 [False, False]
1641265091.427 : tmgr.0000            : 4136147 : 140733369348464 : DEBUG    : advance bulk: 1 [False, False]
1641265091.428 : tmgr.0000            : 4136147 : 140733369348464 : DEBUG    : advance bulk: 1 [False, False]
1641265091.428 : tmgr.0000            : 4136147 : 140733369348464 : DEBUG    : advance bulk: 1 [False, False]
1641265091.429 : tmgr.0000            : 4136147 : 140733369348464 : DEBUG    : advance bulk: 1 [False, False]
1641265091.429 : tmgr.0000            : 4136147 : 140733369348464 : DEBUG    : advance bulk: 1 [False, False]
1641265091.430 : tmgr.0000            : 4136147 : 140733369348464 : DEBUG    : advance bulk: 1 [False, False]
1641265091.430 : tmgr.0000            : 4136147 : 140733369348464 : DEBUG    : advance bulk: 1 [False, False]
1641265091.431 : tmgr.0000            : 4136147 : 140733369348464 : DEBUG    : advance bulk: 1 [False, False]
1641265091.431 : tmgr.0000            : 4136147 : 140733369348464 : DEBUG    : advance bulk: 1 [False, False]
1641265091.432 : tmgr.0000            : 4136147 : 140733369348464 : DEBUG    : advance bulk: 1 [False, False]
1641265091.432 : tmgr.0000            : 4136147 : 140733369348464 : DEBUG    : advance bulk: 1 [False, False]
1641265091.433 : tmgr.0000            : 4136147 : 140733369348464 : DEBUG    : advance bulk: 1 [False, False]
1641265091.433 : tmgr.0000            : 4136147 : 140733369348464 : DEBUG    : advance bulk: 1 [False, False]
1641265091.434 : tmgr.0000            : 4136147 : 140733369348464 : DEBUG    : advance bulk: 1 [False, False]
1641265091.434 : tmgr.0000            : 4136147 : 140733369348464 : DEBUG    : advance bulk: 1 [False, False]
1641265091.435 : tmgr.0000            : 4136147 : 140733369348464 : DEBUG    : advance bulk: 1 [False, False]
1641265091.435 : tmgr.0000            : 4136147 : 140733369348464 : DEBUG    : advance bulk: 1 [False, False]
1641265091.436 : tmgr.0000            : 4136147 : 140733369348464 : DEBUG    : advance bulk: 1 [False, False]
1641265091.436 : tmgr.0000            : 4136147 : 140733369348464 : DEBUG    : advance bulk: 1 [False, False]
1641265091.437 : tmgr.0000            : 4136147 : 140733369348464 : DEBUG    : advance bulk: 1 [False, False]
1641265091.437 : tmgr.0000            : 4136147 : 140733369348464 : DEBUG    : advance bulk: 1 [False, False]
1641265091.438 : tmgr.0000            : 4136147 : 140733369348464 : DEBUG    : advance bulk: 1 [False, False]
1641265091.438 : tmgr.0000            : 4136147 : 140733369348464 : DEBUG    : advance bulk: 1 [False, False]
1641265091.439 : tmgr.0000            : 4136147 : 140733369348464 : DEBUG    : advance bulk: 1 [False, False]
1641265091.439 : tmgr.0000            : 4136147 : 140733369348464 : DEBUG    : advance bulk: 1 [False, False]
1641265091.440 : tmgr.0000            : 4136147 : 140733369348464 : DEBUG    : advance bulk: 1 [False, False]
1641265091.440 : tmgr.0000            : 4136147 : 140733369348464 : DEBUG    : advance bulk: 1 [False, False]
1641265091.441 : tmgr.0000            : 4136147 : 140733369348464 : DEBUG    : advance bulk: 1 [False, False]
1641265091.441 : tmgr.0000            : 4136147 : 140733369348464 : DEBUG    : advance bulk: 1 [False, False]
1641265091.442 : tmgr.0000            : 4136147 : 140733369348464 : DEBUG    : advance bulk: 1 [False, False]
1641265091.442 : tmgr.0000            : 4136147 : 140733369348464 : DEBUG    : advance bulk: 1 [False, False]
1641265091.443 : tmgr.0000            : 4136147 : 140733369348464 : DEBUG    : advance bulk: 1 [False, False]
1641265091.444 : tmgr.0000            : 4136147 : 140733369348464 : DEBUG    : advance bulk: 1 [False, False]
1641265091.444 : tmgr.0000            : 4136147 : 140733369348464 : DEBUG    : advance bulk: 1 [False, False]
1641265091.445 : tmgr.0000            : 4136147 : 140733369348464 : DEBUG    : advance bulk: 1 [False, False]
1641265091.445 : tmgr.0000            : 4136147 : 140733369348464 : DEBUG    : advance bulk: 1 [False, False]
1641265091.446 : tmgr.0000            : 4136147 : 140733369348464 : DEBUG    : advance bulk: 1 [False, False]
1641265091.446 : tmgr.0000            : 4136147 : 140733369348464 : DEBUG    : advance bulk: 1 [False, False]
1641265091.447 : tmgr.0000            : 4136147 : 140733369348464 : DEBUG    : advance bulk: 1 [False, False]
1641265091.447 : tmgr.0000            : 4136147 : 140733369348464 : DEBUG    : advance bulk: 1 [False, False]
1641265091.448 : tmgr.0000            : 4136147 : 140733369348464 : DEBUG    : advance bulk: 1 [False, False]
1641265091.448 : tmgr.0000            : 4136147 : 140733369348464 : DEBUG    : advance bulk: 1 [False, False]
1641265091.449 : tmgr.0000            : 4136147 : 140733369348464 : DEBUG    : advance bulk: 1 [False, False]
1641265091.449 : tmgr.0000            : 4136147 : 140733369348464 : DEBUG    : advance bulk: 1 [False, False]
1641265091.450 : tmgr.0000            : 4136147 : 140733369348464 : DEBUG    : advance bulk: 1 [False, False]
1641265091.450 : tmgr.0000            : 4136147 : 140733369348464 : DEBUG    : advance bulk: 1 [False, False]
1641265091.451 : tmgr.0000            : 4136147 : 140733369348464 : DEBUG    : advance bulk: 1 [False, False]
1641265091.451 : tmgr.0000            : 4136147 : 140733369348464 : DEBUG    : advance bulk: 1 [False, False]
1641265091.452 : tmgr.0000            : 4136147 : 140733369348464 : DEBUG    : advance bulk: 1 [False, False]
1641265091.452 : tmgr.0000            : 4136147 : 140733369348464 : DEBUG    : advance bulk: 1 [False, False]
1641265091.453 : tmgr.0000            : 4136147 : 140733369348464 : DEBUG    : advance bulk: 1 [False, False]
1641265091.453 : tmgr.0000            : 4136147 : 140733369348464 : DEBUG    : advance bulk: 1 [False, False]
1641265091.454 : tmgr.0000            : 4136147 : 140733369348464 : DEBUG    : advance bulk: 1 [False, False]
1641265091.454 : tmgr.0000            : 4136147 : 140733369348464 : DEBUG    : advance bulk: 1 [False, False]
1641265091.455 : tmgr.0000            : 4136147 : 140733369348464 : DEBUG    : advance bulk: 1 [False, False]
1641265091.455 : tmgr.0000            : 4136147 : 140733369348464 : DEBUG    : advance bulk: 1 [False, False]
1641265091.456 : tmgr.0000            : 4136147 : 140733369348464 : DEBUG    : advance bulk: 1 [False, False]
1641265091.456 : tmgr.0000            : 4136147 : 140733369348464 : DEBUG    : advance bulk: 1 [False, False]
1641265091.457 : tmgr.0000            : 4136147 : 140733369348464 : DEBUG    : advance bulk: 1 [False, False]
1641265091.457 : tmgr.0000            : 4136147 : 140733369348464 : DEBUG    : advance bulk: 1 [False, False]
1641265091.458 : tmgr.0000            : 4136147 : 140733369348464 : DEBUG    : advance bulk: 1 [False, False]
1641265091.458 : tmgr.0000            : 4136147 : 140733369348464 : DEBUG    : advance bulk: 1 [False, False]
1641265091.459 : tmgr.0000            : 4136147 : 140733369348464 : DEBUG    : advance bulk: 1 [False, False]
1641265091.459 : tmgr.0000            : 4136147 : 140733369348464 : DEBUG    : advance bulk: 1 [False, False]
1641265091.460 : tmgr.0000            : 4136147 : 140733369348464 : DEBUG    : advance bulk: 1 [False, False]
1641265091.460 : tmgr.0000            : 4136147 : 140733369348464 : DEBUG    : advance bulk: 1 [False, False]
1641265091.461 : tmgr.0000            : 4136147 : 140733369348464 : DEBUG    : advance bulk: 1 [False, False]
1641265091.461 : tmgr.0000            : 4136147 : 140733369348464 : DEBUG    : advance bulk: 1 [False, False]
1641265091.462 : tmgr.0000            : 4136147 : 140733369348464 : DEBUG    : advance bulk: 1 [False, False]
1641265091.462 : tmgr.0000            : 4136147 : 140733369348464 : DEBUG    : advance bulk: 1 [False, False]
1641265091.463 : tmgr.0000            : 4136147 : 140733369348464 : DEBUG    : advance bulk: 1 [False, False]
1641265091.463 : tmgr.0000            : 4136147 : 140733369348464 : DEBUG    : advance bulk: 1 [False, False]
1641265091.464 : tmgr.0000            : 4136147 : 140733369348464 : DEBUG    : advance bulk: 1 [False, False]
1641265091.465 : tmgr.0000            : 4136147 : 140733369348464 : DEBUG    : advance bulk: 1 [False, False]
1641265091.465 : tmgr.0000            : 4136147 : 140733369348464 : DEBUG    : advance bulk: 1 [False, False]
1641265091.466 : tmgr.0000            : 4136147 : 140733369348464 : DEBUG    : advance bulk: 1 [False, False]
1641265091.466 : tmgr.0000            : 4136147 : 140733369348464 : DEBUG    : advance bulk: 1 [False, False]
1641265091.467 : tmgr.0000            : 4136147 : 140733369348464 : DEBUG    : advance bulk: 1 [False, False]
1641265091.468 : tmgr.0000            : 4136147 : 140733369348464 : DEBUG    : advance bulk: 1 [False, False]
1641265091.468 : tmgr.0000            : 4136147 : 140733369348464 : DEBUG    : advance bulk: 1 [False, False]
1641265091.469 : tmgr.0000            : 4136147 : 140733369348464 : DEBUG    : advance bulk: 1 [False, False]
1641265091.469 : tmgr.0000            : 4136147 : 140733369348464 : DEBUG    : advance bulk: 1 [False, False]
1641265091.470 : tmgr.0000            : 4136147 : 140733369348464 : DEBUG    : advance bulk: 1 [False, False]
1641265091.470 : tmgr.0000            : 4136147 : 140733369348464 : DEBUG    : advance bulk: 1 [False, False]
1641265091.471 : tmgr.0000            : 4136147 : 140733369348464 : DEBUG    : advance bulk: 1 [False, False]
1641265091.471 : tmgr.0000            : 4136147 : 140733369348464 : DEBUG    : advance bulk: 1 [False, False]
1641265091.472 : tmgr.0000            : 4136147 : 140733369348464 : DEBUG    : advance bulk: 1 [False, False]
1641265091.472 : tmgr.0000            : 4136147 : 140733369348464 : DEBUG    : advance bulk: 1 [False, False]
1641265091.473 : tmgr.0000            : 4136147 : 140733369348464 : DEBUG    : advance bulk: 1 [False, False]
1641265091.473 : tmgr.0000            : 4136147 : 140733369348464 : DEBUG    : advance bulk: 1 [False, False]
1641265091.474 : tmgr.0000            : 4136147 : 140733369348464 : DEBUG    : advance bulk: 1 [False, False]
1641265091.474 : tmgr.0000            : 4136147 : 140733369348464 : DEBUG    : advance bulk: 1 [False, False]
1641265091.475 : tmgr.0000            : 4136147 : 140733369348464 : DEBUG    : advance bulk: 1 [False, False]
1641265091.475 : tmgr.0000            : 4136147 : 140733369348464 : DEBUG    : advance bulk: 1 [False, False]
1641265091.476 : tmgr.0000            : 4136147 : 140733369348464 : DEBUG    : advance bulk: 1 [False, False]
1641265091.476 : tmgr.0000            : 4136147 : 140733369348464 : DEBUG    : advance bulk: 1 [False, False]
1641265091.477 : tmgr.0000            : 4136147 : 140733369348464 : DEBUG    : advance bulk: 1 [False, False]
1641265091.477 : tmgr.0000            : 4136147 : 140733369348464 : DEBUG    : advance bulk: 1 [False, False]
1641265091.478 : tmgr.0000            : 4136147 : 140733369348464 : DEBUG    : advance bulk: 1 [False, False]
1641265091.478 : tmgr.0000            : 4136147 : 140733369348464 : DEBUG    : advance bulk: 1 [False, False]
1641265091.479 : tmgr.0000            : 4136147 : 140733369348464 : DEBUG    : advance bulk: 1 [False, False]
1641265091.479 : tmgr.0000            : 4136147 : 140733369348464 : DEBUG    : advance bulk: 1 [False, False]
1641265091.480 : tmgr.0000            : 4136147 : 140733369348464 : DEBUG    : advance bulk: 1 [False, False]
1641265091.480 : tmgr.0000            : 4136147 : 140733369348464 : DEBUG    : advance bulk: 1 [False, False]
1641265091.481 : tmgr.0000            : 4136147 : 140733369348464 : DEBUG    : advance bulk: 1 [False, False]
1641265091.481 : tmgr.0000            : 4136147 : 140733369348464 : DEBUG    : advance bulk: 1 [False, False]
1641265091.482 : tmgr.0000            : 4136147 : 140733369348464 : DEBUG    : advance bulk: 1 [False, False]
1641265091.482 : tmgr.0000            : 4136147 : 140733369348464 : DEBUG    : advance bulk: 1 [False, False]
1641265091.483 : tmgr.0000            : 4136147 : 140733369348464 : DEBUG    : advance bulk: 1 [False, False]
1641265091.483 : tmgr.0000            : 4136147 : 140733369348464 : DEBUG    : advance bulk: 1 [False, False]
1641265091.484 : tmgr.0000            : 4136147 : 140733369348464 : DEBUG    : advance bulk: 1 [False, False]
1641265091.484 : tmgr.0000            : 4136147 : 140733369348464 : DEBUG    : advance bulk: 1 [False, False]
1641265091.485 : tmgr.0000            : 4136147 : 140733369348464 : DEBUG    : advance bulk: 1 [False, False]
1641265091.485 : tmgr.0000            : 4136147 : 140733369348464 : DEBUG    : advance bulk: 1 [False, False]
1641265091.486 : tmgr.0000            : 4136147 : 140733369348464 : DEBUG    : advance bulk: 1 [False, False]
1641265091.486 : tmgr.0000            : 4136147 : 140733369348464 : DEBUG    : advance bulk: 1 [False, False]
1641265091.487 : tmgr.0000            : 4136147 : 140733369348464 : DEBUG    : advance bulk: 1 [False, False]
1641265091.488 : tmgr.0000            : 4136147 : 140733369348464 : DEBUG    : advance bulk: 1 [False, False]
1641265091.488 : tmgr.0000            : 4136147 : 140733369348464 : DEBUG    : advance bulk: 1 [False, False]
1641265091.489 : tmgr.0000            : 4136147 : 140733369348464 : DEBUG    : advance bulk: 1 [False, False]
1641265091.489 : tmgr.0000            : 4136147 : 140733369348464 : DEBUG    : advance bulk: 1 [False, False]
1641265091.490 : tmgr.0000            : 4136147 : 140733369348464 : DEBUG    : advance bulk: 1 [False, False]
1641265091.490 : tmgr.0000            : 4136147 : 140733369348464 : DEBUG    : advance bulk: 1 [False, False]
1641265091.491 : tmgr.0000            : 4136147 : 140733369348464 : DEBUG    : advance bulk: 1 [False, False]
1641265091.491 : tmgr.0000            : 4136147 : 140733369348464 : DEBUG    : advance bulk: 1 [False, False]
1641265091.492 : tmgr.0000            : 4136147 : 140733369348464 : DEBUG    : advance bulk: 1 [False, False]
1641265091.492 : tmgr.0000            : 4136147 : 140733369348464 : DEBUG    : advance bulk: 1 [False, False]
1641265091.493 : tmgr.0000            : 4136147 : 140733369348464 : DEBUG    : advance bulk: 1 [False, False]
1641265091.493 : tmgr.0000            : 4136147 : 140733369348464 : DEBUG    : advance bulk: 1 [False, False]
1641265091.494 : tmgr.0000            : 4136147 : 140733369348464 : DEBUG    : advance bulk: 1 [False, False]
1641265091.494 : tmgr.0000            : 4136147 : 140733369348464 : DEBUG    : advance bulk: 1 [False, False]
1641265091.495 : tmgr.0000            : 4136147 : 140733369348464 : DEBUG    : advance bulk: 1 [False, False]
1641265091.495 : tmgr.0000            : 4136147 : 140733369348464 : DEBUG    : advance bulk: 1 [False, False]
1641265091.496 : tmgr.0000            : 4136147 : 140733369348464 : DEBUG    : advance bulk: 1 [False, False]
1641265091.543 : tmgr.0000            : 4136147 : 140733369348464 : DEBUG    : advance bulk: 192 [True, True]
1641265091.551 : tmgr.0000            : 4136147 : 140733369348464 : DEBUG    : put bulk TMGR_SCHEDULING_PENDING: 192
1641265123.344 : tmgr.0000            : 4136147 : 140734828835184 : INFO     : tasks pulled:    31
1641265123.347 : tmgr.0000            : 4136147 : 140734828835184 : INFO     : tasks pulled:   31
1641265123.348 : tmgr.0000            : 4136147 : 140734828835184 : DEBUG    : advance bulk: 31 [False, True]
1641265123.350 : tmgr.0000            : 4136147 : 140734828835184 : DEBUG    : advance bulk: 31 [False, True]
1641265124.357 : tmgr.0000            : 4136147 : 140734828835184 : INFO     : tasks pulled:    5
1641265124.359 : tmgr.0000            : 4136147 : 140734828835184 : INFO     : tasks pulled:    5
1641265124.359 : tmgr.0000            : 4136147 : 140734828835184 : DEBUG    : advance bulk: 5 [False, True]
1641265124.359 : tmgr.0000            : 4136147 : 140734828835184 : DEBUG    : advance bulk: 5 [False, True]
1641265124.901 : tmgr.0000            : 4136147 : 140733369348464 : DEBUG    : advance bulk: 1 [False, False]
1641265124.901 : tmgr.0000            : 4136147 : 140733369348464 : DEBUG    : advance bulk: 1 [False, False]
1641265124.902 : tmgr.0000            : 4136147 : 140733369348464 : DEBUG    : advance bulk: 1 [False, False]
1641265124.903 : tmgr.0000            : 4136147 : 140733369348464 : DEBUG    : advance bulk: 1 [False, False]
1641265124.904 : tmgr.0000            : 4136147 : 140733369348464 : DEBUG    : advance bulk: 1 [False, False]
1641265124.905 : tmgr.0000            : 4136147 : 140733369348464 : DEBUG    : advance bulk: 1 [False, False]
1641265124.908 : tmgr.0000            : 4136147 : 140733369348464 : DEBUG    : advance bulk: 6 [True, True]
1641265124.909 : tmgr.0000            : 4136147 : 140733369348464 : DEBUG    : put bulk TMGR_SCHEDULING_PENDING: 6
1641265135.474 : tmgr.0000            : 4136147 : 140734828835184 : INFO     : tasks pulled:    1
1641265135.475 : tmgr.0000            : 4136147 : 140734828835184 : INFO     : tasks pulled:    1
1641265135.475 : tmgr.0000            : 4136147 : 140734828835184 : DEBUG    : advance bulk: 1 [False, True]
1641265135.475 : tmgr.0000            : 4136147 : 140734828835184 : DEBUG    : advance bulk: 1 [False, True]
1641265137.214 : tmgr.0000            : 4136147 : 140733369348464 : DEBUG    : advance bulk: 1 [False, False]
1641265137.215 : tmgr.0000            : 4136147 : 140733369348464 : DEBUG    : advance bulk: 1 [False, False]
1641265137.216 : tmgr.0000            : 4136147 : 140733369348464 : DEBUG    : advance bulk: 1 [False, False]
1641265137.217 : tmgr.0000            : 4136147 : 140733369348464 : DEBUG    : advance bulk: 1 [False, False]
1641265137.217 : tmgr.0000            : 4136147 : 140733369348464 : DEBUG    : advance bulk: 1 [False, False]
1641265137.218 : tmgr.0000            : 4136147 : 140733369348464 : DEBUG    : advance bulk: 1 [False, False]
1641265137.222 : tmgr.0000            : 4136147 : 140733369348464 : DEBUG    : advance bulk: 6 [True, True]
1641265137.223 : tmgr.0000            : 4136147 : 140733369348464 : DEBUG    : put bulk TMGR_SCHEDULING_PENDING: 6
1641265140.525 : tmgr.0000            : 4136147 : 140734828835184 : INFO     : tasks pulled:    1
1641265140.526 : tmgr.0000            : 4136147 : 140734828835184 : INFO     : tasks pulled:    1
1641265140.527 : tmgr.0000            : 4136147 : 140734828835184 : DEBUG    : advance bulk: 1 [False, True]
1641265140.527 : tmgr.0000            : 4136147 : 140734828835184 : DEBUG    : advance bulk: 1 [False, True]
1641265143.498 : tmgr.0000            : 4136147 : 140733369348464 : DEBUG    : advance bulk: 1 [False, False]
1641265143.499 : tmgr.0000            : 4136147 : 140733369348464 : DEBUG    : advance bulk: 1 [False, False]
1641265143.500 : tmgr.0000            : 4136147 : 140733369348464 : DEBUG    : advance bulk: 1 [False, False]
1641265143.501 : tmgr.0000            : 4136147 : 140733369348464 : DEBUG    : advance bulk: 1 [False, False]
1641265143.502 : tmgr.0000            : 4136147 : 140733369348464 : DEBUG    : advance bulk: 1 [False, False]
1641265143.502 : tmgr.0000            : 4136147 : 140733369348464 : DEBUG    : advance bulk: 1 [False, False]
1641265143.506 : tmgr.0000            : 4136147 : 140733369348464 : DEBUG    : advance bulk: 6 [True, True]
1641265143.507 : tmgr.0000            : 4136147 : 140733369348464 : DEBUG    : put bulk TMGR_SCHEDULING_PENDING: 6
1641265146.617 : tmgr.0000            : 4136147 : 140734828835184 : INFO     : tasks pulled:    2
1641265146.618 : tmgr.0000            : 4136147 : 140734828835184 : INFO     : tasks pulled:    2
1641265146.618 : tmgr.0000            : 4136147 : 140734828835184 : DEBUG    : advance bulk: 2 [False, True]
1641265146.619 : tmgr.0000            : 4136147 : 140734828835184 : DEBUG    : advance bulk: 2 [False, True]
1641265147.641 : tmgr.0000            : 4136147 : 140734828835184 : INFO     : tasks pulled:    10
1641265147.643 : tmgr.0000            : 4136147 : 140734828835184 : INFO     : tasks pulled:   10
1641265147.643 : tmgr.0000            : 4136147 : 140734828835184 : DEBUG    : advance bulk: 10 [False, True]
1641265147.644 : tmgr.0000            : 4136147 : 140734828835184 : DEBUG    : advance bulk: 10 [False, True]
1641265148.701 : tmgr.0000            : 4136147 : 140734828835184 : INFO     : tasks pulled:    73
1641265148.704 : tmgr.0000            : 4136147 : 140734828835184 : INFO     : tasks pulled:   73
1641265148.709 : tmgr.0000            : 4136147 : 140734828835184 : DEBUG    : advance bulk: 73 [False, True]
1641265148.713 : tmgr.0000            : 4136147 : 140734828835184 : DEBUG    : advance bulk: 73 [False, True]
1641265149.674 : tmgr.0000            : 4136147 : 140733369348464 : DEBUG    : advance bulk: 1 [False, False]
1641265149.675 : tmgr.0000            : 4136147 : 140733369348464 : DEBUG    : advance bulk: 1 [False, False]
1641265149.675 : tmgr.0000            : 4136147 : 140733369348464 : DEBUG    : advance bulk: 1 [False, False]
1641265149.676 : tmgr.0000            : 4136147 : 140733369348464 : DEBUG    : advance bulk: 1 [False, False]
1641265149.676 : tmgr.0000            : 4136147 : 140733369348464 : DEBUG    : advance bulk: 1 [False, False]
1641265149.677 : tmgr.0000            : 4136147 : 140733369348464 : DEBUG    : advance bulk: 1 [False, False]
1641265149.677 : tmgr.0000            : 4136147 : 140733369348464 : DEBUG    : advance bulk: 1 [False, False]
1641265149.678 : tmgr.0000            : 4136147 : 140733369348464 : DEBUG    : advance bulk: 1 [False, False]
1641265149.679 : tmgr.0000            : 4136147 : 140733369348464 : DEBUG    : advance bulk: 1 [False, False]
1641265149.679 : tmgr.0000            : 4136147 : 140733369348464 : DEBUG    : advance bulk: 1 [False, False]
1641265149.680 : tmgr.0000            : 4136147 : 140733369348464 : DEBUG    : advance bulk: 1 [False, False]
1641265149.680 : tmgr.0000            : 4136147 : 140733369348464 : DEBUG    : advance bulk: 1 [False, False]
1641265149.681 : tmgr.0000            : 4136147 : 140733369348464 : DEBUG    : advance bulk: 1 [False, False]
1641265149.681 : tmgr.0000            : 4136147 : 140733369348464 : DEBUG    : advance bulk: 1 [False, False]
1641265149.682 : tmgr.0000            : 4136147 : 140733369348464 : DEBUG    : advance bulk: 1 [False, False]
1641265149.683 : tmgr.0000            : 4136147 : 140733369348464 : DEBUG    : advance bulk: 1 [False, False]
1641265149.683 : tmgr.0000            : 4136147 : 140733369348464 : DEBUG    : advance bulk: 1 [False, False]
1641265149.684 : tmgr.0000            : 4136147 : 140733369348464 : DEBUG    : advance bulk: 1 [False, False]
1641265149.684 : tmgr.0000            : 4136147 : 140733369348464 : DEBUG    : advance bulk: 1 [False, False]
1641265149.685 : tmgr.0000            : 4136147 : 140733369348464 : DEBUG    : advance bulk: 1 [False, False]
1641265149.685 : tmgr.0000            : 4136147 : 140733369348464 : DEBUG    : advance bulk: 1 [False, False]
1641265149.686 : tmgr.0000            : 4136147 : 140733369348464 : DEBUG    : advance bulk: 1 [False, False]
1641265149.693 : tmgr.0000            : 4136147 : 140733369348464 : DEBUG    : advance bulk: 22 [True, True]
1641265149.694 : tmgr.0000            : 4136147 : 140733369348464 : DEBUG    : put bulk TMGR_SCHEDULING_PENDING: 22
1641265149.721 : tmgr.0000            : 4136147 : 140734828835184 : INFO     : tasks pulled:    3
1641265149.722 : tmgr.0000            : 4136147 : 140734828835184 : INFO     : tasks pulled:    3
1641265149.723 : tmgr.0000            : 4136147 : 140734828835184 : DEBUG    : advance bulk: 3 [False, True]
1641265149.723 : tmgr.0000            : 4136147 : 140734828835184 : DEBUG    : advance bulk: 3 [False, True]
1641265150.728 : tmgr.0000            : 4136147 : 140734828835184 : INFO     : tasks pulled:    9
1641265150.730 : tmgr.0000            : 4136147 : 140734828835184 : INFO     : tasks pulled:    9
1641265150.730 : tmgr.0000            : 4136147 : 140734828835184 : DEBUG    : advance bulk: 9 [False, True]
1641265150.731 : tmgr.0000            : 4136147 : 140734828835184 : DEBUG    : advance bulk: 9 [False, True]
1641265151.736 : tmgr.0000            : 4136147 : 140734828835184 : INFO     : tasks pulled:    5
1641265151.738 : tmgr.0000            : 4136147 : 140734828835184 : INFO     : tasks pulled:    5
1641265151.739 : tmgr.0000            : 4136147 : 140734828835184 : DEBUG    : advance bulk: 5 [False, True]
1641265151.739 : tmgr.0000            : 4136147 : 140734828835184 : DEBUG    : advance bulk: 5 [False, True]
1641265153.024 : tmgr.0000            : 4136147 : 140733369348464 : DEBUG    : advance bulk: 1 [False, False]
1641265153.025 : tmgr.0000            : 4136147 : 140733369348464 : DEBUG    : advance bulk: 1 [False, False]
1641265153.026 : tmgr.0000            : 4136147 : 140733369348464 : DEBUG    : advance bulk: 1 [False, False]
1641265153.026 : tmgr.0000            : 4136147 : 140733369348464 : DEBUG    : advance bulk: 1 [False, False]
1641265153.027 : tmgr.0000            : 4136147 : 140733369348464 : DEBUG    : advance bulk: 1 [False, False]
1641265153.027 : tmgr.0000            : 4136147 : 140733369348464 : DEBUG    : advance bulk: 1 [False, False]
1641265153.028 : tmgr.0000            : 4136147 : 140733369348464 : DEBUG    : advance bulk: 1 [False, False]
1641265153.029 : tmgr.0000            : 4136147 : 140733369348464 : DEBUG    : advance bulk: 1 [False, False]
1641265153.029 : tmgr.0000            : 4136147 : 140733369348464 : DEBUG    : advance bulk: 1 [False, False]
1641265153.030 : tmgr.0000            : 4136147 : 140733369348464 : DEBUG    : advance bulk: 1 [False, False]
1641265153.030 : tmgr.0000            : 4136147 : 140733369348464 : DEBUG    : advance bulk: 1 [False, False]
1641265153.031 : tmgr.0000            : 4136147 : 140733369348464 : DEBUG    : advance bulk: 1 [False, False]
1641265153.035 : tmgr.0000            : 4136147 : 140733369348464 : DEBUG    : advance bulk: 12 [True, True]
1641265153.036 : tmgr.0000            : 4136147 : 140733369348464 : DEBUG    : put bulk TMGR_SCHEDULING_PENDING: 12
1641265158.813 : tmgr.0000            : 4136147 : 140734828835184 : INFO     : tasks pulled:    1
1641265158.815 : tmgr.0000            : 4136147 : 140734828835184 : INFO     : tasks pulled:    1
1641265158.815 : tmgr.0000            : 4136147 : 140734828835184 : DEBUG    : advance bulk: 1 [False, True]
1641265158.815 : tmgr.0000            : 4136147 : 140734828835184 : DEBUG    : advance bulk: 1 [False, True]
1641265159.358 : tmgr.0000            : 4136147 : 140733369348464 : DEBUG    : advance bulk: 1 [False, False]
1641265159.359 : tmgr.0000            : 4136147 : 140733369348464 : DEBUG    : advance bulk: 1 [False, False]
1641265159.360 : tmgr.0000            : 4136147 : 140733369348464 : DEBUG    : advance bulk: 1 [False, False]
1641265159.360 : tmgr.0000            : 4136147 : 140733369348464 : DEBUG    : advance bulk: 1 [False, False]
1641265159.362 : tmgr.0000            : 4136147 : 140733369348464 : DEBUG    : advance bulk: 1 [False, False]
1641265159.363 : tmgr.0000            : 4136147 : 140733369348464 : DEBUG    : advance bulk: 1 [False, False]
1641265159.366 : tmgr.0000            : 4136147 : 140733369348464 : DEBUG    : advance bulk: 6 [True, True]
1641265159.366 : tmgr.0000            : 4136147 : 140733369348464 : DEBUG    : put bulk TMGR_SCHEDULING_PENDING: 6
1641265163.864 : tmgr.0000            : 4136147 : 140734828835184 : INFO     : tasks pulled:    1
1641265163.865 : tmgr.0000            : 4136147 : 140734828835184 : INFO     : tasks pulled:    1
1641265163.866 : tmgr.0000            : 4136147 : 140734828835184 : DEBUG    : advance bulk: 1 [False, True]
1641265163.866 : tmgr.0000            : 4136147 : 140734828835184 : DEBUG    : advance bulk: 1 [False, True]
1641265165.757 : tmgr.0000            : 4136147 : 140733369348464 : DEBUG    : advance bulk: 1 [False, False]
1641265165.758 : tmgr.0000            : 4136147 : 140733369348464 : DEBUG    : advance bulk: 1 [False, False]
1641265165.759 : tmgr.0000            : 4136147 : 140733369348464 : DEBUG    : advance bulk: 1 [False, False]
1641265165.759 : tmgr.0000            : 4136147 : 140733369348464 : DEBUG    : advance bulk: 1 [False, False]
1641265165.760 : tmgr.0000            : 4136147 : 140733369348464 : DEBUG    : advance bulk: 1 [False, False]
1641265165.761 : tmgr.0000            : 4136147 : 140733369348464 : DEBUG    : advance bulk: 1 [False, False]
1641265165.764 : tmgr.0000            : 4136147 : 140733369348464 : DEBUG    : advance bulk: 6 [True, True]
1641265165.765 : tmgr.0000            : 4136147 : 140733369348464 : DEBUG    : put bulk TMGR_SCHEDULING_PENDING: 6
1641265169.921 : tmgr.0000            : 4136147 : 140734828835184 : INFO     : tasks pulled:    1
1641265169.922 : tmgr.0000            : 4136147 : 140734828835184 : INFO     : tasks pulled:    1
1641265169.922 : tmgr.0000            : 4136147 : 140734828835184 : DEBUG    : advance bulk: 1 [False, True]
1641265169.922 : tmgr.0000            : 4136147 : 140734828835184 : DEBUG    : advance bulk: 1 [False, True]
1641265172.116 : tmgr.0000            : 4136147 : 140733369348464 : DEBUG    : advance bulk: 1 [False, False]
1641265172.117 : tmgr.0000            : 4136147 : 140733369348464 : DEBUG    : advance bulk: 1 [False, False]
1641265172.117 : tmgr.0000            : 4136147 : 140733369348464 : DEBUG    : advance bulk: 1 [False, False]
1641265172.118 : tmgr.0000            : 4136147 : 140733369348464 : DEBUG    : advance bulk: 1 [False, False]
1641265172.119 : tmgr.0000            : 4136147 : 140733369348464 : DEBUG    : advance bulk: 1 [False, False]
1641265172.120 : tmgr.0000            : 4136147 : 140733369348464 : DEBUG    : advance bulk: 1 [False, False]
1641265172.123 : tmgr.0000            : 4136147 : 140733369348464 : DEBUG    : advance bulk: 6 [True, True]
1641265172.124 : tmgr.0000            : 4136147 : 140733369348464 : DEBUG    : put bulk TMGR_SCHEDULING_PENDING: 6
1641265172.967 : tmgr.0000            : 4136147 : 140734828835184 : INFO     : tasks pulled:    35
1641265172.969 : tmgr.0000            : 4136147 : 140734828835184 : INFO     : tasks pulled:   35
1641265172.971 : tmgr.0000            : 4136147 : 140734828835184 : DEBUG    : advance bulk: 35 [False, True]
1641265172.972 : tmgr.0000            : 4136147 : 140734828835184 : DEBUG    : advance bulk: 35 [False, True]
1641265173.979 : tmgr.0000            : 4136147 : 140734828835184 : INFO     : tasks pulled:    9
1641265173.981 : tmgr.0000            : 4136147 : 140734828835184 : INFO     : tasks pulled:    9
1641265173.982 : tmgr.0000            : 4136147 : 140734828835184 : DEBUG    : advance bulk: 9 [False, True]
1641265173.983 : tmgr.0000            : 4136147 : 140734828835184 : DEBUG    : advance bulk: 9 [False, True]
1641265174.989 : tmgr.0000            : 4136147 : 140734828835184 : INFO     : tasks pulled:    2
1641265174.990 : tmgr.0000            : 4136147 : 140734828835184 : INFO     : tasks pulled:    2
1641265174.991 : tmgr.0000            : 4136147 : 140734828835184 : DEBUG    : advance bulk: 2 [False, True]
1641265174.991 : tmgr.0000            : 4136147 : 140734828835184 : DEBUG    : advance bulk: 2 [False, True]
1641265175.789 : tmgr.0000            : 4136147 : 140733369348464 : DEBUG    : advance bulk: 1 [False, False]
1641265175.790 : tmgr.0000            : 4136147 : 140733369348464 : DEBUG    : advance bulk: 1 [False, False]
1641265175.790 : tmgr.0000            : 4136147 : 140733369348464 : DEBUG    : advance bulk: 1 [False, False]
1641265175.791 : tmgr.0000            : 4136147 : 140733369348464 : DEBUG    : advance bulk: 1 [False, False]
1641265175.792 : tmgr.0000            : 4136147 : 140733369348464 : DEBUG    : advance bulk: 1 [False, False]
1641265175.792 : tmgr.0000            : 4136147 : 140733369348464 : DEBUG    : advance bulk: 1 [False, False]
1641265175.793 : tmgr.0000            : 4136147 : 140733369348464 : DEBUG    : advance bulk: 1 [False, False]
1641265175.793 : tmgr.0000            : 4136147 : 140733369348464 : DEBUG    : advance bulk: 1 [False, False]
1641265175.794 : tmgr.0000            : 4136147 : 140733369348464 : DEBUG    : advance bulk: 1 [False, False]
1641265175.795 : tmgr.0000            : 4136147 : 140733369348464 : DEBUG    : advance bulk: 1 [False, False]
1641265175.795 : tmgr.0000            : 4136147 : 140733369348464 : DEBUG    : advance bulk: 1 [False, False]
1641265175.796 : tmgr.0000            : 4136147 : 140733369348464 : DEBUG    : advance bulk: 1 [False, False]
1641265175.796 : tmgr.0000            : 4136147 : 140733369348464 : DEBUG    : advance bulk: 1 [False, False]
1641265175.797 : tmgr.0000            : 4136147 : 140733369348464 : DEBUG    : advance bulk: 1 [False, False]
1641265175.798 : tmgr.0000            : 4136147 : 140733369348464 : DEBUG    : advance bulk: 1 [False, False]
1641265175.798 : tmgr.0000            : 4136147 : 140733369348464 : DEBUG    : advance bulk: 1 [False, False]
1641265175.799 : tmgr.0000            : 4136147 : 140733369348464 : DEBUG    : advance bulk: 1 [False, False]
1641265175.799 : tmgr.0000            : 4136147 : 140733369348464 : DEBUG    : advance bulk: 1 [False, False]
1641265175.800 : tmgr.0000            : 4136147 : 140733369348464 : DEBUG    : advance bulk: 1 [False, False]
1641265175.800 : tmgr.0000            : 4136147 : 140733369348464 : DEBUG    : advance bulk: 1 [False, False]
1641265175.801 : tmgr.0000            : 4136147 : 140733369348464 : DEBUG    : advance bulk: 1 [False, False]
1641265175.802 : tmgr.0000            : 4136147 : 140733369348464 : DEBUG    : advance bulk: 1 [False, False]
1641265175.802 : tmgr.0000            : 4136147 : 140733369348464 : DEBUG    : advance bulk: 1 [False, False]
1641265175.809 : tmgr.0000            : 4136147 : 140733369348464 : DEBUG    : advance bulk: 23 [True, True]
1641265175.810 : tmgr.0000            : 4136147 : 140733369348464 : DEBUG    : put bulk TMGR_SCHEDULING_PENDING: 23
1641265181.049 : tmgr.0000            : 4136147 : 140734828835184 : INFO     : tasks pulled:    1
1641265181.050 : tmgr.0000            : 4136147 : 140734828835184 : INFO     : tasks pulled:    1
1641265181.051 : tmgr.0000            : 4136147 : 140734828835184 : DEBUG    : advance bulk: 1 [False, True]
1641265181.051 : tmgr.0000            : 4136147 : 140734828835184 : DEBUG    : advance bulk: 1 [False, True]
1641265182.516 : tmgr.0000            : 4136147 : 140733369348464 : DEBUG    : advance bulk: 1 [False, False]
1641265182.517 : tmgr.0000            : 4136147 : 140733369348464 : DEBUG    : advance bulk: 1 [False, False]
1641265182.518 : tmgr.0000            : 4136147 : 140733369348464 : DEBUG    : advance bulk: 1 [False, False]
1641265182.519 : tmgr.0000            : 4136147 : 140733369348464 : DEBUG    : advance bulk: 1 [False, False]
1641265182.519 : tmgr.0000            : 4136147 : 140733369348464 : DEBUG    : advance bulk: 1 [False, False]
1641265182.520 : tmgr.0000            : 4136147 : 140733369348464 : DEBUG    : advance bulk: 1 [False, False]
1641265182.523 : tmgr.0000            : 4136147 : 140733369348464 : DEBUG    : advance bulk: 6 [True, True]
1641265182.524 : tmgr.0000            : 4136147 : 140733369348464 : DEBUG    : put bulk TMGR_SCHEDULING_PENDING: 6
1641265186.093 : tmgr.0000            : 4136147 : 140734828835184 : INFO     : tasks pulled:    1
1641265186.094 : tmgr.0000            : 4136147 : 140734828835184 : INFO     : tasks pulled:    1
1641265186.094 : tmgr.0000            : 4136147 : 140734828835184 : DEBUG    : advance bulk: 1 [False, True]
1641265186.094 : tmgr.0000            : 4136147 : 140734828835184 : DEBUG    : advance bulk: 1 [False, True]
1641265189.119 : tmgr.0000            : 4136147 : 140734828835184 : INFO     : tasks pulled:    1
1641265189.120 : tmgr.0000            : 4136147 : 140734828835184 : INFO     : tasks pulled:    1
1641265189.120 : tmgr.0000            : 4136147 : 140734828835184 : DEBUG    : advance bulk: 1 [False, True]
1641265189.120 : tmgr.0000            : 4136147 : 140734828835184 : DEBUG    : advance bulk: 1 [False, True]
1641265192.144 : tmgr.0000            : 4136147 : 140734828835184 : INFO     : tasks pulled:    1
1641265192.146 : tmgr.0000            : 4136147 : 140734828835184 : INFO     : tasks pulled:    1
1641265192.146 : tmgr.0000            : 4136147 : 140734828835184 : DEBUG    : advance bulk: 1 [False, True]
1641265192.146 : tmgr.0000            : 4136147 : 140734828835184 : DEBUG    : advance bulk: 1 [False, True]
1641265195.182 : tmgr.0000            : 4136147 : 140734828835184 : INFO     : tasks pulled:    3
1641265195.183 : tmgr.0000            : 4136147 : 140734828835184 : INFO     : tasks pulled:    3
1641265195.184 : tmgr.0000            : 4136147 : 140734828835184 : DEBUG    : advance bulk: 3 [False, True]
1641265195.184 : tmgr.0000            : 4136147 : 140734828835184 : DEBUG    : advance bulk: 3 [False, True]
1641265198.419 : tmgr.0000            : 4136147 : 140734828835184 : INFO     : tasks pulled:    1
1641265198.420 : tmgr.0000            : 4136147 : 140734828835184 : INFO     : tasks pulled:    1
1641265198.420 : tmgr.0000            : 4136147 : 140734828835184 : DEBUG    : advance bulk: 1 [False, True]
1641265198.420 : tmgr.0000            : 4136147 : 140734828835184 : DEBUG    : advance bulk: 1 [False, True]
1641265200.944 : tmgr.0000            : 4136147 : 140733369348464 : DEBUG    : advance bulk: 1 [False, False]
1641265200.944 : tmgr.0000            : 4136147 : 140733369348464 : DEBUG    : advance bulk: 1 [False, False]
1641265200.945 : tmgr.0000            : 4136147 : 140733369348464 : DEBUG    : advance bulk: 1 [False, False]
1641265200.946 : tmgr.0000            : 4136147 : 140733369348464 : DEBUG    : advance bulk: 1 [False, False]
1641265200.946 : tmgr.0000            : 4136147 : 140733369348464 : DEBUG    : advance bulk: 1 [False, False]
1641265200.947 : tmgr.0000            : 4136147 : 140733369348464 : DEBUG    : advance bulk: 1 [False, False]
1641265200.950 : tmgr.0000            : 4136147 : 140733369348464 : DEBUG    : advance bulk: 6 [True, True]
1641265200.951 : tmgr.0000            : 4136147 : 140733369348464 : DEBUG    : put bulk TMGR_SCHEDULING_PENDING: 6
1641265201.443 : tmgr.0000            : 4136147 : 140734828835184 : INFO     : tasks pulled:    1
1641265201.444 : tmgr.0000            : 4136147 : 140734828835184 : INFO     : tasks pulled:    1
1641265201.444 : tmgr.0000            : 4136147 : 140734828835184 : DEBUG    : advance bulk: 1 [False, True]
1641265201.444 : tmgr.0000            : 4136147 : 140734828835184 : DEBUG    : advance bulk: 1 [False, True]
1641265204.469 : tmgr.0000            : 4136147 : 140734828835184 : INFO     : tasks pulled:    1
1641265204.471 : tmgr.0000            : 4136147 : 140734828835184 : INFO     : tasks pulled:    1
1641265204.471 : tmgr.0000            : 4136147 : 140734828835184 : DEBUG    : advance bulk: 1 [False, True]
1641265204.471 : tmgr.0000            : 4136147 : 140734828835184 : DEBUG    : advance bulk: 1 [False, True]
1641265207.494 : tmgr.0000            : 4136147 : 140734828835184 : INFO     : tasks pulled:    1
1641265207.495 : tmgr.0000            : 4136147 : 140734828835184 : INFO     : tasks pulled:    1
1641265207.496 : tmgr.0000            : 4136147 : 140734828835184 : DEBUG    : advance bulk: 1 [False, True]
1641265207.496 : tmgr.0000            : 4136147 : 140734828835184 : DEBUG    : advance bulk: 1 [False, True]
1641265210.519 : tmgr.0000            : 4136147 : 140734828835184 : INFO     : tasks pulled:    1
1641265210.520 : tmgr.0000            : 4136147 : 140734828835184 : INFO     : tasks pulled:    1
1641265210.520 : tmgr.0000            : 4136147 : 140734828835184 : DEBUG    : advance bulk: 1 [False, True]
1641265210.520 : tmgr.0000            : 4136147 : 140734828835184 : DEBUG    : advance bulk: 1 [False, True]
1641265213.543 : tmgr.0000            : 4136147 : 140734828835184 : INFO     : tasks pulled:    2
1641265213.544 : tmgr.0000            : 4136147 : 140734828835184 : INFO     : tasks pulled:    2
1641265213.544 : tmgr.0000            : 4136147 : 140734828835184 : DEBUG    : advance bulk: 2 [False, True]
1641265213.544 : tmgr.0000            : 4136147 : 140734828835184 : DEBUG    : advance bulk: 2 [False, True]
1641265214.551 : tmgr.0000            : 4136147 : 140734828835184 : INFO     : tasks pulled:    1
1641265214.552 : tmgr.0000            : 4136147 : 140734828835184 : INFO     : tasks pulled:    1
1641265214.552 : tmgr.0000            : 4136147 : 140734828835184 : DEBUG    : advance bulk: 1 [False, True]
1641265214.553 : tmgr.0000            : 4136147 : 140734828835184 : DEBUG    : advance bulk: 1 [False, True]
1641265216.195 : tmgr.0000            : 4136147 : 140733369348464 : DEBUG    : advance bulk: 1 [False, False]
1641265216.196 : tmgr.0000            : 4136147 : 140733369348464 : DEBUG    : advance bulk: 1 [False, False]
1641265216.196 : tmgr.0000            : 4136147 : 140733369348464 : DEBUG    : advance bulk: 1 [False, False]
1641265216.197 : tmgr.0000            : 4136147 : 140733369348464 : DEBUG    : advance bulk: 1 [False, False]
1641265216.198 : tmgr.0000            : 4136147 : 140733369348464 : DEBUG    : advance bulk: 1 [False, False]
1641265216.199 : tmgr.0000            : 4136147 : 140733369348464 : DEBUG    : advance bulk: 1 [False, False]
1641265216.202 : tmgr.0000            : 4136147 : 140733369348464 : DEBUG    : advance bulk: 6 [True, True]
1641265216.202 : tmgr.0000            : 4136147 : 140733369348464 : DEBUG    : put bulk TMGR_SCHEDULING_PENDING: 6
1641265221.612 : tmgr.0000            : 4136147 : 140734828835184 : INFO     : tasks pulled:    1
1641265221.613 : tmgr.0000            : 4136147 : 140734828835184 : INFO     : tasks pulled:    1
1641265221.613 : tmgr.0000            : 4136147 : 140734828835184 : DEBUG    : advance bulk: 1 [False, True]
1641265221.614 : tmgr.0000            : 4136147 : 140734828835184 : DEBUG    : advance bulk: 1 [False, True]
1641265222.436 : tmgr.0000            : 4136147 : 140733369348464 : DEBUG    : advance bulk: 1 [False, False]
1641265222.437 : tmgr.0000            : 4136147 : 140733369348464 : DEBUG    : advance bulk: 1 [False, False]
1641265222.437 : tmgr.0000            : 4136147 : 140733369348464 : DEBUG    : advance bulk: 1 [False, False]
1641265222.438 : tmgr.0000            : 4136147 : 140733369348464 : DEBUG    : advance bulk: 1 [False, False]
1641265222.439 : tmgr.0000            : 4136147 : 140733369348464 : DEBUG    : advance bulk: 1 [False, False]
1641265222.440 : tmgr.0000            : 4136147 : 140733369348464 : DEBUG    : advance bulk: 1 [False, False]
1641265222.443 : tmgr.0000            : 4136147 : 140733369348464 : DEBUG    : advance bulk: 6 [True, True]
1641265222.444 : tmgr.0000            : 4136147 : 140733369348464 : DEBUG    : put bulk TMGR_SCHEDULING_PENDING: 6
1641265224.658 : tmgr.0000            : 4136147 : 140734828835184 : INFO     : tasks pulled:    42
1641265224.660 : tmgr.0000            : 4136147 : 140734828835184 : INFO     : tasks pulled:   42
1641265224.662 : tmgr.0000            : 4136147 : 140734828835184 : DEBUG    : advance bulk: 42 [False, True]
1641265224.664 : tmgr.0000            : 4136147 : 140734828835184 : DEBUG    : advance bulk: 42 [False, True]
1641265225.576 : tmgr.0000            : 4136147 : 140733369348464 : DEBUG    : advance bulk: 1 [False, False]
1641265225.577 : tmgr.0000            : 4136147 : 140733369348464 : DEBUG    : advance bulk: 1 [False, False]
1641265225.578 : tmgr.0000            : 4136147 : 140733369348464 : DEBUG    : advance bulk: 1 [False, False]
1641265225.579 : tmgr.0000            : 4136147 : 140733369348464 : DEBUG    : advance bulk: 1 [False, False]
1641265225.579 : tmgr.0000            : 4136147 : 140733369348464 : DEBUG    : advance bulk: 1 [False, False]
1641265225.583 : tmgr.0000            : 4136147 : 140733369348464 : DEBUG    : advance bulk: 5 [True, True]
1641265225.583 : tmgr.0000            : 4136147 : 140733369348464 : DEBUG    : put bulk TMGR_SCHEDULING_PENDING: 5
1641265227.682 : tmgr.0000            : 4136147 : 140734828835184 : INFO     : tasks pulled:    2
1641265227.683 : tmgr.0000            : 4136147 : 140734828835184 : INFO     : tasks pulled:    2
1641265227.684 : tmgr.0000            : 4136147 : 140734828835184 : DEBUG    : advance bulk: 2 [False, True]
1641265227.684 : tmgr.0000            : 4136147 : 140734828835184 : DEBUG    : advance bulk: 2 [False, True]
1641265228.815 : tmgr.0000            : 4136147 : 140733369348464 : DEBUG    : advance bulk: 1 [False, False]
1641265228.815 : tmgr.0000            : 4136147 : 140733369348464 : DEBUG    : advance bulk: 1 [False, False]
1641265228.816 : tmgr.0000            : 4136147 : 140733369348464 : DEBUG    : advance bulk: 1 [False, False]
1641265228.816 : tmgr.0000            : 4136147 : 140733369348464 : DEBUG    : advance bulk: 1 [False, False]
1641265228.817 : tmgr.0000            : 4136147 : 140733369348464 : DEBUG    : advance bulk: 1 [False, False]
1641265228.818 : tmgr.0000            : 4136147 : 140733369348464 : DEBUG    : advance bulk: 1 [False, False]
1641265228.818 : tmgr.0000            : 4136147 : 140733369348464 : DEBUG    : advance bulk: 1 [False, False]
1641265228.819 : tmgr.0000            : 4136147 : 140733369348464 : DEBUG    : advance bulk: 1 [False, False]
1641265228.820 : tmgr.0000            : 4136147 : 140733369348464 : DEBUG    : advance bulk: 1 [False, False]
1641265228.820 : tmgr.0000            : 4136147 : 140733369348464 : DEBUG    : advance bulk: 1 [False, False]
1641265228.821 : tmgr.0000            : 4136147 : 140733369348464 : DEBUG    : advance bulk: 1 [False, False]
1641265228.821 : tmgr.0000            : 4136147 : 140733369348464 : DEBUG    : advance bulk: 1 [False, False]
1641265228.826 : tmgr.0000            : 4136147 : 140733369348464 : DEBUG    : advance bulk: 12 [True, True]
1641265228.827 : tmgr.0000            : 4136147 : 140733369348464 : DEBUG    : put bulk TMGR_SCHEDULING_PENDING: 12
1641265232.729 : tmgr.0000            : 4136147 : 140734828835184 : INFO     : tasks pulled:    1
1641265232.730 : tmgr.0000            : 4136147 : 140734828835184 : INFO     : tasks pulled:    1
1641265232.731 : tmgr.0000            : 4136147 : 140734828835184 : DEBUG    : advance bulk: 1 [False, True]
1641265232.731 : tmgr.0000            : 4136147 : 140734828835184 : DEBUG    : advance bulk: 1 [False, True]
1641265235.101 : tmgr.0000            : 4136147 : 140733369348464 : DEBUG    : advance bulk: 1 [False, False]
1641265235.101 : tmgr.0000            : 4136147 : 140733369348464 : DEBUG    : advance bulk: 1 [False, False]
1641265235.102 : tmgr.0000            : 4136147 : 140733369348464 : DEBUG    : advance bulk: 1 [False, False]
1641265235.103 : tmgr.0000            : 4136147 : 140733369348464 : DEBUG    : advance bulk: 1 [False, False]
1641265235.104 : tmgr.0000            : 4136147 : 140733369348464 : DEBUG    : advance bulk: 1 [False, False]
1641265235.105 : tmgr.0000            : 4136147 : 140733369348464 : DEBUG    : advance bulk: 1 [False, False]
1641265235.108 : tmgr.0000            : 4136147 : 140733369348464 : DEBUG    : advance bulk: 6 [True, True]
1641265235.108 : tmgr.0000            : 4136147 : 140733369348464 : DEBUG    : put bulk TMGR_SCHEDULING_PENDING: 6
1641265239.787 : tmgr.0000            : 4136147 : 140734828835184 : INFO     : tasks pulled:    1
1641265239.788 : tmgr.0000            : 4136147 : 140734828835184 : INFO     : tasks pulled:    1
1641265239.788 : tmgr.0000            : 4136147 : 140734828835184 : DEBUG    : advance bulk: 1 [False, True]
1641265239.788 : tmgr.0000            : 4136147 : 140734828835184 : DEBUG    : advance bulk: 1 [False, True]
1641265241.327 : tmgr.0000            : 4136147 : 140733369348464 : DEBUG    : advance bulk: 1 [False, False]
1641265241.328 : tmgr.0000            : 4136147 : 140733369348464 : DEBUG    : advance bulk: 1 [False, False]
1641265241.329 : tmgr.0000            : 4136147 : 140733369348464 : DEBUG    : advance bulk: 1 [False, False]
1641265241.329 : tmgr.0000            : 4136147 : 140733369348464 : DEBUG    : advance bulk: 1 [False, False]
1641265241.330 : tmgr.0000            : 4136147 : 140733369348464 : DEBUG    : advance bulk: 1 [False, False]
1641265241.331 : tmgr.0000            : 4136147 : 140733369348464 : DEBUG    : advance bulk: 1 [False, False]
1641265241.334 : tmgr.0000            : 4136147 : 140733369348464 : DEBUG    : advance bulk: 6 [True, True]
1641265241.335 : tmgr.0000            : 4136147 : 140733369348464 : DEBUG    : put bulk TMGR_SCHEDULING_PENDING: 6
1641265245.838 : tmgr.0000            : 4136147 : 140734828835184 : INFO     : tasks pulled:    2
1641265245.839 : tmgr.0000            : 4136147 : 140734828835184 : INFO     : tasks pulled:    2
1641265245.840 : tmgr.0000            : 4136147 : 140734828835184 : DEBUG    : advance bulk: 2 [False, True]
1641265245.840 : tmgr.0000            : 4136147 : 140734828835184 : DEBUG    : advance bulk: 2 [False, True]
1641265246.857 : tmgr.0000            : 4136147 : 140734828835184 : INFO     : tasks pulled:    15
1641265246.859 : tmgr.0000            : 4136147 : 140734828835184 : INFO     : tasks pulled:   15
1641265246.860 : tmgr.0000            : 4136147 : 140734828835184 : DEBUG    : advance bulk: 15 [False, True]
1641265246.861 : tmgr.0000            : 4136147 : 140734828835184 : DEBUG    : advance bulk: 15 [False, True]
1641265247.513 : tmgr.0000            : 4136147 : 140733369348464 : DEBUG    : advance bulk: 1 [False, False]
1641265247.513 : tmgr.0000            : 4136147 : 140733369348464 : DEBUG    : advance bulk: 1 [False, False]
1641265247.514 : tmgr.0000            : 4136147 : 140733369348464 : DEBUG    : advance bulk: 1 [False, False]
1641265247.515 : tmgr.0000            : 4136147 : 140733369348464 : DEBUG    : advance bulk: 1 [False, False]
1641265247.515 : tmgr.0000            : 4136147 : 140733369348464 : DEBUG    : advance bulk: 1 [False, False]
1641265247.516 : tmgr.0000            : 4136147 : 140733369348464 : DEBUG    : advance bulk: 1 [False, False]
1641265247.516 : tmgr.0000            : 4136147 : 140733369348464 : DEBUG    : advance bulk: 1 [False, False]
1641265247.517 : tmgr.0000            : 4136147 : 140733369348464 : DEBUG    : advance bulk: 1 [False, False]
1641265247.517 : tmgr.0000            : 4136147 : 140733369348464 : DEBUG    : advance bulk: 1 [False, False]
1641265247.518 : tmgr.0000            : 4136147 : 140733369348464 : DEBUG    : advance bulk: 1 [False, False]
1641265247.518 : tmgr.0000            : 4136147 : 140733369348464 : DEBUG    : advance bulk: 1 [False, False]
1641265247.519 : tmgr.0000            : 4136147 : 140733369348464 : DEBUG    : advance bulk: 1 [False, False]
1641265247.525 : tmgr.0000            : 4136147 : 140733369348464 : DEBUG    : advance bulk: 12 [True, True]
1641265247.525 : tmgr.0000            : 4136147 : 140733369348464 : DEBUG    : put bulk TMGR_SCHEDULING_PENDING: 12
1641265247.868 : tmgr.0000            : 4136147 : 140734828835184 : INFO     : tasks pulled:    11
1641265247.869 : tmgr.0000            : 4136147 : 140734828835184 : INFO     : tasks pulled:   11
1641265247.870 : tmgr.0000            : 4136147 : 140734828835184 : DEBUG    : advance bulk: 11 [False, True]
1641265247.871 : tmgr.0000            : 4136147 : 140734828835184 : DEBUG    : advance bulk: 11 [False, True]
1641265250.756 : tmgr.0000            : 4136147 : 140733369348464 : DEBUG    : advance bulk: 1 [False, False]
1641265250.757 : tmgr.0000            : 4136147 : 140733369348464 : DEBUG    : advance bulk: 1 [False, False]
1641265250.758 : tmgr.0000            : 4136147 : 140733369348464 : DEBUG    : advance bulk: 1 [False, False]
1641265250.759 : tmgr.0000            : 4136147 : 140733369348464 : DEBUG    : advance bulk: 1 [False, False]
1641265250.759 : tmgr.0000            : 4136147 : 140733369348464 : DEBUG    : advance bulk: 1 [False, False]
1641265250.762 : tmgr.0000            : 4136147 : 140733369348464 : DEBUG    : advance bulk: 5 [True, True]
1641265250.763 : tmgr.0000            : 4136147 : 140733369348464 : DEBUG    : put bulk TMGR_SCHEDULING_PENDING: 5
1641265251.902 : tmgr.0000            : 4136147 : 140734828835184 : INFO     : tasks pulled:    1
1641265251.903 : tmgr.0000            : 4136147 : 140734828835184 : INFO     : tasks pulled:    1
1641265251.904 : tmgr.0000            : 4136147 : 140734828835184 : DEBUG    : advance bulk: 1 [False, True]
1641265251.904 : tmgr.0000            : 4136147 : 140734828835184 : DEBUG    : advance bulk: 1 [False, True]
1641265254.024 : tmgr.0000            : 4136147 : 140733369348464 : DEBUG    : advance bulk: 1 [False, False]
1641265254.025 : tmgr.0000            : 4136147 : 140733369348464 : DEBUG    : advance bulk: 1 [False, False]
1641265254.026 : tmgr.0000            : 4136147 : 140733369348464 : DEBUG    : advance bulk: 1 [False, False]
1641265254.026 : tmgr.0000            : 4136147 : 140733369348464 : DEBUG    : advance bulk: 1 [False, False]
1641265254.027 : tmgr.0000            : 4136147 : 140733369348464 : DEBUG    : advance bulk: 1 [False, False]
1641265254.028 : tmgr.0000            : 4136147 : 140733369348464 : DEBUG    : advance bulk: 1 [False, False]
1641265254.031 : tmgr.0000            : 4136147 : 140733369348464 : DEBUG    : advance bulk: 6 [True, True]
1641265254.031 : tmgr.0000            : 4136147 : 140733369348464 : DEBUG    : put bulk TMGR_SCHEDULING_PENDING: 6
1641265256.947 : tmgr.0000            : 4136147 : 140734828835184 : INFO     : tasks pulled:    1
1641265256.948 : tmgr.0000            : 4136147 : 140734828835184 : INFO     : tasks pulled:    1
1641265256.949 : tmgr.0000            : 4136147 : 140734828835184 : DEBUG    : advance bulk: 1 [False, True]
1641265256.949 : tmgr.0000            : 4136147 : 140734828835184 : DEBUG    : advance bulk: 1 [False, True]
1641265257.200 : tmgr.0000            : 4136147 : 140733369348464 : DEBUG    : advance bulk: 1 [False, False]
1641265257.200 : tmgr.0000            : 4136147 : 140733369348464 : DEBUG    : advance bulk: 1 [False, False]
1641265257.201 : tmgr.0000            : 4136147 : 140733369348464 : DEBUG    : advance bulk: 1 [False, False]
1641265257.202 : tmgr.0000            : 4136147 : 140733369348464 : DEBUG    : advance bulk: 1 [False, False]
1641265257.203 : tmgr.0000            : 4136147 : 140733369348464 : DEBUG    : advance bulk: 1 [False, False]
1641265257.203 : tmgr.0000            : 4136147 : 140733369348464 : DEBUG    : advance bulk: 1 [False, False]
1641265257.206 : tmgr.0000            : 4136147 : 140733369348464 : DEBUG    : advance bulk: 6 [True, True]
1641265257.207 : tmgr.0000            : 4136147 : 140733369348464 : DEBUG    : put bulk TMGR_SCHEDULING_PENDING: 6
1641265264.019 : tmgr.0000            : 4136147 : 140734828835184 : INFO     : tasks pulled:    2
1641265264.020 : tmgr.0000            : 4136147 : 140734828835184 : INFO     : tasks pulled:    2
1641265264.021 : tmgr.0000            : 4136147 : 140734828835184 : DEBUG    : advance bulk: 2 [False, True]
1641265264.021 : tmgr.0000            : 4136147 : 140734828835184 : DEBUG    : advance bulk: 2 [False, True]
1641265266.428 : tmgr.0000            : 4136147 : 140733369348464 : DEBUG    : advance bulk: 1 [False, False]
1641265266.429 : tmgr.0000            : 4136147 : 140733369348464 : DEBUG    : advance bulk: 1 [False, False]
1641265266.429 : tmgr.0000            : 4136147 : 140733369348464 : DEBUG    : advance bulk: 1 [False, False]
1641265266.430 : tmgr.0000            : 4136147 : 140733369348464 : DEBUG    : advance bulk: 1 [False, False]
1641265266.430 : tmgr.0000            : 4136147 : 140733369348464 : DEBUG    : advance bulk: 1 [False, False]
1641265266.431 : tmgr.0000            : 4136147 : 140733369348464 : DEBUG    : advance bulk: 1 [False, False]
1641265266.432 : tmgr.0000            : 4136147 : 140733369348464 : DEBUG    : advance bulk: 1 [False, False]
1641265266.432 : tmgr.0000            : 4136147 : 140733369348464 : DEBUG    : advance bulk: 1 [False, False]
1641265266.433 : tmgr.0000            : 4136147 : 140733369348464 : DEBUG    : advance bulk: 1 [False, False]
1641265266.434 : tmgr.0000            : 4136147 : 140733369348464 : DEBUG    : advance bulk: 1 [False, False]
1641265266.434 : tmgr.0000            : 4136147 : 140733369348464 : DEBUG    : advance bulk: 1 [False, False]
1641265266.435 : tmgr.0000            : 4136147 : 140733369348464 : DEBUG    : advance bulk: 1 [False, False]
1641265266.440 : tmgr.0000            : 4136147 : 140733369348464 : DEBUG    : advance bulk: 12 [True, True]
1641265266.440 : tmgr.0000            : 4136147 : 140733369348464 : DEBUG    : put bulk TMGR_SCHEDULING_PENDING: 12
1641265269.060 : tmgr.0000            : 4136147 : 140734828835184 : INFO     : tasks pulled:    1
1641265269.061 : tmgr.0000            : 4136147 : 140734828835184 : INFO     : tasks pulled:    1
1641265269.061 : tmgr.0000            : 4136147 : 140734828835184 : DEBUG    : advance bulk: 1 [False, True]
1641265269.062 : tmgr.0000            : 4136147 : 140734828835184 : DEBUG    : advance bulk: 1 [False, True]
1641265269.632 : tmgr.0000            : 4136147 : 140733369348464 : DEBUG    : advance bulk: 1 [False, False]
1641265269.633 : tmgr.0000            : 4136147 : 140733369348464 : DEBUG    : advance bulk: 1 [False, False]
1641265269.633 : tmgr.0000            : 4136147 : 140733369348464 : DEBUG    : advance bulk: 1 [False, False]
1641265269.634 : tmgr.0000            : 4136147 : 140733369348464 : DEBUG    : advance bulk: 1 [False, False]
1641265269.635 : tmgr.0000            : 4136147 : 140733369348464 : DEBUG    : advance bulk: 1 [False, False]
1641265269.636 : tmgr.0000            : 4136147 : 140733369348464 : DEBUG    : advance bulk: 1 [False, False]
1641265269.639 : tmgr.0000            : 4136147 : 140733369348464 : DEBUG    : advance bulk: 6 [True, True]
1641265269.639 : tmgr.0000            : 4136147 : 140733369348464 : DEBUG    : put bulk TMGR_SCHEDULING_PENDING: 6
1641265275.124 : tmgr.0000            : 4136147 : 140734828835184 : INFO     : tasks pulled:    1
1641265275.125 : tmgr.0000            : 4136147 : 140734828835184 : INFO     : tasks pulled:    1
1641265275.125 : tmgr.0000            : 4136147 : 140734828835184 : DEBUG    : advance bulk: 1 [False, True]
1641265275.125 : tmgr.0000            : 4136147 : 140734828835184 : DEBUG    : advance bulk: 1 [False, True]
1641265275.940 : tmgr.0000            : 4136147 : 140733369348464 : DEBUG    : advance bulk: 1 [False, False]
1641265275.941 : tmgr.0000            : 4136147 : 140733369348464 : DEBUG    : advance bulk: 1 [False, False]
1641265275.941 : tmgr.0000            : 4136147 : 140733369348464 : DEBUG    : advance bulk: 1 [False, False]
1641265275.942 : tmgr.0000            : 4136147 : 140733369348464 : DEBUG    : advance bulk: 1 [False, False]
1641265275.943 : tmgr.0000            : 4136147 : 140733369348464 : DEBUG    : advance bulk: 1 [False, False]
1641265275.944 : tmgr.0000            : 4136147 : 140733369348464 : DEBUG    : advance bulk: 1 [False, False]
1641265275.947 : tmgr.0000            : 4136147 : 140733369348464 : DEBUG    : advance bulk: 6 [True, True]
1641265275.947 : tmgr.0000            : 4136147 : 140733369348464 : DEBUG    : put bulk TMGR_SCHEDULING_PENDING: 6
1641265278.176 : tmgr.0000            : 4136147 : 140734828835184 : INFO     : tasks pulled:    41
1641265278.178 : tmgr.0000            : 4136147 : 140734828835184 : INFO     : tasks pulled:   41
1641265278.181 : tmgr.0000            : 4136147 : 140734828835184 : DEBUG    : advance bulk: 41 [False, True]
1641265278.183 : tmgr.0000            : 4136147 : 140734828835184 : DEBUG    : advance bulk: 41 [False, True]
1641265279.116 : tmgr.0000            : 4136147 : 140733369348464 : DEBUG    : advance bulk: 1 [False, False]
1641265279.117 : tmgr.0000            : 4136147 : 140733369348464 : DEBUG    : advance bulk: 1 [False, False]
1641265279.118 : tmgr.0000            : 4136147 : 140733369348464 : DEBUG    : advance bulk: 1 [False, False]
1641265279.119 : tmgr.0000            : 4136147 : 140733369348464 : DEBUG    : advance bulk: 1 [False, False]
1641265279.119 : tmgr.0000            : 4136147 : 140733369348464 : DEBUG    : advance bulk: 1 [False, False]
1641265279.123 : tmgr.0000            : 4136147 : 140733369348464 : DEBUG    : advance bulk: 5 [True, True]
1641265279.124 : tmgr.0000            : 4136147 : 140733369348464 : DEBUG    : put bulk TMGR_SCHEDULING_PENDING: 5
1641265279.191 : tmgr.0000            : 4136147 : 140734828835184 : INFO     : tasks pulled:    19
1641265279.193 : tmgr.0000            : 4136147 : 140734828835184 : INFO     : tasks pulled:   19
1641265279.194 : tmgr.0000            : 4136147 : 140734828835184 : DEBUG    : advance bulk: 19 [False, True]
1641265279.195 : tmgr.0000            : 4136147 : 140734828835184 : DEBUG    : advance bulk: 19 [False, True]
1641265281.204 : tmgr.0000            : 4136147 : 140734828835184 : INFO     : tasks pulled:    6
1641265281.206 : tmgr.0000            : 4136147 : 140734828835184 : INFO     : tasks pulled:    6
1641265281.206 : tmgr.0000            : 4136147 : 140734828835184 : DEBUG    : advance bulk: 6 [False, True]
1641265281.207 : tmgr.0000            : 4136147 : 140734828835184 : DEBUG    : advance bulk: 6 [False, True]
1641265282.339 : tmgr.0000            : 4136147 : 140733369348464 : DEBUG    : advance bulk: 1 [False, False]
1641265282.340 : tmgr.0000            : 4136147 : 140733369348464 : DEBUG    : advance bulk: 1 [False, False]
1641265282.340 : tmgr.0000            : 4136147 : 140733369348464 : DEBUG    : advance bulk: 1 [False, False]
1641265282.341 : tmgr.0000            : 4136147 : 140733369348464 : DEBUG    : advance bulk: 1 [False, False]
1641265282.342 : tmgr.0000            : 4136147 : 140733369348464 : DEBUG    : advance bulk: 1 [False, False]
1641265282.343 : tmgr.0000            : 4136147 : 140733369348464 : DEBUG    : advance bulk: 1 [False, False]
1641265282.343 : tmgr.0000            : 4136147 : 140733369348464 : DEBUG    : advance bulk: 1 [False, False]
1641265282.347 : tmgr.0000            : 4136147 : 140733369348464 : DEBUG    : advance bulk: 7 [True, True]
1641265282.348 : tmgr.0000            : 4136147 : 140733369348464 : DEBUG    : put bulk TMGR_SCHEDULING_PENDING: 7
1641265287.251 : tmgr.0000            : 4136147 : 140734828835184 : INFO     : tasks pulled:    1
1641265287.252 : tmgr.0000            : 4136147 : 140734828835184 : INFO     : tasks pulled:    1
1641265287.252 : tmgr.0000            : 4136147 : 140734828835184 : DEBUG    : advance bulk: 1 [False, True]
1641265287.252 : tmgr.0000            : 4136147 : 140734828835184 : DEBUG    : advance bulk: 1 [False, True]
1641265288.499 : tmgr.0000            : 4136147 : 140733369348464 : DEBUG    : advance bulk: 1 [False, False]
1641265288.500 : tmgr.0000            : 4136147 : 140733369348464 : DEBUG    : advance bulk: 1 [False, False]
1641265288.501 : tmgr.0000            : 4136147 : 140733369348464 : DEBUG    : advance bulk: 1 [False, False]
1641265288.501 : tmgr.0000            : 4136147 : 140733369348464 : DEBUG    : advance bulk: 1 [False, False]
1641265288.502 : tmgr.0000            : 4136147 : 140733369348464 : DEBUG    : advance bulk: 1 [False, False]
1641265288.503 : tmgr.0000            : 4136147 : 140733369348464 : DEBUG    : advance bulk: 1 [False, False]
1641265288.506 : tmgr.0000            : 4136147 : 140733369348464 : DEBUG    : advance bulk: 6 [True, True]
1641265288.507 : tmgr.0000            : 4136147 : 140733369348464 : DEBUG    : put bulk TMGR_SCHEDULING_PENDING: 6
1641265292.290 : tmgr.0000            : 4136147 : 140734828835184 : INFO     : tasks pulled:    1
1641265292.292 : tmgr.0000            : 4136147 : 140734828835184 : INFO     : tasks pulled:    1
1641265292.292 : tmgr.0000            : 4136147 : 140734828835184 : DEBUG    : advance bulk: 1 [False, True]
1641265292.292 : tmgr.0000            : 4136147 : 140734828835184 : DEBUG    : advance bulk: 1 [False, True]
1641265293.298 : tmgr.0000            : 4136147 : 140734828835184 : INFO     : tasks pulled:    1
1641265293.299 : tmgr.0000            : 4136147 : 140734828835184 : INFO     : tasks pulled:    1
1641265293.300 : tmgr.0000            : 4136147 : 140734828835184 : DEBUG    : advance bulk: 1 [False, True]
1641265293.300 : tmgr.0000            : 4136147 : 140734828835184 : DEBUG    : advance bulk: 1 [False, True]
1641265294.797 : tmgr.0000            : 4136147 : 140733369348464 : DEBUG    : advance bulk: 1 [False, False]
1641265294.797 : tmgr.0000            : 4136147 : 140733369348464 : DEBUG    : advance bulk: 1 [False, False]
1641265294.798 : tmgr.0000            : 4136147 : 140733369348464 : DEBUG    : advance bulk: 1 [False, False]
1641265294.798 : tmgr.0000            : 4136147 : 140733369348464 : DEBUG    : advance bulk: 1 [False, False]
1641265294.799 : tmgr.0000            : 4136147 : 140733369348464 : DEBUG    : advance bulk: 1 [False, False]
1641265294.800 : tmgr.0000            : 4136147 : 140733369348464 : DEBUG    : advance bulk: 1 [False, False]
1641265294.800 : tmgr.0000            : 4136147 : 140733369348464 : DEBUG    : advance bulk: 1 [False, False]
1641265294.801 : tmgr.0000            : 4136147 : 140733369348464 : DEBUG    : advance bulk: 1 [False, False]
1641265294.802 : tmgr.0000            : 4136147 : 140733369348464 : DEBUG    : advance bulk: 1 [False, False]
1641265294.802 : tmgr.0000            : 4136147 : 140733369348464 : DEBUG    : advance bulk: 1 [False, False]
1641265294.803 : tmgr.0000            : 4136147 : 140733369348464 : DEBUG    : advance bulk: 1 [False, False]
1641265294.804 : tmgr.0000            : 4136147 : 140733369348464 : DEBUG    : advance bulk: 1 [False, False]
1641265294.808 : tmgr.0000            : 4136147 : 140733369348464 : DEBUG    : advance bulk: 12 [True, True]
1641265294.809 : tmgr.0000            : 4136147 : 140733369348464 : DEBUG    : put bulk TMGR_SCHEDULING_PENDING: 12
1641265296.340 : tmgr.0000            : 4136147 : 140734828835184 : INFO     : tasks pulled:    48
1641265296.342 : tmgr.0000            : 4136147 : 140734828835184 : INFO     : tasks pulled:   48
1641265296.345 : tmgr.0000            : 4136147 : 140734828835184 : DEBUG    : advance bulk: 48 [False, True]
1641265296.347 : tmgr.0000            : 4136147 : 140734828835184 : DEBUG    : advance bulk: 48 [False, True]
1641265298.075 : tmgr.0000            : 4136147 : 140733369348464 : DEBUG    : advance bulk: 1 [False, False]
1641265298.076 : tmgr.0000            : 4136147 : 140733369348464 : DEBUG    : advance bulk: 1 [False, False]
1641265298.079 : tmgr.0000            : 4136147 : 140733369348464 : DEBUG    : advance bulk: 2 [True, True]
1641265298.079 : tmgr.0000            : 4136147 : 140733369348464 : DEBUG    : put bulk TMGR_SCHEDULING_PENDING: 2
1641265298.359 : tmgr.0000            : 4136147 : 140734828835184 : INFO     : tasks pulled:    7
1641265298.361 : tmgr.0000            : 4136147 : 140734828835184 : INFO     : tasks pulled:    7
1641265298.361 : tmgr.0000            : 4136147 : 140734828835184 : DEBUG    : advance bulk: 7 [False, True]
1641265298.362 : tmgr.0000            : 4136147 : 140734828835184 : DEBUG    : advance bulk: 7 [False, True]
1641265301.266 : tmgr.0000            : 4136147 : 140733369348464 : DEBUG    : advance bulk: 1 [False, False]
1641265301.267 : tmgr.0000            : 4136147 : 140733369348464 : DEBUG    : advance bulk: 1 [False, False]
1641265301.268 : tmgr.0000            : 4136147 : 140733369348464 : DEBUG    : advance bulk: 1 [False, False]
1641265301.269 : tmgr.0000            : 4136147 : 140733369348464 : DEBUG    : advance bulk: 1 [False, False]
1641265301.269 : tmgr.0000            : 4136147 : 140733369348464 : DEBUG    : advance bulk: 1 [False, False]
1641265301.270 : tmgr.0000            : 4136147 : 140733369348464 : DEBUG    : advance bulk: 1 [False, False]
1641265301.274 : tmgr.0000            : 4136147 : 140733369348464 : DEBUG    : advance bulk: 6 [True, True]
1641265301.274 : tmgr.0000            : 4136147 : 140733369348464 : DEBUG    : put bulk TMGR_SCHEDULING_PENDING: 6
1641265301.382 : tmgr.0000            : 4136147 : 140734828835184 : INFO     : tasks pulled:    12
1641265301.383 : tmgr.0000            : 4136147 : 140734828835184 : INFO     : tasks pulled:   12
1641265301.384 : tmgr.0000            : 4136147 : 140734828835184 : DEBUG    : advance bulk: 12 [False, True]
1641265301.385 : tmgr.0000            : 4136147 : 140734828835184 : DEBUG    : advance bulk: 12 [False, True]
1641265304.467 : tmgr.0000            : 4136147 : 140733369348464 : DEBUG    : advance bulk: 1 [False, False]
1641265304.468 : tmgr.0000            : 4136147 : 140733369348464 : DEBUG    : advance bulk: 1 [False, False]
1641265304.471 : tmgr.0000            : 4136147 : 140733369348464 : DEBUG    : advance bulk: 2 [True, True]
1641265304.471 : tmgr.0000            : 4136147 : 140733369348464 : DEBUG    : put bulk TMGR_SCHEDULING_PENDING: 2
1641265307.419 : tmgr.0000            : 4136147 : 140734828835184 : INFO     : tasks pulled:    8
1641265307.420 : tmgr.0000            : 4136147 : 140734828835184 : INFO     : tasks pulled:    8
1641265307.421 : tmgr.0000            : 4136147 : 140734828835184 : DEBUG    : advance bulk: 8 [False, True]
1641265307.421 : tmgr.0000            : 4136147 : 140734828835184 : DEBUG    : advance bulk: 8 [False, True]
1641265310.688 : tmgr.0000            : 4136147 : 140733369348464 : DEBUG    : advance bulk: 1 [False, False]
1641265310.691 : tmgr.0000            : 4136147 : 140733369348464 : DEBUG    : advance bulk: 1 [True, True]
1641265310.691 : tmgr.0000            : 4136147 : 140733369348464 : DEBUG    : put bulk TMGR_SCHEDULING_PENDING: 1
1641265313.446 : tmgr.0000            : 4136147 : 140734828835184 : INFO     : tasks pulled:    2
1641265313.448 : tmgr.0000            : 4136147 : 140734828835184 : INFO     : tasks pulled:    2
1641265313.448 : tmgr.0000            : 4136147 : 140734828835184 : DEBUG    : advance bulk: 2 [False, True]
1641265313.448 : tmgr.0000            : 4136147 : 140734828835184 : DEBUG    : advance bulk: 2 [False, True]
1641265319.473 : tmgr.0000            : 4136147 : 140734828835184 : INFO     : tasks pulled:    1
1641265319.474 : tmgr.0000            : 4136147 : 140734828835184 : INFO     : tasks pulled:    1
1641265319.474 : tmgr.0000            : 4136147 : 140734828835184 : DEBUG    : advance bulk: 1 [False, True]
1641265319.474 : tmgr.0000            : 4136147 : 140734828835184 : DEBUG    : advance bulk: 1 [False, True]
1641265320.694 : tmgr.0000            : 4136147 : 140733369348464 : INFO     : Closed TaskManager tmgr.0000.
